# gunzip -c exp/mono0a/decode/depth_stats_tmp.*.gz | steps/diagnostic/analyze_lattice_depth_stats.py exp/mono0a/graph 
# Started at Wed Feb 13 13:12:13 EST 2019
#
The total amount of data analyzed assuming 100 frames per second is 0.5 hours
Overall, lattice depth (10,50,90-percentile)=(1,1,2) and mean=1.3
Nonsilence phones as a group account for 69.8% of frames, with lattice depth (10,50,90-percentile)=(1,1,2) and mean=1.3
Phone sil accounts for 30.2% of frames, with lattice depth (10,50,90-percentile)=(1,1,2) and mean=1.3
Phone ow accounts for 7.3% of frames, with lattice depth (10,50,90-percentile)=(1,2,3) and mean=1.9
Phone ay accounts for 7.0% of frames, with lattice depth (10,50,90-percentile)=(1,1,2) and mean=1.2
Phone s accounts for 5.7% of frames, with lattice depth (10,50,90-percentile)=(1,1,2) and mean=1.2
Phone n accounts for 5.2% of frames, with lattice depth (10,50,90-percentile)=(1,1,2) and mean=1.3
Phone f accounts for 4.3% of frames, with lattice depth (10,50,90-percentile)=(1,1,2) and mean=1.3
Phone r accounts for 3.9% of frames, with lattice depth (10,50,90-percentile)=(1,1,2) and mean=1.2
Phone iy accounts for 3.8% of frames, with lattice depth (10,50,90-percentile)=(1,1,2) and mean=1.2
Phone ey accounts for 3.8% of frames, with lattice depth (10,50,90-percentile)=(1,1,2) and mean=1.3
Phone t accounts for 3.7% of frames, with lattice depth (10,50,90-percentile)=(1,1,2) and mean=1.3
Phone v accounts for 3.7% of frames, with lattice depth (10,50,90-percentile)=(1,1,2) and mean=1.1
Phone w accounts for 3.3% of frames, with lattice depth (10,50,90-percentile)=(1,1,2) and mean=1.4
Phone ah accounts for 3.1% of frames, with lattice depth (10,50,90-percentile)=(1,1,2) and mean=1.3
Phone uw accounts for 3.0% of frames, with lattice depth (10,50,90-percentile)=(1,1,2) and mean=1.3
Phone th accounts for 2.6% of frames, with lattice depth (10,50,90-percentile)=(1,1,2) and mean=1.2
Phone ao accounts for 2.5% of frames, with lattice depth (10,50,90-percentile)=(1,1,2) and mean=1.2
Phone z accounts for 2.3% of frames, with lattice depth (10,50,90-percentile)=(1,1,2) and mean=1.2
Phone k accounts for 2.2% of frames, with lattice depth (10,50,90-percentile)=(1,1,2) and mean=1.2
Phone eh accounts for 1.4% of frames, with lattice depth (10,50,90-percentile)=(1,1,2) and mean=1.1
Phone ih accounts for 1.0% of frames, with lattice depth (10,50,90-percentile)=(1,1,2) and mean=1.2
# Accounting: time=0 threads=1
# Ended (code 0) at Wed Feb 13 13:12:13 EST 2019, elapsed time 0 seconds
