# gmm-latgen-faster --max-active=7000 --beam=13.0 --lattice-beam=6.0 --acoustic-scale=0.083333 --allow-partial=true --word-symbol-table=exp/mono0a/graph/words.txt exp/mono0a/final.mdl exp/mono0a/graph/HCLG.fst "ark,s,cs:apply-cmvn  --utt2spk=ark:data/test_1k/split10/4/utt2spk scp:data/test_1k/split10/4/cmvn.scp scp:data/test_1k/split10/4/feats.scp ark:- | add-deltas  ark:- ark:- |" "ark:|gzip -c > exp/mono0a/decode/lat.4.gz" 
# Started at Wed Feb 13 13:11:55 EST 2019
#
gmm-latgen-faster --max-active=7000 --beam=13.0 --lattice-beam=6.0 --acoustic-scale=0.083333 --allow-partial=true --word-symbol-table=exp/mono0a/graph/words.txt exp/mono0a/final.mdl exp/mono0a/graph/HCLG.fst 'ark,s,cs:apply-cmvn  --utt2spk=ark:data/test_1k/split10/4/utt2spk scp:data/test_1k/split10/4/cmvn.scp scp:data/test_1k/split10/4/feats.scp ark:- | add-deltas  ark:- ark:- |' 'ark:|gzip -c > exp/mono0a/decode/lat.4.gz' 
apply-cmvn --utt2spk=ark:data/test_1k/split10/4/utt2spk scp:data/test_1k/split10/4/cmvn.scp scp:data/test_1k/split10/4/feats.scp ark:- 
add-deltas ark:- ark:- 
ew_1zzz162a 1 z z z 1 6 2 
LOG (gmm-latgen-faster[5.5.195~1-6f565]:DecodeUtteranceLatticeFaster():decoder-wrappers.cc:289) Log-like per frame for utterance ew_1zzz162a is 2.13353 over 377 frames.
ew_367o2a 3 6 7 o 2 
LOG (gmm-latgen-faster[5.5.195~1-6f565]:DecodeUtteranceLatticeFaster():decoder-wrappers.cc:289) Log-like per frame for utterance ew_367o2a is 2.17136 over 236 frames.
ew_479a 4 7 9 
LOG (gmm-latgen-faster[5.5.195~1-6f565]:DecodeUtteranceLatticeFaster():decoder-wrappers.cc:289) Log-like per frame for utterance ew_479a is 2.34769 over 149 frames.
ew_5a 5 
LOG (gmm-latgen-faster[5.5.195~1-6f565]:DecodeUtteranceLatticeFaster():decoder-wrappers.cc:289) Log-like per frame for utterance ew_5a is 2.40915 over 95 frames.
ew_6a 6 
LOG (gmm-latgen-faster[5.5.195~1-6f565]:DecodeUtteranceLatticeFaster():decoder-wrappers.cc:289) Log-like per frame for utterance ew_6a is 2.65062 over 116 frames.
ew_819a 8 1 9 
LOG (gmm-latgen-faster[5.5.195~1-6f565]:DecodeUtteranceLatticeFaster():decoder-wrappers.cc:289) Log-like per frame for utterance ew_819a is 2.37237 over 140 frames.
ew_93za 9 3 z 
LOG (gmm-latgen-faster[5.5.195~1-6f565]:DecodeUtteranceLatticeFaster():decoder-wrappers.cc:289) Log-like per frame for utterance ew_93za is 2.08871 over 172 frames.
ew_o8668o2a o 8 6 6 8 o 2 
LOG (gmm-latgen-faster[5.5.195~1-6f565]:DecodeUtteranceLatticeFaster():decoder-wrappers.cc:289) Log-like per frame for utterance ew_o8668o2a is 1.95165 over 322 frames.
ew_za z 
LOG (gmm-latgen-faster[5.5.195~1-6f565]:DecodeUtteranceLatticeFaster():decoder-wrappers.cc:289) Log-like per frame for utterance ew_za is 2.23506 over 103 frames.
fa_1za 1 z 
LOG (gmm-latgen-faster[5.5.195~1-6f565]:DecodeUtteranceLatticeFaster():decoder-wrappers.cc:289) Log-like per frame for utterance fa_1za is 2.30946 over 144 frames.
fa_32538a 3 2 5 3 8 
LOG (gmm-latgen-faster[5.5.195~1-6f565]:DecodeUtteranceLatticeFaster():decoder-wrappers.cc:289) Log-like per frame for utterance fa_32538a is 2.32823 over 295 frames.
fa_45oa 4 5 o 
LOG (gmm-latgen-faster[5.5.195~1-6f565]:DecodeUtteranceLatticeFaster():decoder-wrappers.cc:289) Log-like per frame for utterance fa_45oa is 2.30586 over 172 frames.
fa_6ooa 6 o o 
LOG (gmm-latgen-faster[5.5.195~1-6f565]:DecodeUtteranceLatticeFaster():decoder-wrappers.cc:289) Log-like per frame for utterance fa_6ooa is 1.95254 over 162 frames.
fa_7za 7 z 
LOG (gmm-latgen-faster[5.5.195~1-6f565]:DecodeUtteranceLatticeFaster():decoder-wrappers.cc:289) Log-like per frame for utterance fa_7za is 2.69839 over 214 frames.
fa_93783a 9 3 7 8 3 
LOG (gmm-latgen-faster[5.5.195~1-6f565]:DecodeUtteranceLatticeFaster():decoder-wrappers.cc:289) Log-like per frame for utterance fa_93783a is 2.10633 over 225 frames.
fa_o4a o 4 
LOG (gmm-latgen-faster[5.5.195~1-6f565]:DecodeUtteranceLatticeFaster():decoder-wrappers.cc:289) Log-like per frame for utterance fa_o4a is 2.22074 over 141 frames.
fa_za z 
LOG (gmm-latgen-faster[5.5.195~1-6f565]:DecodeUtteranceLatticeFaster():decoder-wrappers.cc:289) Log-like per frame for utterance fa_za is 2.37712 over 100 frames.
fg_1a 1 
LOG (gmm-latgen-faster[5.5.195~1-6f565]:DecodeUtteranceLatticeFaster():decoder-wrappers.cc:289) Log-like per frame for utterance fg_1a is 2.13876 over 117 frames.
fg_32a 3 2 
LOG (gmm-latgen-faster[5.5.195~1-6f565]:DecodeUtteranceLatticeFaster():decoder-wrappers.cc:289) Log-like per frame for utterance fg_32a is 1.89975 over 122 frames.
fg_44a 4 4 
LOG (gmm-latgen-faster[5.5.195~1-6f565]:DecodeUtteranceLatticeFaster():decoder-wrappers.cc:289) Log-like per frame for utterance fg_44a is 1.95641 over 127 frames.
fg_5647a 5 6 4 7 
LOG (gmm-latgen-faster[5.5.195~1-6f565]:DecodeUtteranceLatticeFaster():decoder-wrappers.cc:289) Log-like per frame for utterance fg_5647a is 1.71823 over 232 frames.
fg_6a 6 
LOG (gmm-latgen-faster[5.5.195~1-6f565]:DecodeUtteranceLatticeFaster():decoder-wrappers.cc:289) Log-like per frame for utterance fg_6a is 2.546 over 144 frames.
fg_7z7z8a 7 z 7 z 8 
LOG (gmm-latgen-faster[5.5.195~1-6f565]:DecodeUtteranceLatticeFaster():decoder-wrappers.cc:289) Log-like per frame for utterance fg_7z7z8a is 1.88405 over 296 frames.
fg_9334472a 9 3 3 4 4 7 2 
LOG (gmm-latgen-faster[5.5.195~1-6f565]:DecodeUtteranceLatticeFaster():decoder-wrappers.cc:289) Log-like per frame for utterance fg_9334472a is 1.83035 over 349 frames.
fg_o6a o 6 
LOG (gmm-latgen-faster[5.5.195~1-6f565]:DecodeUtteranceLatticeFaster():decoder-wrappers.cc:289) Log-like per frame for utterance fg_o6a is 1.92094 over 146 frames.
fg_z68a z 6 8 
LOG (gmm-latgen-faster[5.5.195~1-6f565]:DecodeUtteranceLatticeFaster():decoder-wrappers.cc:289) Log-like per frame for utterance fg_z68a is 1.85479 over 216 frames.
fh_1a 1 
LOG (gmm-latgen-faster[5.5.195~1-6f565]:DecodeUtteranceLatticeFaster():decoder-wrappers.cc:289) Log-like per frame for utterance fh_1a is 1.78901 over 81 frames.
fh_2z89za 2 z 8 9 z 
LOG (gmm-latgen-faster[5.5.195~1-6f565]:DecodeUtteranceLatticeFaster():decoder-wrappers.cc:289) Log-like per frame for utterance fh_2z89za is 1.73934 over 185 frames.
fh_42a 4 2 
LOG (gmm-latgen-faster[5.5.195~1-6f565]:DecodeUtteranceLatticeFaster():decoder-wrappers.cc:289) Log-like per frame for utterance fh_42a is 1.69701 over 144 frames.
fh_556a 5 5 6 
LOG (gmm-latgen-faster[5.5.195~1-6f565]:DecodeUtteranceLatticeFaster():decoder-wrappers.cc:289) Log-like per frame for utterance fh_556a is 2.23411 over 144 frames.
fh_698a 6 9 8 
LOG (gmm-latgen-faster[5.5.195~1-6f565]:DecodeUtteranceLatticeFaster():decoder-wrappers.cc:289) Log-like per frame for utterance fh_698a is 1.58354 over 125 frames.
fh_7b 7 
LOG (gmm-latgen-faster[5.5.195~1-6f565]:DecodeUtteranceLatticeFaster():decoder-wrappers.cc:289) Log-like per frame for utterance fh_7b is 2.43312 over 99 frames.
fh_922a 9 2 2 
LOG (gmm-latgen-faster[5.5.195~1-6f565]:DecodeUtteranceLatticeFaster():decoder-wrappers.cc:289) Log-like per frame for utterance fh_922a is 1.82532 over 120 frames.
fh_o36o7o4a o 3 6 o 7 o 4 
LOG (gmm-latgen-faster[5.5.195~1-6f565]:DecodeUtteranceLatticeFaster():decoder-wrappers.cc:289) Log-like per frame for utterance fh_o36o7o4a is 1.71427 over 273 frames.
fh_z7zz3a z 7 z z 3 
LOG (gmm-latgen-faster[5.5.195~1-6f565]:DecodeUtteranceLatticeFaster():decoder-wrappers.cc:289) Log-like per frame for utterance fh_z7zz3a is 1.79953 over 235 frames.
fm_1b 1 
LOG (gmm-latgen-faster[5.5.195~1-6f565]:DecodeUtteranceLatticeFaster():decoder-wrappers.cc:289) Log-like per frame for utterance fm_1b is 2.62429 over 102 frames.
fm_2b 2 
LOG (gmm-latgen-faster[5.5.195~1-6f565]:DecodeUtteranceLatticeFaster():decoder-wrappers.cc:289) Log-like per frame for utterance fm_2b is 3.49345 over 103 frames.
fm_4115a 4 1 1 5 
LOG (gmm-latgen-faster[5.5.195~1-6f565]:DecodeUtteranceLatticeFaster():decoder-wrappers.cc:289) Log-like per frame for utterance fm_4115a is 2.67615 over 212 frames.
fm_5841a 5 8 4 1 
LOG (gmm-latgen-faster[5.5.195~1-6f565]:DecodeUtteranceLatticeFaster():decoder-wrappers.cc:289) Log-like per frame for utterance fm_5841a is 2.57419 over 189 frames.
fm_69a 6 9 
LOG (gmm-latgen-faster[5.5.195~1-6f565]:DecodeUtteranceLatticeFaster():decoder-wrappers.cc:289) Log-like per frame for utterance fm_69a is 2.55788 over 153 frames.
fm_7a 7 
LOG (gmm-latgen-faster[5.5.195~1-6f565]:DecodeUtteranceLatticeFaster():decoder-wrappers.cc:289) Log-like per frame for utterance fm_7a is 2.76389 over 122 frames.
fm_8b 8 
LOG (gmm-latgen-faster[5.5.195~1-6f565]:DecodeUtteranceLatticeFaster():decoder-wrappers.cc:289) Log-like per frame for utterance fm_8b is 3.01558 over 111 frames.
fm_o5o43a o 5 o 4 3 
LOG (gmm-latgen-faster[5.5.195~1-6f565]:DecodeUtteranceLatticeFaster():decoder-wrappers.cc:289) Log-like per frame for utterance fm_o5o43a is 2.40056 over 232 frames.
fm_z79a z 7 9 
LOG (gmm-latgen-faster[5.5.195~1-6f565]:DecodeUtteranceLatticeFaster():decoder-wrappers.cc:289) Log-like per frame for utterance fm_z79a is 2.59264 over 196 frames.
fn_1a 1 
LOG (gmm-latgen-faster[5.5.195~1-6f565]:DecodeUtteranceLatticeFaster():decoder-wrappers.cc:289) Log-like per frame for utterance fn_1a is 2.21867 over 108 frames.
fn_2b 2 
LOG (gmm-latgen-faster[5.5.195~1-6f565]:DecodeUtteranceLatticeFaster():decoder-wrappers.cc:289) Log-like per frame for utterance fn_2b is 2.43651 over 99 frames.
fn_454ooa 4 5 4 o o 
LOG (gmm-latgen-faster[5.5.195~1-6f565]:DecodeUtteranceLatticeFaster():decoder-wrappers.cc:289) Log-like per frame for utterance fn_454ooa is 1.88852 over 324 frames.
fn_5287a 5 2 8 7 
LOG (gmm-latgen-faster[5.5.195~1-6f565]:DecodeUtteranceLatticeFaster():decoder-wrappers.cc:289) Log-like per frame for utterance fn_5287a is 1.69974 over 230 frames.
fn_6787za 6 7 8 7 z 
LOG (gmm-latgen-faster[5.5.195~1-6f565]:DecodeUtteranceLatticeFaster():decoder-wrappers.cc:289) Log-like per frame for utterance fn_6787za is 1.62162 over 332 frames.
fn_7a 7 
LOG (gmm-latgen-faster[5.5.195~1-6f565]:DecodeUtteranceLatticeFaster():decoder-wrappers.cc:289) Log-like per frame for utterance fn_7a is 2.292 over 99 frames.
fn_8z53a 8 z 5 3 
LOG (gmm-latgen-faster[5.5.195~1-6f565]:DecodeUtteranceLatticeFaster():decoder-wrappers.cc:289) Log-like per frame for utterance fn_8z53a is 1.60936 over 241 frames.
fn_o218a o 2 1 8 
LOG (gmm-latgen-faster[5.5.195~1-6f565]:DecodeUtteranceLatticeFaster():decoder-wrappers.cc:289) Log-like per frame for utterance fn_o218a is 1.69579 over 259 frames.
fn_z89a z 8 9 
LOG (gmm-latgen-faster[5.5.195~1-6f565]:DecodeUtteranceLatticeFaster():decoder-wrappers.cc:289) Log-like per frame for utterance fn_z89a is 1.49086 over 207 frames.
fp_1a 1 
LOG (gmm-latgen-faster[5.5.195~1-6f565]:DecodeUtteranceLatticeFaster():decoder-wrappers.cc:289) Log-like per frame for utterance fp_1a is 2.24852 over 62 frames.
fp_2b 2 
LOG (gmm-latgen-faster[5.5.195~1-6f565]:DecodeUtteranceLatticeFaster():decoder-wrappers.cc:289) Log-like per frame for utterance fp_2b is 2.00463 over 58 frames.
fp_3o3oa 3 o 3 o 
LOG (gmm-latgen-faster[5.5.195~1-6f565]:DecodeUtteranceLatticeFaster():decoder-wrappers.cc:289) Log-like per frame for utterance fp_3o3oa is 1.91627 over 139 frames.
fp_566a 5 6 6 
LOG (gmm-latgen-faster[5.5.195~1-6f565]:DecodeUtteranceLatticeFaster():decoder-wrappers.cc:289) Log-like per frame for utterance fp_566a is 2.10075 over 152 frames.
fp_6938oa 6 9 3 8 o 
LOG (gmm-latgen-faster[5.5.195~1-6f565]:DecodeUtteranceLatticeFaster():decoder-wrappers.cc:289) Log-like per frame for utterance fp_6938oa is 1.97806 over 235 frames.
fp_7a 7 
LOG (gmm-latgen-faster[5.5.195~1-6f565]:DecodeUtteranceLatticeFaster():decoder-wrappers.cc:289) Log-like per frame for utterance fp_7a is 2.296 over 72 frames.
fp_8a 8 
LOG (gmm-latgen-faster[5.5.195~1-6f565]:DecodeUtteranceLatticeFaster():decoder-wrappers.cc:289) Log-like per frame for utterance fp_8a is 2.27113 over 81 frames.
fp_o13o8a o 1 3 o 8 
LOG (gmm-latgen-faster[5.5.195~1-6f565]:DecodeUtteranceLatticeFaster():decoder-wrappers.cc:289) Log-like per frame for utterance fp_o13o8a is 1.64654 over 186 frames.
fp_z314723a z 3 1 4 7 2 3 
LOG (gmm-latgen-faster[5.5.195~1-6f565]:DecodeUtteranceLatticeFaster():decoder-wrappers.cc:289) Log-like per frame for utterance fp_z314723a is 1.42906 over 269 frames.
fr_172za 1 7 2 z 
LOG (gmm-latgen-faster[5.5.195~1-6f565]:DecodeUtteranceLatticeFaster():decoder-wrappers.cc:289) Log-like per frame for utterance fr_172za is 1.86079 over 158 frames.
fr_2624a 2 6 2 4 
LOG (gmm-latgen-faster[5.5.195~1-6f565]:DecodeUtteranceLatticeFaster():decoder-wrappers.cc:289) Log-like per frame for utterance fr_2624a is 2.12271 over 184 frames.
fr_3za 3 z 
LOG (gmm-latgen-faster[5.5.195~1-6f565]:DecodeUtteranceLatticeFaster():decoder-wrappers.cc:289) Log-like per frame for utterance fr_3za is 2.21494 over 106 frames.
fr_5121876a 5 1 2 1 8 7 6 
LOG (gmm-latgen-faster[5.5.195~1-6f565]:DecodeUtteranceLatticeFaster():decoder-wrappers.cc:289) Log-like per frame for utterance fr_5121876a is 1.96578 over 274 frames.
fr_67o5381a 6 7 o 5 3 8 1 
LOG (gmm-latgen-faster[5.5.195~1-6f565]:DecodeUtteranceLatticeFaster():decoder-wrappers.cc:289) Log-like per frame for utterance fr_67o5381a is 1.96694 over 249 frames.
fr_7811351a 7 8 1 1 3 5 1 
LOG (gmm-latgen-faster[5.5.195~1-6f565]:DecodeUtteranceLatticeFaster():decoder-wrappers.cc:289) Log-like per frame for utterance fr_7811351a is 1.82004 over 234 frames.
fr_8b 8 
LOG (gmm-latgen-faster[5.5.195~1-6f565]:DecodeUtteranceLatticeFaster():decoder-wrappers.cc:289) Log-like per frame for utterance fr_8b is 2.40021 over 90 frames.
fr_9o23o63a 9 o 2 3 o 6 3 
LOG (gmm-latgen-faster[5.5.195~1-6f565]:DecodeUtteranceLatticeFaster():decoder-wrappers.cc:289) Log-like per frame for utterance fr_9o23o63a is 1.87376 over 255 frames.
fr_z58a z 5 8 
LOG (gmm-latgen-faster[5.5.195~1-6f565]:DecodeUtteranceLatticeFaster():decoder-wrappers.cc:289) Log-like per frame for utterance fr_z58a is 2.03705 over 153 frames.
fs_151a 1 4 o 1 
LOG (gmm-latgen-faster[5.5.195~1-6f565]:DecodeUtteranceLatticeFaster():decoder-wrappers.cc:289) Log-like per frame for utterance fs_151a is 2.20403 over 131 frames.
fs_2895a 2 8 9 5 
LOG (gmm-latgen-faster[5.5.195~1-6f565]:DecodeUtteranceLatticeFaster():decoder-wrappers.cc:289) Log-like per frame for utterance fs_2895a is 2.30197 over 173 frames.
fs_3a 3 
LOG (gmm-latgen-faster[5.5.195~1-6f565]:DecodeUtteranceLatticeFaster():decoder-wrappers.cc:289) Log-like per frame for utterance fs_3a is 2.83884 over 79 frames.
fs_5271848a 5 3 7 1 8 4 8 
LOG (gmm-latgen-faster[5.5.195~1-6f565]:DecodeUtteranceLatticeFaster():decoder-wrappers.cc:289) Log-like per frame for utterance fs_5271848a is 1.86592 over 230 frames.
fs_78414a 7 4 1 4 
LOG (gmm-latgen-faster[5.5.195~1-6f565]:DecodeUtteranceLatticeFaster():decoder-wrappers.cc:289) Log-like per frame for utterance fs_78414a is 1.87384 over 195 frames.
fs_8996a 8 9 9 6 
LOG (gmm-latgen-faster[5.5.195~1-6f565]:DecodeUtteranceLatticeFaster():decoder-wrappers.cc:289) Log-like per frame for utterance fs_8996a is 1.94937 over 186 frames.
fs_9b 9 
LOG (gmm-latgen-faster[5.5.195~1-6f565]:DecodeUtteranceLatticeFaster():decoder-wrappers.cc:289) Log-like per frame for utterance fs_9b is 2.92639 over 89 frames.
fs_z454a z 4 5 4 
LOG (gmm-latgen-faster[5.5.195~1-6f565]:DecodeUtteranceLatticeFaster():decoder-wrappers.cc:289) Log-like per frame for utterance fs_z454a is 2.04319 over 195 frames.
ft_1384377a 1 3 8 4 3 7 7 
LOG (gmm-latgen-faster[5.5.195~1-6f565]:DecodeUtteranceLatticeFaster():decoder-wrappers.cc:289) Log-like per frame for utterance ft_1384377a is 1.91478 over 317 frames.
ft_2a 2 
LOG (gmm-latgen-faster[5.5.195~1-6f565]:DecodeUtteranceLatticeFaster():decoder-wrappers.cc:289) Log-like per frame for utterance ft_2a is 2.74238 over 90 frames.
ft_3o54a 3 o 5 4 
LOG (gmm-latgen-faster[5.5.195~1-6f565]:DecodeUtteranceLatticeFaster():decoder-wrappers.cc:289) Log-like per frame for utterance ft_3o54a is 2.08849 over 181 frames.
ft_4z1a 4 z 1 
LOG (gmm-latgen-faster[5.5.195~1-6f565]:DecodeUtteranceLatticeFaster():decoder-wrappers.cc:289) Log-like per frame for utterance ft_4z1a is 2.21602 over 199 frames.
ft_63533a 6 3 5 3 3 
LOG (gmm-latgen-faster[5.5.195~1-6f565]:DecodeUtteranceLatticeFaster():decoder-wrappers.cc:289) Log-like per frame for utterance ft_63533a is 2.13093 over 263 frames.
ft_77a 7 7 
LOG (gmm-latgen-faster[5.5.195~1-6f565]:DecodeUtteranceLatticeFaster():decoder-wrappers.cc:289) Log-like per frame for utterance ft_77a is 2.62041 over 158 frames.
ft_8o69a 8 o 6 9 
LOG (gmm-latgen-faster[5.5.195~1-6f565]:DecodeUtteranceLatticeFaster():decoder-wrappers.cc:289) Log-like per frame for utterance ft_8o69a is 1.91092 over 202 frames.
ft_9o39a 9 o 3 9 
LOG (gmm-latgen-faster[5.5.195~1-6f565]:DecodeUtteranceLatticeFaster():decoder-wrappers.cc:289) Log-like per frame for utterance ft_9o39a is 1.77763 over 204 frames.
ft_z2551a z 2 5 5 1 
LOG (gmm-latgen-faster[5.5.195~1-6f565]:DecodeUtteranceLatticeFaster():decoder-wrappers.cc:289) Log-like per frame for utterance ft_z2551a is 2.20977 over 240 frames.
ga_144z2a 1 4 4 z 2 
LOG (gmm-latgen-faster[5.5.195~1-6f565]:DecodeUtteranceLatticeFaster():decoder-wrappers.cc:289) Log-like per frame for utterance ga_144z2a is 1.80111 over 259 frames.
ga_281o24oa 2 8 1 o 2 4 o 
LOG (gmm-latgen-faster[5.5.195~1-6f565]:DecodeUtteranceLatticeFaster():decoder-wrappers.cc:289) Log-like per frame for utterance ga_281o24oa is 1.59699 over 249 frames.
ga_3b 3 
LOG (gmm-latgen-faster[5.5.195~1-6f565]:DecodeUtteranceLatticeFaster():decoder-wrappers.cc:289) Log-like per frame for utterance ga_3b is 1.95315 over 88 frames.
ga_4o612a 4 o 6 1 2 
LOG (gmm-latgen-faster[5.5.195~1-6f565]:DecodeUtteranceLatticeFaster():decoder-wrappers.cc:289) Log-like per frame for utterance ga_4o612a is 1.78727 over 253 frames.
ga_6281638a 6 2 8 1 6 3 8 
LOG (gmm-latgen-faster[5.5.195~1-6f565]:DecodeUtteranceLatticeFaster():decoder-wrappers.cc:289) Log-like per frame for utterance ga_6281638a is 1.83172 over 427 frames.
LOG (apply-cmvn[5.5.195~1-6f565]:main():apply-cmvn.cc:162) Applied cepstral mean normalization to 106 utterances, errors on 0
ga_72oo499a 7 2 o o 4 9 9 
LOG (gmm-latgen-faster[5.5.195~1-6f565]:DecodeUtteranceLatticeFaster():decoder-wrappers.cc:289) Log-like per frame for utterance ga_72oo499a is 1.85412 over 399 frames.
ga_888a 8 8 8 
LOG (gmm-latgen-faster[5.5.195~1-6f565]:DecodeUtteranceLatticeFaster():decoder-wrappers.cc:289) Log-like per frame for utterance ga_888a is 1.88087 over 189 frames.
ga_9a 9 
LOG (gmm-latgen-faster[5.5.195~1-6f565]:DecodeUtteranceLatticeFaster():decoder-wrappers.cc:289) Log-like per frame for utterance ga_9a is 2.38478 over 102 frames.
ga_ob o 
LOG (gmm-latgen-faster[5.5.195~1-6f565]:DecodeUtteranceLatticeFaster():decoder-wrappers.cc:289) Log-like per frame for utterance ga_ob is 2.18352 over 107 frames.
gb_17533a 1 7 5 3 3 
LOG (gmm-latgen-faster[5.5.195~1-6f565]:DecodeUtteranceLatticeFaster():decoder-wrappers.cc:289) Log-like per frame for utterance gb_17533a is 1.86358 over 218 frames.
gb_29a 2 9 
LOG (gmm-latgen-faster[5.5.195~1-6f565]:DecodeUtteranceLatticeFaster():decoder-wrappers.cc:289) Log-like per frame for utterance gb_29a is 2.3736 over 143 frames.
gb_3a 3 
LOG (gmm-latgen-faster[5.5.195~1-6f565]:DecodeUtteranceLatticeFaster():decoder-wrappers.cc:289) Log-like per frame for utterance gb_3a is 2.4695 over 111 frames.
gb_4a 4 
LOG (gmm-latgen-faster[5.5.195~1-6f565]:DecodeUtteranceLatticeFaster():decoder-wrappers.cc:289) Log-like per frame for utterance gb_4a is 2.48823 over 90 frames.
gb_63a 6 3 
LOG (gmm-latgen-faster[5.5.195~1-6f565]:DecodeUtteranceLatticeFaster():decoder-wrappers.cc:289) Log-like per frame for utterance gb_63a is 2.27538 over 135 frames.
gb_79886a 7 9 8 8 6 
LOG (gmm-latgen-faster[5.5.195~1-6f565]:DecodeUtteranceLatticeFaster():decoder-wrappers.cc:289) Log-like per frame for utterance gb_79886a is 2.08043 over 268 frames.
gb_8a 8 
LOG (gmm-latgen-faster[5.5.195~1-6f565]:DecodeUtteranceLatticeFaster():decoder-wrappers.cc:289) Log-like per frame for utterance gb_8a is 2.34699 over 111 frames.
gb_9976659a 9 9 7 6 6 5 9 
LOG (gmm-latgen-faster[5.5.195~1-6f565]:DecodeUtteranceLatticeFaster():decoder-wrappers.cc:289) Log-like per frame for utterance gb_9976659a is 1.83179 over 282 frames.
gb_ob o 
LOG (gmm-latgen-faster[5.5.195~1-6f565]:DecodeUtteranceLatticeFaster():decoder-wrappers.cc:289) Log-like per frame for utterance gb_ob is 2.56202 over 93 frames.
LOG (gmm-latgen-faster[5.5.195~1-6f565]:main():gmm-latgen-faster.cc:176) Time taken 15.5287s: real-time factor assuming 100 frames/sec is 0.0806684
LOG (gmm-latgen-faster[5.5.195~1-6f565]:main():gmm-latgen-faster.cc:179) Done 106 utterances, failed for 0
LOG (gmm-latgen-faster[5.5.195~1-6f565]:main():gmm-latgen-faster.cc:181) Overall log-likelihood per frame is 2.05619 over 19250 frames.
# Accounting: time=16 threads=1
# Ended (code 0) at Wed Feb 13 13:12:11 EST 2019, elapsed time 16 seconds
