# gmm-latgen-faster --max-active=7000 --beam=13.0 --lattice-beam=6.0 --acoustic-scale=0.083333 --allow-partial=true --word-symbol-table=exp/mono0a/graph/words.txt exp/mono0a/final.mdl exp/mono0a/graph/HCLG.fst "ark,s,cs:apply-cmvn  --utt2spk=ark:data/test_1k/split10/5/utt2spk scp:data/test_1k/split10/5/cmvn.scp scp:data/test_1k/split10/5/feats.scp ark:- | add-deltas  ark:- ark:- |" "ark:|gzip -c > exp/mono0a/decode/lat.5.gz" 
# Started at Wed Feb 13 13:11:55 EST 2019
#
gmm-latgen-faster --max-active=7000 --beam=13.0 --lattice-beam=6.0 --acoustic-scale=0.083333 --allow-partial=true --word-symbol-table=exp/mono0a/graph/words.txt exp/mono0a/final.mdl exp/mono0a/graph/HCLG.fst 'ark,s,cs:apply-cmvn  --utt2spk=ark:data/test_1k/split10/5/utt2spk scp:data/test_1k/split10/5/cmvn.scp scp:data/test_1k/split10/5/feats.scp ark:- | add-deltas  ark:- ark:- |' 'ark:|gzip -c > exp/mono0a/decode/lat.5.gz' 
apply-cmvn --utt2spk=ark:data/test_1k/split10/5/utt2spk scp:data/test_1k/split10/5/cmvn.scp scp:data/test_1k/split10/5/feats.scp ark:- 
add-deltas ark:- ark:- 
gc_2654a 2 6 5 4 
LOG (gmm-latgen-faster[5.5.195~1-6f565]:DecodeUtteranceLatticeFaster():decoder-wrappers.cc:289) Log-like per frame for utterance gc_2654a is 2.25459 over 195 frames.
gc_3835o6oa 3 8 3 5 o 6 o 
LOG (gmm-latgen-faster[5.5.195~1-6f565]:DecodeUtteranceLatticeFaster():decoder-wrappers.cc:289) Log-like per frame for utterance gc_3835o6oa is 2.4977 over 331 frames.
gc_4a 4 
LOG (gmm-latgen-faster[5.5.195~1-6f565]:DecodeUtteranceLatticeFaster():decoder-wrappers.cc:289) Log-like per frame for utterance gc_4a is 2.50108 over 117 frames.
gc_5o9a 5 o 9 
LOG (gmm-latgen-faster[5.5.195~1-6f565]:DecodeUtteranceLatticeFaster():decoder-wrappers.cc:289) Log-like per frame for utterance gc_5o9a is 2.23776 over 164 frames.
gc_7184818a 7 1 8 4 8 1 8 
LOG (gmm-latgen-faster[5.5.195~1-6f565]:DecodeUtteranceLatticeFaster():decoder-wrappers.cc:289) Log-like per frame for utterance gc_7184818a is 2.17694 over 308 frames.
gc_861z6a 8 6 1 z 6 
LOG (gmm-latgen-faster[5.5.195~1-6f565]:DecodeUtteranceLatticeFaster():decoder-wrappers.cc:289) Log-like per frame for utterance gc_861z6a is 2.29638 over 242 frames.
gc_98a 9 8 
LOG (gmm-latgen-faster[5.5.195~1-6f565]:DecodeUtteranceLatticeFaster():decoder-wrappers.cc:289) Log-like per frame for utterance gc_98a is 2.58753 over 114 frames.
gc_oo1a o o 1 
LOG (gmm-latgen-faster[5.5.195~1-6f565]:DecodeUtteranceLatticeFaster():decoder-wrappers.cc:289) Log-like per frame for utterance gc_oo1a is 1.94247 over 153 frames.
gk_1189a 1 1 8 9 
LOG (gmm-latgen-faster[5.5.195~1-6f565]:DecodeUtteranceLatticeFaster():decoder-wrappers.cc:289) Log-like per frame for utterance gk_1189a is 2.11696 over 212 frames.
gk_2281za 2 2 8 1 z 
LOG (gmm-latgen-faster[5.5.195~1-6f565]:DecodeUtteranceLatticeFaster():decoder-wrappers.cc:289) Log-like per frame for utterance gk_2281za is 1.94621 over 190 frames.
gk_3a 3 
LOG (gmm-latgen-faster[5.5.195~1-6f565]:DecodeUtteranceLatticeFaster():decoder-wrappers.cc:289) Log-like per frame for utterance gk_3a is 2.51359 over 76 frames.
gk_4a 4 
LOG (gmm-latgen-faster[5.5.195~1-6f565]:DecodeUtteranceLatticeFaster():decoder-wrappers.cc:289) Log-like per frame for utterance gk_4a is 2.69424 over 86 frames.
gk_5zz6863a 5 z z 6 8 6 3 
LOG (gmm-latgen-faster[5.5.195~1-6f565]:DecodeUtteranceLatticeFaster():decoder-wrappers.cc:289) Log-like per frame for utterance gk_5zz6863a is 1.9303 over 322 frames.
gk_72889a 7 2 8 8 9 
LOG (gmm-latgen-faster[5.5.195~1-6f565]:DecodeUtteranceLatticeFaster():decoder-wrappers.cc:289) Log-like per frame for utterance gk_72889a is 1.95838 over 207 frames.
gk_841875oa 8 4 1 8 7 5 o 
LOG (gmm-latgen-faster[5.5.195~1-6f565]:DecodeUtteranceLatticeFaster():decoder-wrappers.cc:289) Log-like per frame for utterance gk_841875oa is 1.99403 over 283 frames.
gk_96za 9 6 z 
LOG (gmm-latgen-faster[5.5.195~1-6f565]:DecodeUtteranceLatticeFaster():decoder-wrappers.cc:289) Log-like per frame for utterance gk_96za is 2.01193 over 161 frames.
gk_oo1a o o 1 
LOG (gmm-latgen-faster[5.5.195~1-6f565]:DecodeUtteranceLatticeFaster():decoder-wrappers.cc:289) Log-like per frame for utterance gk_oo1a is 2.09674 over 132 frames.
gk_zz26a z z 2 6 
LOG (gmm-latgen-faster[5.5.195~1-6f565]:DecodeUtteranceLatticeFaster():decoder-wrappers.cc:289) Log-like per frame for utterance gk_zz26a is 2.14937 over 209 frames.
gl_2514oo6a 2 5 1 4 o o 6 
LOG (gmm-latgen-faster[5.5.195~1-6f565]:DecodeUtteranceLatticeFaster():decoder-wrappers.cc:289) Log-like per frame for utterance gl_2514oo6a is 1.91031 over 282 frames.
gl_38116o1a 3 8 1 1 6 o 1 
LOG (gmm-latgen-faster[5.5.195~1-6f565]:DecodeUtteranceLatticeFaster():decoder-wrappers.cc:289) Log-like per frame for utterance gl_38116o1a is 2.03231 over 221 frames.
gl_4a 4 
LOG (gmm-latgen-faster[5.5.195~1-6f565]:DecodeUtteranceLatticeFaster():decoder-wrappers.cc:289) Log-like per frame for utterance gl_4a is 2.71184 over 90 frames.
gl_5a 5 
LOG (gmm-latgen-faster[5.5.195~1-6f565]:DecodeUtteranceLatticeFaster():decoder-wrappers.cc:289) Log-like per frame for utterance gl_5a is 2.48004 over 76 frames.
gl_74737a 7 4 7 3 7 
LOG (gmm-latgen-faster[5.5.195~1-6f565]:DecodeUtteranceLatticeFaster():decoder-wrappers.cc:289) Log-like per frame for utterance gl_74737a is 2.05497 over 226 frames.
gl_84416a 8 4 4 1 6 
LOG (gmm-latgen-faster[5.5.195~1-6f565]:DecodeUtteranceLatticeFaster():decoder-wrappers.cc:289) Log-like per frame for utterance gl_84416a is 2.10758 over 209 frames.
gl_9a 9 
LOG (gmm-latgen-faster[5.5.195~1-6f565]:DecodeUtteranceLatticeFaster():decoder-wrappers.cc:289) Log-like per frame for utterance gl_9a is 2.87622 over 88 frames.
gl_oa o 
LOG (gmm-latgen-faster[5.5.195~1-6f565]:DecodeUtteranceLatticeFaster():decoder-wrappers.cc:289) Log-like per frame for utterance gl_oa is 2.96865 over 75 frames.
gl_zb z 
LOG (gmm-latgen-faster[5.5.195~1-6f565]:DecodeUtteranceLatticeFaster():decoder-wrappers.cc:289) Log-like per frame for utterance gl_zb is 2.69265 over 100 frames.
gm_25a 2 5 
LOG (gmm-latgen-faster[5.5.195~1-6f565]:DecodeUtteranceLatticeFaster():decoder-wrappers.cc:289) Log-like per frame for utterance gm_25a is 2.71851 over 121 frames.
gm_3516a 3 5 1 6 
LOG (gmm-latgen-faster[5.5.195~1-6f565]:DecodeUtteranceLatticeFaster():decoder-wrappers.cc:289) Log-like per frame for utterance gm_3516a is 2.40803 over 217 frames.
gm_49a 4 9 
LOG (gmm-latgen-faster[5.5.195~1-6f565]:DecodeUtteranceLatticeFaster():decoder-wrappers.cc:289) Log-like per frame for utterance gm_49a is 2.56244 over 134 frames.
gm_5b 5 
LOG (gmm-latgen-faster[5.5.195~1-6f565]:DecodeUtteranceLatticeFaster():decoder-wrappers.cc:289) Log-like per frame for utterance gm_5b is 2.73191 over 121 frames.
gm_82263a 8 2 2 6 3 
LOG (gmm-latgen-faster[5.5.195~1-6f565]:DecodeUtteranceLatticeFaster():decoder-wrappers.cc:289) Log-like per frame for utterance gm_82263a is 1.87905 over 217 frames.
gm_967o7a 9 6 7 o 7 
LOG (gmm-latgen-faster[5.5.195~1-6f565]:DecodeUtteranceLatticeFaster():decoder-wrappers.cc:289) Log-like per frame for utterance gm_967o7a is 1.92833 over 214 frames.
gm_oa o 
LOG (gmm-latgen-faster[5.5.195~1-6f565]:DecodeUtteranceLatticeFaster():decoder-wrappers.cc:289) Log-like per frame for utterance gm_oa is 2.76128 over 93 frames.
gm_za z 
LOG (gmm-latgen-faster[5.5.195~1-6f565]:DecodeUtteranceLatticeFaster():decoder-wrappers.cc:289) Log-like per frame for utterance gm_za is 2.55395 over 93 frames.
gn_225a 2 2 5 
LOG (gmm-latgen-faster[5.5.195~1-6f565]:DecodeUtteranceLatticeFaster():decoder-wrappers.cc:289) Log-like per frame for utterance gn_225a is 2.08833 over 130 frames.
gn_34o4573a 3 4 o 4 5 7 3 
LOG (gmm-latgen-faster[5.5.195~1-6f565]:DecodeUtteranceLatticeFaster():decoder-wrappers.cc:289) Log-like per frame for utterance gn_34o4573a is 2.07931 over 335 frames.
gn_4756479a 4 7 5 6 4 7 9 
LOG (gmm-latgen-faster[5.5.195~1-6f565]:DecodeUtteranceLatticeFaster():decoder-wrappers.cc:289) Log-like per frame for utterance gn_4756479a is 1.96456 over 267 frames.
gn_5676za 5 6 7 6 z 
LOG (gmm-latgen-faster[5.5.195~1-6f565]:DecodeUtteranceLatticeFaster():decoder-wrappers.cc:289) Log-like per frame for utterance gn_5676za is 1.85366 over 239 frames.
gn_6b 6 
LOG (gmm-latgen-faster[5.5.195~1-6f565]:DecodeUtteranceLatticeFaster():decoder-wrappers.cc:289) Log-like per frame for utterance gn_6b is 2.70047 over 130 frames.
gn_817a 8 1 7 
LOG (gmm-latgen-faster[5.5.195~1-6f565]:DecodeUtteranceLatticeFaster():decoder-wrappers.cc:289) Log-like per frame for utterance gn_817a is 2.01257 over 150 frames.
gn_9586a 9 5 8 6 
LOG (gmm-latgen-faster[5.5.195~1-6f565]:DecodeUtteranceLatticeFaster():decoder-wrappers.cc:289) Log-like per frame for utterance gn_9586a is 2.06393 over 258 frames.
gn_o95a o 9 5 
LOG (gmm-latgen-faster[5.5.195~1-6f565]:DecodeUtteranceLatticeFaster():decoder-wrappers.cc:289) Log-like per frame for utterance gn_o95a is 2.1749 over 149 frames.
gn_za z 
LOG (gmm-latgen-faster[5.5.195~1-6f565]:DecodeUtteranceLatticeFaster():decoder-wrappers.cc:289) Log-like per frame for utterance gn_za is 2.23236 over 106 frames.
gp_1za 1 z 
LOG (gmm-latgen-faster[5.5.195~1-6f565]:DecodeUtteranceLatticeFaster():decoder-wrappers.cc:289) Log-like per frame for utterance gp_1za is 1.83539 over 100 frames.
gp_337a 3 3 7 
LOG (gmm-latgen-faster[5.5.195~1-6f565]:DecodeUtteranceLatticeFaster():decoder-wrappers.cc:289) Log-like per frame for utterance gp_337a is 2.0338 over 143 frames.
gp_47a 4 7 
LOG (gmm-latgen-faster[5.5.195~1-6f565]:DecodeUtteranceLatticeFaster():decoder-wrappers.cc:289) Log-like per frame for utterance gp_47a is 2.33742 over 121 frames.
gp_5a 5 
LOG (gmm-latgen-faster[5.5.195~1-6f565]:DecodeUtteranceLatticeFaster():decoder-wrappers.cc:289) Log-like per frame for utterance gp_5a is 2.608 over 102 frames.
gp_6a 6 
LOG (gmm-latgen-faster[5.5.195~1-6f565]:DecodeUtteranceLatticeFaster():decoder-wrappers.cc:289) Log-like per frame for utterance gp_6a is 2.51961 over 114 frames.
gp_8139oo7a 8 1 3 9 o o 7 
LOG (gmm-latgen-faster[5.5.195~1-6f565]:DecodeUtteranceLatticeFaster():decoder-wrappers.cc:289) Log-like per frame for utterance gp_8139oo7a is 1.81283 over 241 frames.
gp_9243262a 9 2 4 3 2 6 2 
LOG (gmm-latgen-faster[5.5.195~1-6f565]:DecodeUtteranceLatticeFaster():decoder-wrappers.cc:289) Log-like per frame for utterance gp_9243262a is 1.40781 over 231 frames.
gp_o8993a o 8 9 9 3 
LOG (gmm-latgen-faster[5.5.195~1-6f565]:DecodeUtteranceLatticeFaster():decoder-wrappers.cc:289) Log-like per frame for utterance gp_o8993a is 1.8012 over 182 frames.
gp_za z 
LOG (gmm-latgen-faster[5.5.195~1-6f565]:DecodeUtteranceLatticeFaster():decoder-wrappers.cc:289) Log-like per frame for utterance gp_za is 2.33995 over 102 frames.
gs_1za 1 z 
LOG (gmm-latgen-faster[5.5.195~1-6f565]:DecodeUtteranceLatticeFaster():decoder-wrappers.cc:289) Log-like per frame for utterance gs_1za is 2.3632 over 158 frames.
gs_323a 3 2 3 
LOG (gmm-latgen-faster[5.5.195~1-6f565]:DecodeUtteranceLatticeFaster():decoder-wrappers.cc:289) Log-like per frame for utterance gs_323a is 2.38994 over 146 frames.
gs_4394a 4 3 9 4 
LOG (gmm-latgen-faster[5.5.195~1-6f565]:DecodeUtteranceLatticeFaster():decoder-wrappers.cc:289) Log-like per frame for utterance gs_4394a is 2.26672 over 176 frames.
gs_5a 5 
LOG (gmm-latgen-faster[5.5.195~1-6f565]:DecodeUtteranceLatticeFaster():decoder-wrappers.cc:289) Log-like per frame for utterance gs_5a is 2.86842 over 120 frames.
gs_6b 6 
LOG (gmm-latgen-faster[5.5.195~1-6f565]:DecodeUtteranceLatticeFaster():decoder-wrappers.cc:289) Log-like per frame for utterance gs_6b is 2.5298 over 102 frames.
gs_7b 7 
LOG (gmm-latgen-faster[5.5.195~1-6f565]:DecodeUtteranceLatticeFaster():decoder-wrappers.cc:289) Log-like per frame for utterance gs_7b is 2.61701 over 90 frames.
gs_945zz64a 9 4 5 z z 6 4 
LOG (gmm-latgen-faster[5.5.195~1-6f565]:DecodeUtteranceLatticeFaster():decoder-wrappers.cc:289) Log-like per frame for utterance gs_945zz64a is 1.9642 over 355 frames.
gs_o82o9a o 8 2 o 9 
LOG (gmm-latgen-faster[5.5.195~1-6f565]:DecodeUtteranceLatticeFaster():decoder-wrappers.cc:289) Log-like per frame for utterance gs_o82o9a is 2.17454 over 273 frames.
gs_za z 
LOG (gmm-latgen-faster[5.5.195~1-6f565]:DecodeUtteranceLatticeFaster():decoder-wrappers.cc:289) Log-like per frame for utterance gs_za is 2.28196 over 106 frames.
gw_1a 1 
LOG (gmm-latgen-faster[5.5.195~1-6f565]:DecodeUtteranceLatticeFaster():decoder-wrappers.cc:289) Log-like per frame for utterance gw_1a is 2.66769 over 93 frames.
gw_31o3a 3 1 o 3 
LOG (gmm-latgen-faster[5.5.195~1-6f565]:DecodeUtteranceLatticeFaster():decoder-wrappers.cc:289) Log-like per frame for utterance gw_31o3a is 2.15723 over 262 frames.
gw_442a 4 4 2 
LOG (gmm-latgen-faster[5.5.195~1-6f565]:DecodeUtteranceLatticeFaster():decoder-wrappers.cc:289) Log-like per frame for utterance gw_442a is 1.82719 over 184 frames.
gw_5a 5 
LOG (gmm-latgen-faster[5.5.195~1-6f565]:DecodeUtteranceLatticeFaster():decoder-wrappers.cc:289) Log-like per frame for utterance gw_5a is 2.32022 over 89 frames.
gw_6a 6 
LOG (gmm-latgen-faster[5.5.195~1-6f565]:DecodeUtteranceLatticeFaster():decoder-wrappers.cc:289) Log-like per frame for utterance gw_6a is 2.52666 over 108 frames.
gw_7b 7 
LOG (gmm-latgen-faster[5.5.195~1-6f565]:DecodeUtteranceLatticeFaster():decoder-wrappers.cc:289) Log-like per frame for utterance gw_7b is 2.0006 over 107 frames.
gw_911o4o8a 9 1 1 o 4 o 8 
LOG (gmm-latgen-faster[5.5.195~1-6f565]:DecodeUtteranceLatticeFaster():decoder-wrappers.cc:289) Log-like per frame for utterance gw_911o4o8a is 1.81002 over 330 frames.
gw_o33o2o5a o 3 3 o 2 o 5 
LOG (gmm-latgen-faster[5.5.195~1-6f565]:DecodeUtteranceLatticeFaster():decoder-wrappers.cc:289) Log-like per frame for utterance gw_o33o2o5a is 1.76849 over 381 frames.
gw_zb z 
LOG (gmm-latgen-faster[5.5.195~1-6f565]:DecodeUtteranceLatticeFaster():decoder-wrappers.cc:289) Log-like per frame for utterance gw_zb is 2.59062 over 109 frames.
hc_1o2a 1 o 2 
LOG (gmm-latgen-faster[5.5.195~1-6f565]:DecodeUtteranceLatticeFaster():decoder-wrappers.cc:289) Log-like per frame for utterance hc_1o2a is 2.42086 over 180 frames.
hc_2b 2 
LOG (gmm-latgen-faster[5.5.195~1-6f565]:DecodeUtteranceLatticeFaster():decoder-wrappers.cc:289) Log-like per frame for utterance hc_2b is 2.47988 over 111 frames.
hc_42a 4 2 
LOG (gmm-latgen-faster[5.5.195~1-6f565]:DecodeUtteranceLatticeFaster():decoder-wrappers.cc:289) Log-like per frame for utterance hc_42a is 2.38662 over 116 frames.
hc_559a 5 5 9 
LOG (gmm-latgen-faster[5.5.195~1-6f565]:DecodeUtteranceLatticeFaster():decoder-wrappers.cc:289) Log-like per frame for utterance hc_559a is 2.572 over 164 frames.
hc_6847a 6 8 4 7 
LOG (gmm-latgen-faster[5.5.195~1-6f565]:DecodeUtteranceLatticeFaster():decoder-wrappers.cc:289) Log-like per frame for utterance hc_6847a is 2.21652 over 193 frames.
hc_7b 7 
LOG (gmm-latgen-faster[5.5.195~1-6f565]:DecodeUtteranceLatticeFaster():decoder-wrappers.cc:289) Log-like per frame for utterance hc_7b is 2.76856 over 120 frames.
hc_91o8a 9 1 o 8 
LOG (gmm-latgen-faster[5.5.195~1-6f565]:DecodeUtteranceLatticeFaster():decoder-wrappers.cc:289) Log-like per frame for utterance hc_91o8a is 2.21699 over 164 frames.
hc_o469oa o 4 6 9 o 
LOG (gmm-latgen-faster[5.5.195~1-6f565]:DecodeUtteranceLatticeFaster():decoder-wrappers.cc:289) Log-like per frame for utterance hc_o469oa is 2.18151 over 228 frames.
hc_z94zz32a z 9 4 z z 3 2 
LOG (gmm-latgen-faster[5.5.195~1-6f565]:DecodeUtteranceLatticeFaster():decoder-wrappers.cc:289) Log-like per frame for utterance hc_z94zz32a is 2.09376 over 335 frames.
hf_1a 1 
LOG (gmm-latgen-faster[5.5.195~1-6f565]:DecodeUtteranceLatticeFaster():decoder-wrappers.cc:289) Log-like per frame for utterance hf_1a is 2.40266 over 89 frames.
hf_2z889a 2 z 8 8 9 
LOG (gmm-latgen-faster[5.5.195~1-6f565]:DecodeUtteranceLatticeFaster():decoder-wrappers.cc:289) Log-like per frame for utterance hf_2z889a is 1.41486 over 227 frames.
hf_4153586a 4 1 5 3 5 8 6 
LOG (gmm-latgen-faster[5.5.195~1-6f565]:DecodeUtteranceLatticeFaster():decoder-wrappers.cc:289) Log-like per frame for utterance hf_4153586a is 1.81191 over 337 frames.
hf_5432a 5 4 3 2 
LOG (gmm-latgen-faster[5.5.195~1-6f565]:DecodeUtteranceLatticeFaster():decoder-wrappers.cc:289) Log-like per frame for utterance hf_5432a is 1.27499 over 167 frames.
hf_69487a 6 9 4 8 7 
LOG (gmm-latgen-faster[5.5.195~1-6f565]:DecodeUtteranceLatticeFaster():decoder-wrappers.cc:289) Log-like per frame for utterance hf_69487a is 1.60821 over 234 frames.
hf_7b 7 
LOG (gmm-latgen-faster[5.5.195~1-6f565]:DecodeUtteranceLatticeFaster():decoder-wrappers.cc:289) Log-like per frame for utterance hf_7b is 1.83603 over 98 frames.
LOG (apply-cmvn[5.5.195~1-6f565]:main():apply-cmvn.cc:162) Applied cepstral mean normalization to 97 utterances, errors on 0
hf_8b 8 
LOG (gmm-latgen-faster[5.5.195~1-6f565]:DecodeUtteranceLatticeFaster():decoder-wrappers.cc:289) Log-like per frame for utterance hf_8b is 2.19255 over 126 frames.
hf_o77a o 7 7 
LOG (gmm-latgen-faster[5.5.195~1-6f565]:DecodeUtteranceLatticeFaster():decoder-wrappers.cc:289) Log-like per frame for utterance hf_o77a is 2.00497 over 176 frames.
hf_z614a z 6 1 4 
LOG (gmm-latgen-faster[5.5.195~1-6f565]:DecodeUtteranceLatticeFaster():decoder-wrappers.cc:289) Log-like per frame for utterance hf_z614a is 1.51167 over 205 frames.
hj_1768za 1 7 6 8 z 
LOG (gmm-latgen-faster[5.5.195~1-6f565]:DecodeUtteranceLatticeFaster():decoder-wrappers.cc:289) Log-like per frame for utterance hj_1768za is 1.95852 over 278 frames.
hj_2oa 2 o 
LOG (gmm-latgen-faster[5.5.195~1-6f565]:DecodeUtteranceLatticeFaster():decoder-wrappers.cc:289) Log-like per frame for utterance hj_2oa is 1.99057 over 111 frames.
hj_423oa 4 2 3 o 
LOG (gmm-latgen-faster[5.5.195~1-6f565]:DecodeUtteranceLatticeFaster():decoder-wrappers.cc:289) Log-like per frame for utterance hj_423oa is 2.02799 over 177 frames.
hj_546a 5 4 6 
LOG (gmm-latgen-faster[5.5.195~1-6f565]:DecodeUtteranceLatticeFaster():decoder-wrappers.cc:289) Log-like per frame for utterance hj_546a is 1.9988 over 178 frames.
hj_69oa 6 9 o 
LOG (gmm-latgen-faster[5.5.195~1-6f565]:DecodeUtteranceLatticeFaster():decoder-wrappers.cc:289) Log-like per frame for utterance hj_69oa is 1.97041 over 150 frames.
hj_8b 8 
LOG (gmm-latgen-faster[5.5.195~1-6f565]:DecodeUtteranceLatticeFaster():decoder-wrappers.cc:289) Log-like per frame for utterance hj_8b is 2.36064 over 108 frames.
hj_9z154a 9 z 1 5 4 
LOG (gmm-latgen-faster[5.5.195~1-6f565]:DecodeUtteranceLatticeFaster():decoder-wrappers.cc:289) Log-like per frame for utterance hj_9z154a is 2.10361 over 251 frames.
hj_z492za z 4 9 2 z 
LOG (gmm-latgen-faster[5.5.195~1-6f565]:DecodeUtteranceLatticeFaster():decoder-wrappers.cc:289) Log-like per frame for utterance hj_z492za is 2.2692 over 266 frames.
LOG (gmm-latgen-faster[5.5.195~1-6f565]:main():gmm-latgen-faster.cc:176) Time taken 15.1552s: real-time factor assuming 100 frames/sec is 0.0883323
LOG (gmm-latgen-faster[5.5.195~1-6f565]:main():gmm-latgen-faster.cc:179) Done 97 utterances, failed for 0
LOG (gmm-latgen-faster[5.5.195~1-6f565]:main():gmm-latgen-faster.cc:181) Overall log-likelihood per frame is 2.1271 over 17157 frames.
# Accounting: time=16 threads=1
# Ended (code 0) at Wed Feb 13 13:12:11 EST 2019, elapsed time 16 seconds
