# gmm-align-compiled --transition-scale=1.0 --acoustic-scale=0.1 --self-loop-scale=0.1 --beam=10 --retry-beam=40 --careful=false "gmm-boost-silence --boost=1.0 1 exp/mono0a/35.mdl - |" "ark:gunzip -c exp/mono0a/fsts.4.gz|" "ark,s,cs:apply-cmvn  --utt2spk=ark:data/train_1k/split4/4/utt2spk scp:data/train_1k/split4/4/cmvn.scp scp:data/train_1k/split4/4/feats.scp ark:- | add-deltas  ark:- ark:- |" "ark,t:|gzip -c >exp/mono0a/ali.4.gz" 
# Started at Wed Feb 13 13:11:42 EST 2019
#
gmm-align-compiled --transition-scale=1.0 --acoustic-scale=0.1 --self-loop-scale=0.1 --beam=10 --retry-beam=40 --careful=false 'gmm-boost-silence --boost=1.0 1 exp/mono0a/35.mdl - |' 'ark:gunzip -c exp/mono0a/fsts.4.gz|' 'ark,s,cs:apply-cmvn  --utt2spk=ark:data/train_1k/split4/4/utt2spk scp:data/train_1k/split4/4/cmvn.scp scp:data/train_1k/split4/4/feats.scp ark:- | add-deltas  ark:- ark:- |' 'ark,t:|gzip -c >exp/mono0a/ali.4.gz' 
gmm-boost-silence --boost=1.0 1 exp/mono0a/35.mdl - 
LOG (gmm-boost-silence[5.5.195~1-6f565]:main():gmm-boost-silence.cc:93) Boosted weights for 5 pdfs, by factor of 1
LOG (gmm-boost-silence[5.5.195~1-6f565]:main():gmm-boost-silence.cc:103) Wrote model to -
add-deltas ark:- ark:- 
apply-cmvn --utt2spk=ark:data/train_1k/split4/4/utt2spk scp:data/train_1k/split4/4/cmvn.scp scp:data/train_1k/split4/4/feats.scp ark:- 
LOG (gmm-align-compiled[5.5.195~1-6f565]:main():gmm-align-compiled.cc:127) ms_356a
LOG (gmm-align-compiled[5.5.195~1-6f565]:main():gmm-align-compiled.cc:127) ms_445a
LOG (gmm-align-compiled[5.5.195~1-6f565]:main():gmm-align-compiled.cc:127) ms_598za
LOG (gmm-align-compiled[5.5.195~1-6f565]:main():gmm-align-compiled.cc:127) ms_6a
LOG (gmm-align-compiled[5.5.195~1-6f565]:main():gmm-align-compiled.cc:127) ms_8242255a
LOG (gmm-align-compiled[5.5.195~1-6f565]:main():gmm-align-compiled.cc:127) ms_93654a
LOG (gmm-align-compiled[5.5.195~1-6f565]:main():gmm-align-compiled.cc:127) ms_o75a
LOG (gmm-align-compiled[5.5.195~1-6f565]:main():gmm-align-compiled.cc:127) ms_za
LOG (gmm-align-compiled[5.5.195~1-6f565]:main():gmm-align-compiled.cc:127) mw_1o86445a
LOG (gmm-align-compiled[5.5.195~1-6f565]:main():gmm-align-compiled.cc:127) mw_2z2z319a
LOG (gmm-align-compiled[5.5.195~1-6f565]:main():gmm-align-compiled.cc:127) mw_4282541a
LOG (gmm-align-compiled[5.5.195~1-6f565]:main():gmm-align-compiled.cc:127) mw_525a
LOG (gmm-align-compiled[5.5.195~1-6f565]:main():gmm-align-compiled.cc:127) mw_6b
LOG (gmm-align-compiled[5.5.195~1-6f565]:main():gmm-align-compiled.cc:127) mw_7a
LOG (gmm-align-compiled[5.5.195~1-6f565]:main():gmm-align-compiled.cc:127) mw_93a
LOG (gmm-align-compiled[5.5.195~1-6f565]:main():gmm-align-compiled.cc:127) mw_o5a
LOG (gmm-align-compiled[5.5.195~1-6f565]:main():gmm-align-compiled.cc:127) mw_z5a
LOG (gmm-align-compiled[5.5.195~1-6f565]:main():gmm-align-compiled.cc:127) nc_17a
LOG (gmm-align-compiled[5.5.195~1-6f565]:main():gmm-align-compiled.cc:127) nc_2a
LOG (gmm-align-compiled[5.5.195~1-6f565]:main():gmm-align-compiled.cc:127) nc_3za
LOG (gmm-align-compiled[5.5.195~1-6f565]:main():gmm-align-compiled.cc:127) nc_54862o2a
LOG (gmm-align-compiled[5.5.195~1-6f565]:main():gmm-align-compiled.cc:127) nc_664a
LOG (gmm-align-compiled[5.5.195~1-6f565]:main():gmm-align-compiled.cc:127) nc_75a
LOG (gmm-align-compiled[5.5.195~1-6f565]:main():gmm-align-compiled.cc:127) nc_8b
LOG (gmm-align-compiled[5.5.195~1-6f565]:main():gmm-align-compiled.cc:127) nc_o113a
LOG (gmm-align-compiled[5.5.195~1-6f565]:main():gmm-align-compiled.cc:127) nc_z79za
LOG (gmm-align-compiled[5.5.195~1-6f565]:main():gmm-align-compiled.cc:127) ne_18364a
LOG (gmm-align-compiled[5.5.195~1-6f565]:main():gmm-align-compiled.cc:127) ne_29a
LOG (gmm-align-compiled[5.5.195~1-6f565]:main():gmm-align-compiled.cc:127) ne_3z4zza
LOG (gmm-align-compiled[5.5.195~1-6f565]:main():gmm-align-compiled.cc:127) ne_53z4713a
LOG (gmm-align-compiled[5.5.195~1-6f565]:main():gmm-align-compiled.cc:127) ne_6984a
LOG (gmm-align-compiled[5.5.195~1-6f565]:main():gmm-align-compiled.cc:127) ne_8a
LOG (gmm-align-compiled[5.5.195~1-6f565]:main():gmm-align-compiled.cc:127) ne_9a
LOG (gmm-align-compiled[5.5.195~1-6f565]:main():gmm-align-compiled.cc:127) ne_z26a
LOG (gmm-align-compiled[5.5.195~1-6f565]:main():gmm-align-compiled.cc:127) nf_116a
LOG (gmm-align-compiled[5.5.195~1-6f565]:main():gmm-align-compiled.cc:127) nf_2a
LOG (gmm-align-compiled[5.5.195~1-6f565]:main():gmm-align-compiled.cc:127) nf_39a
LOG (gmm-align-compiled[5.5.195~1-6f565]:main():gmm-align-compiled.cc:127) nf_4za
LOG (gmm-align-compiled[5.5.195~1-6f565]:main():gmm-align-compiled.cc:127) nf_62a
LOG (gmm-align-compiled[5.5.195~1-6f565]:main():gmm-align-compiled.cc:127) nf_773za
LOG (gmm-align-compiled[5.5.195~1-6f565]:main():gmm-align-compiled.cc:127) nf_88a
LOG (gmm-align-compiled[5.5.195~1-6f565]:main():gmm-align-compiled.cc:127) nf_9oo4954a
LOG (gmm-align-compiled[5.5.195~1-6f565]:main():gmm-align-compiled.cc:127) nf_ooo2493a
LOG (gmm-align-compiled[5.5.195~1-6f565]:main():gmm-align-compiled.cc:127) ng_14396a
LOG (gmm-align-compiled[5.5.195~1-6f565]:main():gmm-align-compiled.cc:127) ng_2726a
LOG (gmm-align-compiled[5.5.195~1-6f565]:main():gmm-align-compiled.cc:127) ng_3a
LOG (gmm-align-compiled[5.5.195~1-6f565]:main():gmm-align-compiled.cc:127) ng_4z7a
LOG (gmm-align-compiled[5.5.195~1-6f565]:main():gmm-align-compiled.cc:127) ng_5b
LOG (gmm-align-compiled[5.5.195~1-6f565]:main():gmm-align-compiled.cc:127) ng_729a
LOG (gmm-align-compiled[5.5.195~1-6f565]:main():gmm-align-compiled.cc:127) ng_8444878a
LOG (gmm-align-compiled[5.5.195~1-6f565]:main():gmm-align-compiled.cc:127) ng_946a
LOG (gmm-align-compiled[5.5.195~1-6f565]:main():gmm-align-compiled.cc:127) ng_oa
LOG (gmm-align-compiled[5.5.195~1-6f565]:main():gmm-align-compiled.cc:127) ng_zz9a
LOG (gmm-align-compiled[5.5.195~1-6f565]:main():gmm-align-compiled.cc:127) nh_235a
LOG (gmm-align-compiled[5.5.195~1-6f565]:main():gmm-align-compiled.cc:127) nh_3798oa
LOG (gmm-align-compiled[5.5.195~1-6f565]:main():gmm-align-compiled.cc:127) nh_4a
LOG (gmm-align-compiled[5.5.195~1-6f565]:main():gmm-align-compiled.cc:127) nh_5b
LOG (gmm-align-compiled[5.5.195~1-6f565]:main():gmm-align-compiled.cc:127) nh_74898a
LOG (gmm-align-compiled[5.5.195~1-6f565]:main():gmm-align-compiled.cc:127) nh_8311a
LOG (gmm-align-compiled[5.5.195~1-6f565]:main():gmm-align-compiled.cc:127) nh_97a
LOG (gmm-align-compiled[5.5.195~1-6f565]:main():gmm-align-compiled.cc:127) nh_o5a
LOG (gmm-align-compiled[5.5.195~1-6f565]:main():gmm-align-compiled.cc:127) nh_zb
LOG (gmm-align-compiled[5.5.195~1-6f565]:main():gmm-align-compiled.cc:127) ni_356o623a
LOG (gmm-align-compiled[5.5.195~1-6f565]:main():gmm-align-compiled.cc:127) ni_497z5a
LOG (gmm-align-compiled[5.5.195~1-6f565]:main():gmm-align-compiled.cc:127) ni_59a
LOG (gmm-align-compiled[5.5.195~1-6f565]:main():gmm-align-compiled.cc:127) ni_6b
LOG (gmm-align-compiled[5.5.195~1-6f565]:main():gmm-align-compiled.cc:127) ni_86212a
LOG (gmm-align-compiled[5.5.195~1-6f565]:main():gmm-align-compiled.cc:127) ni_93a
LOG (gmm-align-compiled[5.5.195~1-6f565]:main():gmm-align-compiled.cc:127) ni_o9766a
LOG (gmm-align-compiled[5.5.195~1-6f565]:main():gmm-align-compiled.cc:127) ni_za
LOG (gmm-align-compiled[5.5.195~1-6f565]:main():gmm-align-compiled.cc:127) nr_1a
LOG (gmm-align-compiled[5.5.195~1-6f565]:main():gmm-align-compiled.cc:127) nr_2zz97a
LOG (gmm-align-compiled[5.5.195~1-6f565]:main():gmm-align-compiled.cc:127) nr_4a
LOG (gmm-align-compiled[5.5.195~1-6f565]:main():gmm-align-compiled.cc:127) nr_5377643a
LOG (gmm-align-compiled[5.5.195~1-6f565]:main():gmm-align-compiled.cc:127) nr_69592a
LOG (gmm-align-compiled[5.5.195~1-6f565]:main():gmm-align-compiled.cc:127) nr_7o328a
LOG (gmm-align-compiled[5.5.195~1-6f565]:main():gmm-align-compiled.cc:127) nr_92566a
LOG (gmm-align-compiled[5.5.195~1-6f565]:main():gmm-align-compiled.cc:127) nr_o1o29a
LOG (gmm-align-compiled[5.5.195~1-6f565]:main():gmm-align-compiled.cc:127) nr_z63412za
LOG (gmm-align-compiled[5.5.195~1-6f565]:main():gmm-align-compiled.cc:127) nw_17a
LOG (gmm-align-compiled[5.5.195~1-6f565]:main():gmm-align-compiled.cc:127) nw_2b
LOG (gmm-align-compiled[5.5.195~1-6f565]:main():gmm-align-compiled.cc:127) nw_3b
LOG (gmm-align-compiled[5.5.195~1-6f565]:main():gmm-align-compiled.cc:127) nw_58378a
LOG (gmm-align-compiled[5.5.195~1-6f565]:main():gmm-align-compiled.cc:127) nw_66oa
LOG (gmm-align-compiled[5.5.195~1-6f565]:main():gmm-align-compiled.cc:127) nw_7944a
LOG (gmm-align-compiled[5.5.195~1-6f565]:main():gmm-align-compiled.cc:127) nw_8a
LOG (gmm-align-compiled[5.5.195~1-6f565]:main():gmm-align-compiled.cc:127) nw_o3162a
LOG (gmm-align-compiled[5.5.195~1-6f565]:main():gmm-align-compiled.cc:127) nw_z49a
LOG (gmm-align-compiled[5.5.195~1-6f565]:main():gmm-align-compiled.cc:127) pb_1a
LOG (gmm-align-compiled[5.5.195~1-6f565]:main():gmm-align-compiled.cc:127) pb_269572oa
LOG (gmm-align-compiled[5.5.195~1-6f565]:main():gmm-align-compiled.cc:127) pb_3o41a
LOG (gmm-align-compiled[5.5.195~1-6f565]:main():gmm-align-compiled.cc:127) pb_53z8z97a
LOG (gmm-align-compiled[5.5.195~1-6f565]:main():gmm-align-compiled.cc:127) pb_66a
LOG (gmm-align-compiled[5.5.195~1-6f565]:main():gmm-align-compiled.cc:127) pb_75184a
LOG (gmm-align-compiled[5.5.195~1-6f565]:main():gmm-align-compiled.cc:127) pb_8b
LOG (gmm-align-compiled[5.5.195~1-6f565]:main():gmm-align-compiled.cc:127) pb_9b
LOG (gmm-align-compiled[5.5.195~1-6f565]:main():gmm-align-compiled.cc:127) pb_z113z49a
LOG (gmm-align-compiled[5.5.195~1-6f565]:main():gmm-align-compiled.cc:127) pd_12z1a
LOG (gmm-align-compiled[5.5.195~1-6f565]:main():gmm-align-compiled.cc:127) pd_285o641a
LOG (gmm-align-compiled[5.5.195~1-6f565]:main():gmm-align-compiled.cc:127) pd_3a
LOG (gmm-align-compiled[5.5.195~1-6f565]:main():gmm-align-compiled.cc:127) pd_4z96za
LOG (gmm-align-compiled[5.5.195~1-6f565]:main():gmm-align-compiled.cc:127) pd_61a
LOG (gmm-align-compiled[5.5.195~1-6f565]:main():gmm-align-compiled.cc:127) pd_78zz821a
LOG (gmm-align-compiled[5.5.195~1-6f565]:main():gmm-align-compiled.cc:127) pd_86a
LOG (gmm-align-compiled[5.5.195~1-6f565]:main():gmm-align-compiled.cc:127) pd_9b
LOG (gmm-align-compiled[5.5.195~1-6f565]:main():gmm-align-compiled.cc:127) pd_oo9ooa
LOG (gmm-align-compiled[5.5.195~1-6f565]:main():gmm-align-compiled.cc:127) pe_14a
LOG (gmm-align-compiled[5.5.195~1-6f565]:main():gmm-align-compiled.cc:127) pe_233a
LOG (gmm-align-compiled[5.5.195~1-6f565]:main():gmm-align-compiled.cc:127) pe_3b
LOG (gmm-align-compiled[5.5.195~1-6f565]:main():gmm-align-compiled.cc:127) pe_4o526a
LOG (gmm-align-compiled[5.5.195~1-6f565]:main():gmm-align-compiled.cc:127) pe_5z492a
LOG (gmm-align-compiled[5.5.195~1-6f565]:main():gmm-align-compiled.cc:127) pe_732a
LOG (gmm-align-compiled[5.5.195~1-6f565]:main():gmm-align-compiled.cc:127) pe_854a
LOG (gmm-align-compiled[5.5.195~1-6f565]:main():gmm-align-compiled.cc:127) pe_99647a
LOG (gmm-align-compiled[5.5.195~1-6f565]:main():gmm-align-compiled.cc:127) pe_ooa
LOG (gmm-align-compiled[5.5.195~1-6f565]:main():gmm-align-compiled.cc:127) pe_zb
LOG (gmm-align-compiled[5.5.195~1-6f565]:main():gmm-align-compiled.cc:127) pi_251z4a
LOG (gmm-align-compiled[5.5.195~1-6f565]:main():gmm-align-compiled.cc:127) pi_37z55a
LOG (gmm-align-compiled[5.5.195~1-6f565]:main():gmm-align-compiled.cc:127) pi_48a
LOG (gmm-align-compiled[5.5.195~1-6f565]:main():gmm-align-compiled.cc:127) pi_5a
LOG (gmm-align-compiled[5.5.195~1-6f565]:main():gmm-align-compiled.cc:127) pi_7472597a
LOG (gmm-align-compiled[5.5.195~1-6f565]:main():gmm-align-compiled.cc:127) pi_821z7a
LOG (gmm-align-compiled[5.5.195~1-6f565]:main():gmm-align-compiled.cc:127) pi_9434991a
LOG (gmm-align-compiled[5.5.195~1-6f565]:main():gmm-align-compiled.cc:127) pi_o965a
LOG (gmm-align-compiled[5.5.195~1-6f565]:main():gmm-align-compiled.cc:127) pi_zza
LOG (gmm-align-compiled[5.5.195~1-6f565]:main():gmm-align-compiled.cc:127) pk_365a
LOG (gmm-align-compiled[5.5.195~1-6f565]:main():gmm-align-compiled.cc:127) pk_4816a
LOG (gmm-align-compiled[5.5.195~1-6f565]:main():gmm-align-compiled.cc:127) pk_59512a
LOG (gmm-align-compiled[5.5.195~1-6f565]:main():gmm-align-compiled.cc:127) pk_6a
LOG (gmm-align-compiled[5.5.195~1-6f565]:main():gmm-align-compiled.cc:127) pk_86zzz88a
LOG (gmm-align-compiled[5.5.195~1-6f565]:main():gmm-align-compiled.cc:127) pk_93969a
LOG (gmm-align-compiled[5.5.195~1-6f565]:main():gmm-align-compiled.cc:127) pk_o87a
LOG (gmm-align-compiled[5.5.195~1-6f565]:main():gmm-align-compiled.cc:127) pk_z527a
LOG (gmm-align-compiled[5.5.195~1-6f565]:main():gmm-align-compiled.cc:127) pm_1b
LOG (gmm-align-compiled[5.5.195~1-6f565]:main():gmm-align-compiled.cc:127) pm_2o2a
LOG (gmm-align-compiled[5.5.195~1-6f565]:main():gmm-align-compiled.cc:127) pm_43318a
LOG (gmm-align-compiled[5.5.195~1-6f565]:main():gmm-align-compiled.cc:127) pm_53757o4a
LOG (gmm-align-compiled[5.5.195~1-6f565]:main():gmm-align-compiled.cc:127) pm_6a
LOG (gmm-align-compiled[5.5.195~1-6f565]:main():gmm-align-compiled.cc:127) pm_7b
LOG (gmm-align-compiled[5.5.195~1-6f565]:main():gmm-align-compiled.cc:127) pm_95a
LOG (gmm-align-compiled[5.5.195~1-6f565]:main():gmm-align-compiled.cc:127) pm_o3a
LOG (gmm-align-compiled[5.5.195~1-6f565]:main():gmm-align-compiled.cc:127) pm_z774a
LOG (gmm-align-compiled[5.5.195~1-6f565]:main():gmm-align-compiled.cc:127) pp_155a
LOG (gmm-align-compiled[5.5.195~1-6f565]:main():gmm-align-compiled.cc:127) pp_2b
LOG (gmm-align-compiled[5.5.195~1-6f565]:main():gmm-align-compiled.cc:127) pp_3b
LOG (gmm-align-compiled[5.5.195~1-6f565]:main():gmm-align-compiled.cc:127) pp_542a
LOG (gmm-align-compiled[5.5.195~1-6f565]:main():gmm-align-compiled.cc:127) pp_64a
LOG (gmm-align-compiled[5.5.195~1-6f565]:main():gmm-align-compiled.cc:127) pp_7a
LOG (gmm-align-compiled[5.5.195~1-6f565]:main():gmm-align-compiled.cc:127) pp_8oo7oo6a
LOG (gmm-align-compiled[5.5.195~1-6f565]:main():gmm-align-compiled.cc:127) pp_o19o6a
LOG (gmm-align-compiled[5.5.195~1-6f565]:main():gmm-align-compiled.cc:127) pp_z2a
LOG (gmm-align-compiled[5.5.195~1-6f565]:main():gmm-align-compiled.cc:127) ra_1a
LOG (gmm-align-compiled[5.5.195~1-6f565]:main():gmm-align-compiled.cc:127) ra_2664885a
LOG (gmm-align-compiled[5.5.195~1-6f565]:main():gmm-align-compiled.cc:127) ra_3oa
LOG (gmm-align-compiled[5.5.195~1-6f565]:main():gmm-align-compiled.cc:127) ra_517a
LOG (gmm-align-compiled[5.5.195~1-6f565]:main():gmm-align-compiled.cc:127) ra_67a
LOG (gmm-align-compiled[5.5.195~1-6f565]:main():gmm-align-compiled.cc:127) ra_89a
LOG (gmm-align-compiled[5.5.195~1-6f565]:main():gmm-align-compiled.cc:127) ra_9b
LOG (gmm-align-compiled[5.5.195~1-6f565]:main():gmm-align-compiled.cc:127) ra_z246a
LOG (gmm-align-compiled[5.5.195~1-6f565]:main():gmm-align-compiled.cc:127) rd_13a
LOG (gmm-align-compiled[5.5.195~1-6f565]:main():gmm-align-compiled.cc:127) rd_285a
LOG (gmm-align-compiled[5.5.195~1-6f565]:main():gmm-align-compiled.cc:127) rd_3b
LOG (gmm-align-compiled[5.5.195~1-6f565]:main():gmm-align-compiled.cc:127) rd_4oa
LOG (gmm-align-compiled[5.5.195~1-6f565]:main():gmm-align-compiled.cc:127) rd_62353a
LOG (gmm-align-compiled[5.5.195~1-6f565]:main():gmm-align-compiled.cc:127) rd_72a
LOG (gmm-align-compiled[5.5.195~1-6f565]:main():gmm-align-compiled.cc:127) rd_8551z32a
LOG (gmm-align-compiled[5.5.195~1-6f565]:main():gmm-align-compiled.cc:127) rd_9a
LOG (gmm-align-compiled[5.5.195~1-6f565]:main():gmm-align-compiled.cc:127) rd_ooa
LOG (gmm-align-compiled[5.5.195~1-6f565]:main():gmm-align-compiled.cc:127) re_1397283a
LOG (gmm-align-compiled[5.5.195~1-6f565]:main():gmm-align-compiled.cc:127) re_292oo71a
LOG (gmm-align-compiled[5.5.195~1-6f565]:main():gmm-align-compiled.cc:127) re_3a
LOG (gmm-align-compiled[5.5.195~1-6f565]:main():gmm-align-compiled.cc:127) re_4b
LOG (gmm-align-compiled[5.5.195~1-6f565]:main():gmm-align-compiled.cc:127) re_5b
LOG (gmm-align-compiled[5.5.195~1-6f565]:main():gmm-align-compiled.cc:127) re_71491a
LOG (gmm-align-compiled[5.5.195~1-6f565]:main():gmm-align-compiled.cc:127) re_867a
LOG (gmm-align-compiled[5.5.195~1-6f565]:main():gmm-align-compiled.cc:127) re_9965o3oa
LOG (gmm-align-compiled[5.5.195~1-6f565]:main():gmm-align-compiled.cc:127) re_oa
LOG (gmm-align-compiled[5.5.195~1-6f565]:main():gmm-align-compiled.cc:127) re_zzza
LOG (gmm-align-compiled[5.5.195~1-6f565]:main():gmm-align-compiled.cc:127) rf_2163395a
LOG (gmm-align-compiled[5.5.195~1-6f565]:main():gmm-align-compiled.cc:127) rf_3971oa
LOG (gmm-align-compiled[5.5.195~1-6f565]:main():gmm-align-compiled.cc:127) rf_4b
LOG (gmm-align-compiled[5.5.195~1-6f565]:main():gmm-align-compiled.cc:127) rf_5a
LOG (gmm-align-compiled[5.5.195~1-6f565]:main():gmm-align-compiled.cc:127) rf_73a
LOG (gmm-align-compiled[5.5.195~1-6f565]:main():gmm-align-compiled.cc:127) rf_86z19a
LOG (gmm-align-compiled[5.5.195~1-6f565]:main():gmm-align-compiled.cc:127) rf_955a
LOG (gmm-align-compiled[5.5.195~1-6f565]:main():gmm-align-compiled.cc:127) rf_oa
LOG (gmm-align-compiled[5.5.195~1-6f565]:main():gmm-align-compiled.cc:127) rf_zzza
LOG (gmm-align-compiled[5.5.195~1-6f565]:main():gmm-align-compiled.cc:127) rn_36z3a
LOG (gmm-align-compiled[5.5.195~1-6f565]:main():gmm-align-compiled.cc:127) rn_46996a
LOG (gmm-align-compiled[5.5.195~1-6f565]:main():gmm-align-compiled.cc:127) rn_5a
LOG (gmm-align-compiled[5.5.195~1-6f565]:main():gmm-align-compiled.cc:127) rn_6a
LOG (gmm-align-compiled[5.5.195~1-6f565]:main():gmm-align-compiled.cc:127) rn_8327a
LOG (gmm-align-compiled[5.5.195~1-6f565]:main():gmm-align-compiled.cc:127) rn_94a
LOG (gmm-align-compiled[5.5.195~1-6f565]:main():gmm-align-compiled.cc:127) rn_o8954o2a
LOG (gmm-align-compiled[5.5.195~1-6f565]:main():gmm-align-compiled.cc:127) rn_za
LOG (gmm-align-compiled[5.5.195~1-6f565]:main():gmm-align-compiled.cc:127) rp_1b
LOG (gmm-align-compiled[5.5.195~1-6f565]:main():gmm-align-compiled.cc:127) rp_2z2a
LOG (gmm-align-compiled[5.5.195~1-6f565]:main():gmm-align-compiled.cc:127) rp_45a
LOG (gmm-align-compiled[5.5.195~1-6f565]:main():gmm-align-compiled.cc:127) rp_56a
LOG (gmm-align-compiled[5.5.195~1-6f565]:main():gmm-align-compiled.cc:127) rp_6b
LOG (gmm-align-compiled[5.5.195~1-6f565]:main():gmm-align-compiled.cc:127) rp_7b
LOG (gmm-align-compiled[5.5.195~1-6f565]:main():gmm-align-compiled.cc:127) rp_948a
LOG (gmm-align-compiled[5.5.195~1-6f565]:main():gmm-align-compiled.cc:127) rp_o2o4o57a
LOG (gmm-align-compiled[5.5.195~1-6f565]:main():gmm-align-compiled.cc:127) rp_z716a
LOG (gmm-align-compiled[5.5.195~1-6f565]:main():gmm-align-compiled.cc:127) rr_15a
LOG (gmm-align-compiled[5.5.195~1-6f565]:main():gmm-align-compiled.cc:127) rr_2b
LOG (gmm-align-compiled[5.5.195~1-6f565]:main():gmm-align-compiled.cc:127) rr_3zz2a
LOG (gmm-align-compiled[5.5.195~1-6f565]:main():gmm-align-compiled.cc:127) rr_53a
LOG (gmm-align-compiled[5.5.195~1-6f565]:main():gmm-align-compiled.cc:127) rr_675a
LOG (gmm-align-compiled[5.5.195~1-6f565]:main():gmm-align-compiled.cc:127) rr_79o62a
LOG (gmm-align-compiled[5.5.195~1-6f565]:main():gmm-align-compiled.cc:127) rr_8z7a
LOG (gmm-align-compiled[5.5.195~1-6f565]:main():gmm-align-compiled.cc:127) rr_o3o2a
LOG (gmm-align-compiled[5.5.195~1-6f565]:main():gmm-align-compiled.cc:127) rr_z5768a
LOG (gmm-align-compiled[5.5.195~1-6f565]:main():gmm-align-compiled.cc:127) rs_19583a
LOG (gmm-align-compiled[5.5.195~1-6f565]:main():gmm-align-compiled.cc:127) rs_2a
LOG (gmm-align-compiled[5.5.195~1-6f565]:main():gmm-align-compiled.cc:127) rs_3z4z5a
LOG (gmm-align-compiled[5.5.195~1-6f565]:main():gmm-align-compiled.cc:127) rs_53a
LOG (gmm-align-compiled[5.5.195~1-6f565]:main():gmm-align-compiled.cc:127) rs_6728a
LOG (gmm-align-compiled[5.5.195~1-6f565]:main():gmm-align-compiled.cc:127) rs_793z7a
LOG (gmm-align-compiled[5.5.195~1-6f565]:main():gmm-align-compiled.cc:127) rs_8o332a
LOG (gmm-align-compiled[5.5.195~1-6f565]:main():gmm-align-compiled.cc:127) rs_9b
LOG (gmm-align-compiled[5.5.195~1-6f565]:main():gmm-align-compiled.cc:127) rs_z216a
LOG (gmm-align-compiled[5.5.195~1-6f565]:main():gmm-align-compiled.cc:127) sj_1588oa
LOG (gmm-align-compiled[5.5.195~1-6f565]:main():gmm-align-compiled.cc:127) sj_249a
LOG (gmm-align-compiled[5.5.195~1-6f565]:main():gmm-align-compiled.cc:127) sj_3a
LOG (gmm-align-compiled[5.5.195~1-6f565]:main():gmm-align-compiled.cc:127) sj_4oo4367a
LOG (gmm-align-compiled[5.5.195~1-6f565]:main():gmm-align-compiled.cc:127) sj_625za
LOG (gmm-align-compiled[5.5.195~1-6f565]:main():gmm-align-compiled.cc:127) sj_772a
LOG (gmm-align-compiled[5.5.195~1-6f565]:main():gmm-align-compiled.cc:127) sj_8a
LOG (gmm-align-compiled[5.5.195~1-6f565]:main():gmm-align-compiled.cc:127) sj_9b
LOG (gmm-align-compiled[5.5.195~1-6f565]:main():gmm-align-compiled.cc:127) sj_ooa
LOG (gmm-align-compiled[5.5.195~1-6f565]:main():gmm-align-compiled.cc:127) sp_145a
LOG (gmm-align-compiled[5.5.195~1-6f565]:main():gmm-align-compiled.cc:127) sp_278o2a
LOG (gmm-align-compiled[5.5.195~1-6f565]:main():gmm-align-compiled.cc:127) sp_39244a
LOG (gmm-align-compiled[5.5.195~1-6f565]:main():gmm-align-compiled.cc:127) sp_4b
LOG (gmm-align-compiled[5.5.195~1-6f565]:main():gmm-align-compiled.cc:127) sp_5b
LOG (gmm-align-compiled[5.5.195~1-6f565]:main():gmm-align-compiled.cc:127) sp_72a
LOG (gmm-align-compiled[5.5.195~1-6f565]:main():gmm-align-compiled.cc:127) sp_86157a
LOG (apply-cmvn[5.5.195~1-6f565]:main():apply-cmvn.cc:162) Applied cepstral mean normalization to 250 utterances, errors on 0
LOG (gmm-align-compiled[5.5.195~1-6f565]:main():gmm-align-compiled.cc:127) sp_9993z84a
LOG (gmm-align-compiled[5.5.195~1-6f565]:main():gmm-align-compiled.cc:127) sp_ob
LOG (gmm-align-compiled[5.5.195~1-6f565]:main():gmm-align-compiled.cc:127) sp_zzz7a
LOG (gmm-align-compiled[5.5.195~1-6f565]:main():gmm-align-compiled.cc:127) st_2351a
LOG (gmm-align-compiled[5.5.195~1-6f565]:main():gmm-align-compiled.cc:127) st_3484za
LOG (gmm-align-compiled[5.5.195~1-6f565]:main():gmm-align-compiled.cc:127) st_48436a
LOG (gmm-align-compiled[5.5.195~1-6f565]:main():gmm-align-compiled.cc:127) st_5b
LOG (gmm-align-compiled[5.5.195~1-6f565]:main():gmm-align-compiled.cc:127) st_72a
LOG (gmm-align-compiled[5.5.195~1-6f565]:main():gmm-align-compiled.cc:127) st_83oa
LOG (gmm-align-compiled[5.5.195~1-6f565]:main():gmm-align-compiled.cc:127) st_9669812a
LOG (gmm-align-compiled[5.5.195~1-6f565]:main():gmm-align-compiled.cc:127) st_oa
LOG (gmm-align-compiled[5.5.195~1-6f565]:main():gmm-align-compiled.cc:127) st_zz1a
LOG (gmm-align-compiled[5.5.195~1-6f565]:main():gmm-align-compiled.cc:135) Overall log-likelihood per frame is 27.9692 over 44038 frames.
LOG (gmm-align-compiled[5.5.195~1-6f565]:main():gmm-align-compiled.cc:137) Retried 0 out of 250 utterances.
LOG (gmm-align-compiled[5.5.195~1-6f565]:main():gmm-align-compiled.cc:139) Done 250, errors on 0
# Accounting: time=3 threads=1
# Ended (code 0) at Wed Feb 13 13:11:45 EST 2019, elapsed time 3 seconds
