# align-equal-compiled "ark:gunzip -c exp/mono0a/fsts.1.gz|" "ark,s,cs:apply-cmvn  --utt2spk=ark:data/train_1k/split4/1/utt2spk scp:data/train_1k/split4/1/cmvn.scp scp:data/train_1k/split4/1/feats.scp ark:- | add-deltas  ark:- ark:- |" ark,t:- | gmm-acc-stats-ali --binary=true exp/mono0a/0.mdl "ark,s,cs:apply-cmvn  --utt2spk=ark:data/train_1k/split4/1/utt2spk scp:data/train_1k/split4/1/cmvn.scp scp:data/train_1k/split4/1/feats.scp ark:- | add-deltas  ark:- ark:- |" ark:- exp/mono0a/0.1.acc 
# Started at Wed Feb 13 13:10:27 EST 2019
#
gmm-acc-stats-ali --binary=true exp/mono0a/0.mdl 'ark,s,cs:apply-cmvn  --utt2spk=ark:data/train_1k/split4/1/utt2spk scp:data/train_1k/split4/1/cmvn.scp scp:data/train_1k/split4/1/feats.scp ark:- | add-deltas  ark:- ark:- |' ark:- exp/mono0a/0.1.acc 
align-equal-compiled 'ark:gunzip -c exp/mono0a/fsts.1.gz|' 'ark,s,cs:apply-cmvn  --utt2spk=ark:data/train_1k/split4/1/utt2spk scp:data/train_1k/split4/1/cmvn.scp scp:data/train_1k/split4/1/feats.scp ark:- | add-deltas  ark:- ark:- |' ark,t:- 
apply-cmvn --utt2spk=ark:data/train_1k/split4/1/utt2spk scp:data/train_1k/split4/1/cmvn.scp scp:data/train_1k/split4/1/feats.scp ark:- 
add-deltas ark:- ark:- 
add-deltas ark:- ark:- 
apply-cmvn --utt2spk=ark:data/train_1k/split4/1/utt2spk scp:data/train_1k/split4/1/cmvn.scp scp:data/train_1k/split4/1/feats.scp ark:- 
LOG (gmm-acc-stats-ali[5.5.195~1-6f565]:main():gmm-acc-stats-ali.cc:105) Processed 50 utterances; for utterance al_8685a avg. like is 6.64411 over 241 frames.
LOG (gmm-acc-stats-ali[5.5.195~1-6f565]:main():gmm-acc-stats-ali.cc:105) Processed 100 utterances; for utterance br_3o27469a avg. like is 8.22977 over 415 frames.
LOG (gmm-acc-stats-ali[5.5.195~1-6f565]:main():gmm-acc-stats-ali.cc:105) Processed 150 utterances; for utterance cl_o388a avg. like is 3.97211 over 172 frames.
LOG (apply-cmvn[5.5.195~1-6f565]:main():apply-cmvn.cc:162) Applied cepstral mean normalization to 250 utterances, errors on 0
LOG (align-equal-compiled[5.5.195~1-6f565]:main():align-equal-compiled.cc:107) Success: done 250 utterances.
LOG (gmm-acc-stats-ali[5.5.195~1-6f565]:main():gmm-acc-stats-ali.cc:105) Processed 200 utterances; for utterance dn_6a avg. like is 16.123 over 134 frames.
LOG (apply-cmvn[5.5.195~1-6f565]:main():apply-cmvn.cc:162) Applied cepstral mean normalization to 250 utterances, errors on 0
LOG (gmm-acc-stats-ali[5.5.195~1-6f565]:main():gmm-acc-stats-ali.cc:105) Processed 250 utterances; for utterance eh_zz556a avg. like is 10.3053 over 263 frames.
LOG (gmm-acc-stats-ali[5.5.195~1-6f565]:main():gmm-acc-stats-ali.cc:112) Done 250 files, 0 with errors.
LOG (gmm-acc-stats-ali[5.5.195~1-6f565]:main():gmm-acc-stats-ali.cc:115) Overall avg like per frame (Gaussian only) = 9.94955 over 42675 frames.
LOG (gmm-acc-stats-ali[5.5.195~1-6f565]:main():gmm-acc-stats-ali.cc:123) Written accs.
# Accounting: time=1 threads=1
# Ended (code 0) at Wed Feb 13 13:10:28 EST 2019, elapsed time 1 seconds
