# gmm-est --write-occs=exp/mono_t10/27.occs --mix-up=844 --power=0.25 exp/mono_t10/26.mdl "gmm-sum-accs - exp/mono_t10/26.*.acc|" exp/mono_t10/27.mdl 
# Started at Mon Feb 25 15:35:37 EST 2019
#
gmm-est --write-occs=exp/mono_t10/27.occs --mix-up=844 --power=0.25 exp/mono_t10/26.mdl 'gmm-sum-accs - exp/mono_t10/26.*.acc|' exp/mono_t10/27.mdl 
gmm-sum-accs - exp/mono_t10/26.1.acc exp/mono_t10/26.2.acc exp/mono_t10/26.3.acc exp/mono_t10/26.4.acc 
LOG (gmm-sum-accs[5.5.195~1-6f565]:main():gmm-sum-accs.cc:63) Summed 4 stats, total count 89468, avg like/frame -97.9248
LOG (gmm-sum-accs[5.5.195~1-6f565]:main():gmm-sum-accs.cc:66) Total count of stats is 89468
LOG (gmm-sum-accs[5.5.195~1-6f565]:main():gmm-sum-accs.cc:67) Written stats to -
LOG (gmm-est[5.5.195~1-6f565]:MleUpdate():transition-model.cc:528) TransitionModel::Update, objf change is 7.67135e-05 per frame over 89468 frames. 
LOG (gmm-est[5.5.195~1-6f565]:MleUpdate():transition-model.cc:531) 0 probabilities floored, 0 out of 144 transition-states skipped due to insuffient data (it is normal to have some skipped.)
LOG (gmm-est[5.5.195~1-6f565]:main():gmm-est.cc:102) Transition model update: Overall 7.67135e-05 log-like improvement per frame over 89468 frames.
WARNING (gmm-est[5.5.195~1-6f565]:MleDiagGmmUpdate():mle-diag-gmm.cc:359) Too little data - removing Gaussian (weight 0.119563, occupation count 9.684598, vector size 39)
LOG (gmm-est[5.5.195~1-6f565]:MleAmDiagGmmUpdate():mle-am-diag-gmm.cc:225) 0 variance elements floored in 0 Gaussians, out of 815
LOG (gmm-est[5.5.195~1-6f565]:MleAmDiagGmmUpdate():mle-am-diag-gmm.cc:229) Removed 1 Gaussians due to counts < --min-gaussian-occupancy=10 and --remove-low-count-gaussians=true
LOG (gmm-est[5.5.195~1-6f565]:main():gmm-est.cc:113) GMM update: Overall 0.0627133 objective function improvement per frame over 89468 frames
LOG (gmm-est[5.5.195~1-6f565]:main():gmm-est.cc:116) GMM update: Overall avg like per frame = -97.9248 over 89468 frames.
LOG (gmm-est[5.5.195~1-6f565]:SplitByCount():am-diag-gmm.cc:116) Split 144 states with target = 844, power = 0.25, perturb_factor = 0.01 and min_count = 20, split #Gauss from 815 to 845
LOG (gmm-est[5.5.195~1-6f565]:main():gmm-est.cc:146) Written model to exp/mono_t10/27.mdl
# Accounting: time=1 threads=1
# Ended (code 0) at Mon Feb 25 15:35:38 EST 2019, elapsed time 1 seconds
