# build-tree --verbose=1 --max-leaves=2500 --cluster-thresh=-1 exp/tri1/treeacc data/lang/phones/roots.int exp/tri1/questions.qst data/lang/topo exp/tri1/tree 
# Started at Sun Feb 24 18:13:12 EST 2019
#
build-tree --verbose=1 --max-leaves=2500 --cluster-thresh=-1 exp/tri1/treeacc data/lang/phones/roots.int exp/tri1/questions.qst data/lang/topo exp/tri1/tree 
LOG (build-tree[5.5.195~1-6f565]:main():build-tree.cc:104) Number of separate statistics is 27474
LOG (build-tree[5.5.195~1-6f565]:BuildTree():build-tree.cc:161) BuildTree: before building trees, map has 48 leaves.
LOG (build-tree[5.5.195~1-6f565]:SplitDecisionTree():build-tree-utils.cc:577) DoDecisionTreeSplit: split 1160 times, #leaves now 1208
LOG (build-tree[5.5.195~1-6f565]:BuildTree():build-tree.cc:187) Setting clustering threshold to smallest split 300.121
VLOG[1] (build-tree[5.5.195~1-6f565]:BuildTree():build-tree.cc:196) After decision tree split, num-leaves = 1208, like-impr = 5.16085 per frame over 303022 frames.
VLOG[1] (build-tree[5.5.195~1-6f565]:BuildTree():build-tree.cc:200) Including just phones that were split, improvement is 5.16085 per frame over 303022 frames.
LOG (build-tree[5.5.195~1-6f565]:BuildTree():build-tree.cc:215) BuildTree: removed 339 leaves.
VLOG[1] (build-tree[5.5.195~1-6f565]:ClusterEventMapToNClustersRestrictedByMap():build-tree-utils.cc:916) Number of non-empty clusters in map = 48
VLOG[1] (build-tree[5.5.195~1-6f565]:ClusterEventMapToNClustersRestrictedByMap():build-tree-utils.cc:917) Number of non-empty clusters = 869
LOG (build-tree[5.5.195~1-6f565]:BuildTree():build-tree.cc:231) BuildTree: Rounded num leaves to multiple of 8 by removing 5 leaves.
VLOG[1] (build-tree[5.5.195~1-6f565]:BuildTree():build-tree.cc:256) Objf change due to clustering -0.236194 per frame.
VLOG[1] (build-tree[5.5.195~1-6f565]:BuildTree():build-tree.cc:259) Normalizing over only split phones, this is: -0.236194 per frame.
VLOG[1] (build-tree[5.5.195~1-6f565]:BuildTree():build-tree.cc:262) Num-leaves is now 864
VLOG[1] (build-tree[5.5.195~1-6f565]:main():build-tree.cc:143) For pdf-id 3, low count 19
VLOG[1] (build-tree[5.5.195~1-6f565]:main():build-tree.cc:143) For pdf-id 4, low count 85
VLOG[1] (build-tree[5.5.195~1-6f565]:main():build-tree.cc:143) For pdf-id 5, low count 43
VLOG[1] (build-tree[5.5.195~1-6f565]:main():build-tree.cc:143) For pdf-id 8, low count 92
VLOG[1] (build-tree[5.5.195~1-6f565]:main():build-tree.cc:143) For pdf-id 16, low count 33
VLOG[1] (build-tree[5.5.195~1-6f565]:main():build-tree.cc:143) For pdf-id 17, low count 91
VLOG[1] (build-tree[5.5.195~1-6f565]:main():build-tree.cc:143) For pdf-id 21, low count 45
VLOG[1] (build-tree[5.5.195~1-6f565]:main():build-tree.cc:143) For pdf-id 32, low count 25
VLOG[1] (build-tree[5.5.195~1-6f565]:main():build-tree.cc:143) For pdf-id 34, low count 94
VLOG[1] (build-tree[5.5.195~1-6f565]:main():build-tree.cc:143) For pdf-id 40, low count 49
VLOG[1] (build-tree[5.5.195~1-6f565]:main():build-tree.cc:143) For pdf-id 41, low count 85
VLOG[1] (build-tree[5.5.195~1-6f565]:main():build-tree.cc:143) For pdf-id 58, low count 75
VLOG[1] (build-tree[5.5.195~1-6f565]:main():build-tree.cc:143) For pdf-id 67, low count 78
VLOG[1] (build-tree[5.5.195~1-6f565]:main():build-tree.cc:143) For pdf-id 75, low count 21
VLOG[1] (build-tree[5.5.195~1-6f565]:main():build-tree.cc:143) For pdf-id 78, low count 39
VLOG[1] (build-tree[5.5.195~1-6f565]:main():build-tree.cc:143) For pdf-id 80, low count 73
VLOG[1] (build-tree[5.5.195~1-6f565]:main():build-tree.cc:143) For pdf-id 92, low count 22
VLOG[1] (build-tree[5.5.195~1-6f565]:main():build-tree.cc:143) For pdf-id 101, low count 28
VLOG[1] (build-tree[5.5.195~1-6f565]:main():build-tree.cc:143) For pdf-id 104, low count 82
VLOG[1] (build-tree[5.5.195~1-6f565]:main():build-tree.cc:143) For pdf-id 107, low count 59
VLOG[1] (build-tree[5.5.195~1-6f565]:main():build-tree.cc:143) For pdf-id 114, low count 82
VLOG[1] (build-tree[5.5.195~1-6f565]:main():build-tree.cc:143) For pdf-id 120, low count 76
VLOG[1] (build-tree[5.5.195~1-6f565]:main():build-tree.cc:143) For pdf-id 122, low count 74
VLOG[1] (build-tree[5.5.195~1-6f565]:main():build-tree.cc:143) For pdf-id 127, low count 51
VLOG[1] (build-tree[5.5.195~1-6f565]:main():build-tree.cc:143) For pdf-id 133, low count 58
VLOG[1] (build-tree[5.5.195~1-6f565]:main():build-tree.cc:143) For pdf-id 137, low count 51
VLOG[1] (build-tree[5.5.195~1-6f565]:main():build-tree.cc:143) For pdf-id 142, low count 60
VLOG[1] (build-tree[5.5.195~1-6f565]:main():build-tree.cc:143) For pdf-id 143, low count 62
VLOG[1] (build-tree[5.5.195~1-6f565]:main():build-tree.cc:143) For pdf-id 147, low count 27
VLOG[1] (build-tree[5.5.195~1-6f565]:main():build-tree.cc:143) For pdf-id 154, low count 82
VLOG[1] (build-tree[5.5.195~1-6f565]:main():build-tree.cc:143) For pdf-id 165, low count 78
VLOG[1] (build-tree[5.5.195~1-6f565]:main():build-tree.cc:143) For pdf-id 168, low count 92
VLOG[1] (build-tree[5.5.195~1-6f565]:main():build-tree.cc:143) For pdf-id 171, low count 45
VLOG[1] (build-tree[5.5.195~1-6f565]:main():build-tree.cc:143) For pdf-id 182, low count 66
VLOG[1] (build-tree[5.5.195~1-6f565]:main():build-tree.cc:143) For pdf-id 185, low count 16
VLOG[1] (build-tree[5.5.195~1-6f565]:main():build-tree.cc:143) For pdf-id 194, low count 96
VLOG[1] (build-tree[5.5.195~1-6f565]:main():build-tree.cc:143) For pdf-id 203, low count 71
VLOG[1] (build-tree[5.5.195~1-6f565]:main():build-tree.cc:143) For pdf-id 205, low count 27
VLOG[1] (build-tree[5.5.195~1-6f565]:main():build-tree.cc:143) For pdf-id 207, low count 69
VLOG[1] (build-tree[5.5.195~1-6f565]:main():build-tree.cc:143) For pdf-id 210, low count 77
VLOG[1] (build-tree[5.5.195~1-6f565]:main():build-tree.cc:143) For pdf-id 213, low count 88
VLOG[1] (build-tree[5.5.195~1-6f565]:main():build-tree.cc:143) For pdf-id 217, low count 8
VLOG[1] (build-tree[5.5.195~1-6f565]:main():build-tree.cc:143) For pdf-id 219, low count 58
VLOG[1] (build-tree[5.5.195~1-6f565]:main():build-tree.cc:143) For pdf-id 227, low count 77
VLOG[1] (build-tree[5.5.195~1-6f565]:main():build-tree.cc:143) For pdf-id 234, low count 65
VLOG[1] (build-tree[5.5.195~1-6f565]:main():build-tree.cc:143) For pdf-id 235, low count 18
VLOG[1] (build-tree[5.5.195~1-6f565]:main():build-tree.cc:143) For pdf-id 238, low count 32
VLOG[1] (build-tree[5.5.195~1-6f565]:main():build-tree.cc:143) For pdf-id 248, low count 81
VLOG[1] (build-tree[5.5.195~1-6f565]:main():build-tree.cc:143) For pdf-id 250, low count 75
VLOG[1] (build-tree[5.5.195~1-6f565]:main():build-tree.cc:143) For pdf-id 257, low count 71
VLOG[1] (build-tree[5.5.195~1-6f565]:main():build-tree.cc:143) For pdf-id 262, low count 80
VLOG[1] (build-tree[5.5.195~1-6f565]:main():build-tree.cc:143) For pdf-id 270, low count 24
VLOG[1] (build-tree[5.5.195~1-6f565]:main():build-tree.cc:143) For pdf-id 274, low count 92
VLOG[1] (build-tree[5.5.195~1-6f565]:main():build-tree.cc:143) For pdf-id 276, low count 67
VLOG[1] (build-tree[5.5.195~1-6f565]:main():build-tree.cc:143) For pdf-id 278, low count 58
VLOG[1] (build-tree[5.5.195~1-6f565]:main():build-tree.cc:143) For pdf-id 279, low count 58
VLOG[1] (build-tree[5.5.195~1-6f565]:main():build-tree.cc:143) For pdf-id 281, low count 14
VLOG[1] (build-tree[5.5.195~1-6f565]:main():build-tree.cc:143) For pdf-id 291, low count 57
VLOG[1] (build-tree[5.5.195~1-6f565]:main():build-tree.cc:143) For pdf-id 292, low count 50
VLOG[1] (build-tree[5.5.195~1-6f565]:main():build-tree.cc:143) For pdf-id 299, low count 80
VLOG[1] (build-tree[5.5.195~1-6f565]:main():build-tree.cc:143) For pdf-id 343, low count 82
VLOG[1] (build-tree[5.5.195~1-6f565]:main():build-tree.cc:143) For pdf-id 349, low count 41
VLOG[1] (build-tree[5.5.195~1-6f565]:main():build-tree.cc:143) For pdf-id 352, low count 97
VLOG[1] (build-tree[5.5.195~1-6f565]:main():build-tree.cc:143) For pdf-id 362, low count 68
VLOG[1] (build-tree[5.5.195~1-6f565]:main():build-tree.cc:143) For pdf-id 363, low count 62
VLOG[1] (build-tree[5.5.195~1-6f565]:main():build-tree.cc:143) For pdf-id 366, low count 62
VLOG[1] (build-tree[5.5.195~1-6f565]:main():build-tree.cc:143) For pdf-id 369, low count 97
VLOG[1] (build-tree[5.5.195~1-6f565]:main():build-tree.cc:143) For pdf-id 371, low count 78
VLOG[1] (build-tree[5.5.195~1-6f565]:main():build-tree.cc:143) For pdf-id 372, low count 23
VLOG[1] (build-tree[5.5.195~1-6f565]:main():build-tree.cc:143) For pdf-id 377, low count 65
VLOG[1] (build-tree[5.5.195~1-6f565]:main():build-tree.cc:143) For pdf-id 379, low count 35
VLOG[1] (build-tree[5.5.195~1-6f565]:main():build-tree.cc:143) For pdf-id 398, low count 89
VLOG[1] (build-tree[5.5.195~1-6f565]:main():build-tree.cc:143) For pdf-id 401, low count 13
VLOG[1] (build-tree[5.5.195~1-6f565]:main():build-tree.cc:143) For pdf-id 405, low count 74
VLOG[1] (build-tree[5.5.195~1-6f565]:main():build-tree.cc:143) For pdf-id 409, low count 61
VLOG[1] (build-tree[5.5.195~1-6f565]:main():build-tree.cc:143) For pdf-id 413, low count 63
VLOG[1] (build-tree[5.5.195~1-6f565]:main():build-tree.cc:143) For pdf-id 424, low count 57
VLOG[1] (build-tree[5.5.195~1-6f565]:main():build-tree.cc:143) For pdf-id 429, low count 16
VLOG[1] (build-tree[5.5.195~1-6f565]:main():build-tree.cc:143) For pdf-id 431, low count 38
VLOG[1] (build-tree[5.5.195~1-6f565]:main():build-tree.cc:143) For pdf-id 435, low count 14
VLOG[1] (build-tree[5.5.195~1-6f565]:main():build-tree.cc:143) For pdf-id 447, low count 81
VLOG[1] (build-tree[5.5.195~1-6f565]:main():build-tree.cc:143) For pdf-id 448, low count 80
VLOG[1] (build-tree[5.5.195~1-6f565]:main():build-tree.cc:143) For pdf-id 451, low count 96
VLOG[1] (build-tree[5.5.195~1-6f565]:main():build-tree.cc:143) For pdf-id 456, low count 85
VLOG[1] (build-tree[5.5.195~1-6f565]:main():build-tree.cc:143) For pdf-id 468, low count 69
VLOG[1] (build-tree[5.5.195~1-6f565]:main():build-tree.cc:143) For pdf-id 469, low count 43
VLOG[1] (build-tree[5.5.195~1-6f565]:main():build-tree.cc:143) For pdf-id 472, low count 79
VLOG[1] (build-tree[5.5.195~1-6f565]:main():build-tree.cc:143) For pdf-id 483, low count 14
VLOG[1] (build-tree[5.5.195~1-6f565]:main():build-tree.cc:143) For pdf-id 488, low count 98
VLOG[1] (build-tree[5.5.195~1-6f565]:main():build-tree.cc:143) For pdf-id 491, low count 16
VLOG[1] (build-tree[5.5.195~1-6f565]:main():build-tree.cc:143) For pdf-id 497, low count 75
VLOG[1] (build-tree[5.5.195~1-6f565]:main():build-tree.cc:143) For pdf-id 503, low count 13
VLOG[1] (build-tree[5.5.195~1-6f565]:main():build-tree.cc:143) For pdf-id 504, low count 79
VLOG[1] (build-tree[5.5.195~1-6f565]:main():build-tree.cc:143) For pdf-id 510, low count 45
VLOG[1] (build-tree[5.5.195~1-6f565]:main():build-tree.cc:143) For pdf-id 518, low count 97
VLOG[1] (build-tree[5.5.195~1-6f565]:main():build-tree.cc:143) For pdf-id 521, low count 59
VLOG[1] (build-tree[5.5.195~1-6f565]:main():build-tree.cc:143) For pdf-id 542, low count 65
VLOG[1] (build-tree[5.5.195~1-6f565]:main():build-tree.cc:143) For pdf-id 554, low count 80
VLOG[1] (build-tree[5.5.195~1-6f565]:main():build-tree.cc:143) For pdf-id 574, low count 81
VLOG[1] (build-tree[5.5.195~1-6f565]:main():build-tree.cc:143) For pdf-id 578, low count 87
VLOG[1] (build-tree[5.5.195~1-6f565]:main():build-tree.cc:143) For pdf-id 582, low count 60
VLOG[1] (build-tree[5.5.195~1-6f565]:main():build-tree.cc:143) For pdf-id 586, low count 33
VLOG[1] (build-tree[5.5.195~1-6f565]:main():build-tree.cc:143) For pdf-id 587, low count 94
VLOG[1] (build-tree[5.5.195~1-6f565]:main():build-tree.cc:143) For pdf-id 589, low count 54
VLOG[1] (build-tree[5.5.195~1-6f565]:main():build-tree.cc:143) For pdf-id 599, low count 15
VLOG[1] (build-tree[5.5.195~1-6f565]:main():build-tree.cc:143) For pdf-id 600, low count 14
VLOG[1] (build-tree[5.5.195~1-6f565]:main():build-tree.cc:143) For pdf-id 610, low count 29
VLOG[1] (build-tree[5.5.195~1-6f565]:main():build-tree.cc:143) For pdf-id 642, low count 24
VLOG[1] (build-tree[5.5.195~1-6f565]:main():build-tree.cc:143) For pdf-id 671, low count 60
VLOG[1] (build-tree[5.5.195~1-6f565]:main():build-tree.cc:143) For pdf-id 672, low count 74
VLOG[1] (build-tree[5.5.195~1-6f565]:main():build-tree.cc:143) For pdf-id 677, low count 52
VLOG[1] (build-tree[5.5.195~1-6f565]:main():build-tree.cc:143) For pdf-id 694, low count 87
VLOG[1] (build-tree[5.5.195~1-6f565]:main():build-tree.cc:143) For pdf-id 708, low count 84
VLOG[1] (build-tree[5.5.195~1-6f565]:main():build-tree.cc:143) For pdf-id 710, low count 15
VLOG[1] (build-tree[5.5.195~1-6f565]:main():build-tree.cc:143) For pdf-id 716, low count 19
VLOG[1] (build-tree[5.5.195~1-6f565]:main():build-tree.cc:143) For pdf-id 748, low count 67
VLOG[1] (build-tree[5.5.195~1-6f565]:main():build-tree.cc:143) For pdf-id 779, low count 19
VLOG[1] (build-tree[5.5.195~1-6f565]:main():build-tree.cc:143) For pdf-id 784, low count 68
VLOG[1] (build-tree[5.5.195~1-6f565]:main():build-tree.cc:143) For pdf-id 785, low count 79
VLOG[1] (build-tree[5.5.195~1-6f565]:main():build-tree.cc:143) For pdf-id 790, low count 48
VLOG[1] (build-tree[5.5.195~1-6f565]:main():build-tree.cc:143) For pdf-id 796, low count 76
VLOG[1] (build-tree[5.5.195~1-6f565]:main():build-tree.cc:143) For pdf-id 797, low count 99
VLOG[1] (build-tree[5.5.195~1-6f565]:main():build-tree.cc:143) For pdf-id 799, low count 65
VLOG[1] (build-tree[5.5.195~1-6f565]:main():build-tree.cc:143) For pdf-id 806, low count 63
VLOG[1] (build-tree[5.5.195~1-6f565]:main():build-tree.cc:143) For pdf-id 812, low count 93
VLOG[1] (build-tree[5.5.195~1-6f565]:main():build-tree.cc:143) For pdf-id 817, low count 68
VLOG[1] (build-tree[5.5.195~1-6f565]:main():build-tree.cc:143) For pdf-id 829, low count 82
LOG (build-tree[5.5.195~1-6f565]:main():build-tree.cc:189) Wrote tree
# Accounting: time=2 threads=1
# Ended (code 0) at Sun Feb 24 18:13:14 EST 2019, elapsed time 2 seconds
