# gmm-init-model --write-occs=exp/tri1/1.occs exp/tri1/tree exp/tri1/treeacc data/lang/topo exp/tri1/1.mdl 
# Started at Sun Feb 24 18:13:14 EST 2019
#
gmm-init-model --write-occs=exp/tri1/1.occs exp/tri1/tree exp/tri1/treeacc data/lang/topo exp/tri1/1.mdl 
LOG (gmm-init-model[5.5.195~1-6f565]:main():gmm-init-model.cc:271) Number of separate statistics is 27474
WARNING (gmm-init-model[5.5.195~1-6f565]:InitAmGmm():gmm-init-model.cc:83) Very small count for state 3: 19; corresponding phone list: 4 
WARNING (gmm-init-model[5.5.195~1-6f565]:InitAmGmm():gmm-init-model.cc:83) Very small count for state 4: 85; corresponding phone list: 5 
WARNING (gmm-init-model[5.5.195~1-6f565]:InitAmGmm():gmm-init-model.cc:83) Very small count for state 5: 43; corresponding phone list: 6 
WARNING (gmm-init-model[5.5.195~1-6f565]:InitAmGmm():gmm-init-model.cc:83) Very small count for state 8: 92; corresponding phone list: 9 
WARNING (gmm-init-model[5.5.195~1-6f565]:InitAmGmm():gmm-init-model.cc:83) Very small count for state 16: 33; corresponding phone list: 17 
WARNING (gmm-init-model[5.5.195~1-6f565]:InitAmGmm():gmm-init-model.cc:83) Very small count for state 17: 91; corresponding phone list: 18 
WARNING (gmm-init-model[5.5.195~1-6f565]:InitAmGmm():gmm-init-model.cc:83) Very small count for state 21: 45; corresponding phone list: 22 
WARNING (gmm-init-model[5.5.195~1-6f565]:InitAmGmm():gmm-init-model.cc:83) Very small count for state 32: 25; corresponding phone list: 33 
WARNING (gmm-init-model[5.5.195~1-6f565]:InitAmGmm():gmm-init-model.cc:83) Very small count for state 34: 94; corresponding phone list: 35 
WARNING (gmm-init-model[5.5.195~1-6f565]:InitAmGmm():gmm-init-model.cc:83) Very small count for state 40: 49; corresponding phone list: 41 
WARNING (gmm-init-model[5.5.195~1-6f565]:InitAmGmm():gmm-init-model.cc:83) Very small count for state 41: 85; corresponding phone list: 42 
WARNING (gmm-init-model[5.5.195~1-6f565]:InitAmGmm():gmm-init-model.cc:83) Very small count for state 58: 75; corresponding phone list: 36 
WARNING (gmm-init-model[5.5.195~1-6f565]:InitAmGmm():gmm-init-model.cc:83) Very small count for state 67: 78; corresponding phone list: 15 
WARNING (gmm-init-model[5.5.195~1-6f565]:InitAmGmm():gmm-init-model.cc:83) Very small count for state 75: 21; corresponding phone list: 33 
WARNING (gmm-init-model[5.5.195~1-6f565]:InitAmGmm():gmm-init-model.cc:83) Very small count for state 78: 39; corresponding phone list: 3 
WARNING (gmm-init-model[5.5.195~1-6f565]:InitAmGmm():gmm-init-model.cc:83) Very small count for state 80: 73; corresponding phone list: 19 
WARNING (gmm-init-model[5.5.195~1-6f565]:InitAmGmm():gmm-init-model.cc:83) Very small count for state 92: 22; corresponding phone list: 29 
WARNING (gmm-init-model[5.5.195~1-6f565]:InitAmGmm():gmm-init-model.cc:83) Very small count for state 101: 28; corresponding phone list: 42 
WARNING (gmm-init-model[5.5.195~1-6f565]:InitAmGmm():gmm-init-model.cc:83) Very small count for state 104: 82; corresponding phone list: 36 
WARNING (gmm-init-model[5.5.195~1-6f565]:InitAmGmm():gmm-init-model.cc:83) Very small count for state 107: 59; corresponding phone list: 39 
WARNING (gmm-init-model[5.5.195~1-6f565]:InitAmGmm():gmm-init-model.cc:83) Very small count for state 114: 82; corresponding phone list: 27 
WARNING (gmm-init-model[5.5.195~1-6f565]:InitAmGmm():gmm-init-model.cc:83) Very small count for state 120: 76; corresponding phone list: 43 
WARNING (gmm-init-model[5.5.195~1-6f565]:InitAmGmm():gmm-init-model.cc:83) Very small count for state 122: 74; corresponding phone list: 12 
WARNING (gmm-init-model[5.5.195~1-6f565]:InitAmGmm():gmm-init-model.cc:83) Very small count for state 127: 51; corresponding phone list: 42 
WARNING (gmm-init-model[5.5.195~1-6f565]:InitAmGmm():gmm-init-model.cc:83) Very small count for state 133: 58; corresponding phone list: 9 
WARNING (gmm-init-model[5.5.195~1-6f565]:InitAmGmm():gmm-init-model.cc:83) Very small count for state 137: 51; corresponding phone list: 34 
WARNING (gmm-init-model[5.5.195~1-6f565]:InitAmGmm():gmm-init-model.cc:83) Very small count for state 142: 60; corresponding phone list: 2 
WARNING (gmm-init-model[5.5.195~1-6f565]:InitAmGmm():gmm-init-model.cc:83) Very small count for state 143: 62; corresponding phone list: 5 
WARNING (gmm-init-model[5.5.195~1-6f565]:InitAmGmm():gmm-init-model.cc:83) Very small count for state 147: 27; corresponding phone list: 29 
WARNING (gmm-init-model[5.5.195~1-6f565]:InitAmGmm():gmm-init-model.cc:83) Very small count for state 154: 82; corresponding phone list: 31 
WARNING (gmm-init-model[5.5.195~1-6f565]:InitAmGmm():gmm-init-model.cc:83) Very small count for state 165: 78; corresponding phone list: 26 
WARNING (gmm-init-model[5.5.195~1-6f565]:InitAmGmm():gmm-init-model.cc:83) Very small count for state 168: 92; corresponding phone list: 32 
WARNING (gmm-init-model[5.5.195~1-6f565]:InitAmGmm():gmm-init-model.cc:83) Very small count for state 171: 45; corresponding phone list: 19 
WARNING (gmm-init-model[5.5.195~1-6f565]:InitAmGmm():gmm-init-model.cc:83) Very small count for state 182: 66; corresponding phone list: 19 
WARNING (gmm-init-model[5.5.195~1-6f565]:InitAmGmm():gmm-init-model.cc:83) Very small count for state 185: 16; corresponding phone list: 15 
WARNING (gmm-init-model[5.5.195~1-6f565]:InitAmGmm():gmm-init-model.cc:83) Very small count for state 194: 96; corresponding phone list: 9 
WARNING (gmm-init-model[5.5.195~1-6f565]:InitAmGmm():gmm-init-model.cc:83) Very small count for state 203: 71; corresponding phone list: 44 
WARNING (gmm-init-model[5.5.195~1-6f565]:InitAmGmm():gmm-init-model.cc:83) Very small count for state 205: 27; corresponding phone list: 5 
WARNING (gmm-init-model[5.5.195~1-6f565]:InitAmGmm():gmm-init-model.cc:83) Very small count for state 207: 69; corresponding phone list: 30 
WARNING (gmm-init-model[5.5.195~1-6f565]:InitAmGmm():gmm-init-model.cc:83) Very small count for state 210: 77; corresponding phone list: 2 
WARNING (gmm-init-model[5.5.195~1-6f565]:InitAmGmm():gmm-init-model.cc:83) Very small count for state 213: 88; corresponding phone list: 30 
WARNING (gmm-init-model[5.5.195~1-6f565]:InitAmGmm():gmm-init-model.cc:83) Very small count for state 217: 8; corresponding phone list: 17 
WARNING (gmm-init-model[5.5.195~1-6f565]:InitAmGmm():gmm-init-model.cc:83) Very small count for state 219: 58; corresponding phone list: 26 
WARNING (gmm-init-model[5.5.195~1-6f565]:InitAmGmm():gmm-init-model.cc:83) Very small count for state 227: 77; corresponding phone list: 20 
WARNING (gmm-init-model[5.5.195~1-6f565]:InitAmGmm():gmm-init-model.cc:83) Very small count for state 234: 65; corresponding phone list: 14 
WARNING (gmm-init-model[5.5.195~1-6f565]:InitAmGmm():gmm-init-model.cc:83) Very small count for state 235: 18; corresponding phone list: 4 
WARNING (gmm-init-model[5.5.195~1-6f565]:InitAmGmm():gmm-init-model.cc:83) Very small count for state 238: 32; corresponding phone list: 3 
WARNING (gmm-init-model[5.5.195~1-6f565]:InitAmGmm():gmm-init-model.cc:83) Very small count for state 248: 81; corresponding phone list: 41 
WARNING (gmm-init-model[5.5.195~1-6f565]:InitAmGmm():gmm-init-model.cc:83) Very small count for state 250: 75; corresponding phone list: 36 
WARNING (gmm-init-model[5.5.195~1-6f565]:InitAmGmm():gmm-init-model.cc:83) Very small count for state 257: 71; corresponding phone list: 42 
WARNING (gmm-init-model[5.5.195~1-6f565]:InitAmGmm():gmm-init-model.cc:83) Very small count for state 262: 80; corresponding phone list: 26 
WARNING (gmm-init-model[5.5.195~1-6f565]:InitAmGmm():gmm-init-model.cc:83) Very small count for state 270: 24; corresponding phone list: 20 
WARNING (gmm-init-model[5.5.195~1-6f565]:InitAmGmm():gmm-init-model.cc:83) Very small count for state 274: 92; corresponding phone list: 42 
WARNING (gmm-init-model[5.5.195~1-6f565]:InitAmGmm():gmm-init-model.cc:83) Very small count for state 276: 67; corresponding phone list: 36 
WARNING (gmm-init-model[5.5.195~1-6f565]:InitAmGmm():gmm-init-model.cc:83) Very small count for state 278: 58; corresponding phone list: 45 
WARNING (gmm-init-model[5.5.195~1-6f565]:InitAmGmm():gmm-init-model.cc:83) Very small count for state 279: 58; corresponding phone list: 13 
WARNING (gmm-init-model[5.5.195~1-6f565]:InitAmGmm():gmm-init-model.cc:83) Very small count for state 281: 14; corresponding phone list: 2 
WARNING (gmm-init-model[5.5.195~1-6f565]:InitAmGmm():gmm-init-model.cc:83) Very small count for state 291: 57; corresponding phone list: 6 
WARNING (gmm-init-model[5.5.195~1-6f565]:InitAmGmm():gmm-init-model.cc:83) Very small count for state 292: 50; corresponding phone list: 46 
WARNING (gmm-init-model[5.5.195~1-6f565]:InitAmGmm():gmm-init-model.cc:83) Very small count for state 299: 80; corresponding phone list: 19 
WARNING (gmm-init-model[5.5.195~1-6f565]:InitAmGmm():gmm-init-model.cc:83) Very small count for state 343: 82; corresponding phone list: 20 
WARNING (gmm-init-model[5.5.195~1-6f565]:InitAmGmm():gmm-init-model.cc:83) Very small count for state 349: 41; corresponding phone list: 26 
WARNING (gmm-init-model[5.5.195~1-6f565]:InitAmGmm():gmm-init-model.cc:83) Very small count for state 352: 97; corresponding phone list: 28 
WARNING (gmm-init-model[5.5.195~1-6f565]:InitAmGmm():gmm-init-model.cc:83) Very small count for state 362: 68; corresponding phone list: 20 
WARNING (gmm-init-model[5.5.195~1-6f565]:InitAmGmm():gmm-init-model.cc:83) Very small count for state 363: 62; corresponding phone list: 45 
WARNING (gmm-init-model[5.5.195~1-6f565]:InitAmGmm():gmm-init-model.cc:83) Very small count for state 366: 62; corresponding phone list: 26 
WARNING (gmm-init-model[5.5.195~1-6f565]:InitAmGmm():gmm-init-model.cc:83) Very small count for state 369: 97; corresponding phone list: 18 
WARNING (gmm-init-model[5.5.195~1-6f565]:InitAmGmm():gmm-init-model.cc:83) Very small count for state 371: 78; corresponding phone list: 42 
WARNING (gmm-init-model[5.5.195~1-6f565]:InitAmGmm():gmm-init-model.cc:83) Very small count for state 372: 23; corresponding phone list: 31 
WARNING (gmm-init-model[5.5.195~1-6f565]:InitAmGmm():gmm-init-model.cc:83) Very small count for state 377: 65; corresponding phone list: 19 
WARNING (gmm-init-model[5.5.195~1-6f565]:InitAmGmm():gmm-init-model.cc:83) Very small count for state 379: 35; corresponding phone list: 20 
WARNING (gmm-init-model[5.5.195~1-6f565]:InitAmGmm():gmm-init-model.cc:83) Very small count for state 398: 89; corresponding phone list: 27 
WARNING (gmm-init-model[5.5.195~1-6f565]:InitAmGmm():gmm-init-model.cc:83) Very small count for state 401: 13; corresponding phone list: 8 
WARNING (gmm-init-model[5.5.195~1-6f565]:InitAmGmm():gmm-init-model.cc:83) Very small count for state 405: 74; corresponding phone list: 30 
WARNING (gmm-init-model[5.5.195~1-6f565]:InitAmGmm():gmm-init-model.cc:83) Very small count for state 409: 61; corresponding phone list: 22 
WARNING (gmm-init-model[5.5.195~1-6f565]:InitAmGmm():gmm-init-model.cc:83) Very small count for state 413: 63; corresponding phone list: 9 
WARNING (gmm-init-model[5.5.195~1-6f565]:InitAmGmm():gmm-init-model.cc:83) Very small count for state 424: 57; corresponding phone list: 3 
WARNING (gmm-init-model[5.5.195~1-6f565]:InitAmGmm():gmm-init-model.cc:83) Very small count for state 429: 16; corresponding phone list: 5 
WARNING (gmm-init-model[5.5.195~1-6f565]:InitAmGmm():gmm-init-model.cc:83) Very small count for state 431: 38; corresponding phone list: 24 
WARNING (gmm-init-model[5.5.195~1-6f565]:InitAmGmm():gmm-init-model.cc:83) Very small count for state 435: 14; corresponding phone list: 4 
WARNING (gmm-init-model[5.5.195~1-6f565]:InitAmGmm():gmm-init-model.cc:83) Very small count for state 447: 81; corresponding phone list: 42 
WARNING (gmm-init-model[5.5.195~1-6f565]:InitAmGmm():gmm-init-model.cc:83) Very small count for state 448: 80; corresponding phone list: 13 
WARNING (gmm-init-model[5.5.195~1-6f565]:InitAmGmm():gmm-init-model.cc:83) Very small count for state 451: 96; corresponding phone list: 21 
WARNING (gmm-init-model[5.5.195~1-6f565]:InitAmGmm():gmm-init-model.cc:83) Very small count for state 456: 85; corresponding phone list: 33 
WARNING (gmm-init-model[5.5.195~1-6f565]:InitAmGmm():gmm-init-model.cc:83) Very small count for state 468: 69; corresponding phone list: 33 
WARNING (gmm-init-model[5.5.195~1-6f565]:InitAmGmm():gmm-init-model.cc:83) Very small count for state 469: 43; corresponding phone list: 24 
WARNING (gmm-init-model[5.5.195~1-6f565]:InitAmGmm():gmm-init-model.cc:83) Very small count for state 472: 79; corresponding phone list: 8 
WARNING (gmm-init-model[5.5.195~1-6f565]:InitAmGmm():gmm-init-model.cc:83) Very small count for state 483: 14; corresponding phone list: 8 
WARNING (gmm-init-model[5.5.195~1-6f565]:InitAmGmm():gmm-init-model.cc:83) Very small count for state 488: 98; corresponding phone list: 23 
WARNING (gmm-init-model[5.5.195~1-6f565]:InitAmGmm():gmm-init-model.cc:83) Very small count for state 491: 16; corresponding phone list: 42 
WARNING (gmm-init-model[5.5.195~1-6f565]:InitAmGmm():gmm-init-model.cc:83) Very small count for state 497: 75; corresponding phone list: 26 
WARNING (gmm-init-model[5.5.195~1-6f565]:InitAmGmm():gmm-init-model.cc:83) Very small count for state 503: 13; corresponding phone list: 15 
WARNING (gmm-init-model[5.5.195~1-6f565]:InitAmGmm():gmm-init-model.cc:83) Very small count for state 504: 79; corresponding phone list: 41 
WARNING (gmm-init-model[5.5.195~1-6f565]:InitAmGmm():gmm-init-model.cc:83) Very small count for state 510: 45; corresponding phone list: 4 
WARNING (gmm-init-model[5.5.195~1-6f565]:InitAmGmm():gmm-init-model.cc:83) Very small count for state 518: 97; corresponding phone list: 5 
WARNING (gmm-init-model[5.5.195~1-6f565]:InitAmGmm():gmm-init-model.cc:83) Very small count for state 521: 59; corresponding phone list: 11 
WARNING (gmm-init-model[5.5.195~1-6f565]:InitAmGmm():gmm-init-model.cc:83) Very small count for state 542: 65; corresponding phone list: 3 
WARNING (gmm-init-model[5.5.195~1-6f565]:InitAmGmm():gmm-init-model.cc:83) Very small count for state 554: 80; corresponding phone list: 9 
WARNING (gmm-init-model[5.5.195~1-6f565]:InitAmGmm():gmm-init-model.cc:83) Very small count for state 574: 81; corresponding phone list: 43 
WARNING (gmm-init-model[5.5.195~1-6f565]:InitAmGmm():gmm-init-model.cc:83) Very small count for state 578: 87; corresponding phone list: 42 
WARNING (gmm-init-model[5.5.195~1-6f565]:InitAmGmm():gmm-init-model.cc:83) Very small count for state 582: 60; corresponding phone list: 4 
WARNING (gmm-init-model[5.5.195~1-6f565]:InitAmGmm():gmm-init-model.cc:83) Very small count for state 586: 33; corresponding phone list: 42 
WARNING (gmm-init-model[5.5.195~1-6f565]:InitAmGmm():gmm-init-model.cc:83) Very small count for state 587: 94; corresponding phone list: 3 
WARNING (gmm-init-model[5.5.195~1-6f565]:InitAmGmm():gmm-init-model.cc:83) Very small count for state 589: 54; corresponding phone list: 26 
WARNING (gmm-init-model[5.5.195~1-6f565]:InitAmGmm():gmm-init-model.cc:83) Very small count for state 599: 15; corresponding phone list: 6 
WARNING (gmm-init-model[5.5.195~1-6f565]:InitAmGmm():gmm-init-model.cc:83) Very small count for state 600: 14; corresponding phone list: 2 
WARNING (gmm-init-model[5.5.195~1-6f565]:InitAmGmm():gmm-init-model.cc:83) Very small count for state 610: 29; corresponding phone list: 26 
WARNING (gmm-init-model[5.5.195~1-6f565]:InitAmGmm():gmm-init-model.cc:83) Very small count for state 642: 24; corresponding phone list: 26 
WARNING (gmm-init-model[5.5.195~1-6f565]:InitAmGmm():gmm-init-model.cc:83) Very small count for state 671: 60; corresponding phone list: 8 
WARNING (gmm-init-model[5.5.195~1-6f565]:InitAmGmm():gmm-init-model.cc:83) Very small count for state 672: 74; corresponding phone list: 19 
WARNING (gmm-init-model[5.5.195~1-6f565]:InitAmGmm():gmm-init-model.cc:83) Very small count for state 677: 52; corresponding phone list: 7 
WARNING (gmm-init-model[5.5.195~1-6f565]:InitAmGmm():gmm-init-model.cc:83) Very small count for state 694: 87; corresponding phone list: 19 
WARNING (gmm-init-model[5.5.195~1-6f565]:InitAmGmm():gmm-init-model.cc:83) Very small count for state 708: 84; corresponding phone list: 23 
WARNING (gmm-init-model[5.5.195~1-6f565]:InitAmGmm():gmm-init-model.cc:83) Very small count for state 710: 15; corresponding phone list: 19 
WARNING (gmm-init-model[5.5.195~1-6f565]:InitAmGmm():gmm-init-model.cc:83) Very small count for state 716: 19; corresponding phone list: 2 
WARNING (gmm-init-model[5.5.195~1-6f565]:InitAmGmm():gmm-init-model.cc:83) Very small count for state 748: 67; corresponding phone list: 41 
WARNING (gmm-init-model[5.5.195~1-6f565]:InitAmGmm():gmm-init-model.cc:83) Very small count for state 779: 19; corresponding phone list: 42 
WARNING (gmm-init-model[5.5.195~1-6f565]:InitAmGmm():gmm-init-model.cc:83) Very small count for state 784: 68; corresponding phone list: 8 
WARNING (gmm-init-model[5.5.195~1-6f565]:InitAmGmm():gmm-init-model.cc:83) Very small count for state 785: 79; corresponding phone list: 26 
WARNING (gmm-init-model[5.5.195~1-6f565]:InitAmGmm():gmm-init-model.cc:83) Very small count for state 790: 48; corresponding phone list: 20 
WARNING (gmm-init-model[5.5.195~1-6f565]:InitAmGmm():gmm-init-model.cc:83) Very small count for state 796: 76; corresponding phone list: 3 
WARNING (gmm-init-model[5.5.195~1-6f565]:InitAmGmm():gmm-init-model.cc:83) Very small count for state 797: 99; corresponding phone list: 33 
WARNING (gmm-init-model[5.5.195~1-6f565]:InitAmGmm():gmm-init-model.cc:83) Very small count for state 799: 65; corresponding phone list: 8 
WARNING (gmm-init-model[5.5.195~1-6f565]:InitAmGmm():gmm-init-model.cc:83) Very small count for state 806: 63; corresponding phone list: 6 
WARNING (gmm-init-model[5.5.195~1-6f565]:InitAmGmm():gmm-init-model.cc:83) Very small count for state 812: 93; corresponding phone list: 42 
WARNING (gmm-init-model[5.5.195~1-6f565]:InitAmGmm():gmm-init-model.cc:83) Very small count for state 817: 68; corresponding phone list: 23 
WARNING (gmm-init-model[5.5.195~1-6f565]:InitAmGmm():gmm-init-model.cc:83) Very small count for state 829: 82; corresponding phone list: 2 
LOG (gmm-init-model[5.5.195~1-6f565]:main():gmm-init-model.cc:306) Wrote model.
# Accounting: time=0 threads=1
# Ended (code 0) at Sun Feb 24 18:13:14 EST 2019, elapsed time 0 seconds
