# gmm-est --mix-up=15000 --power=0.25 --write-occs=exp/tri1/27.occs exp/tri1/26.mdl "gmm-sum-accs - exp/tri1/26.*.acc |" exp/tri1/27.mdl 
# Started at Sun Feb 24 18:14:10 EST 2019
#
gmm-est --mix-up=15000 --power=0.25 --write-occs=exp/tri1/27.occs exp/tri1/26.mdl 'gmm-sum-accs - exp/tri1/26.*.acc |' exp/tri1/27.mdl 
gmm-sum-accs - exp/tri1/26.1.acc exp/tri1/26.2.acc exp/tri1/26.3.acc exp/tri1/26.4.acc 
LOG (gmm-sum-accs[5.5.195~1-6f565]:main():gmm-sum-accs.cc:63) Summed 4 stats, total count 303022, avg like/frame -92.3968
LOG (gmm-sum-accs[5.5.195~1-6f565]:main():gmm-sum-accs.cc:66) Total count of stats is 303022
LOG (gmm-sum-accs[5.5.195~1-6f565]:main():gmm-sum-accs.cc:67) Written stats to -
LOG (gmm-est[5.5.195~1-6f565]:MleUpdate():transition-model.cc:528) TransitionModel::Update, objf change is -1.908e-11 per frame over 303022 frames. 
LOG (gmm-est[5.5.195~1-6f565]:MleUpdate():transition-model.cc:531) 22 probabilities floored, 1 out of 899 transition-states skipped due to insuffient data (it is normal to have some skipped.)
LOG (gmm-est[5.5.195~1-6f565]:main():gmm-est.cc:102) Transition model update: Overall -1.908e-11 log-like improvement per frame over 303022 frames.
WARNING (gmm-est[5.5.195~1-6f565]:MleDiagGmmUpdate():mle-diag-gmm.cc:359) Too little data - removing Gaussian (weight 0.010417, occupation count 9.573400, vector size 39)
WARNING (gmm-est[5.5.195~1-6f565]:MleDiagGmmUpdate():mle-diag-gmm.cc:359) Too little data - removing Gaussian (weight 0.010511, occupation count 9.228927, vector size 39)
WARNING (gmm-est[5.5.195~1-6f565]:MleDiagGmmUpdate():mle-diag-gmm.cc:359) Too little data - removing Gaussian (weight 0.087265, occupation count 9.948241, vector size 39)
WARNING (gmm-est[5.5.195~1-6f565]:MleDiagGmmUpdate():mle-diag-gmm.cc:359) Too little data - removing Gaussian (weight 0.010173, occupation count 9.420094, vector size 39)
WARNING (gmm-est[5.5.195~1-6f565]:MleDiagGmmUpdate():mle-diag-gmm.cc:365) Gaussian has too little data but not removing it because it is the last Gaussian: i = 0, occ = 8, weight = 1
WARNING (gmm-est[5.5.195~1-6f565]:MleDiagGmmUpdate():mle-diag-gmm.cc:359) Too little data - removing Gaussian (weight 0.019486, occupation count 9.996443, vector size 39)
WARNING (gmm-est[5.5.195~1-6f565]:MleDiagGmmUpdate():mle-diag-gmm.cc:359) Too little data - removing Gaussian (weight 0.033105, occupation count 9.997851, vector size 39)
WARNING (gmm-est[5.5.195~1-6f565]:MleDiagGmmUpdate():mle-diag-gmm.cc:359) Too little data - removing Gaussian (weight 0.036743, occupation count 8.965178, vector size 39)
WARNING (gmm-est[5.5.195~1-6f565]:MleDiagGmmUpdate():mle-diag-gmm.cc:359) Too little data - removing Gaussian (weight 0.013218, occupation count 9.794824, vector size 39)
WARNING (gmm-est[5.5.195~1-6f565]:MleDiagGmmUpdate():mle-diag-gmm.cc:359) Too little data - removing Gaussian (weight 0.016316, occupation count 9.773214, vector size 39)
WARNING (gmm-est[5.5.195~1-6f565]:MleDiagGmmUpdate():mle-diag-gmm.cc:359) Too little data - removing Gaussian (weight 0.021230, occupation count 9.978144, vector size 39)
WARNING (gmm-est[5.5.195~1-6f565]:MleDiagGmmUpdate():mle-diag-gmm.cc:359) Too little data - removing Gaussian (weight 0.007554, occupation count 9.147653, vector size 39)
WARNING (gmm-est[5.5.195~1-6f565]:MleDiagGmmUpdate():mle-diag-gmm.cc:359) Too little data - removing Gaussian (weight 0.117647, occupation count 9.999998, vector size 39)
WARNING (gmm-est[5.5.195~1-6f565]:MleDiagGmmUpdate():mle-diag-gmm.cc:359) Too little data - removing Gaussian (weight 0.025477, occupation count 9.986809, vector size 39)
WARNING (gmm-est[5.5.195~1-6f565]:MleDiagGmmUpdate():mle-diag-gmm.cc:359) Too little data - removing Gaussian (weight 0.007415, occupation count 9.572515, vector size 39)
WARNING (gmm-est[5.5.195~1-6f565]:MleDiagGmmUpdate():mle-diag-gmm.cc:359) Too little data - removing Gaussian (weight 0.024131, occupation count 9.942102, vector size 39)
WARNING (gmm-est[5.5.195~1-6f565]:MleDiagGmmUpdate():mle-diag-gmm.cc:359) Too little data - removing Gaussian (weight 0.024267, occupation count 9.997865, vector size 39)
WARNING (gmm-est[5.5.195~1-6f565]:MleDiagGmmUpdate():mle-diag-gmm.cc:359) Too little data - removing Gaussian (weight 0.025473, occupation count 9.959944, vector size 39)
WARNING (gmm-est[5.5.195~1-6f565]:MleDiagGmmUpdate():mle-diag-gmm.cc:359) Too little data - removing Gaussian (weight 0.010763, occupation count 8.955013, vector size 39)
WARNING (gmm-est[5.5.195~1-6f565]:MleDiagGmmUpdate():mle-diag-gmm.cc:359) Too little data - removing Gaussian (weight 0.008512, occupation count 9.508034, vector size 39)
WARNING (gmm-est[5.5.195~1-6f565]:MleDiagGmmUpdate():mle-diag-gmm.cc:359) Too little data - removing Gaussian (weight 0.016556, occupation count 9.999949, vector size 39)
WARNING (gmm-est[5.5.195~1-6f565]:MleDiagGmmUpdate():mle-diag-gmm.cc:359) Too little data - removing Gaussian (weight 0.010942, occupation count 8.469389, vector size 39)
WARNING (gmm-est[5.5.195~1-6f565]:MleDiagGmmUpdate():mle-diag-gmm.cc:359) Too little data - removing Gaussian (weight 0.007764, occupation count 9.588307, vector size 39)
WARNING (gmm-est[5.5.195~1-6f565]:MleDiagGmmUpdate():mle-diag-gmm.cc:359) Too little data - removing Gaussian (weight 0.023456, occupation count 9.992196, vector size 39)
WARNING (gmm-est[5.5.195~1-6f565]:MleDiagGmmUpdate():mle-diag-gmm.cc:359) Too little data - removing Gaussian (weight 0.011237, occupation count 8.787544, vector size 39)
LOG (gmm-est[5.5.195~1-6f565]:MleAmDiagGmmUpdate():mle-am-diag-gmm.cc:225) 0 variance elements floored in 0 Gaussians, out of 14504
LOG (gmm-est[5.5.195~1-6f565]:MleAmDiagGmmUpdate():mle-am-diag-gmm.cc:229) Removed 24 Gaussians due to counts < --min-gaussian-occupancy=10 and --remove-low-count-gaussians=true
LOG (gmm-est[5.5.195~1-6f565]:main():gmm-est.cc:113) GMM update: Overall 0.0675235 objective function improvement per frame over 303022 frames
LOG (gmm-est[5.5.195~1-6f565]:main():gmm-est.cc:116) GMM update: Overall avg like per frame = -92.3968 over 303022 frames.
WARNING (gmm-est[5.5.195~1-6f565]:GetSplitTargets():model-common.cc:134) Could not split up to 15000 due to min-count = 20 (or no counts at all)
LOG (gmm-est[5.5.195~1-6f565]:SplitByCount():am-diag-gmm.cc:116) Split 864 states with target = 15000, power = 0.25, perturb_factor = 0.01 and min_count = 20, split #Gauss from 14504 to 14741
LOG (gmm-est[5.5.195~1-6f565]:main():gmm-est.cc:146) Written model to exp/tri1/27.mdl
# Accounting: time=0 threads=1
# Ended (code 0) at Sun Feb 24 18:14:10 EST 2019, elapsed time 0 seconds
