# gmm-est --mix-up=15000 --power=0.25 --write-occs=exp/tri1/35.occs exp/tri1/34.mdl "gmm-sum-accs - exp/tri1/34.*.acc |" exp/tri1/35.mdl 
# Started at Sun Feb 24 18:14:52 EST 2019
#
gmm-est --mix-up=15000 --power=0.25 --write-occs=exp/tri1/35.occs exp/tri1/34.mdl 'gmm-sum-accs - exp/tri1/34.*.acc |' exp/tri1/35.mdl 
gmm-sum-accs - exp/tri1/34.1.acc exp/tri1/34.2.acc exp/tri1/34.3.acc exp/tri1/34.4.acc 
LOG (gmm-sum-accs[5.5.195~1-6f565]:main():gmm-sum-accs.cc:63) Summed 4 stats, total count 303022, avg like/frame -91.6268
LOG (gmm-sum-accs[5.5.195~1-6f565]:main():gmm-sum-accs.cc:66) Total count of stats is 303022
LOG (gmm-sum-accs[5.5.195~1-6f565]:main():gmm-sum-accs.cc:67) Written stats to -
LOG (gmm-est[5.5.195~1-6f565]:MleUpdate():transition-model.cc:528) TransitionModel::Update, objf change is -1.908e-11 per frame over 303022 frames. 
LOG (gmm-est[5.5.195~1-6f565]:MleUpdate():transition-model.cc:531) 22 probabilities floored, 1 out of 899 transition-states skipped due to insuffient data (it is normal to have some skipped.)
LOG (gmm-est[5.5.195~1-6f565]:main():gmm-est.cc:102) Transition model update: Overall -1.908e-11 log-like improvement per frame over 303022 frames.
WARNING (gmm-est[5.5.195~1-6f565]:MleDiagGmmUpdate():mle-diag-gmm.cc:359) Too little data - removing Gaussian (weight 0.000690, occupation count 9.954880, vector size 39)
WARNING (gmm-est[5.5.195~1-6f565]:MleDiagGmmUpdate():mle-diag-gmm.cc:359) Too little data - removing Gaussian (weight 0.000692, occupation count 9.986856, vector size 39)
WARNING (gmm-est[5.5.195~1-6f565]:MleDiagGmmUpdate():mle-diag-gmm.cc:359) Too little data - removing Gaussian (weight 0.000692, occupation count 9.976638, vector size 39)
WARNING (gmm-est[5.5.195~1-6f565]:MleDiagGmmUpdate():mle-diag-gmm.cc:359) Too little data - removing Gaussian (weight 0.000653, occupation count 9.423618, vector size 39)
WARNING (gmm-est[5.5.195~1-6f565]:MleDiagGmmUpdate():mle-diag-gmm.cc:359) Too little data - removing Gaussian (weight 0.036566, occupation count 8.081171, vector size 39)
WARNING (gmm-est[5.5.195~1-6f565]:MleDiagGmmUpdate():mle-diag-gmm.cc:359) Too little data - removing Gaussian (weight 0.000581, occupation count 9.876639, vector size 39)
WARNING (gmm-est[5.5.195~1-6f565]:MleDiagGmmUpdate():mle-diag-gmm.cc:365) Gaussian has too little data but not removing it because it is the last Gaussian: i = 0, occ = 8, weight = 1
WARNING (gmm-est[5.5.195~1-6f565]:MleDiagGmmUpdate():mle-diag-gmm.cc:359) Too little data - removing Gaussian (weight 0.016265, occupation count 9.986521, vector size 39)
WARNING (gmm-est[5.5.195~1-6f565]:MleDiagGmmUpdate():mle-diag-gmm.cc:359) Too little data - removing Gaussian (weight 0.039043, occupation count 9.994970, vector size 39)
LOG (gmm-est[5.5.195~1-6f565]:MleAmDiagGmmUpdate():mle-am-diag-gmm.cc:225) 0 variance elements floored in 0 Gaussians, out of 14766
LOG (gmm-est[5.5.195~1-6f565]:MleAmDiagGmmUpdate():mle-am-diag-gmm.cc:229) Removed 8 Gaussians due to counts < --min-gaussian-occupancy=10 and --remove-low-count-gaussians=true
LOG (gmm-est[5.5.195~1-6f565]:main():gmm-est.cc:113) GMM update: Overall 0.0154666 objective function improvement per frame over 303022 frames
LOG (gmm-est[5.5.195~1-6f565]:main():gmm-est.cc:116) GMM update: Overall avg like per frame = -91.6268 over 303022 frames.
WARNING (gmm-est[5.5.195~1-6f565]:GetSplitTargets():model-common.cc:134) Could not split up to 15000 due to min-count = 20 (or no counts at all)
LOG (gmm-est[5.5.195~1-6f565]:SplitByCount():am-diag-gmm.cc:116) Split 864 states with target = 15000, power = 0.25, perturb_factor = 0.01 and min_count = 20, split #Gauss from 14766 to 14774
LOG (gmm-est[5.5.195~1-6f565]:main():gmm-est.cc:146) Written model to exp/tri1/35.mdl
# Accounting: time=0 threads=1
# Ended (code 0) at Sun Feb 24 18:14:52 EST 2019, elapsed time 0 seconds
