# gmm-est --mix-up=14000 --power=0.25 --write-occs=exp/tri1/25.occs exp/tri1/24.mdl "gmm-sum-accs - exp/tri1/24.*.acc |" exp/tri1/25.mdl 
# Started at Sun Feb 24 18:14:03 EST 2019
#
gmm-est --mix-up=14000 --power=0.25 --write-occs=exp/tri1/25.occs exp/tri1/24.mdl 'gmm-sum-accs - exp/tri1/24.*.acc |' exp/tri1/25.mdl 
gmm-sum-accs - exp/tri1/24.1.acc exp/tri1/24.2.acc exp/tri1/24.3.acc exp/tri1/24.4.acc 
LOG (gmm-sum-accs[5.5.195~1-6f565]:main():gmm-sum-accs.cc:63) Summed 4 stats, total count 303022, avg like/frame -92.6937
LOG (gmm-sum-accs[5.5.195~1-6f565]:main():gmm-sum-accs.cc:66) Total count of stats is 303022
LOG (gmm-sum-accs[5.5.195~1-6f565]:main():gmm-sum-accs.cc:67) Written stats to -
LOG (gmm-est[5.5.195~1-6f565]:MleUpdate():transition-model.cc:528) TransitionModel::Update, objf change is -1.908e-11 per frame over 303022 frames. 
LOG (gmm-est[5.5.195~1-6f565]:MleUpdate():transition-model.cc:531) 22 probabilities floored, 1 out of 899 transition-states skipped due to insuffient data (it is normal to have some skipped.)
LOG (gmm-est[5.5.195~1-6f565]:main():gmm-est.cc:102) Transition model update: Overall -1.908e-11 log-like improvement per frame over 303022 frames.
WARNING (gmm-est[5.5.195~1-6f565]:MleDiagGmmUpdate():mle-diag-gmm.cc:359) Too little data - removing Gaussian (weight 0.037897, occupation count 9.891171, vector size 39)
WARNING (gmm-est[5.5.195~1-6f565]:MleDiagGmmUpdate():mle-diag-gmm.cc:359) Too little data - removing Gaussian (weight 0.029698, occupation count 9.978598, vector size 39)
WARNING (gmm-est[5.5.195~1-6f565]:MleDiagGmmUpdate():mle-diag-gmm.cc:359) Too little data - removing Gaussian (weight 0.023861, occupation count 9.997898, vector size 39)
WARNING (gmm-est[5.5.195~1-6f565]:MleDiagGmmUpdate():mle-diag-gmm.cc:359) Too little data - removing Gaussian (weight 0.017066, occupation count 9.625260, vector size 39)
WARNING (gmm-est[5.5.195~1-6f565]:MleDiagGmmUpdate():mle-diag-gmm.cc:365) Gaussian has too little data but not removing it because it is the last Gaussian: i = 0, occ = 8, weight = 1
WARNING (gmm-est[5.5.195~1-6f565]:MleDiagGmmUpdate():mle-diag-gmm.cc:359) Too little data - removing Gaussian (weight 0.023689, occupation count 9.973169, vector size 39)
WARNING (gmm-est[5.5.195~1-6f565]:MleDiagGmmUpdate():mle-diag-gmm.cc:359) Too little data - removing Gaussian (weight 0.019454, occupation count 9.999602, vector size 39)
WARNING (gmm-est[5.5.195~1-6f565]:MleDiagGmmUpdate():mle-diag-gmm.cc:359) Too little data - removing Gaussian (weight 0.021341, occupation count 9.880787, vector size 39)
WARNING (gmm-est[5.5.195~1-6f565]:MleDiagGmmUpdate():mle-diag-gmm.cc:359) Too little data - removing Gaussian (weight 0.020351, occupation count 9.565055, vector size 39)
WARNING (gmm-est[5.5.195~1-6f565]:MleDiagGmmUpdate():mle-diag-gmm.cc:359) Too little data - removing Gaussian (weight 0.023877, occupation count 9.598469, vector size 39)
WARNING (gmm-est[5.5.195~1-6f565]:MleDiagGmmUpdate():mle-diag-gmm.cc:359) Too little data - removing Gaussian (weight 0.018339, occupation count 9.738174, vector size 39)
WARNING (gmm-est[5.5.195~1-6f565]:MleDiagGmmUpdate():mle-diag-gmm.cc:359) Too little data - removing Gaussian (weight 0.026427, occupation count 9.989343, vector size 39)
WARNING (gmm-est[5.5.195~1-6f565]:MleDiagGmmUpdate():mle-diag-gmm.cc:359) Too little data - removing Gaussian (weight 0.028978, occupation count 9.997242, vector size 39)
WARNING (gmm-est[5.5.195~1-6f565]:MleDiagGmmUpdate():mle-diag-gmm.cc:359) Too little data - removing Gaussian (weight 0.013857, occupation count 9.284197, vector size 39)
WARNING (gmm-est[5.5.195~1-6f565]:MleDiagGmmUpdate():mle-diag-gmm.cc:359) Too little data - removing Gaussian (weight 0.031447, occupation count 9.999992, vector size 39)
WARNING (gmm-est[5.5.195~1-6f565]:MleDiagGmmUpdate():mle-diag-gmm.cc:359) Too little data - removing Gaussian (weight 0.010931, occupation count 8.460712, vector size 39)
WARNING (gmm-est[5.5.195~1-6f565]:MleDiagGmmUpdate():mle-diag-gmm.cc:359) Too little data - removing Gaussian (weight 0.028016, occupation count 9.973645, vector size 39)
WARNING (gmm-est[5.5.195~1-6f565]:MleDiagGmmUpdate():mle-diag-gmm.cc:359) Too little data - removing Gaussian (weight 0.012038, occupation count 9.100498, vector size 39)
WARNING (gmm-est[5.5.195~1-6f565]:MleDiagGmmUpdate():mle-diag-gmm.cc:359) Too little data - removing Gaussian (weight 0.016129, occupation count 8.532394, vector size 39)
WARNING (gmm-est[5.5.195~1-6f565]:MleDiagGmmUpdate():mle-diag-gmm.cc:359) Too little data - removing Gaussian (weight 0.024370, occupation count 9.942914, vector size 39)
WARNING (gmm-est[5.5.195~1-6f565]:MleDiagGmmUpdate():mle-diag-gmm.cc:359) Too little data - removing Gaussian (weight 0.031546, occupation count 10.000000, vector size 39)
LOG (gmm-est[5.5.195~1-6f565]:MleAmDiagGmmUpdate():mle-am-diag-gmm.cc:225) 0 variance elements floored in 0 Gaussians, out of 13511
LOG (gmm-est[5.5.195~1-6f565]:MleAmDiagGmmUpdate():mle-am-diag-gmm.cc:229) Removed 20 Gaussians due to counts < --min-gaussian-occupancy=10 and --remove-low-count-gaussians=true
LOG (gmm-est[5.5.195~1-6f565]:main():gmm-est.cc:113) GMM update: Overall 0.0978481 objective function improvement per frame over 303022 frames
LOG (gmm-est[5.5.195~1-6f565]:main():gmm-est.cc:116) GMM update: Overall avg like per frame = -92.6937 over 303022 frames.
LOG (gmm-est[5.5.195~1-6f565]:SplitByCount():am-diag-gmm.cc:116) Split 864 states with target = 14000, power = 0.25, perturb_factor = 0.01 and min_count = 20, split #Gauss from 13511 to 14030
LOG (gmm-est[5.5.195~1-6f565]:main():gmm-est.cc:146) Written model to exp/tri1/25.mdl
# Accounting: time=0 threads=1
# Ended (code 0) at Sun Feb 24 18:14:03 EST 2019, elapsed time 0 seconds
