# compute-plp-feats --verbose=2 --config=conf/plp.conf scp,p:exp/make_feats/train_1k/wav_train_1k.7.scp ark:- | copy-feats --compress=true ark:- ark,scp:/home/ashea2nd/kaldiwork/egs/6345/lab1/feats/raw_plp_train_1k.7.ark,/home/ashea2nd/kaldiwork/egs/6345/lab1/feats/raw_plp_train_1k.7.scp 
# Started at Wed Feb 13 13:10:12 EST 2019
#
copy-feats --compress=true ark:- ark,scp:/home/ashea2nd/kaldiwork/egs/6345/lab1/feats/raw_plp_train_1k.7.ark,/home/ashea2nd/kaldiwork/egs/6345/lab1/feats/raw_plp_train_1k.7.scp 
compute-plp-feats --verbose=2 --config=conf/plp.conf scp,p:exp/make_feats/train_1k/wav_train_1k.7.scp ark:- 
VLOG[2] (compute-plp-feats[5.5.195~1-6f565]:main():compute-plp-feats.cc:173) Processed features for key fd_963o65oa
VLOG[2] (compute-plp-feats[5.5.195~1-6f565]:main():compute-plp-feats.cc:173) Processed features for key fd_oo2722oa
VLOG[2] (compute-plp-feats[5.5.195~1-6f565]:main():compute-plp-feats.cc:173) Processed features for key fd_zza
VLOG[2] (compute-plp-feats[5.5.195~1-6f565]:main():compute-plp-feats.cc:173) Processed features for key ff_246a
VLOG[2] (compute-plp-feats[5.5.195~1-6f565]:main():compute-plp-feats.cc:173) Processed features for key ff_36oo719a
VLOG[2] (compute-plp-feats[5.5.195~1-6f565]:main():compute-plp-feats.cc:173) Processed features for key ff_4a
VLOG[2] (compute-plp-feats[5.5.195~1-6f565]:main():compute-plp-feats.cc:173) Processed features for key ff_5b
VLOG[2] (compute-plp-feats[5.5.195~1-6f565]:main():compute-plp-feats.cc:173) Processed features for key ff_735a
VLOG[2] (compute-plp-feats[5.5.195~1-6f565]:main():compute-plp-feats.cc:173) Processed features for key ff_82a
LOG (compute-plp-feats[5.5.195~1-6f565]:main():compute-plp-feats.cc:172) Processed 10 utterances
VLOG[2] (compute-plp-feats[5.5.195~1-6f565]:main():compute-plp-feats.cc:173) Processed features for key ff_9512a
VLOG[2] (compute-plp-feats[5.5.195~1-6f565]:main():compute-plp-feats.cc:173) Processed features for key ff_o872934a
VLOG[2] (compute-plp-feats[5.5.195~1-6f565]:main():compute-plp-feats.cc:173) Processed features for key ff_zz1a
VLOG[2] (compute-plp-feats[5.5.195~1-6f565]:main():compute-plp-feats.cc:173) Processed features for key fi_34o15a
VLOG[2] (compute-plp-feats[5.5.195~1-6f565]:main():compute-plp-feats.cc:173) Processed features for key fi_45a
VLOG[2] (compute-plp-feats[5.5.195~1-6f565]:main():compute-plp-feats.cc:173) Processed features for key fi_5a
VLOG[2] (compute-plp-feats[5.5.195~1-6f565]:main():compute-plp-feats.cc:173) Processed features for key fi_6a
VLOG[2] (compute-plp-feats[5.5.195~1-6f565]:main():compute-plp-feats.cc:173) Processed features for key fi_847za
VLOG[2] (compute-plp-feats[5.5.195~1-6f565]:main():compute-plp-feats.cc:173) Processed features for key fi_9834a
VLOG[2] (compute-plp-feats[5.5.195~1-6f565]:main():compute-plp-feats.cc:173) Processed features for key fi_o5a
LOG (compute-plp-feats[5.5.195~1-6f565]:main():compute-plp-feats.cc:172) Processed 20 utterances
VLOG[2] (compute-plp-feats[5.5.195~1-6f565]:main():compute-plp-feats.cc:173) Processed features for key fi_z8995a
VLOG[2] (compute-plp-feats[5.5.195~1-6f565]:main():compute-plp-feats.cc:173) Processed features for key fj_1a
VLOG[2] (compute-plp-feats[5.5.195~1-6f565]:main():compute-plp-feats.cc:173) Processed features for key fj_2b
VLOG[2] (compute-plp-feats[5.5.195~1-6f565]:main():compute-plp-feats.cc:173) Processed features for key fj_46858a
VLOG[2] (compute-plp-feats[5.5.195~1-6f565]:main():compute-plp-feats.cc:173) Processed features for key fj_53815a
VLOG[2] (compute-plp-feats[5.5.195~1-6f565]:main():compute-plp-feats.cc:173) Processed features for key fj_6a
VLOG[2] (compute-plp-feats[5.5.195~1-6f565]:main():compute-plp-feats.cc:173) Processed features for key fj_7a
VLOG[2] (compute-plp-feats[5.5.195~1-6f565]:main():compute-plp-feats.cc:173) Processed features for key fj_934a
VLOG[2] (compute-plp-feats[5.5.195~1-6f565]:main():compute-plp-feats.cc:173) Processed features for key fj_o933a
VLOG[2] (compute-plp-feats[5.5.195~1-6f565]:main():compute-plp-feats.cc:173) Processed features for key fj_z6671z1a
LOG (compute-plp-feats[5.5.195~1-6f565]:main():compute-plp-feats.cc:172) Processed 30 utterances
VLOG[2] (compute-plp-feats[5.5.195~1-6f565]:main():compute-plp-feats.cc:173) Processed features for key fk_198zz18a
VLOG[2] (compute-plp-feats[5.5.195~1-6f565]:main():compute-plp-feats.cc:173) Processed features for key fk_2b
VLOG[2] (compute-plp-feats[5.5.195~1-6f565]:main():compute-plp-feats.cc:173) Processed features for key fk_3b
VLOG[2] (compute-plp-feats[5.5.195~1-6f565]:main():compute-plp-feats.cc:173) Processed features for key fk_575o68oa
VLOG[2] (compute-plp-feats[5.5.195~1-6f565]:main():compute-plp-feats.cc:173) Processed features for key fk_64a
VLOG[2] (compute-plp-feats[5.5.195~1-6f565]:main():compute-plp-feats.cc:173) Processed features for key fk_7945a
VLOG[2] (compute-plp-feats[5.5.195~1-6f565]:main():compute-plp-feats.cc:173) Processed features for key fk_8a
VLOG[2] (compute-plp-feats[5.5.195~1-6f565]:main():compute-plp-feats.cc:173) Processed features for key fk_o112758a
VLOG[2] (compute-plp-feats[5.5.195~1-6f565]:main():compute-plp-feats.cc:173) Processed features for key fk_z5256a
VLOG[2] (compute-plp-feats[5.5.195~1-6f565]:main():compute-plp-feats.cc:173) Processed features for key fl_1a
LOG (compute-plp-feats[5.5.195~1-6f565]:main():compute-plp-feats.cc:172) Processed 40 utterances
VLOG[2] (compute-plp-feats[5.5.195~1-6f565]:main():compute-plp-feats.cc:173) Processed features for key fl_2a
VLOG[2] (compute-plp-feats[5.5.195~1-6f565]:main():compute-plp-feats.cc:173) Processed features for key fl_3z278a
VLOG[2] (compute-plp-feats[5.5.195~1-6f565]:main():compute-plp-feats.cc:173) Processed features for key fl_521a
VLOG[2] (compute-plp-feats[5.5.195~1-6f565]:main():compute-plp-feats.cc:173) Processed features for key fl_66897a
VLOG[2] (compute-plp-feats[5.5.195~1-6f565]:main():compute-plp-feats.cc:173) Processed features for key fl_78z4za
VLOG[2] (compute-plp-feats[5.5.195~1-6f565]:main():compute-plp-feats.cc:173) Processed features for key fl_8981a
VLOG[2] (compute-plp-feats[5.5.195~1-6f565]:main():compute-plp-feats.cc:173) Processed features for key fl_9z1a
VLOG[2] (compute-plp-feats[5.5.195~1-6f565]:main():compute-plp-feats.cc:173) Processed features for key fl_z3z7972a
VLOG[2] (compute-plp-feats[5.5.195~1-6f565]:main():compute-plp-feats.cc:173) Processed features for key gg_134a
VLOG[2] (compute-plp-feats[5.5.195~1-6f565]:main():compute-plp-feats.cc:173) Processed features for key gg_29oo1a
LOG (compute-plp-feats[5.5.195~1-6f565]:main():compute-plp-feats.cc:172) Processed 50 utterances
VLOG[2] (compute-plp-feats[5.5.195~1-6f565]:main():compute-plp-feats.cc:173) Processed features for key gg_3b
LOG (compute-plp-feats[5.5.195~1-6f565]:main():compute-plp-feats.cc:176)  Done 50 out of 50 utterances.
LOG (copy-feats[5.5.195~1-6f565]:main():copy-feats.cc:143) Copied 50 feature matrices.
# Accounting: time=12 threads=1
# Ended (code 0) at Wed Feb 13 13:10:24 EST 2019, elapsed time 12 seconds
