# compute-plp-feats --verbose=2 --config=conf/plp.conf scp,p:exp/make_feats/train_1k/wav_train_1k.5.scp ark:- | copy-feats --compress=true ark:- ark,scp:/home/ashea2nd/kaldiwork/egs/6345/lab1/feats/raw_plp_train_1k.5.ark,/home/ashea2nd/kaldiwork/egs/6345/lab1/feats/raw_plp_train_1k.5.scp 
# Started at Wed Feb 13 13:10:12 EST 2019
#
copy-feats --compress=true ark:- ark,scp:/home/ashea2nd/kaldiwork/egs/6345/lab1/feats/raw_plp_train_1k.5.ark,/home/ashea2nd/kaldiwork/egs/6345/lab1/feats/raw_plp_train_1k.5.scp 
compute-plp-feats --verbose=2 --config=conf/plp.conf scp,p:exp/make_feats/train_1k/wav_train_1k.5.scp ark:- 
VLOG[2] (compute-plp-feats[5.5.195~1-6f565]:main():compute-plp-feats.cc:173) Processed features for key dn_7o523a
VLOG[2] (compute-plp-feats[5.5.195~1-6f565]:main():compute-plp-feats.cc:173) Processed features for key dn_928a
VLOG[2] (compute-plp-feats[5.5.195~1-6f565]:main():compute-plp-feats.cc:173) Processed features for key dn_o341a
VLOG[2] (compute-plp-feats[5.5.195~1-6f565]:main():compute-plp-feats.cc:173) Processed features for key dn_z83a
VLOG[2] (compute-plp-feats[5.5.195~1-6f565]:main():compute-plp-feats.cc:173) Processed features for key ea_1712a
VLOG[2] (compute-plp-feats[5.5.195~1-6f565]:main():compute-plp-feats.cc:173) Processed features for key ea_2a
VLOG[2] (compute-plp-feats[5.5.195~1-6f565]:main():compute-plp-feats.cc:173) Processed features for key ea_3z7z222a
VLOG[2] (compute-plp-feats[5.5.195~1-6f565]:main():compute-plp-feats.cc:173) Processed features for key ea_55769a
VLOG[2] (compute-plp-feats[5.5.195~1-6f565]:main():compute-plp-feats.cc:173) Processed features for key ea_67639a
LOG (compute-plp-feats[5.5.195~1-6f565]:main():compute-plp-feats.cc:172) Processed 10 utterances
VLOG[2] (compute-plp-feats[5.5.195~1-6f565]:main():compute-plp-feats.cc:173) Processed features for key ea_7a
VLOG[2] (compute-plp-feats[5.5.195~1-6f565]:main():compute-plp-feats.cc:173) Processed features for key ea_8a
VLOG[2] (compute-plp-feats[5.5.195~1-6f565]:main():compute-plp-feats.cc:173) Processed features for key ea_o1a
VLOG[2] (compute-plp-feats[5.5.195~1-6f565]:main():compute-plp-feats.cc:173) Processed features for key ea_z29a
VLOG[2] (compute-plp-feats[5.5.195~1-6f565]:main():compute-plp-feats.cc:173) Processed features for key ec_171a
VLOG[2] (compute-plp-feats[5.5.195~1-6f565]:main():compute-plp-feats.cc:173) Processed features for key ec_2b
VLOG[2] (compute-plp-feats[5.5.195~1-6f565]:main():compute-plp-feats.cc:173) Processed features for key ec_3z3a
VLOG[2] (compute-plp-feats[5.5.195~1-6f565]:main():compute-plp-feats.cc:173) Processed features for key ec_5164za
VLOG[2] (compute-plp-feats[5.5.195~1-6f565]:main():compute-plp-feats.cc:173) Processed features for key ec_6477a
VLOG[2] (compute-plp-feats[5.5.195~1-6f565]:main():compute-plp-feats.cc:173) Processed features for key ec_7a
LOG (compute-plp-feats[5.5.195~1-6f565]:main():compute-plp-feats.cc:172) Processed 20 utterances
VLOG[2] (compute-plp-feats[5.5.195~1-6f565]:main():compute-plp-feats.cc:173) Processed features for key ec_8a
VLOG[2] (compute-plp-feats[5.5.195~1-6f565]:main():compute-plp-feats.cc:173) Processed features for key ec_9b
VLOG[2] (compute-plp-feats[5.5.195~1-6f565]:main():compute-plp-feats.cc:173) Processed features for key ec_z1a
VLOG[2] (compute-plp-feats[5.5.195~1-6f565]:main():compute-plp-feats.cc:173) Processed features for key ee_14a
VLOG[2] (compute-plp-feats[5.5.195~1-6f565]:main():compute-plp-feats.cc:173) Processed features for key ee_2a
VLOG[2] (compute-plp-feats[5.5.195~1-6f565]:main():compute-plp-feats.cc:173) Processed features for key ee_39a
VLOG[2] (compute-plp-feats[5.5.195~1-6f565]:main():compute-plp-feats.cc:173) Processed features for key ee_4za
VLOG[2] (compute-plp-feats[5.5.195~1-6f565]:main():compute-plp-feats.cc:173) Processed features for key ee_63za
VLOG[2] (compute-plp-feats[5.5.195~1-6f565]:main():compute-plp-feats.cc:173) Processed features for key ee_7792a
VLOG[2] (compute-plp-feats[5.5.195~1-6f565]:main():compute-plp-feats.cc:173) Processed features for key ee_8b
LOG (compute-plp-feats[5.5.195~1-6f565]:main():compute-plp-feats.cc:172) Processed 30 utterances
VLOG[2] (compute-plp-feats[5.5.195~1-6f565]:main():compute-plp-feats.cc:173) Processed features for key ee_9a
VLOG[2] (compute-plp-feats[5.5.195~1-6f565]:main():compute-plp-feats.cc:173) Processed features for key ee_oo43262a
VLOG[2] (compute-plp-feats[5.5.195~1-6f565]:main():compute-plp-feats.cc:173) Processed features for key eg_14a
VLOG[2] (compute-plp-feats[5.5.195~1-6f565]:main():compute-plp-feats.cc:173) Processed features for key eg_23856a
VLOG[2] (compute-plp-feats[5.5.195~1-6f565]:main():compute-plp-feats.cc:173) Processed features for key eg_3a
VLOG[2] (compute-plp-feats[5.5.195~1-6f565]:main():compute-plp-feats.cc:173) Processed features for key eg_4a
VLOG[2] (compute-plp-feats[5.5.195~1-6f565]:main():compute-plp-feats.cc:173) Processed features for key eg_5b
VLOG[2] (compute-plp-feats[5.5.195~1-6f565]:main():compute-plp-feats.cc:173) Processed features for key eg_71847a
VLOG[2] (compute-plp-feats[5.5.195~1-6f565]:main():compute-plp-feats.cc:173) Processed features for key eg_89942a
VLOG[2] (compute-plp-feats[5.5.195~1-6f565]:main():compute-plp-feats.cc:173) Processed features for key eg_9935z69a
LOG (compute-plp-feats[5.5.195~1-6f565]:main():compute-plp-feats.cc:172) Processed 40 utterances
VLOG[2] (compute-plp-feats[5.5.195~1-6f565]:main():compute-plp-feats.cc:173) Processed features for key eg_ob
VLOG[2] (compute-plp-feats[5.5.195~1-6f565]:main():compute-plp-feats.cc:173) Processed features for key eg_zb
VLOG[2] (compute-plp-feats[5.5.195~1-6f565]:main():compute-plp-feats.cc:173) Processed features for key eh_2411oa
VLOG[2] (compute-plp-feats[5.5.195~1-6f565]:main():compute-plp-feats.cc:173) Processed features for key eh_37587a
VLOG[2] (compute-plp-feats[5.5.195~1-6f565]:main():compute-plp-feats.cc:173) Processed features for key eh_499a
VLOG[2] (compute-plp-feats[5.5.195~1-6f565]:main():compute-plp-feats.cc:173) Processed features for key eh_5b
VLOG[2] (compute-plp-feats[5.5.195~1-6f565]:main():compute-plp-feats.cc:173) Processed features for key eh_712a
VLOG[2] (compute-plp-feats[5.5.195~1-6f565]:main():compute-plp-feats.cc:173) Processed features for key eh_8276oa
VLOG[2] (compute-plp-feats[5.5.195~1-6f565]:main():compute-plp-feats.cc:173) Processed features for key eh_98o2oa
VLOG[2] (compute-plp-feats[5.5.195~1-6f565]:main():compute-plp-feats.cc:173) Processed features for key eh_oa
LOG (compute-plp-feats[5.5.195~1-6f565]:main():compute-plp-feats.cc:172) Processed 50 utterances
VLOG[2] (compute-plp-feats[5.5.195~1-6f565]:main():compute-plp-feats.cc:173) Processed features for key eh_zz556a
LOG (compute-plp-feats[5.5.195~1-6f565]:main():compute-plp-feats.cc:176)  Done 50 out of 50 utterances.
LOG (copy-feats[5.5.195~1-6f565]:main():copy-feats.cc:143) Copied 50 feature matrices.
# Accounting: time=11 threads=1
# Ended (code 0) at Wed Feb 13 13:10:23 EST 2019, elapsed time 11 seconds
