# compute-plp-feats --verbose=2 --config=conf/plp.conf scp,p:exp/make_feats/train_1k/wav_train_1k.11.scp ark:- | copy-feats --compress=true ark:- ark,scp:/home/ashea2nd/kaldiwork/egs/6345/lab1/feats/raw_plp_train_1k.11.ark,/home/ashea2nd/kaldiwork/egs/6345/lab1/feats/raw_plp_train_1k.11.scp 
# Started at Wed Feb 13 13:10:12 EST 2019
#
copy-feats --compress=true ark:- ark,scp:/home/ashea2nd/kaldiwork/egs/6345/lab1/feats/raw_plp_train_1k.11.ark,/home/ashea2nd/kaldiwork/egs/6345/lab1/feats/raw_plp_train_1k.11.scp 
compute-plp-feats --verbose=2 --config=conf/plp.conf scp,p:exp/make_feats/train_1k/wav_train_1k.11.scp ark:- 
VLOG[2] (compute-plp-feats[5.5.195~1-6f565]:main():compute-plp-feats.cc:173) Processed features for key it_36a
VLOG[2] (compute-plp-feats[5.5.195~1-6f565]:main():compute-plp-feats.cc:173) Processed features for key it_4462a
VLOG[2] (compute-plp-feats[5.5.195~1-6f565]:main():compute-plp-feats.cc:173) Processed features for key it_5a
VLOG[2] (compute-plp-feats[5.5.195~1-6f565]:main():compute-plp-feats.cc:173) Processed features for key it_6o35a
VLOG[2] (compute-plp-feats[5.5.195~1-6f565]:main():compute-plp-feats.cc:173) Processed features for key it_832a
VLOG[2] (compute-plp-feats[5.5.195~1-6f565]:main():compute-plp-feats.cc:173) Processed features for key it_9373126a
VLOG[2] (compute-plp-feats[5.5.195~1-6f565]:main():compute-plp-feats.cc:173) Processed features for key it_o9497a
VLOG[2] (compute-plp-feats[5.5.195~1-6f565]:main():compute-plp-feats.cc:173) Processed features for key it_za
VLOG[2] (compute-plp-feats[5.5.195~1-6f565]:main():compute-plp-feats.cc:173) Processed features for key jc_1b
LOG (compute-plp-feats[5.5.195~1-6f565]:main():compute-plp-feats.cc:172) Processed 10 utterances
VLOG[2] (compute-plp-feats[5.5.195~1-6f565]:main():compute-plp-feats.cc:173) Processed features for key jc_2b
VLOG[2] (compute-plp-feats[5.5.195~1-6f565]:main():compute-plp-feats.cc:173) Processed features for key jc_4286a
VLOG[2] (compute-plp-feats[5.5.195~1-6f565]:main():compute-plp-feats.cc:173) Processed features for key jc_57a
VLOG[2] (compute-plp-feats[5.5.195~1-6f565]:main():compute-plp-feats.cc:173) Processed features for key jc_6a
VLOG[2] (compute-plp-feats[5.5.195~1-6f565]:main():compute-plp-feats.cc:173) Processed features for key jc_7o395o8a
VLOG[2] (compute-plp-feats[5.5.195~1-6f565]:main():compute-plp-feats.cc:173) Processed features for key jc_91zz237a
VLOG[2] (compute-plp-feats[5.5.195~1-6f565]:main():compute-plp-feats.cc:173) Processed features for key jc_o2a
VLOG[2] (compute-plp-feats[5.5.195~1-6f565]:main():compute-plp-feats.cc:173) Processed features for key jc_z834a
VLOG[2] (compute-plp-feats[5.5.195~1-6f565]:main():compute-plp-feats.cc:173) Processed features for key ji_1874oo1a
VLOG[2] (compute-plp-feats[5.5.195~1-6f565]:main():compute-plp-feats.cc:173) Processed features for key ji_2a
LOG (compute-plp-feats[5.5.195~1-6f565]:main():compute-plp-feats.cc:172) Processed 20 utterances
VLOG[2] (compute-plp-feats[5.5.195~1-6f565]:main():compute-plp-feats.cc:173) Processed features for key ji_3b
VLOG[2] (compute-plp-feats[5.5.195~1-6f565]:main():compute-plp-feats.cc:173) Processed features for key ji_5355a
VLOG[2] (compute-plp-feats[5.5.195~1-6f565]:main():compute-plp-feats.cc:173) Processed features for key ji_669a
VLOG[2] (compute-plp-feats[5.5.195~1-6f565]:main():compute-plp-feats.cc:173) Processed features for key ji_795o2a
VLOG[2] (compute-plp-feats[5.5.195~1-6f565]:main():compute-plp-feats.cc:173) Processed features for key ji_8a
VLOG[2] (compute-plp-feats[5.5.195~1-6f565]:main():compute-plp-feats.cc:173) Processed features for key ji_o2272a
VLOG[2] (compute-plp-feats[5.5.195~1-6f565]:main():compute-plp-feats.cc:173) Processed features for key ji_z5282a
VLOG[2] (compute-plp-feats[5.5.195~1-6f565]:main():compute-plp-feats.cc:173) Processed features for key jj_1a
VLOG[2] (compute-plp-feats[5.5.195~1-6f565]:main():compute-plp-feats.cc:173) Processed features for key jj_29z95a
VLOG[2] (compute-plp-feats[5.5.195~1-6f565]:main():compute-plp-feats.cc:173) Processed features for key jj_3o5oa
LOG (compute-plp-feats[5.5.195~1-6f565]:main():compute-plp-feats.cc:172) Processed 30 utterances
VLOG[2] (compute-plp-feats[5.5.195~1-6f565]:main():compute-plp-feats.cc:173) Processed features for key jj_51a
VLOG[2] (compute-plp-feats[5.5.195~1-6f565]:main():compute-plp-feats.cc:173) Processed features for key jj_6736411a
VLOG[2] (compute-plp-feats[5.5.195~1-6f565]:main():compute-plp-feats.cc:173) Processed features for key jj_8a
VLOG[2] (compute-plp-feats[5.5.195~1-6f565]:main():compute-plp-feats.cc:173) Processed features for key jj_9a
VLOG[2] (compute-plp-feats[5.5.195~1-6f565]:main():compute-plp-feats.cc:173) Processed features for key jj_z149a
VLOG[2] (compute-plp-feats[5.5.195~1-6f565]:main():compute-plp-feats.cc:173) Processed features for key jn_19za
VLOG[2] (compute-plp-feats[5.5.195~1-6f565]:main():compute-plp-feats.cc:173) Processed features for key jn_29391a
VLOG[2] (compute-plp-feats[5.5.195~1-6f565]:main():compute-plp-feats.cc:173) Processed features for key jn_3a
VLOG[2] (compute-plp-feats[5.5.195~1-6f565]:main():compute-plp-feats.cc:173) Processed features for key jn_4z9a
VLOG[2] (compute-plp-feats[5.5.195~1-6f565]:main():compute-plp-feats.cc:173) Processed features for key jn_63a
LOG (compute-plp-feats[5.5.195~1-6f565]:main():compute-plp-feats.cc:172) Processed 40 utterances
VLOG[2] (compute-plp-feats[5.5.195~1-6f565]:main():compute-plp-feats.cc:173) Processed features for key jn_77a
VLOG[2] (compute-plp-feats[5.5.195~1-6f565]:main():compute-plp-feats.cc:173) Processed features for key jn_862a
VLOG[2] (compute-plp-feats[5.5.195~1-6f565]:main():compute-plp-feats.cc:173) Processed features for key jn_9b
VLOG[2] (compute-plp-feats[5.5.195~1-6f565]:main():compute-plp-feats.cc:173) Processed features for key jn_oo19oa
VLOG[2] (compute-plp-feats[5.5.195~1-6f565]:main():compute-plp-feats.cc:173) Processed features for key jp_13a
VLOG[2] (compute-plp-feats[5.5.195~1-6f565]:main():compute-plp-feats.cc:173) Processed features for key jp_286za
VLOG[2] (compute-plp-feats[5.5.195~1-6f565]:main():compute-plp-feats.cc:173) Processed features for key jp_3a
VLOG[2] (compute-plp-feats[5.5.195~1-6f565]:main():compute-plp-feats.cc:173) Processed features for key jp_4o9a
VLOG[2] (compute-plp-feats[5.5.195~1-6f565]:main():compute-plp-feats.cc:173) Processed features for key jp_5oa
VLOG[2] (compute-plp-feats[5.5.195~1-6f565]:main():compute-plp-feats.cc:173) Processed features for key jp_7112691a
LOG (compute-plp-feats[5.5.195~1-6f565]:main():compute-plp-feats.cc:172) Processed 50 utterances
VLOG[2] (compute-plp-feats[5.5.195~1-6f565]:main():compute-plp-feats.cc:173) Processed features for key jp_87o33o5a
LOG (compute-plp-feats[5.5.195~1-6f565]:main():compute-plp-feats.cc:176)  Done 50 out of 50 utterances.
LOG (copy-feats[5.5.195~1-6f565]:main():copy-feats.cc:143) Copied 50 feature matrices.
# Accounting: time=12 threads=1
# Ended (code 0) at Wed Feb 13 13:10:24 EST 2019, elapsed time 12 seconds
