# compute-plp-feats --verbose=2 --config=conf/plp.conf scp,p:exp/make_feats/train_1k/wav_train_1k.20.scp ark:- | copy-feats --compress=true ark:- ark,scp:/home/ashea2nd/kaldiwork/egs/6345/lab1/feats/raw_plp_train_1k.20.ark,/home/ashea2nd/kaldiwork/egs/6345/lab1/feats/raw_plp_train_1k.20.scp 
# Started at Wed Feb 13 13:10:12 EST 2019
#
copy-feats --compress=true ark:- ark,scp:/home/ashea2nd/kaldiwork/egs/6345/lab1/feats/raw_plp_train_1k.20.ark,/home/ashea2nd/kaldiwork/egs/6345/lab1/feats/raw_plp_train_1k.20.scp 
compute-plp-feats --verbose=2 --config=conf/plp.conf scp,p:exp/make_feats/train_1k/wav_train_1k.20.scp ark:- 
VLOG[2] (compute-plp-feats[5.5.195~1-6f565]:main():compute-plp-feats.cc:173) Processed features for key rp_7b
VLOG[2] (compute-plp-feats[5.5.195~1-6f565]:main():compute-plp-feats.cc:173) Processed features for key rp_948a
VLOG[2] (compute-plp-feats[5.5.195~1-6f565]:main():compute-plp-feats.cc:173) Processed features for key rp_o2o4o57a
VLOG[2] (compute-plp-feats[5.5.195~1-6f565]:main():compute-plp-feats.cc:173) Processed features for key rp_z716a
VLOG[2] (compute-plp-feats[5.5.195~1-6f565]:main():compute-plp-feats.cc:173) Processed features for key rr_15a
VLOG[2] (compute-plp-feats[5.5.195~1-6f565]:main():compute-plp-feats.cc:173) Processed features for key rr_2b
VLOG[2] (compute-plp-feats[5.5.195~1-6f565]:main():compute-plp-feats.cc:173) Processed features for key rr_3zz2a
VLOG[2] (compute-plp-feats[5.5.195~1-6f565]:main():compute-plp-feats.cc:173) Processed features for key rr_53a
VLOG[2] (compute-plp-feats[5.5.195~1-6f565]:main():compute-plp-feats.cc:173) Processed features for key rr_675a
LOG (compute-plp-feats[5.5.195~1-6f565]:main():compute-plp-feats.cc:172) Processed 10 utterances
VLOG[2] (compute-plp-feats[5.5.195~1-6f565]:main():compute-plp-feats.cc:173) Processed features for key rr_79o62a
VLOG[2] (compute-plp-feats[5.5.195~1-6f565]:main():compute-plp-feats.cc:173) Processed features for key rr_8z7a
VLOG[2] (compute-plp-feats[5.5.195~1-6f565]:main():compute-plp-feats.cc:173) Processed features for key rr_o3o2a
VLOG[2] (compute-plp-feats[5.5.195~1-6f565]:main():compute-plp-feats.cc:173) Processed features for key rr_z5768a
VLOG[2] (compute-plp-feats[5.5.195~1-6f565]:main():compute-plp-feats.cc:173) Processed features for key rs_19583a
VLOG[2] (compute-plp-feats[5.5.195~1-6f565]:main():compute-plp-feats.cc:173) Processed features for key rs_2a
VLOG[2] (compute-plp-feats[5.5.195~1-6f565]:main():compute-plp-feats.cc:173) Processed features for key rs_3z4z5a
VLOG[2] (compute-plp-feats[5.5.195~1-6f565]:main():compute-plp-feats.cc:173) Processed features for key rs_53a
VLOG[2] (compute-plp-feats[5.5.195~1-6f565]:main():compute-plp-feats.cc:173) Processed features for key rs_6728a
VLOG[2] (compute-plp-feats[5.5.195~1-6f565]:main():compute-plp-feats.cc:173) Processed features for key rs_793z7a
LOG (compute-plp-feats[5.5.195~1-6f565]:main():compute-plp-feats.cc:172) Processed 20 utterances
VLOG[2] (compute-plp-feats[5.5.195~1-6f565]:main():compute-plp-feats.cc:173) Processed features for key rs_8o332a
VLOG[2] (compute-plp-feats[5.5.195~1-6f565]:main():compute-plp-feats.cc:173) Processed features for key rs_9b
VLOG[2] (compute-plp-feats[5.5.195~1-6f565]:main():compute-plp-feats.cc:173) Processed features for key rs_z216a
VLOG[2] (compute-plp-feats[5.5.195~1-6f565]:main():compute-plp-feats.cc:173) Processed features for key sj_1588oa
VLOG[2] (compute-plp-feats[5.5.195~1-6f565]:main():compute-plp-feats.cc:173) Processed features for key sj_249a
VLOG[2] (compute-plp-feats[5.5.195~1-6f565]:main():compute-plp-feats.cc:173) Processed features for key sj_3a
VLOG[2] (compute-plp-feats[5.5.195~1-6f565]:main():compute-plp-feats.cc:173) Processed features for key sj_4oo4367a
VLOG[2] (compute-plp-feats[5.5.195~1-6f565]:main():compute-plp-feats.cc:173) Processed features for key sj_625za
VLOG[2] (compute-plp-feats[5.5.195~1-6f565]:main():compute-plp-feats.cc:173) Processed features for key sj_772a
VLOG[2] (compute-plp-feats[5.5.195~1-6f565]:main():compute-plp-feats.cc:173) Processed features for key sj_8a
LOG (compute-plp-feats[5.5.195~1-6f565]:main():compute-plp-feats.cc:172) Processed 30 utterances
VLOG[2] (compute-plp-feats[5.5.195~1-6f565]:main():compute-plp-feats.cc:173) Processed features for key sj_9b
VLOG[2] (compute-plp-feats[5.5.195~1-6f565]:main():compute-plp-feats.cc:173) Processed features for key sj_ooa
VLOG[2] (compute-plp-feats[5.5.195~1-6f565]:main():compute-plp-feats.cc:173) Processed features for key sp_145a
VLOG[2] (compute-plp-feats[5.5.195~1-6f565]:main():compute-plp-feats.cc:173) Processed features for key sp_278o2a
VLOG[2] (compute-plp-feats[5.5.195~1-6f565]:main():compute-plp-feats.cc:173) Processed features for key sp_39244a
VLOG[2] (compute-plp-feats[5.5.195~1-6f565]:main():compute-plp-feats.cc:173) Processed features for key sp_4b
VLOG[2] (compute-plp-feats[5.5.195~1-6f565]:main():compute-plp-feats.cc:173) Processed features for key sp_5b
VLOG[2] (compute-plp-feats[5.5.195~1-6f565]:main():compute-plp-feats.cc:173) Processed features for key sp_72a
VLOG[2] (compute-plp-feats[5.5.195~1-6f565]:main():compute-plp-feats.cc:173) Processed features for key sp_86157a
VLOG[2] (compute-plp-feats[5.5.195~1-6f565]:main():compute-plp-feats.cc:173) Processed features for key sp_9993z84a
LOG (compute-plp-feats[5.5.195~1-6f565]:main():compute-plp-feats.cc:172) Processed 40 utterances
VLOG[2] (compute-plp-feats[5.5.195~1-6f565]:main():compute-plp-feats.cc:173) Processed features for key sp_ob
VLOG[2] (compute-plp-feats[5.5.195~1-6f565]:main():compute-plp-feats.cc:173) Processed features for key sp_zzz7a
VLOG[2] (compute-plp-feats[5.5.195~1-6f565]:main():compute-plp-feats.cc:173) Processed features for key st_2351a
VLOG[2] (compute-plp-feats[5.5.195~1-6f565]:main():compute-plp-feats.cc:173) Processed features for key st_3484za
VLOG[2] (compute-plp-feats[5.5.195~1-6f565]:main():compute-plp-feats.cc:173) Processed features for key st_48436a
VLOG[2] (compute-plp-feats[5.5.195~1-6f565]:main():compute-plp-feats.cc:173) Processed features for key st_5b
VLOG[2] (compute-plp-feats[5.5.195~1-6f565]:main():compute-plp-feats.cc:173) Processed features for key st_72a
VLOG[2] (compute-plp-feats[5.5.195~1-6f565]:main():compute-plp-feats.cc:173) Processed features for key st_83oa
VLOG[2] (compute-plp-feats[5.5.195~1-6f565]:main():compute-plp-feats.cc:173) Processed features for key st_9669812a
VLOG[2] (compute-plp-feats[5.5.195~1-6f565]:main():compute-plp-feats.cc:173) Processed features for key st_oa
LOG (compute-plp-feats[5.5.195~1-6f565]:main():compute-plp-feats.cc:172) Processed 50 utterances
VLOG[2] (compute-plp-feats[5.5.195~1-6f565]:main():compute-plp-feats.cc:173) Processed features for key st_zz1a
LOG (compute-plp-feats[5.5.195~1-6f565]:main():compute-plp-feats.cc:176)  Done 50 out of 50 utterances.
LOG (copy-feats[5.5.195~1-6f565]:main():copy-feats.cc:143) Copied 50 feature matrices.
# Accounting: time=12 threads=1
# Ended (code 0) at Wed Feb 13 13:10:24 EST 2019, elapsed time 12 seconds
