# compute-mfcc-feats --verbose=2 --config=conf/mfcc.conf scp,p:exp/make_mfcc/train_1k/wav_train_1k.2.scp ark:- | copy-feats --compress=true ark:- ark,scp:/home/ashea2nd/6345/kaldiwork/egs/6345/lab3/mfcc/raw_mfcc_train_1k.2.ark,/home/ashea2nd/6345/kaldiwork/egs/6345/lab3/mfcc/raw_mfcc_train_1k.2.scp 
# Started at Sun Feb 24 18:56:14 EST 2019
#
copy-feats --compress=true ark:- ark,scp:/home/ashea2nd/6345/kaldiwork/egs/6345/lab3/mfcc/raw_mfcc_train_1k.2.ark,/home/ashea2nd/6345/kaldiwork/egs/6345/lab3/mfcc/raw_mfcc_train_1k.2.scp 
compute-mfcc-feats --verbose=2 --config=conf/mfcc.conf scp,p:exp/make_mfcc/train_1k/wav_train_1k.2.scp ark:- 
VLOG[2] (compute-mfcc-feats[5.5.195~1-6f565]:main():compute-mfcc-feats.cc:173) Processed features for key fhxs0_sx445
VLOG[2] (compute-mfcc-feats[5.5.195~1-6f565]:main():compute-mfcc-feats.cc:173) Processed features for key fjdm2_si1964
VLOG[2] (compute-mfcc-feats[5.5.195~1-6f565]:main():compute-mfcc-feats.cc:173) Processed features for key fjdm2_sx322
VLOG[2] (compute-mfcc-feats[5.5.195~1-6f565]:main():compute-mfcc-feats.cc:173) Processed features for key fjen0_si1047
VLOG[2] (compute-mfcc-feats[5.5.195~1-6f565]:main():compute-mfcc-feats.cc:173) Processed features for key fjen0_sx237
VLOG[2] (compute-mfcc-feats[5.5.195~1-6f565]:main():compute-mfcc-feats.cc:173) Processed features for key fjen0_sx57
VLOG[2] (compute-mfcc-feats[5.5.195~1-6f565]:main():compute-mfcc-feats.cc:173) Processed features for key fjhk0_sx122
VLOG[2] (compute-mfcc-feats[5.5.195~1-6f565]:main():compute-mfcc-feats.cc:173) Processed features for key fjhk0_sx392
VLOG[2] (compute-mfcc-feats[5.5.195~1-6f565]:main():compute-mfcc-feats.cc:173) Processed features for key fjkl0_sx122
LOG (compute-mfcc-feats[5.5.195~1-6f565]:main():compute-mfcc-feats.cc:172) Processed 10 utterances
VLOG[2] (compute-mfcc-feats[5.5.195~1-6f565]:main():compute-mfcc-feats.cc:173) Processed features for key fjkl0_sx32
VLOG[2] (compute-mfcc-feats[5.5.195~1-6f565]:main():compute-mfcc-feats.cc:173) Processed features for key fjlg0_si2306
VLOG[2] (compute-mfcc-feats[5.5.195~1-6f565]:main():compute-mfcc-feats.cc:173) Processed features for key fjlg0_sx359
VLOG[2] (compute-mfcc-feats[5.5.195~1-6f565]:main():compute-mfcc-feats.cc:173) Processed features for key fjlr0_si1861
VLOG[2] (compute-mfcc-feats[5.5.195~1-6f565]:main():compute-mfcc-feats.cc:173) Processed features for key fjlr0_sx241
VLOG[2] (compute-mfcc-feats[5.5.195~1-6f565]:main():compute-mfcc-feats.cc:173) Processed features for key fjrb0_si1302
VLOG[2] (compute-mfcc-feats[5.5.195~1-6f565]:main():compute-mfcc-feats.cc:173) Processed features for key fjrb0_sx222
VLOG[2] (compute-mfcc-feats[5.5.195~1-6f565]:main():compute-mfcc-feats.cc:173) Processed features for key fjrp1_si1432
VLOG[2] (compute-mfcc-feats[5.5.195~1-6f565]:main():compute-mfcc-feats.cc:173) Processed features for key fjrp1_sx172
VLOG[2] (compute-mfcc-feats[5.5.195~1-6f565]:main():compute-mfcc-feats.cc:173) Processed features for key fjrp1_sx82
LOG (compute-mfcc-feats[5.5.195~1-6f565]:main():compute-mfcc-feats.cc:172) Processed 20 utterances
VLOG[2] (compute-mfcc-feats[5.5.195~1-6f565]:main():compute-mfcc-feats.cc:173) Processed features for key fjsk0_si2312
VLOG[2] (compute-mfcc-feats[5.5.195~1-6f565]:main():compute-mfcc-feats.cc:173) Processed features for key fjsk0_sx422
VLOG[2] (compute-mfcc-feats[5.5.195~1-6f565]:main():compute-mfcc-feats.cc:173) Processed features for key fjsp0_si1763
VLOG[2] (compute-mfcc-feats[5.5.195~1-6f565]:main():compute-mfcc-feats.cc:173) Processed features for key fjsp0_sx354
VLOG[2] (compute-mfcc-feats[5.5.195~1-6f565]:main():compute-mfcc-feats.cc:173) Processed features for key fjwb1_si748
VLOG[2] (compute-mfcc-feats[5.5.195~1-6f565]:main():compute-mfcc-feats.cc:173) Processed features for key fjwb1_sx345
VLOG[2] (compute-mfcc-feats[5.5.195~1-6f565]:main():compute-mfcc-feats.cc:173) Processed features for key fjxm0_sx221
VLOG[2] (compute-mfcc-feats[5.5.195~1-6f565]:main():compute-mfcc-feats.cc:173) Processed features for key fjxm0_sx41
VLOG[2] (compute-mfcc-feats[5.5.195~1-6f565]:main():compute-mfcc-feats.cc:173) Processed features for key fjxp0_sx132
VLOG[2] (compute-mfcc-feats[5.5.195~1-6f565]:main():compute-mfcc-feats.cc:173) Processed features for key fjxp0_sx402
LOG (compute-mfcc-feats[5.5.195~1-6f565]:main():compute-mfcc-feats.cc:172) Processed 30 utterances
VLOG[2] (compute-mfcc-feats[5.5.195~1-6f565]:main():compute-mfcc-feats.cc:173) Processed features for key fkaa0_si578
VLOG[2] (compute-mfcc-feats[5.5.195~1-6f565]:main():compute-mfcc-feats.cc:173) Processed features for key fkaa0_sx308
VLOG[2] (compute-mfcc-feats[5.5.195~1-6f565]:main():compute-mfcc-feats.cc:173) Processed features for key fkde0_si1771
VLOG[2] (compute-mfcc-feats[5.5.195~1-6f565]:main():compute-mfcc-feats.cc:173) Processed features for key fkde0_sx241
VLOG[2] (compute-mfcc-feats[5.5.195~1-6f565]:main():compute-mfcc-feats.cc:173) Processed features for key fkdw0_si1207
VLOG[2] (compute-mfcc-feats[5.5.195~1-6f565]:main():compute-mfcc-feats.cc:173) Processed features for key fkdw0_sx127
VLOG[2] (compute-mfcc-feats[5.5.195~1-6f565]:main():compute-mfcc-feats.cc:173) Processed features for key fkdw0_sx397
VLOG[2] (compute-mfcc-feats[5.5.195~1-6f565]:main():compute-mfcc-feats.cc:173) Processed features for key fkfb0_si978
VLOG[2] (compute-mfcc-feats[5.5.195~1-6f565]:main():compute-mfcc-feats.cc:173) Processed features for key fkfb0_sx438
VLOG[2] (compute-mfcc-feats[5.5.195~1-6f565]:main():compute-mfcc-feats.cc:173) Processed features for key fkkh0_si660
LOG (compute-mfcc-feats[5.5.195~1-6f565]:main():compute-mfcc-feats.cc:172) Processed 40 utterances
VLOG[2] (compute-mfcc-feats[5.5.195~1-6f565]:main():compute-mfcc-feats.cc:173) Processed features for key fkkh0_sx300
VLOG[2] (compute-mfcc-feats[5.5.195~1-6f565]:main():compute-mfcc-feats.cc:173) Processed features for key fklc0_si2245
VLOG[2] (compute-mfcc-feats[5.5.195~1-6f565]:main():compute-mfcc-feats.cc:173) Processed features for key fklc0_sx355
VLOG[2] (compute-mfcc-feats[5.5.195~1-6f565]:main():compute-mfcc-feats.cc:173) Processed features for key fklc1_si1048
VLOG[2] (compute-mfcc-feats[5.5.195~1-6f565]:main():compute-mfcc-feats.cc:173) Processed features for key fklc1_sx238
VLOG[2] (compute-mfcc-feats[5.5.195~1-6f565]:main():compute-mfcc-feats.cc:173) Processed features for key fklc1_sx58
VLOG[2] (compute-mfcc-feats[5.5.195~1-6f565]:main():compute-mfcc-feats.cc:173) Processed features for key fklh0_sx177
VLOG[2] (compute-mfcc-feats[5.5.195~1-6f565]:main():compute-mfcc-feats.cc:173) Processed features for key fklh0_sx87
VLOG[2] (compute-mfcc-feats[5.5.195~1-6f565]:main():compute-mfcc-feats.cc:173) Processed features for key fksr0_sx161
VLOG[2] (compute-mfcc-feats[5.5.195~1-6f565]:main():compute-mfcc-feats.cc:173) Processed features for key fksr0_sx37
LOG (compute-mfcc-feats[5.5.195~1-6f565]:main():compute-mfcc-feats.cc:172) Processed 50 utterances
VLOG[2] (compute-mfcc-feats[5.5.195~1-6f565]:main():compute-mfcc-feats.cc:173) Processed features for key flac0_si901
VLOG[2] (compute-mfcc-feats[5.5.195~1-6f565]:main():compute-mfcc-feats.cc:173) Processed features for key flac0_sx361
VLOG[2] (compute-mfcc-feats[5.5.195~1-6f565]:main():compute-mfcc-feats.cc:173) Processed features for key flag0_si2094
VLOG[2] (compute-mfcc-feats[5.5.195~1-6f565]:main():compute-mfcc-feats.cc:173) Processed features for key flag0_sx204
VLOG[2] (compute-mfcc-feats[5.5.195~1-6f565]:main():compute-mfcc-feats.cc:173) Processed features for key fleh0_si1051
VLOG[2] (compute-mfcc-feats[5.5.195~1-6f565]:main():compute-mfcc-feats.cc:173) Processed features for key fleh0_sx241
VLOG[2] (compute-mfcc-feats[5.5.195~1-6f565]:main():compute-mfcc-feats.cc:173) Processed features for key flet0_si1137
VLOG[2] (compute-mfcc-feats[5.5.195~1-6f565]:main():compute-mfcc-feats.cc:173) Processed features for key flet0_sx57
VLOG[2] (compute-mfcc-feats[5.5.195~1-6f565]:main():compute-mfcc-feats.cc:173) Processed features for key flhd0_si1974
VLOG[2] (compute-mfcc-feats[5.5.195~1-6f565]:main():compute-mfcc-feats.cc:173) Processed features for key flhd0_sx444
LOG (compute-mfcc-feats[5.5.195~1-6f565]:main():compute-mfcc-feats.cc:172) Processed 60 utterances
VLOG[2] (compute-mfcc-feats[5.5.195~1-6f565]:main():compute-mfcc-feats.cc:173) Processed features for key flja0_si1708
VLOG[2] (compute-mfcc-feats[5.5.195~1-6f565]:main():compute-mfcc-feats.cc:173) Processed features for key flja0_sx358
VLOG[2] (compute-mfcc-feats[5.5.195~1-6f565]:main():compute-mfcc-feats.cc:173) Processed features for key fljd0_si2146
VLOG[2] (compute-mfcc-feats[5.5.195~1-6f565]:main():compute-mfcc-feats.cc:173) Processed features for key fljd0_sx346
VLOG[2] (compute-mfcc-feats[5.5.195~1-6f565]:main():compute-mfcc-feats.cc:173) Processed features for key fljg0_si1611
VLOG[2] (compute-mfcc-feats[5.5.195~1-6f565]:main():compute-mfcc-feats.cc:173) Processed features for key fljg0_sx261
VLOG[2] (compute-mfcc-feats[5.5.195~1-6f565]:main():compute-mfcc-feats.cc:173) Processed features for key fljg0_sx81
VLOG[2] (compute-mfcc-feats[5.5.195~1-6f565]:main():compute-mfcc-feats.cc:173) Processed features for key flkm0_sx116
VLOG[2] (compute-mfcc-feats[5.5.195~1-6f565]:main():compute-mfcc-feats.cc:173) Processed features for key flkm0_sx440
VLOG[2] (compute-mfcc-feats[5.5.195~1-6f565]:main():compute-mfcc-feats.cc:173) Processed features for key flma0_si613
LOG (compute-mfcc-feats[5.5.195~1-6f565]:main():compute-mfcc-feats.cc:172) Processed 70 utterances
VLOG[2] (compute-mfcc-feats[5.5.195~1-6f565]:main():compute-mfcc-feats.cc:173) Processed features for key flma0_sx433
VLOG[2] (compute-mfcc-feats[5.5.195~1-6f565]:main():compute-mfcc-feats.cc:173) Processed features for key flmc0_si742
VLOG[2] (compute-mfcc-feats[5.5.195~1-6f565]:main():compute-mfcc-feats.cc:173) Processed features for key flmc0_sx292
VLOG[2] (compute-mfcc-feats[5.5.195~1-6f565]:main():compute-mfcc-feats.cc:173) Processed features for key flmk0_si1229
VLOG[2] (compute-mfcc-feats[5.5.195~1-6f565]:main():compute-mfcc-feats.cc:173) Processed features for key flmk0_sx225
VLOG[2] (compute-mfcc-feats[5.5.195~1-6f565]:main():compute-mfcc-feats.cc:173) Processed features for key flod0_si1287
VLOG[2] (compute-mfcc-feats[5.5.195~1-6f565]:main():compute-mfcc-feats.cc:173) Processed features for key flod0_sx117
VLOG[2] (compute-mfcc-feats[5.5.195~1-6f565]:main():compute-mfcc-feats.cc:173) Processed features for key flod0_sx387
VLOG[2] (compute-mfcc-feats[5.5.195~1-6f565]:main():compute-mfcc-feats.cc:173) Processed features for key fltm0_sx170
VLOG[2] (compute-mfcc-feats[5.5.195~1-6f565]:main():compute-mfcc-feats.cc:173) Processed features for key fltm0_sx80
LOG (compute-mfcc-feats[5.5.195~1-6f565]:main():compute-mfcc-feats.cc:172) Processed 80 utterances
VLOG[2] (compute-mfcc-feats[5.5.195~1-6f565]:main():compute-mfcc-feats.cc:173) Processed features for key fmah1_si879
VLOG[2] (compute-mfcc-feats[5.5.195~1-6f565]:main():compute-mfcc-feats.cc:173) Processed features for key fmah1_sx429
VLOG[2] (compute-mfcc-feats[5.5.195~1-6f565]:main():compute-mfcc-feats.cc:173) Processed features for key fmbg0_si1790
VLOG[2] (compute-mfcc-feats[5.5.195~1-6f565]:main():compute-mfcc-feats.cc:173) Processed features for key fmbg0_sx350
VLOG[2] (compute-mfcc-feats[5.5.195~1-6f565]:main():compute-mfcc-feats.cc:173) Processed features for key fmem0_si1377
VLOG[2] (compute-mfcc-feats[5.5.195~1-6f565]:main():compute-mfcc-feats.cc:173) Processed features for key fmem0_sx207
VLOG[2] (compute-mfcc-feats[5.5.195~1-6f565]:main():compute-mfcc-feats.cc:173) Processed features for key fmjb0_si1177
VLOG[2] (compute-mfcc-feats[5.5.195~1-6f565]:main():compute-mfcc-feats.cc:173) Processed features for key fmjb0_sx277
VLOG[2] (compute-mfcc-feats[5.5.195~1-6f565]:main():compute-mfcc-feats.cc:173) Processed features for key fmjf0_sx174
VLOG[2] (compute-mfcc-feats[5.5.195~1-6f565]:main():compute-mfcc-feats.cc:173) Processed features for key fmjf0_sx444
LOG (compute-mfcc-feats[5.5.195~1-6f565]:main():compute-mfcc-feats.cc:172) Processed 90 utterances
VLOG[2] (compute-mfcc-feats[5.5.195~1-6f565]:main():compute-mfcc-feats.cc:173) Processed features for key fmju0_si759
VLOG[2] (compute-mfcc-feats[5.5.195~1-6f565]:main():compute-mfcc-feats.cc:173) Processed features for key fmju0_sx309
VLOG[2] (compute-mfcc-feats[5.5.195~1-6f565]:main():compute-mfcc-feats.cc:173) Processed features for key fmkc0_si1072
VLOG[2] (compute-mfcc-feats[5.5.195~1-6f565]:main():compute-mfcc-feats.cc:173) Processed features for key fmkc0_sx262
VLOG[2] (compute-mfcc-feats[5.5.195~1-6f565]:main():compute-mfcc-feats.cc:173) Processed features for key fmkf0_si1018
VLOG[2] (compute-mfcc-feats[5.5.195~1-6f565]:main():compute-mfcc-feats.cc:173) Processed features for key fmkf0_sx186
VLOG[2] (compute-mfcc-feats[5.5.195~1-6f565]:main():compute-mfcc-feats.cc:173) Processed features for key fmkf0_sx96
VLOG[2] (compute-mfcc-feats[5.5.195~1-6f565]:main():compute-mfcc-feats.cc:173) Processed features for key fmmh0_si907
VLOG[2] (compute-mfcc-feats[5.5.195~1-6f565]:main():compute-mfcc-feats.cc:173) Processed features for key fmmh0_sx7
VLOG[2] (compute-mfcc-feats[5.5.195~1-6f565]:main():compute-mfcc-feats.cc:173) Processed features for key fmpg0_si2232
LOG (compute-mfcc-feats[5.5.195~1-6f565]:main():compute-mfcc-feats.cc:172) Processed 100 utterances
VLOG[2] (compute-mfcc-feats[5.5.195~1-6f565]:main():compute-mfcc-feats.cc:173) Processed features for key fmpg0_sx342
LOG (compute-mfcc-feats[5.5.195~1-6f565]:main():compute-mfcc-feats.cc:176)  Done 100 out of 100 utterances.
LOG (copy-feats[5.5.195~1-6f565]:main():copy-feats.cc:143) Copied 100 feature matrices.
# Accounting: time=12 threads=1
# Ended (code 0) at Sun Feb 24 18:56:26 EST 2019, elapsed time 12 seconds
