# compute-mfcc-feats --verbose=2 --config=conf/mfcc.conf scp,p:exp/make_mfcc/train_1k/wav_train_1k.10.scp ark:- | copy-feats --compress=true ark:- ark,scp:/home/ashea2nd/6345/kaldiwork/egs/6345/lab3/mfcc/raw_mfcc_train_1k.10.ark,/home/ashea2nd/6345/kaldiwork/egs/6345/lab3/mfcc/raw_mfcc_train_1k.10.scp 
# Started at Sun Feb 24 18:56:14 EST 2019
#
copy-feats --compress=true ark:- ark,scp:/home/ashea2nd/6345/kaldiwork/egs/6345/lab3/mfcc/raw_mfcc_train_1k.10.ark,/home/ashea2nd/6345/kaldiwork/egs/6345/lab3/mfcc/raw_mfcc_train_1k.10.scp 
compute-mfcc-feats --verbose=2 --config=conf/mfcc.conf scp,p:exp/make_mfcc/train_1k/wav_train_1k.10.scp ark:- 
VLOG[2] (compute-mfcc-feats[5.5.195~1-6f565]:main():compute-mfcc-feats.cc:173) Processed features for key msvs0_si2198
VLOG[2] (compute-mfcc-feats[5.5.195~1-6f565]:main():compute-mfcc-feats.cc:173) Processed features for key msvs0_sx308
VLOG[2] (compute-mfcc-feats[5.5.195~1-6f565]:main():compute-mfcc-feats.cc:173) Processed features for key mtab0_si1572
VLOG[2] (compute-mfcc-feats[5.5.195~1-6f565]:main():compute-mfcc-feats.cc:173) Processed features for key mtab0_sx222
VLOG[2] (compute-mfcc-feats[5.5.195~1-6f565]:main():compute-mfcc-feats.cc:173) Processed features for key mtas0_si1385
VLOG[2] (compute-mfcc-feats[5.5.195~1-6f565]:main():compute-mfcc-feats.cc:173) Processed features for key mtas0_sx215
VLOG[2] (compute-mfcc-feats[5.5.195~1-6f565]:main():compute-mfcc-feats.cc:173) Processed features for key mtat0_sx120
VLOG[2] (compute-mfcc-feats[5.5.195~1-6f565]:main():compute-mfcc-feats.cc:173) Processed features for key mtat0_sx300
VLOG[2] (compute-mfcc-feats[5.5.195~1-6f565]:main():compute-mfcc-feats.cc:173) Processed features for key mtat1_si779
LOG (compute-mfcc-feats[5.5.195~1-6f565]:main():compute-mfcc-feats.cc:172) Processed 10 utterances
VLOG[2] (compute-mfcc-feats[5.5.195~1-6f565]:main():compute-mfcc-feats.cc:173) Processed features for key mtat1_sx329
VLOG[2] (compute-mfcc-feats[5.5.195~1-6f565]:main():compute-mfcc-feats.cc:173) Processed features for key mtbc0_si1803
VLOG[2] (compute-mfcc-feats[5.5.195~1-6f565]:main():compute-mfcc-feats.cc:173) Processed features for key mtbc0_sx347
VLOG[2] (compute-mfcc-feats[5.5.195~1-6f565]:main():compute-mfcc-feats.cc:173) Processed features for key mtcs0_si2265
VLOG[2] (compute-mfcc-feats[5.5.195~1-6f565]:main():compute-mfcc-feats.cc:173) Processed features for key mtcs0_sx262
VLOG[2] (compute-mfcc-feats[5.5.195~1-6f565]:main():compute-mfcc-feats.cc:173) Processed features for key mtdb0_si1401
VLOG[2] (compute-mfcc-feats[5.5.195~1-6f565]:main():compute-mfcc-feats.cc:173) Processed features for key mtdb0_sx141
VLOG[2] (compute-mfcc-feats[5.5.195~1-6f565]:main():compute-mfcc-feats.cc:173) Processed features for key mtdb0_sx51
VLOG[2] (compute-mfcc-feats[5.5.195~1-6f565]:main():compute-mfcc-feats.cc:173) Processed features for key mtdp0_si2151
VLOG[2] (compute-mfcc-feats[5.5.195~1-6f565]:main():compute-mfcc-feats.cc:173) Processed features for key mtdp0_sx441
LOG (compute-mfcc-feats[5.5.195~1-6f565]:main():compute-mfcc-feats.cc:172) Processed 20 utterances
VLOG[2] (compute-mfcc-feats[5.5.195~1-6f565]:main():compute-mfcc-feats.cc:173) Processed features for key mter0_si527
VLOG[2] (compute-mfcc-feats[5.5.195~1-6f565]:main():compute-mfcc-feats.cc:173) Processed features for key mter0_sx437
VLOG[2] (compute-mfcc-feats[5.5.195~1-6f565]:main():compute-mfcc-feats.cc:173) Processed features for key mtjg0_si2157
VLOG[2] (compute-mfcc-feats[5.5.195~1-6f565]:main():compute-mfcc-feats.cc:173) Processed features for key mtjg0_sx350
VLOG[2] (compute-mfcc-feats[5.5.195~1-6f565]:main():compute-mfcc-feats.cc:173) Processed features for key mtjm0_si1226
VLOG[2] (compute-mfcc-feats[5.5.195~1-6f565]:main():compute-mfcc-feats.cc:173) Processed features for key mtjm0_sx236
VLOG[2] (compute-mfcc-feats[5.5.195~1-6f565]:main():compute-mfcc-feats.cc:173) Processed features for key mtjm0_sx56
VLOG[2] (compute-mfcc-feats[5.5.195~1-6f565]:main():compute-mfcc-feats.cc:173) Processed features for key mtjs0_sx112
VLOG[2] (compute-mfcc-feats[5.5.195~1-6f565]:main():compute-mfcc-feats.cc:173) Processed features for key mtjs0_sx382
VLOG[2] (compute-mfcc-feats[5.5.195~1-6f565]:main():compute-mfcc-feats.cc:173) Processed features for key mtju0_sx130
LOG (compute-mfcc-feats[5.5.195~1-6f565]:main():compute-mfcc-feats.cc:172) Processed 30 utterances
VLOG[2] (compute-mfcc-feats[5.5.195~1-6f565]:main():compute-mfcc-feats.cc:173) Processed features for key mtju0_sx40
VLOG[2] (compute-mfcc-feats[5.5.195~1-6f565]:main():compute-mfcc-feats.cc:173) Processed features for key mtkd0_si630
VLOG[2] (compute-mfcc-feats[5.5.195~1-6f565]:main():compute-mfcc-feats.cc:173) Processed features for key mtkd0_sx197
VLOG[2] (compute-mfcc-feats[5.5.195~1-6f565]:main():compute-mfcc-feats.cc:173) Processed features for key mtkp0_si2283
VLOG[2] (compute-mfcc-feats[5.5.195~1-6f565]:main():compute-mfcc-feats.cc:173) Processed features for key mtkp0_sx213
VLOG[2] (compute-mfcc-feats[5.5.195~1-6f565]:main():compute-mfcc-feats.cc:173) Processed features for key mtlb0_si1134
VLOG[2] (compute-mfcc-feats[5.5.195~1-6f565]:main():compute-mfcc-feats.cc:173) Processed features for key mtlb0_sx234
VLOG[2] (compute-mfcc-feats[5.5.195~1-6f565]:main():compute-mfcc-feats.cc:173) Processed features for key mtlc0_si1313
VLOG[2] (compute-mfcc-feats[5.5.195~1-6f565]:main():compute-mfcc-feats.cc:173) Processed features for key mtlc0_sx397
VLOG[2] (compute-mfcc-feats[5.5.195~1-6f565]:main():compute-mfcc-feats.cc:173) Processed features for key mtml0_si2325
LOG (compute-mfcc-feats[5.5.195~1-6f565]:main():compute-mfcc-feats.cc:172) Processed 40 utterances
VLOG[2] (compute-mfcc-feats[5.5.195~1-6f565]:main():compute-mfcc-feats.cc:173) Processed features for key mtml0_sx435
VLOG[2] (compute-mfcc-feats[5.5.195~1-6f565]:main():compute-mfcc-feats.cc:173) Processed features for key mtmn0_si2324
VLOG[2] (compute-mfcc-feats[5.5.195~1-6f565]:main():compute-mfcc-feats.cc:173) Processed features for key mtmn0_sx344
VLOG[2] (compute-mfcc-feats[5.5.195~1-6f565]:main():compute-mfcc-feats.cc:173) Processed features for key mtmt0_si1118
VLOG[2] (compute-mfcc-feats[5.5.195~1-6f565]:main():compute-mfcc-feats.cc:173) Processed features for key mtmt0_sx218
VLOG[2] (compute-mfcc-feats[5.5.195~1-6f565]:main():compute-mfcc-feats.cc:173) Processed features for key mtmt0_sx398
VLOG[2] (compute-mfcc-feats[5.5.195~1-6f565]:main():compute-mfcc-feats.cc:173) Processed features for key mtpf0_sx155
VLOG[2] (compute-mfcc-feats[5.5.195~1-6f565]:main():compute-mfcc-feats.cc:173) Processed features for key mtpf0_sx425
VLOG[2] (compute-mfcc-feats[5.5.195~1-6f565]:main():compute-mfcc-feats.cc:173) Processed features for key mtpg0_si753
VLOG[2] (compute-mfcc-feats[5.5.195~1-6f565]:main():compute-mfcc-feats.cc:173) Processed features for key mtpg0_sx303
LOG (compute-mfcc-feats[5.5.195~1-6f565]:main():compute-mfcc-feats.cc:172) Processed 50 utterances
VLOG[2] (compute-mfcc-feats[5.5.195~1-6f565]:main():compute-mfcc-feats.cc:173) Processed features for key mtpp0_si2138
VLOG[2] (compute-mfcc-feats[5.5.195~1-6f565]:main():compute-mfcc-feats.cc:173) Processed features for key mtpp0_sx338
VLOG[2] (compute-mfcc-feats[5.5.195~1-6f565]:main():compute-mfcc-feats.cc:173) Processed features for key mtpr0_si2230
VLOG[2] (compute-mfcc-feats[5.5.195~1-6f565]:main():compute-mfcc-feats.cc:173) Processed features for key mtpr0_sx250
VLOG[2] (compute-mfcc-feats[5.5.195~1-6f565]:main():compute-mfcc-feats.cc:173) Processed features for key mtqc0_si1441
VLOG[2] (compute-mfcc-feats[5.5.195~1-6f565]:main():compute-mfcc-feats.cc:173) Processed features for key mtqc0_sx181
VLOG[2] (compute-mfcc-feats[5.5.195~1-6f565]:main():compute-mfcc-feats.cc:173) Processed features for key mtqc0_sx91
VLOG[2] (compute-mfcc-feats[5.5.195~1-6f565]:main():compute-mfcc-feats.cc:173) Processed features for key mtrc0_si993
VLOG[2] (compute-mfcc-feats[5.5.195~1-6f565]:main():compute-mfcc-feats.cc:173) Processed features for key mtrc0_sx363
VLOG[2] (compute-mfcc-feats[5.5.195~1-6f565]:main():compute-mfcc-feats.cc:173) Processed features for key mtrr0_si918
LOG (compute-mfcc-feats[5.5.195~1-6f565]:main():compute-mfcc-feats.cc:172) Processed 60 utterances
VLOG[2] (compute-mfcc-feats[5.5.195~1-6f565]:main():compute-mfcc-feats.cc:173) Processed features for key mtrr0_sx288
VLOG[2] (compute-mfcc-feats[5.5.195~1-6f565]:main():compute-mfcc-feats.cc:173) Processed features for key mtrt0_si1857
VLOG[2] (compute-mfcc-feats[5.5.195~1-6f565]:main():compute-mfcc-feats.cc:173) Processed features for key mtrt0_sx254
VLOG[2] (compute-mfcc-feats[5.5.195~1-6f565]:main():compute-mfcc-feats.cc:173) Processed features for key mtwh1_si1512
VLOG[2] (compute-mfcc-feats[5.5.195~1-6f565]:main():compute-mfcc-feats.cc:173) Processed features for key mtwh1_sx252
VLOG[2] (compute-mfcc-feats[5.5.195~1-6f565]:main():compute-mfcc-feats.cc:173) Processed features for key mtwh1_sx72
VLOG[2] (compute-mfcc-feats[5.5.195~1-6f565]:main():compute-mfcc-feats.cc:173) Processed features for key mtxs0_sx160
VLOG[2] (compute-mfcc-feats[5.5.195~1-6f565]:main():compute-mfcc-feats.cc:173) Processed features for key mtxs0_sx70
VLOG[2] (compute-mfcc-feats[5.5.195~1-6f565]:main():compute-mfcc-feats.cc:173) Processed features for key mvjh0_sx116
VLOG[2] (compute-mfcc-feats[5.5.195~1-6f565]:main():compute-mfcc-feats.cc:173) Processed features for key mvjh0_sx296
LOG (compute-mfcc-feats[5.5.195~1-6f565]:main():compute-mfcc-feats.cc:172) Processed 70 utterances
VLOG[2] (compute-mfcc-feats[5.5.195~1-6f565]:main():compute-mfcc-feats.cc:173) Processed features for key mvlo0_si517
VLOG[2] (compute-mfcc-feats[5.5.195~1-6f565]:main():compute-mfcc-feats.cc:173) Processed features for key mvlo0_sx337
VLOG[2] (compute-mfcc-feats[5.5.195~1-6f565]:main():compute-mfcc-feats.cc:173) Processed features for key mvrw0_si2115
VLOG[2] (compute-mfcc-feats[5.5.195~1-6f565]:main():compute-mfcc-feats.cc:173) Processed features for key mvrw0_sx225
VLOG[2] (compute-mfcc-feats[5.5.195~1-6f565]:main():compute-mfcc-feats.cc:173) Processed features for key mwac0_si1601
VLOG[2] (compute-mfcc-feats[5.5.195~1-6f565]:main():compute-mfcc-feats.cc:173) Processed features for key mwac0_sx251
VLOG[2] (compute-mfcc-feats[5.5.195~1-6f565]:main():compute-mfcc-feats.cc:173) Processed features for key mwad0_si1062
VLOG[2] (compute-mfcc-feats[5.5.195~1-6f565]:main():compute-mfcc-feats.cc:173) Processed features for key mwad0_sx162
VLOG[2] (compute-mfcc-feats[5.5.195~1-6f565]:main():compute-mfcc-feats.cc:173) Processed features for key mwad0_sx72
VLOG[2] (compute-mfcc-feats[5.5.195~1-6f565]:main():compute-mfcc-feats.cc:173) Processed features for key mwar0_si2305
LOG (compute-mfcc-feats[5.5.195~1-6f565]:main():compute-mfcc-feats.cc:172) Processed 80 utterances
VLOG[2] (compute-mfcc-feats[5.5.195~1-6f565]:main():compute-mfcc-feats.cc:173) Processed features for key mwar0_sx415
VLOG[2] (compute-mfcc-feats[5.5.195~1-6f565]:main():compute-mfcc-feats.cc:173) Processed features for key mwch0_si1895
VLOG[2] (compute-mfcc-feats[5.5.195~1-6f565]:main():compute-mfcc-feats.cc:173) Processed features for key mwch0_sx362
VLOG[2] (compute-mfcc-feats[5.5.195~1-6f565]:main():compute-mfcc-feats.cc:173) Processed features for key mwdk0_si2017
VLOG[2] (compute-mfcc-feats[5.5.195~1-6f565]:main():compute-mfcc-feats.cc:173) Processed features for key mwdk0_sx356
VLOG[2] (compute-mfcc-feats[5.5.195~1-6f565]:main():compute-mfcc-feats.cc:173) Processed features for key mwem0_si1320
VLOG[2] (compute-mfcc-feats[5.5.195~1-6f565]:main():compute-mfcc-feats.cc:173) Processed features for key mwem0_sx240
VLOG[2] (compute-mfcc-feats[5.5.195~1-6f565]:main():compute-mfcc-feats.cc:173) Processed features for key mwem0_sx60
VLOG[2] (compute-mfcc-feats[5.5.195~1-6f565]:main():compute-mfcc-feats.cc:173) Processed features for key mwgr0_sx166
VLOG[2] (compute-mfcc-feats[5.5.195~1-6f565]:main():compute-mfcc-feats.cc:173) Processed features for key mwgr0_sx436
LOG (compute-mfcc-feats[5.5.195~1-6f565]:main():compute-mfcc-feats.cc:172) Processed 90 utterances
VLOG[2] (compute-mfcc-feats[5.5.195~1-6f565]:main():compute-mfcc-feats.cc:173) Processed features for key mwre0_si2317
VLOG[2] (compute-mfcc-feats[5.5.195~1-6f565]:main():compute-mfcc-feats.cc:173) Processed features for key mwre0_sx427
VLOG[2] (compute-mfcc-feats[5.5.195~1-6f565]:main():compute-mfcc-feats.cc:173) Processed features for key mwrp0_si2073
VLOG[2] (compute-mfcc-feats[5.5.195~1-6f565]:main():compute-mfcc-feats.cc:173) Processed features for key mwrp0_sx3
VLOG[2] (compute-mfcc-feats[5.5.195~1-6f565]:main():compute-mfcc-feats.cc:173) Processed features for key mwsb0_si2256
VLOG[2] (compute-mfcc-feats[5.5.195~1-6f565]:main():compute-mfcc-feats.cc:173) Processed features for key mwsb0_sx276
VLOG[2] (compute-mfcc-feats[5.5.195~1-6f565]:main():compute-mfcc-feats.cc:173) Processed features for key mwsh0_si1426
VLOG[2] (compute-mfcc-feats[5.5.195~1-6f565]:main():compute-mfcc-feats.cc:173) Processed features for key mwsh0_sx166
VLOG[2] (compute-mfcc-feats[5.5.195~1-6f565]:main():compute-mfcc-feats.cc:173) Processed features for key mwsh0_sx76
VLOG[2] (compute-mfcc-feats[5.5.195~1-6f565]:main():compute-mfcc-feats.cc:173) Processed features for key mzmb0_sx176
LOG (compute-mfcc-feats[5.5.195~1-6f565]:main():compute-mfcc-feats.cc:172) Processed 100 utterances
VLOG[2] (compute-mfcc-feats[5.5.195~1-6f565]:main():compute-mfcc-feats.cc:173) Processed features for key mzmb0_sx86
LOG (compute-mfcc-feats[5.5.195~1-6f565]:main():compute-mfcc-feats.cc:176)  Done 100 out of 100 utterances.
LOG (copy-feats[5.5.195~1-6f565]:main():copy-feats.cc:143) Copied 100 feature matrices.
# Accounting: time=12 threads=1
# Ended (code 0) at Sun Feb 24 18:56:26 EST 2019, elapsed time 12 seconds
