# compute-plp-feats --verbose=2 --config=conf/plp.conf scp,p:exp/make_feats/train_1k/wav_train_1k.2.scp ark:- | copy-feats --compress=true ark:- ark,scp:/home/ashea2nd/kaldiwork/egs/6345/lab1/feats/raw_plp_train_1k.2.ark,/home/ashea2nd/kaldiwork/egs/6345/lab1/feats/raw_plp_train_1k.2.scp 
# Started at Wed Feb 13 13:10:12 EST 2019
#
copy-feats --compress=true ark:- ark,scp:/home/ashea2nd/kaldiwork/egs/6345/lab1/feats/raw_plp_train_1k.2.ark,/home/ashea2nd/kaldiwork/egs/6345/lab1/feats/raw_plp_train_1k.2.scp 
compute-plp-feats --verbose=2 --config=conf/plp.conf scp,p:exp/make_feats/train_1k/wav_train_1k.2.scp ark:- 
VLOG[2] (compute-plp-feats[5.5.195~1-6f565]:main():compute-plp-feats.cc:173) Processed features for key al_98169a
VLOG[2] (compute-plp-feats[5.5.195~1-6f565]:main():compute-plp-feats.cc:173) Processed features for key al_oo13492a
VLOG[2] (compute-plp-feats[5.5.195~1-6f565]:main():compute-plp-feats.cc:173) Processed features for key al_zz363a
VLOG[2] (compute-plp-feats[5.5.195~1-6f565]:main():compute-plp-feats.cc:173) Processed features for key an_233a
VLOG[2] (compute-plp-feats[5.5.195~1-6f565]:main():compute-plp-feats.cc:173) Processed features for key an_3a
VLOG[2] (compute-plp-feats[5.5.195~1-6f565]:main():compute-plp-feats.cc:173) Processed features for key an_442z6a
VLOG[2] (compute-plp-feats[5.5.195~1-6f565]:main():compute-plp-feats.cc:173) Processed features for key an_5oa
VLOG[2] (compute-plp-feats[5.5.195~1-6f565]:main():compute-plp-feats.cc:173) Processed features for key an_71996a
VLOG[2] (compute-plp-feats[5.5.195~1-6f565]:main():compute-plp-feats.cc:173) Processed features for key an_85a
LOG (compute-plp-feats[5.5.195~1-6f565]:main():compute-plp-feats.cc:172) Processed 10 utterances
VLOG[2] (compute-plp-feats[5.5.195~1-6f565]:main():compute-plp-feats.cc:173) Processed features for key an_94o8a
VLOG[2] (compute-plp-feats[5.5.195~1-6f565]:main():compute-plp-feats.cc:173) Processed features for key an_o566a
VLOG[2] (compute-plp-feats[5.5.195~1-6f565]:main():compute-plp-feats.cc:173) Processed features for key an_zb
VLOG[2] (compute-plp-feats[5.5.195~1-6f565]:main():compute-plp-feats.cc:173) Processed features for key aw_33a
VLOG[2] (compute-plp-feats[5.5.195~1-6f565]:main():compute-plp-feats.cc:173) Processed features for key aw_468a
VLOG[2] (compute-plp-feats[5.5.195~1-6f565]:main():compute-plp-feats.cc:173) Processed features for key aw_5ooa
VLOG[2] (compute-plp-feats[5.5.195~1-6f565]:main():compute-plp-feats.cc:173) Processed features for key aw_6b
VLOG[2] (compute-plp-feats[5.5.195~1-6f565]:main():compute-plp-feats.cc:173) Processed features for key aw_82a
VLOG[2] (compute-plp-feats[5.5.195~1-6f565]:main():compute-plp-feats.cc:173) Processed features for key aw_93971a
VLOG[2] (compute-plp-feats[5.5.195~1-6f565]:main():compute-plp-feats.cc:173) Processed features for key aw_o665o99a
LOG (compute-plp-feats[5.5.195~1-6f565]:main():compute-plp-feats.cc:172) Processed 20 utterances
VLOG[2] (compute-plp-feats[5.5.195~1-6f565]:main():compute-plp-feats.cc:173) Processed features for key aw_zb
VLOG[2] (compute-plp-feats[5.5.195~1-6f565]:main():compute-plp-feats.cc:173) Processed features for key bd_1a
VLOG[2] (compute-plp-feats[5.5.195~1-6f565]:main():compute-plp-feats.cc:173) Processed features for key bd_2b
VLOG[2] (compute-plp-feats[5.5.195~1-6f565]:main():compute-plp-feats.cc:173) Processed features for key bd_4293za
VLOG[2] (compute-plp-feats[5.5.195~1-6f565]:main():compute-plp-feats.cc:173) Processed features for key bd_5899o37a
VLOG[2] (compute-plp-feats[5.5.195~1-6f565]:main():compute-plp-feats.cc:173) Processed features for key bd_6a
VLOG[2] (compute-plp-feats[5.5.195~1-6f565]:main():compute-plp-feats.cc:173) Processed features for key bd_7b
VLOG[2] (compute-plp-feats[5.5.195~1-6f565]:main():compute-plp-feats.cc:173) Processed features for key bd_9235326a
VLOG[2] (compute-plp-feats[5.5.195~1-6f565]:main():compute-plp-feats.cc:173) Processed features for key bd_o7a
VLOG[2] (compute-plp-feats[5.5.195~1-6f565]:main():compute-plp-feats.cc:173) Processed features for key bd_z4zz815a
LOG (compute-plp-feats[5.5.195~1-6f565]:main():compute-plp-feats.cc:172) Processed 30 utterances
VLOG[2] (compute-plp-feats[5.5.195~1-6f565]:main():compute-plp-feats.cc:173) Processed features for key bh_1916a
VLOG[2] (compute-plp-feats[5.5.195~1-6f565]:main():compute-plp-feats.cc:173) Processed features for key bh_2a
VLOG[2] (compute-plp-feats[5.5.195~1-6f565]:main():compute-plp-feats.cc:173) Processed features for key bh_3z325a
VLOG[2] (compute-plp-feats[5.5.195~1-6f565]:main():compute-plp-feats.cc:173) Processed features for key bh_55z8a
VLOG[2] (compute-plp-feats[5.5.195~1-6f565]:main():compute-plp-feats.cc:173) Processed features for key bh_67a
VLOG[2] (compute-plp-feats[5.5.195~1-6f565]:main():compute-plp-feats.cc:173) Processed features for key bh_7b
VLOG[2] (compute-plp-feats[5.5.195~1-6f565]:main():compute-plp-feats.cc:173) Processed features for key bh_8b
VLOG[2] (compute-plp-feats[5.5.195~1-6f565]:main():compute-plp-feats.cc:173) Processed features for key bh_o2852a
VLOG[2] (compute-plp-feats[5.5.195~1-6f565]:main():compute-plp-feats.cc:173) Processed features for key bh_z2a
VLOG[2] (compute-plp-feats[5.5.195~1-6f565]:main():compute-plp-feats.cc:173) Processed features for key bi_169a
LOG (compute-plp-feats[5.5.195~1-6f565]:main():compute-plp-feats.cc:172) Processed 40 utterances
VLOG[2] (compute-plp-feats[5.5.195~1-6f565]:main():compute-plp-feats.cc:173) Processed features for key bi_2a
VLOG[2] (compute-plp-feats[5.5.195~1-6f565]:main():compute-plp-feats.cc:173) Processed features for key bi_3z335a
VLOG[2] (compute-plp-feats[5.5.195~1-6f565]:main():compute-plp-feats.cc:173) Processed features for key bi_51178a
VLOG[2] (compute-plp-feats[5.5.195~1-6f565]:main():compute-plp-feats.cc:173) Processed features for key bi_66a
VLOG[2] (compute-plp-feats[5.5.195~1-6f565]:main():compute-plp-feats.cc:173) Processed features for key bi_7481z25a
VLOG[2] (compute-plp-feats[5.5.195~1-6f565]:main():compute-plp-feats.cc:173) Processed features for key bi_87324a
VLOG[2] (compute-plp-feats[5.5.195~1-6f565]:main():compute-plp-feats.cc:173) Processed features for key bi_9a
VLOG[2] (compute-plp-feats[5.5.195~1-6f565]:main():compute-plp-feats.cc:173) Processed features for key bi_z19a
VLOG[2] (compute-plp-feats[5.5.195~1-6f565]:main():compute-plp-feats.cc:173) Processed features for key br_1249267a
VLOG[2] (compute-plp-feats[5.5.195~1-6f565]:main():compute-plp-feats.cc:173) Processed features for key br_26287a
LOG (compute-plp-feats[5.5.195~1-6f565]:main():compute-plp-feats.cc:172) Processed 50 utterances
VLOG[2] (compute-plp-feats[5.5.195~1-6f565]:main():compute-plp-feats.cc:173) Processed features for key br_3o27469a
LOG (compute-plp-feats[5.5.195~1-6f565]:main():compute-plp-feats.cc:176)  Done 50 out of 50 utterances.
LOG (copy-feats[5.5.195~1-6f565]:main():copy-feats.cc:143) Copied 50 feature matrices.
# Accounting: time=12 threads=1
# Ended (code 0) at Wed Feb 13 13:10:24 EST 2019, elapsed time 12 seconds
