# gmm-align-compiled --transition-scale=1.0 --acoustic-scale=0.1 --self-loop-scale=0.1 --beam=10 --retry-beam=40 --careful=false "gmm-boost-silence --boost=1.0 1 exp/mono_t7/12.mdl - |" "ark:gunzip -c exp/mono_t7/fsts.1.gz|" "ark,s,cs:apply-cmvn  --utt2spk=ark:data/train_1k/split4/1/utt2spk scp:data/train_1k/split4/1/cmvn.scp scp:data/train_1k/split4/1/feats.scp ark:- | add-deltas  ark:- ark:- |" "ark,t:|gzip -c >exp/mono_t7/ali.1.gz" 
# Started at Sun Feb 24 21:15:23 EST 2019
#
gmm-align-compiled --transition-scale=1.0 --acoustic-scale=0.1 --self-loop-scale=0.1 --beam=10 --retry-beam=40 --careful=false 'gmm-boost-silence --boost=1.0 1 exp/mono_t7/12.mdl - |' 'ark:gunzip -c exp/mono_t7/fsts.1.gz|' 'ark,s,cs:apply-cmvn  --utt2spk=ark:data/train_1k/split4/1/utt2spk scp:data/train_1k/split4/1/cmvn.scp scp:data/train_1k/split4/1/feats.scp ark:- | add-deltas  ark:- ark:- |' 'ark,t:|gzip -c >exp/mono_t7/ali.1.gz' 
gmm-boost-silence --boost=1.0 1 exp/mono_t7/12.mdl - 
LOG (gmm-boost-silence[5.5.195~1-6f565]:main():gmm-boost-silence.cc:93) Boosted weights for 3 pdfs, by factor of 1
LOG (gmm-boost-silence[5.5.195~1-6f565]:main():gmm-boost-silence.cc:103) Wrote model to -
apply-cmvn --utt2spk=ark:data/train_1k/split4/1/utt2spk scp:data/train_1k/split4/1/cmvn.scp scp:data/train_1k/split4/1/feats.scp ark:- 
add-deltas ark:- ark:- 
LOG (gmm-align-compiled[5.5.195~1-6f565]:main():gmm-align-compiled.cc:127) faem0_sx402
LOG (gmm-align-compiled[5.5.195~1-6f565]:main():gmm-align-compiled.cc:127) fajw0_si1893
LOG (gmm-align-compiled[5.5.195~1-6f565]:main():gmm-align-compiled.cc:127) fajw0_sx3
LOG (gmm-align-compiled[5.5.195~1-6f565]:main():gmm-align-compiled.cc:127) falk0_si1086
LOG (gmm-align-compiled[5.5.195~1-6f565]:main():gmm-align-compiled.cc:127) falk0_sx276
LOG (gmm-align-compiled[5.5.195~1-6f565]:main():gmm-align-compiled.cc:127) falk0_sx96
LOG (gmm-align-compiled[5.5.195~1-6f565]:main():gmm-align-compiled.cc:127) falr0_sx155
LOG (gmm-align-compiled[5.5.195~1-6f565]:main():gmm-align-compiled.cc:127) falr0_sx425
LOG (gmm-align-compiled[5.5.195~1-6f565]:main():gmm-align-compiled.cc:127) fapb0_si2323
LOG (gmm-align-compiled[5.5.195~1-6f565]:main():gmm-align-compiled.cc:127) fapb0_sx343
LOG (gmm-align-compiled[5.5.195~1-6f565]:main():gmm-align-compiled.cc:127) fbas0_si1472
LOG (gmm-align-compiled[5.5.195~1-6f565]:main():gmm-align-compiled.cc:127) fbas0_sx217
LOG (gmm-align-compiled[5.5.195~1-6f565]:main():gmm-align-compiled.cc:127) fbcg1_si1612
LOG (gmm-align-compiled[5.5.195~1-6f565]:main():gmm-align-compiled.cc:127) fbcg1_sx262
LOG (gmm-align-compiled[5.5.195~1-6f565]:main():gmm-align-compiled.cc:127) fbch0_si1586
LOG (gmm-align-compiled[5.5.195~1-6f565]:main():gmm-align-compiled.cc:127) fbch0_sx146
LOG (gmm-align-compiled[5.5.195~1-6f565]:main():gmm-align-compiled.cc:127) fbch0_sx56
LOG (gmm-align-compiled[5.5.195~1-6f565]:main():gmm-align-compiled.cc:127) fbjl0_si922
LOG (gmm-align-compiled[5.5.195~1-6f565]:main():gmm-align-compiled.cc:127) fbjl0_sx292
LOG (gmm-align-compiled[5.5.195~1-6f565]:main():gmm-align-compiled.cc:127) fblv0_si1688
LOG (gmm-align-compiled[5.5.195~1-6f565]:main():gmm-align-compiled.cc:127) fblv0_sx338
LOG (gmm-align-compiled[5.5.195~1-6f565]:main():gmm-align-compiled.cc:127) fbmh0_si1766
LOG (gmm-align-compiled[5.5.195~1-6f565]:main():gmm-align-compiled.cc:127) fbmh0_sx326
LOG (gmm-align-compiled[5.5.195~1-6f565]:main():gmm-align-compiled.cc:127) fbmj0_si1776
LOG (gmm-align-compiled[5.5.195~1-6f565]:main():gmm-align-compiled.cc:127) fbmj0_sx246
LOG (gmm-align-compiled[5.5.195~1-6f565]:main():gmm-align-compiled.cc:127) fbmj0_sx66
LOG (gmm-align-compiled[5.5.195~1-6f565]:main():gmm-align-compiled.cc:127) fcag0_sx153
LOG (gmm-align-compiled[5.5.195~1-6f565]:main():gmm-align-compiled.cc:127) fcag0_sx423
LOG (gmm-align-compiled[5.5.195~1-6f565]:main():gmm-align-compiled.cc:127) fcaj0_si849
LOG (gmm-align-compiled[5.5.195~1-6f565]:main():gmm-align-compiled.cc:127) fcaj0_sx39
LOG (gmm-align-compiled[5.5.195~1-6f565]:main():gmm-align-compiled.cc:127) fcdr1_si556
LOG (gmm-align-compiled[5.5.195~1-6f565]:main():gmm-align-compiled.cc:127) fceg0_si1878
LOG (gmm-align-compiled[5.5.195~1-6f565]:main():gmm-align-compiled.cc:127) fceg0_sx258
LOG (gmm-align-compiled[5.5.195~1-6f565]:main():gmm-align-compiled.cc:127) fcjf0_si1027
LOG (gmm-align-compiled[5.5.195~1-6f565]:main():gmm-align-compiled.cc:127) fcjf0_sx127
LOG (gmm-align-compiled[5.5.195~1-6f565]:main():gmm-align-compiled.cc:127) fcjf0_sx397
LOG (gmm-align-compiled[5.5.195~1-6f565]:main():gmm-align-compiled.cc:127) fcjs0_sx167
LOG (gmm-align-compiled[5.5.195~1-6f565]:main():gmm-align-compiled.cc:127) fcjs0_sx77
LOG (gmm-align-compiled[5.5.195~1-6f565]:main():gmm-align-compiled.cc:127) fcke0_si481
LOG (gmm-align-compiled[5.5.195~1-6f565]:main():gmm-align-compiled.cc:127) fcke0_sx31
LOG (gmm-align-compiled[5.5.195~1-6f565]:main():gmm-align-compiled.cc:127) fclt0_si2068
LOG (gmm-align-compiled[5.5.195~1-6f565]:main():gmm-align-compiled.cc:127) fclt0_sx358
LOG (gmm-align-compiled[5.5.195~1-6f565]:main():gmm-align-compiled.cc:127) fcmg0_si1142
LOG (gmm-align-compiled[5.5.195~1-6f565]:main():gmm-align-compiled.cc:127) fcmg0_sx252
LOG (gmm-align-compiled[5.5.195~1-6f565]:main():gmm-align-compiled.cc:127) fcmm0_si1083
LOG (gmm-align-compiled[5.5.195~1-6f565]:main():gmm-align-compiled.cc:127) fcmm0_sx273
LOG (gmm-align-compiled[5.5.195~1-6f565]:main():gmm-align-compiled.cc:127) fcmm0_sx93
LOG (gmm-align-compiled[5.5.195~1-6f565]:main():gmm-align-compiled.cc:127) fcrz0_sx163
LOG (gmm-align-compiled[5.5.195~1-6f565]:main():gmm-align-compiled.cc:127) fcrz0_sx433
LOG (gmm-align-compiled[5.5.195~1-6f565]:main():gmm-align-compiled.cc:127) fcyl0_si667
LOG (gmm-align-compiled[5.5.195~1-6f565]:main():gmm-align-compiled.cc:127) fcyl0_sx349
LOG (gmm-align-compiled[5.5.195~1-6f565]:main():gmm-align-compiled.cc:127) fdas1_si2091
LOG (gmm-align-compiled[5.5.195~1-6f565]:main():gmm-align-compiled.cc:127) fdas1_sx21
LOG (gmm-align-compiled[5.5.195~1-6f565]:main():gmm-align-compiled.cc:127) fdaw0_si1406
LOG (gmm-align-compiled[5.5.195~1-6f565]:main():gmm-align-compiled.cc:127) fdaw0_sx236
LOG (gmm-align-compiled[5.5.195~1-6f565]:main():gmm-align-compiled.cc:127) fdfb0_si1318
LOG (gmm-align-compiled[5.5.195~1-6f565]:main():gmm-align-compiled.cc:127) fdfb0_sx148
LOG (gmm-align-compiled[5.5.195~1-6f565]:main():gmm-align-compiled.cc:127) fdfb0_sx58
LOG (gmm-align-compiled[5.5.195~1-6f565]:main():gmm-align-compiled.cc:127) fdjh0_si935
LOG (gmm-align-compiled[5.5.195~1-6f565]:main():gmm-align-compiled.cc:127) fdjh0_sx35
LOG (gmm-align-compiled[5.5.195~1-6f565]:main():gmm-align-compiled.cc:127) fdkn0_si1711
LOG (gmm-align-compiled[5.5.195~1-6f565]:main():gmm-align-compiled.cc:127) fdkn0_sx451
LOG (gmm-align-compiled[5.5.195~1-6f565]:main():gmm-align-compiled.cc:127) fdml0_sx339
LOG (gmm-align-compiled[5.5.195~1-6f565]:main():gmm-align-compiled.cc:127) fdmy0_si1197
LOG (gmm-align-compiled[5.5.195~1-6f565]:main():gmm-align-compiled.cc:127) fdmy0_sx207
LOG (gmm-align-compiled[5.5.195~1-6f565]:main():gmm-align-compiled.cc:127) fdmy0_sx387
LOG (gmm-align-compiled[5.5.195~1-6f565]:main():gmm-align-compiled.cc:127) fdnc0_sx108
LOG (gmm-align-compiled[5.5.195~1-6f565]:main():gmm-align-compiled.cc:127) fdnc0_sx288
LOG (gmm-align-compiled[5.5.195~1-6f565]:main():gmm-align-compiled.cc:127) fdtd0_si931
LOG (gmm-align-compiled[5.5.195~1-6f565]:main():gmm-align-compiled.cc:127) fdtd0_sx301
LOG (gmm-align-compiled[5.5.195~1-6f565]:main():gmm-align-compiled.cc:127) fdxw0_si2141
LOG (gmm-align-compiled[5.5.195~1-6f565]:main():gmm-align-compiled.cc:127) fdxw0_sx251
LOG (gmm-align-compiled[5.5.195~1-6f565]:main():gmm-align-compiled.cc:127) feac0_si1245
LOG (gmm-align-compiled[5.5.195~1-6f565]:main():gmm-align-compiled.cc:127) feac0_sx165
LOG (gmm-align-compiled[5.5.195~1-6f565]:main():gmm-align-compiled.cc:127) feac0_sx75
LOG (gmm-align-compiled[5.5.195~1-6f565]:main():gmm-align-compiled.cc:127) fear0_sx172
LOG (gmm-align-compiled[5.5.195~1-6f565]:main():gmm-align-compiled.cc:127) fear0_sx82
LOG (gmm-align-compiled[5.5.195~1-6f565]:main():gmm-align-compiled.cc:127) fecd0_si788
LOG (gmm-align-compiled[5.5.195~1-6f565]:main():gmm-align-compiled.cc:127) fecd0_sx428
LOG (gmm-align-compiled[5.5.195~1-6f565]:main():gmm-align-compiled.cc:127) feeh0_si1742
LOG (gmm-align-compiled[5.5.195~1-6f565]:main():gmm-align-compiled.cc:127) feeh0_sx302
LOG (gmm-align-compiled[5.5.195~1-6f565]:main():gmm-align-compiled.cc:127) feme0_si1505
LOG (gmm-align-compiled[5.5.195~1-6f565]:main():gmm-align-compiled.cc:127) feme0_sx245
LOG (gmm-align-compiled[5.5.195~1-6f565]:main():gmm-align-compiled.cc:127) fetb0_si1148
LOG (gmm-align-compiled[5.5.195~1-6f565]:main():gmm-align-compiled.cc:127) fetb0_sx248
LOG (gmm-align-compiled[5.5.195~1-6f565]:main():gmm-align-compiled.cc:127) fetb0_sx68
LOG (gmm-align-compiled[5.5.195~1-6f565]:main():gmm-align-compiled.cc:127) fexm0_sx111
LOG (gmm-align-compiled[5.5.195~1-6f565]:main():gmm-align-compiled.cc:127) fexm0_sx366
LOG (gmm-align-compiled[5.5.195~1-6f565]:main():gmm-align-compiled.cc:127) fgcs0_si856
LOG (gmm-align-compiled[5.5.195~1-6f565]:main():gmm-align-compiled.cc:127) fgcs0_sx316
LOG (gmm-align-compiled[5.5.195~1-6f565]:main():gmm-align-compiled.cc:127) fgdp0_si2248
LOG (gmm-align-compiled[5.5.195~1-6f565]:main():gmm-align-compiled.cc:127) fgdp0_sx358
LOG (gmm-align-compiled[5.5.195~1-6f565]:main():gmm-align-compiled.cc:127) fgmb0_si1775
LOG (gmm-align-compiled[5.5.195~1-6f565]:main():gmm-align-compiled.cc:127) fgmb0_sx245
LOG (gmm-align-compiled[5.5.195~1-6f565]:main():gmm-align-compiled.cc:127) fgrw0_si1152
LOG (gmm-align-compiled[5.5.195~1-6f565]:main():gmm-align-compiled.cc:127) fgrw0_sx162
LOG (gmm-align-compiled[5.5.195~1-6f565]:main():gmm-align-compiled.cc:127) fgrw0_sx72
LOG (gmm-align-compiled[5.5.195~1-6f565]:main():gmm-align-compiled.cc:127) fhlm0_si930
LOG (gmm-align-compiled[5.5.195~1-6f565]:main():gmm-align-compiled.cc:127) fhlm0_sx349
LOG (gmm-align-compiled[5.5.195~1-6f565]:main():gmm-align-compiled.cc:127) fhxs0_si2335
LOG (gmm-align-compiled[5.5.195~1-6f565]:main():gmm-align-compiled.cc:127) fhxs0_sx445
LOG (gmm-align-compiled[5.5.195~1-6f565]:main():gmm-align-compiled.cc:127) fjdm2_si1964
LOG (gmm-align-compiled[5.5.195~1-6f565]:main():gmm-align-compiled.cc:127) fjdm2_sx322
LOG (gmm-align-compiled[5.5.195~1-6f565]:main():gmm-align-compiled.cc:127) fjen0_si1047
LOG (gmm-align-compiled[5.5.195~1-6f565]:main():gmm-align-compiled.cc:127) fjen0_sx237
LOG (gmm-align-compiled[5.5.195~1-6f565]:main():gmm-align-compiled.cc:127) fjen0_sx57
LOG (gmm-align-compiled[5.5.195~1-6f565]:main():gmm-align-compiled.cc:127) fjhk0_sx122
LOG (gmm-align-compiled[5.5.195~1-6f565]:main():gmm-align-compiled.cc:127) fjhk0_sx392
LOG (gmm-align-compiled[5.5.195~1-6f565]:main():gmm-align-compiled.cc:127) fjkl0_sx122
LOG (gmm-align-compiled[5.5.195~1-6f565]:main():gmm-align-compiled.cc:127) fjkl0_sx32
LOG (gmm-align-compiled[5.5.195~1-6f565]:main():gmm-align-compiled.cc:127) fjlg0_si2306
LOG (gmm-align-compiled[5.5.195~1-6f565]:main():gmm-align-compiled.cc:127) fjlg0_sx359
LOG (gmm-align-compiled[5.5.195~1-6f565]:main():gmm-align-compiled.cc:127) fjlr0_si1861
LOG (gmm-align-compiled[5.5.195~1-6f565]:main():gmm-align-compiled.cc:127) fjlr0_sx241
LOG (gmm-align-compiled[5.5.195~1-6f565]:main():gmm-align-compiled.cc:127) fjrb0_si1302
LOG (gmm-align-compiled[5.5.195~1-6f565]:main():gmm-align-compiled.cc:127) fjrb0_sx222
LOG (gmm-align-compiled[5.5.195~1-6f565]:main():gmm-align-compiled.cc:127) fjrp1_si1432
LOG (gmm-align-compiled[5.5.195~1-6f565]:main():gmm-align-compiled.cc:127) fjrp1_sx172
LOG (gmm-align-compiled[5.5.195~1-6f565]:main():gmm-align-compiled.cc:127) fjrp1_sx82
LOG (gmm-align-compiled[5.5.195~1-6f565]:main():gmm-align-compiled.cc:127) fjsk0_si2312
LOG (gmm-align-compiled[5.5.195~1-6f565]:main():gmm-align-compiled.cc:127) fjsk0_sx422
LOG (gmm-align-compiled[5.5.195~1-6f565]:main():gmm-align-compiled.cc:127) fjsp0_si1763
LOG (gmm-align-compiled[5.5.195~1-6f565]:main():gmm-align-compiled.cc:127) fjsp0_sx354
LOG (gmm-align-compiled[5.5.195~1-6f565]:main():gmm-align-compiled.cc:127) fjwb1_si748
LOG (gmm-align-compiled[5.5.195~1-6f565]:main():gmm-align-compiled.cc:127) fjwb1_sx345
LOG (gmm-align-compiled[5.5.195~1-6f565]:main():gmm-align-compiled.cc:127) fjxm0_sx221
LOG (gmm-align-compiled[5.5.195~1-6f565]:main():gmm-align-compiled.cc:127) fjxm0_sx41
LOG (gmm-align-compiled[5.5.195~1-6f565]:main():gmm-align-compiled.cc:127) fjxp0_sx132
LOG (gmm-align-compiled[5.5.195~1-6f565]:main():gmm-align-compiled.cc:127) fjxp0_sx402
LOG (gmm-align-compiled[5.5.195~1-6f565]:main():gmm-align-compiled.cc:127) fkaa0_si578
LOG (gmm-align-compiled[5.5.195~1-6f565]:main():gmm-align-compiled.cc:127) fkaa0_sx308
LOG (gmm-align-compiled[5.5.195~1-6f565]:main():gmm-align-compiled.cc:127) fkde0_si1771
LOG (gmm-align-compiled[5.5.195~1-6f565]:main():gmm-align-compiled.cc:127) fkde0_sx241
LOG (gmm-align-compiled[5.5.195~1-6f565]:main():gmm-align-compiled.cc:127) fkdw0_si1207
LOG (gmm-align-compiled[5.5.195~1-6f565]:main():gmm-align-compiled.cc:127) fkdw0_sx127
LOG (gmm-align-compiled[5.5.195~1-6f565]:main():gmm-align-compiled.cc:127) fkdw0_sx397
LOG (gmm-align-compiled[5.5.195~1-6f565]:main():gmm-align-compiled.cc:127) fkfb0_si978
LOG (gmm-align-compiled[5.5.195~1-6f565]:main():gmm-align-compiled.cc:127) fkfb0_sx438
LOG (gmm-align-compiled[5.5.195~1-6f565]:main():gmm-align-compiled.cc:127) fkkh0_si660
LOG (gmm-align-compiled[5.5.195~1-6f565]:main():gmm-align-compiled.cc:127) fkkh0_sx300
LOG (gmm-align-compiled[5.5.195~1-6f565]:main():gmm-align-compiled.cc:127) fklc0_si2245
LOG (gmm-align-compiled[5.5.195~1-6f565]:main():gmm-align-compiled.cc:127) fklc0_sx355
LOG (gmm-align-compiled[5.5.195~1-6f565]:main():gmm-align-compiled.cc:127) fklc1_si1048
LOG (gmm-align-compiled[5.5.195~1-6f565]:main():gmm-align-compiled.cc:127) fklc1_sx238
LOG (gmm-align-compiled[5.5.195~1-6f565]:main():gmm-align-compiled.cc:127) fklc1_sx58
LOG (gmm-align-compiled[5.5.195~1-6f565]:main():gmm-align-compiled.cc:127) fklh0_sx177
LOG (gmm-align-compiled[5.5.195~1-6f565]:main():gmm-align-compiled.cc:127) fklh0_sx87
LOG (gmm-align-compiled[5.5.195~1-6f565]:main():gmm-align-compiled.cc:127) fksr0_sx161
LOG (gmm-align-compiled[5.5.195~1-6f565]:main():gmm-align-compiled.cc:127) fksr0_sx37
LOG (gmm-align-compiled[5.5.195~1-6f565]:main():gmm-align-compiled.cc:127) flac0_si901
LOG (gmm-align-compiled[5.5.195~1-6f565]:main():gmm-align-compiled.cc:127) flac0_sx361
LOG (gmm-align-compiled[5.5.195~1-6f565]:main():gmm-align-compiled.cc:127) flag0_si2094
LOG (gmm-align-compiled[5.5.195~1-6f565]:main():gmm-align-compiled.cc:127) flag0_sx204
LOG (gmm-align-compiled[5.5.195~1-6f565]:main():gmm-align-compiled.cc:127) fleh0_si1051
LOG (gmm-align-compiled[5.5.195~1-6f565]:main():gmm-align-compiled.cc:127) fleh0_sx241
LOG (gmm-align-compiled[5.5.195~1-6f565]:main():gmm-align-compiled.cc:127) flet0_si1137
LOG (gmm-align-compiled[5.5.195~1-6f565]:main():gmm-align-compiled.cc:127) flet0_sx57
LOG (gmm-align-compiled[5.5.195~1-6f565]:main():gmm-align-compiled.cc:127) flhd0_si1974
LOG (gmm-align-compiled[5.5.195~1-6f565]:main():gmm-align-compiled.cc:127) flhd0_sx444
LOG (gmm-align-compiled[5.5.195~1-6f565]:main():gmm-align-compiled.cc:127) flja0_si1708
LOG (gmm-align-compiled[5.5.195~1-6f565]:main():gmm-align-compiled.cc:127) flja0_sx358
LOG (gmm-align-compiled[5.5.195~1-6f565]:main():gmm-align-compiled.cc:127) fljd0_si2146
LOG (gmm-align-compiled[5.5.195~1-6f565]:main():gmm-align-compiled.cc:127) fljd0_sx346
LOG (gmm-align-compiled[5.5.195~1-6f565]:main():gmm-align-compiled.cc:127) fljg0_si1611
LOG (gmm-align-compiled[5.5.195~1-6f565]:main():gmm-align-compiled.cc:127) fljg0_sx261
LOG (gmm-align-compiled[5.5.195~1-6f565]:main():gmm-align-compiled.cc:127) fljg0_sx81
LOG (gmm-align-compiled[5.5.195~1-6f565]:main():gmm-align-compiled.cc:127) flkm0_sx116
LOG (gmm-align-compiled[5.5.195~1-6f565]:main():gmm-align-compiled.cc:127) flkm0_sx440
LOG (gmm-align-compiled[5.5.195~1-6f565]:main():gmm-align-compiled.cc:127) flma0_si613
LOG (gmm-align-compiled[5.5.195~1-6f565]:main():gmm-align-compiled.cc:127) flma0_sx433
LOG (gmm-align-compiled[5.5.195~1-6f565]:main():gmm-align-compiled.cc:127) flmc0_si742
LOG (gmm-align-compiled[5.5.195~1-6f565]:main():gmm-align-compiled.cc:127) flmc0_sx292
LOG (gmm-align-compiled[5.5.195~1-6f565]:main():gmm-align-compiled.cc:127) flmk0_si1229
LOG (gmm-align-compiled[5.5.195~1-6f565]:main():gmm-align-compiled.cc:127) flmk0_sx225
LOG (gmm-align-compiled[5.5.195~1-6f565]:main():gmm-align-compiled.cc:127) flod0_si1287
LOG (gmm-align-compiled[5.5.195~1-6f565]:main():gmm-align-compiled.cc:127) flod0_sx117
LOG (gmm-align-compiled[5.5.195~1-6f565]:main():gmm-align-compiled.cc:127) flod0_sx387
LOG (gmm-align-compiled[5.5.195~1-6f565]:main():gmm-align-compiled.cc:127) fltm0_sx170
LOG (gmm-align-compiled[5.5.195~1-6f565]:main():gmm-align-compiled.cc:127) fltm0_sx80
LOG (gmm-align-compiled[5.5.195~1-6f565]:main():gmm-align-compiled.cc:127) fmah1_si879
LOG (gmm-align-compiled[5.5.195~1-6f565]:main():gmm-align-compiled.cc:127) fmah1_sx429
LOG (gmm-align-compiled[5.5.195~1-6f565]:main():gmm-align-compiled.cc:127) fmbg0_si1790
LOG (gmm-align-compiled[5.5.195~1-6f565]:main():gmm-align-compiled.cc:127) fmbg0_sx350
LOG (gmm-align-compiled[5.5.195~1-6f565]:main():gmm-align-compiled.cc:127) fmem0_si1377
LOG (gmm-align-compiled[5.5.195~1-6f565]:main():gmm-align-compiled.cc:127) fmem0_sx207
LOG (gmm-align-compiled[5.5.195~1-6f565]:main():gmm-align-compiled.cc:127) fmjb0_si1177
LOG (gmm-align-compiled[5.5.195~1-6f565]:main():gmm-align-compiled.cc:127) fmjb0_sx277
LOG (gmm-align-compiled[5.5.195~1-6f565]:main():gmm-align-compiled.cc:127) fmjf0_sx174
LOG (gmm-align-compiled[5.5.195~1-6f565]:main():gmm-align-compiled.cc:127) fmjf0_sx444
LOG (gmm-align-compiled[5.5.195~1-6f565]:main():gmm-align-compiled.cc:127) fmju0_si759
LOG (gmm-align-compiled[5.5.195~1-6f565]:main():gmm-align-compiled.cc:127) fmju0_sx309
LOG (gmm-align-compiled[5.5.195~1-6f565]:main():gmm-align-compiled.cc:127) fmkc0_si1072
LOG (gmm-align-compiled[5.5.195~1-6f565]:main():gmm-align-compiled.cc:127) fmkc0_sx262
LOG (gmm-align-compiled[5.5.195~1-6f565]:main():gmm-align-compiled.cc:127) fmkf0_si1018
LOG (gmm-align-compiled[5.5.195~1-6f565]:main():gmm-align-compiled.cc:127) fmkf0_sx186
LOG (gmm-align-compiled[5.5.195~1-6f565]:main():gmm-align-compiled.cc:127) fmkf0_sx96
LOG (gmm-align-compiled[5.5.195~1-6f565]:main():gmm-align-compiled.cc:127) fmmh0_si907
LOG (gmm-align-compiled[5.5.195~1-6f565]:main():gmm-align-compiled.cc:127) fmmh0_sx7
LOG (gmm-align-compiled[5.5.195~1-6f565]:main():gmm-align-compiled.cc:127) fmpg0_si2232
LOG (gmm-align-compiled[5.5.195~1-6f565]:main():gmm-align-compiled.cc:127) fmpg0_sx342
LOG (gmm-align-compiled[5.5.195~1-6f565]:main():gmm-align-compiled.cc:127) fnkl0_si2152
LOG (gmm-align-compiled[5.5.195~1-6f565]:main():gmm-align-compiled.cc:127) fnkl0_sx262
LOG (gmm-align-compiled[5.5.195~1-6f565]:main():gmm-align-compiled.cc:127) fntb0_si1203
LOG (gmm-align-compiled[5.5.195~1-6f565]:main():gmm-align-compiled.cc:127) fntb0_sx213
LOG (gmm-align-compiled[5.5.195~1-6f565]:main():gmm-align-compiled.cc:127) fntb0_sx393
LOG (gmm-align-compiled[5.5.195~1-6f565]:main():gmm-align-compiled.cc:127) fpab1_sx121
LOG (gmm-align-compiled[5.5.195~1-6f565]:main():gmm-align-compiled.cc:127) fpab1_sx31
LOG (gmm-align-compiled[5.5.195~1-6f565]:main():gmm-align-compiled.cc:127) fpac0_si661
LOG (gmm-align-compiled[5.5.195~1-6f565]:main():gmm-align-compiled.cc:127) fpac0_sx31
LOG (gmm-align-compiled[5.5.195~1-6f565]:main():gmm-align-compiled.cc:127) fpad0_si716
LOG (gmm-align-compiled[5.5.195~1-6f565]:main():gmm-align-compiled.cc:127) fpad0_sx356
LOG (gmm-align-compiled[5.5.195~1-6f565]:main():gmm-align-compiled.cc:127) fpaf0_si1684
LOG (gmm-align-compiled[5.5.195~1-6f565]:main():gmm-align-compiled.cc:127) fpaf0_sx244
LOG (gmm-align-compiled[5.5.195~1-6f565]:main():gmm-align-compiled.cc:127) fpaz0_si1593
LOG (gmm-align-compiled[5.5.195~1-6f565]:main():gmm-align-compiled.cc:127) fpaz0_sx153
LOG (gmm-align-compiled[5.5.195~1-6f565]:main():gmm-align-compiled.cc:127) fpaz0_sx63
LOG (gmm-align-compiled[5.5.195~1-6f565]:main():gmm-align-compiled.cc:127) fpjf0_sx146
LOG (gmm-align-compiled[5.5.195~1-6f565]:main():gmm-align-compiled.cc:127) fpjf0_sx56
LOG (gmm-align-compiled[5.5.195~1-6f565]:main():gmm-align-compiled.cc:127) fpls0_si960
LOG (gmm-align-compiled[5.5.195~1-6f565]:main():gmm-align-compiled.cc:127) fpls0_sx330
LOG (gmm-align-compiled[5.5.195~1-6f565]:main():gmm-align-compiled.cc:127) fpmy0_si1783
LOG (gmm-align-compiled[5.5.195~1-6f565]:main():gmm-align-compiled.cc:127) fpmy0_sx253
LOG (gmm-align-compiled[5.5.195~1-6f565]:main():gmm-align-compiled.cc:127) freh0_si1315
LOG (gmm-align-compiled[5.5.195~1-6f565]:main():gmm-align-compiled.cc:127) freh0_sx235
LOG (gmm-align-compiled[5.5.195~1-6f565]:main():gmm-align-compiled.cc:127) frjb0_si1427
LOG (gmm-align-compiled[5.5.195~1-6f565]:main():gmm-align-compiled.cc:127) frjb0_sx257
LOG (gmm-align-compiled[5.5.195~1-6f565]:main():gmm-align-compiled.cc:127) frjb0_sx77
LOG (gmm-align-compiled[5.5.195~1-6f565]:main():gmm-align-compiled.cc:127) frll0_sx164
LOG (gmm-align-compiled[5.5.195~1-6f565]:main():gmm-align-compiled.cc:127) frll0_sx434
LOG (gmm-align-compiled[5.5.195~1-6f565]:main():gmm-align-compiled.cc:127) fsag0_si693
LOG (gmm-align-compiled[5.5.195~1-6f565]:main():gmm-align-compiled.cc:127) fsag0_sx333
LOG (gmm-align-compiled[5.5.195~1-6f565]:main():gmm-align-compiled.cc:127) fsah0_si1874
LOG (gmm-align-compiled[5.5.195~1-6f565]:main():gmm-align-compiled.cc:127) fsah0_sx344
LOG (gmm-align-compiled[5.5.195~1-6f565]:main():gmm-align-compiled.cc:127) fsak0_si1930
LOG (gmm-align-compiled[5.5.195~1-6f565]:main():gmm-align-compiled.cc:127) fsak0_sx220
LOG (gmm-align-compiled[5.5.195~1-6f565]:main():gmm-align-compiled.cc:127) fsbk0_si1069
LOG (gmm-align-compiled[5.5.195~1-6f565]:main():gmm-align-compiled.cc:127) fsbk0_sx169
LOG (gmm-align-compiled[5.5.195~1-6f565]:main():gmm-align-compiled.cc:127) fsbk0_sx79
LOG (gmm-align-compiled[5.5.195~1-6f565]:main():gmm-align-compiled.cc:127) fscn0_si705
LOG (gmm-align-compiled[5.5.195~1-6f565]:main():gmm-align-compiled.cc:127) fscn0_sx446
LOG (gmm-align-compiled[5.5.195~1-6f565]:main():gmm-align-compiled.cc:127) fsdc0_si2234
LOG (gmm-align-compiled[5.5.195~1-6f565]:main():gmm-align-compiled.cc:127) fsdc0_sx412
LOG (gmm-align-compiled[5.5.195~1-6f565]:main():gmm-align-compiled.cc:127) fsdj0_si1745
LOG (apply-cmvn[5.5.195~1-6f565]:main():apply-cmvn.cc:162) Applied cepstral mean normalization to 250 utterances, errors on 0
LOG (gmm-align-compiled[5.5.195~1-6f565]:main():gmm-align-compiled.cc:127) fsdj0_sx305
LOG (gmm-align-compiled[5.5.195~1-6f565]:main():gmm-align-compiled.cc:127) fsgf0_si1557
LOG (gmm-align-compiled[5.5.195~1-6f565]:main():gmm-align-compiled.cc:127) fsgf0_sx207
LOG (gmm-align-compiled[5.5.195~1-6f565]:main():gmm-align-compiled.cc:127) fsgf0_sx387
LOG (gmm-align-compiled[5.5.195~1-6f565]:main():gmm-align-compiled.cc:127) fsjg0_sx130
LOG (gmm-align-compiled[5.5.195~1-6f565]:main():gmm-align-compiled.cc:127) fsjg0_sx400
LOG (gmm-align-compiled[5.5.195~1-6f565]:main():gmm-align-compiled.cc:127) fsjk1_sx125
LOG (gmm-align-compiled[5.5.195~1-6f565]:main():gmm-align-compiled.cc:135) Overall log-likelihood per frame is -102.247 over 77056 frames.
LOG (gmm-align-compiled[5.5.195~1-6f565]:main():gmm-align-compiled.cc:137) Retried 0 out of 250 utterances.
LOG (gmm-align-compiled[5.5.195~1-6f565]:main():gmm-align-compiled.cc:139) Done 250, errors on 0
# Accounting: time=4 threads=1
# Ended (code 0) at Sun Feb 24 21:15:27 EST 2019, elapsed time 4 seconds
