# gmm-align-compiled --transition-scale=1.0 --acoustic-scale=0.1 --self-loop-scale=0.1 --beam=10 --retry-beam=40 --careful=false "gmm-boost-silence --boost=1.0 1 exp/mono_t6/23.mdl - |" "ark:gunzip -c exp/mono_t6/fsts.2.gz|" "ark,s,cs:apply-cmvn  --utt2spk=ark:data/train_1k/split4/2/utt2spk scp:data/train_1k/split4/2/cmvn.scp scp:data/train_1k/split4/2/feats.scp ark:- | add-deltas  ark:- ark:- |" "ark,t:|gzip -c >exp/mono_t6/ali.2.gz" 
# Started at Sun Feb 24 20:54:44 EST 2019
#
gmm-align-compiled --transition-scale=1.0 --acoustic-scale=0.1 --self-loop-scale=0.1 --beam=10 --retry-beam=40 --careful=false 'gmm-boost-silence --boost=1.0 1 exp/mono_t6/23.mdl - |' 'ark:gunzip -c exp/mono_t6/fsts.2.gz|' 'ark,s,cs:apply-cmvn  --utt2spk=ark:data/train_1k/split4/2/utt2spk scp:data/train_1k/split4/2/cmvn.scp scp:data/train_1k/split4/2/feats.scp ark:- | add-deltas  ark:- ark:- |' 'ark,t:|gzip -c >exp/mono_t6/ali.2.gz' 
gmm-boost-silence --boost=1.0 1 exp/mono_t6/23.mdl - 
LOG (gmm-boost-silence[5.5.195~1-6f565]:main():gmm-boost-silence.cc:93) Boosted weights for 3 pdfs, by factor of 1
LOG (gmm-boost-silence[5.5.195~1-6f565]:main():gmm-boost-silence.cc:103) Wrote model to -
add-deltas ark:- ark:- 
apply-cmvn --utt2spk=ark:data/train_1k/split4/2/utt2spk scp:data/train_1k/split4/2/cmvn.scp scp:data/train_1k/split4/2/feats.scp ark:- 
LOG (gmm-align-compiled[5.5.195~1-6f565]:main():gmm-align-compiled.cc:127) madc0_si1367
LOG (gmm-align-compiled[5.5.195~1-6f565]:main():gmm-align-compiled.cc:127) makr0_si722
LOG (gmm-align-compiled[5.5.195~1-6f565]:main():gmm-align-compiled.cc:127) mbsb0_sx3
LOG (gmm-align-compiled[5.5.195~1-6f565]:main():gmm-align-compiled.cc:127) mcdr0_sx74
LOG (gmm-align-compiled[5.5.195~1-6f565]:main():gmm-align-compiled.cc:127) mcss0_si688
LOG (apply-cmvn[5.5.195~1-6f565]:main():apply-cmvn.cc:162) Applied cepstral mean normalization to 12 utterances, errors on 0
LOG (gmm-align-compiled[5.5.195~1-6f565]:main():gmm-align-compiled.cc:127) mdhl0_sx269
LOG (gmm-align-compiled[5.5.195~1-6f565]:main():gmm-align-compiled.cc:127) mdlc2_sx444
LOG (gmm-align-compiled[5.5.195~1-6f565]:main():gmm-align-compiled.cc:127) mdpb0_si1760
LOG (gmm-align-compiled[5.5.195~1-6f565]:main():gmm-align-compiled.cc:127) mdtb0_si1830
LOG (gmm-align-compiled[5.5.195~1-6f565]:main():gmm-align-compiled.cc:127) megj0_sx167
LOG (gmm-align-compiled[5.5.195~1-6f565]:main():gmm-align-compiled.cc:127) mfmc0_sx322
LOG (gmm-align-compiled[5.5.195~1-6f565]:main():gmm-align-compiled.cc:127) mgak0_sx46
LOG (gmm-align-compiled[5.5.195~1-6f565]:main():gmm-align-compiled.cc:135) Overall log-likelihood per frame is -96.2677 over 3572 frames.
LOG (gmm-align-compiled[5.5.195~1-6f565]:main():gmm-align-compiled.cc:137) Retried 0 out of 12 utterances.
LOG (gmm-align-compiled[5.5.195~1-6f565]:main():gmm-align-compiled.cc:139) Done 12, errors on 0
# Accounting: time=0 threads=1
# Ended (code 0) at Sun Feb 24 20:54:44 EST 2019, elapsed time 0 seconds
