# gmm-est --write-occs=exp/mono_t6/7.occs --mix-up=284 --power=0.25 exp/mono_t6/6.mdl "gmm-sum-accs - exp/mono_t6/6.*.acc|" exp/mono_t6/7.mdl 
# Started at Sun Feb 24 20:54:30 EST 2019
#
gmm-est --write-occs=exp/mono_t6/7.occs --mix-up=284 --power=0.25 exp/mono_t6/6.mdl 'gmm-sum-accs - exp/mono_t6/6.*.acc|' exp/mono_t6/7.mdl 
gmm-sum-accs - exp/mono_t6/6.1.acc exp/mono_t6/6.2.acc exp/mono_t6/6.3.acc exp/mono_t6/6.4.acc 
LOG (gmm-sum-accs[5.5.195~1-6f565]:main():gmm-sum-accs.cc:63) Summed 4 stats, total count 15349, avg like/frame -101.455
LOG (gmm-sum-accs[5.5.195~1-6f565]:main():gmm-sum-accs.cc:66) Total count of stats is 15349
LOG (gmm-sum-accs[5.5.195~1-6f565]:main():gmm-sum-accs.cc:67) Written stats to -
LOG (gmm-est[5.5.195~1-6f565]:MleUpdate():transition-model.cc:528) TransitionModel::Update, objf change is 0.00184613 per frame over 15349 frames. 
LOG (gmm-est[5.5.195~1-6f565]:MleUpdate():transition-model.cc:531) 5 probabilities floored, 0 out of 144 transition-states skipped due to insuffient data (it is normal to have some skipped.)
LOG (gmm-est[5.5.195~1-6f565]:main():gmm-est.cc:102) Transition model update: Overall 0.00184613 log-like improvement per frame over 15349 frames.
WARNING (gmm-est[5.5.195~1-6f565]:MleDiagGmmUpdate():mle-diag-gmm.cc:365) Gaussian has too little data but not removing it because it is the last Gaussian: i = 0, occ = 9, weight = 1
WARNING (gmm-est[5.5.195~1-6f565]:MleDiagGmmUpdate():mle-diag-gmm.cc:365) Gaussian has too little data but not removing it because it is the last Gaussian: i = 0, occ = 9, weight = 1
WARNING (gmm-est[5.5.195~1-6f565]:MleDiagGmmUpdate():mle-diag-gmm.cc:365) Gaussian has too little data but not removing it because it is the last Gaussian: i = 0, occ = 5, weight = 1
WARNING (gmm-est[5.5.195~1-6f565]:MleDiagGmmUpdate():mle-diag-gmm.cc:365) Gaussian has too little data but not removing it because it is the last Gaussian: i = 0, occ = 5, weight = 1
WARNING (gmm-est[5.5.195~1-6f565]:MleDiagGmmUpdate():mle-diag-gmm.cc:365) Gaussian has too little data but not removing it because it is the last Gaussian: i = 0, occ = 9, weight = 1
WARNING (gmm-est[5.5.195~1-6f565]:MleDiagGmmUpdate():mle-diag-gmm.cc:365) Gaussian has too little data but not removing it because it is the last Gaussian: i = 0, occ = 6, weight = 1
WARNING (gmm-est[5.5.195~1-6f565]:MleDiagGmmUpdate():mle-diag-gmm.cc:365) Gaussian has too little data but not removing it because it is the last Gaussian: i = 0, occ = 7, weight = 1
WARNING (gmm-est[5.5.195~1-6f565]:MleDiagGmmUpdate():mle-diag-gmm.cc:365) Gaussian has too little data but not removing it because it is the last Gaussian: i = 0, occ = 6, weight = 1
WARNING (gmm-est[5.5.195~1-6f565]:MleDiagGmmUpdate():mle-diag-gmm.cc:365) Gaussian has too little data but not removing it because it is the last Gaussian: i = 0, occ = 6, weight = 1
WARNING (gmm-est[5.5.195~1-6f565]:MleDiagGmmUpdate():mle-diag-gmm.cc:365) Gaussian has too little data but not removing it because it is the last Gaussian: i = 0, occ = 9, weight = 1
LOG (gmm-est[5.5.195~1-6f565]:MleAmDiagGmmUpdate():mle-am-diag-gmm.cc:225) 0 variance elements floored in 0 Gaussians, out of 256
LOG (gmm-est[5.5.195~1-6f565]:MleAmDiagGmmUpdate():mle-am-diag-gmm.cc:229) Removed 0 Gaussians due to counts < --min-gaussian-occupancy=10 and --remove-low-count-gaussians=true
LOG (gmm-est[5.5.195~1-6f565]:main():gmm-est.cc:113) GMM update: Overall 0.47493 objective function improvement per frame over 15349 frames
LOG (gmm-est[5.5.195~1-6f565]:main():gmm-est.cc:116) GMM update: Overall avg like per frame = -101.455 over 15349 frames.
LOG (gmm-est[5.5.195~1-6f565]:SplitByCount():am-diag-gmm.cc:116) Split 144 states with target = 284, power = 0.25, perturb_factor = 0.01 and min_count = 20, split #Gauss from 256 to 287
LOG (gmm-est[5.5.195~1-6f565]:main():gmm-est.cc:146) Written model to exp/mono_t6/7.mdl
# Accounting: time=0 threads=1
# Ended (code 0) at Sun Feb 24 20:54:30 EST 2019, elapsed time 0 seconds
