# gmm-latgen-faster --max-active=7000 --beam=13.0 --lattice-beam=6.0 --acoustic-scale=0.083333 --allow-partial=true --word-symbol-table=exp/mono0a/graph/words.txt exp/mono0a/final.mdl exp/mono0a/graph/HCLG.fst "ark,s,cs:apply-cmvn  --utt2spk=ark:data/test_1k/split10/3/utt2spk scp:data/test_1k/split10/3/cmvn.scp scp:data/test_1k/split10/3/feats.scp ark:- | add-deltas  ark:- ark:- |" "ark:|gzip -c > exp/mono0a/decode/lat.3.gz" 
# Started at Wed Feb 13 13:11:55 EST 2019
#
gmm-latgen-faster --max-active=7000 --beam=13.0 --lattice-beam=6.0 --acoustic-scale=0.083333 --allow-partial=true --word-symbol-table=exp/mono0a/graph/words.txt exp/mono0a/final.mdl exp/mono0a/graph/HCLG.fst 'ark,s,cs:apply-cmvn  --utt2spk=ark:data/test_1k/split10/3/utt2spk scp:data/test_1k/split10/3/cmvn.scp scp:data/test_1k/split10/3/feats.scp ark:- | add-deltas  ark:- ark:- |' 'ark:|gzip -c > exp/mono0a/decode/lat.3.gz' 
apply-cmvn --utt2spk=ark:data/test_1k/split10/3/utt2spk scp:data/test_1k/split10/3/cmvn.scp scp:data/test_1k/split10/3/feats.scp ark:- 
add-deltas ark:- ark:- 
dj_1a 1 
LOG (gmm-latgen-faster[5.5.195~1-6f565]:DecodeUtteranceLatticeFaster():decoder-wrappers.cc:289) Log-like per frame for utterance dj_1a is 2.15099 over 100 frames.
dj_2o26oa 2 o 2 6 o 
LOG (gmm-latgen-faster[5.5.195~1-6f565]:DecodeUtteranceLatticeFaster():decoder-wrappers.cc:289) Log-like per frame for utterance dj_2o26oa is 1.87098 over 180 frames.
dj_43a 4 3 
LOG (gmm-latgen-faster[5.5.195~1-6f565]:DecodeUtteranceLatticeFaster():decoder-wrappers.cc:289) Log-like per frame for utterance dj_43a is 1.67564 over 107 frames.
dj_57566a 5 7 5 6 6 
LOG (gmm-latgen-faster[5.5.195~1-6f565]:DecodeUtteranceLatticeFaster():decoder-wrappers.cc:289) Log-like per frame for utterance dj_57566a is 1.93724 over 218 frames.
dj_662a 6 6 2 
LOG (gmm-latgen-faster[5.5.195~1-6f565]:DecodeUtteranceLatticeFaster():decoder-wrappers.cc:289) Log-like per frame for utterance dj_662a is 1.83143 over 130 frames.
dj_7b 7 
LOG (gmm-latgen-faster[5.5.195~1-6f565]:DecodeUtteranceLatticeFaster():decoder-wrappers.cc:289) Log-like per frame for utterance dj_7b is 2.32802 over 112 frames.
dj_8b 8 
LOG (gmm-latgen-faster[5.5.195~1-6f565]:DecodeUtteranceLatticeFaster():decoder-wrappers.cc:289) Log-like per frame for utterance dj_8b is 2.45694 over 103 frames.
dj_o3a o 3 
LOG (gmm-latgen-faster[5.5.195~1-6f565]:DecodeUtteranceLatticeFaster():decoder-wrappers.cc:289) Log-like per frame for utterance dj_o3a is 1.78612 over 103 frames.
dj_z88za z 8 8 z 
LOG (gmm-latgen-faster[5.5.195~1-6f565]:DecodeUtteranceLatticeFaster():decoder-wrappers.cc:289) Log-like per frame for utterance dj_z88za is 1.86286 over 177 frames.
dp_1a 1 
LOG (gmm-latgen-faster[5.5.195~1-6f565]:DecodeUtteranceLatticeFaster():decoder-wrappers.cc:289) Log-like per frame for utterance dp_1a is 2.8284 over 94 frames.
dp_2a 2 
LOG (gmm-latgen-faster[5.5.195~1-6f565]:DecodeUtteranceLatticeFaster():decoder-wrappers.cc:289) Log-like per frame for utterance dp_2a is 2.64045 over 81 frames.
dp_447a 4 4 7 
LOG (gmm-latgen-faster[5.5.195~1-6f565]:DecodeUtteranceLatticeFaster():decoder-wrappers.cc:289) Log-like per frame for utterance dp_447a is 2.08089 over 154 frames.
dp_546ooa 5 4 6 o o 
LOG (gmm-latgen-faster[5.5.195~1-6f565]:DecodeUtteranceLatticeFaster():decoder-wrappers.cc:289) Log-like per frame for utterance dp_546ooa is 2.20309 over 239 frames.
dp_689a 6 8 9 
LOG (gmm-latgen-faster[5.5.195~1-6f565]:DecodeUtteranceLatticeFaster():decoder-wrappers.cc:289) Log-like per frame for utterance dp_689a is 2.46778 over 158 frames.
dp_798a 7 9 8 
LOG (gmm-latgen-faster[5.5.195~1-6f565]:DecodeUtteranceLatticeFaster():decoder-wrappers.cc:289) Log-like per frame for utterance dp_798a is 2.48985 over 146 frames.
dp_8zzz1a 8 z z z 1 
LOG (gmm-latgen-faster[5.5.195~1-6f565]:DecodeUtteranceLatticeFaster():decoder-wrappers.cc:289) Log-like per frame for utterance dp_8zzz1a is 2.05355 over 230 frames.
dp_o1957ooa o 1 9 5 7 o o 
LOG (gmm-latgen-faster[5.5.195~1-6f565]:DecodeUtteranceLatticeFaster():decoder-wrappers.cc:289) Log-like per frame for utterance dp_o1957ooa is 2.10763 over 251 frames.
dp_z839293a z 8 3 9 2 9 3 
LOG (gmm-latgen-faster[5.5.195~1-6f565]:DecodeUtteranceLatticeFaster():decoder-wrappers.cc:289) Log-like per frame for utterance dp_z839293a is 1.81988 over 295 frames.
dr_1a 1 
LOG (gmm-latgen-faster[5.5.195~1-6f565]:DecodeUtteranceLatticeFaster():decoder-wrappers.cc:289) Log-like per frame for utterance dr_1a is 2.37324 over 84 frames.
dr_2b 2 
LOG (gmm-latgen-faster[5.5.195~1-6f565]:DecodeUtteranceLatticeFaster():decoder-wrappers.cc:289) Log-like per frame for utterance dr_2b is 2.53119 over 108 frames.
dr_3b 3 
LOG (gmm-latgen-faster[5.5.195~1-6f565]:DecodeUtteranceLatticeFaster():decoder-wrappers.cc:289) Log-like per frame for utterance dr_3b is 2.53266 over 85 frames.
dr_547593za 5 4 7 5 9 3 z 
LOG (gmm-latgen-faster[5.5.195~1-6f565]:DecodeUtteranceLatticeFaster():decoder-wrappers.cc:289) Log-like per frame for utterance dr_547593za is 2.14861 over 319 frames.
dr_6529a 6 5 2 9 
LOG (gmm-latgen-faster[5.5.195~1-6f565]:DecodeUtteranceLatticeFaster():decoder-wrappers.cc:289) Log-like per frame for utterance dr_6529a is 2.24208 over 208 frames.
dr_7951919a 7 9 5 1 9 1 9 
LOG (gmm-latgen-faster[5.5.195~1-6f565]:DecodeUtteranceLatticeFaster():decoder-wrappers.cc:289) Log-like per frame for utterance dr_7951919a is 2.47525 over 322 frames.
dr_8b 8 
LOG (gmm-latgen-faster[5.5.195~1-6f565]:DecodeUtteranceLatticeFaster():decoder-wrappers.cc:289) Log-like per frame for utterance dr_8b is 2.35852 over 123 frames.
dr_o287a o 2 8 7 
LOG (gmm-latgen-faster[5.5.195~1-6f565]:DecodeUtteranceLatticeFaster():decoder-wrappers.cc:289) Log-like per frame for utterance dr_o287a is 2.06933 over 173 frames.
dr_z7a z 7 
LOG (gmm-latgen-faster[5.5.195~1-6f565]:DecodeUtteranceLatticeFaster():decoder-wrappers.cc:289) Log-like per frame for utterance dr_z7a is 2.46197 over 132 frames.
dw_16659a 1 6 6 5 9 
LOG (gmm-latgen-faster[5.5.195~1-6f565]:DecodeUtteranceLatticeFaster():decoder-wrappers.cc:289) Log-like per frame for utterance dw_16659a is 1.75911 over 204 frames.
dw_2a 2 
LOG (gmm-latgen-faster[5.5.195~1-6f565]:DecodeUtteranceLatticeFaster():decoder-wrappers.cc:289) Log-like per frame for utterance dw_2a is 2.5181 over 95 frames.
dw_3b 3 
LOG (gmm-latgen-faster[5.5.195~1-6f565]:DecodeUtteranceLatticeFaster():decoder-wrappers.cc:289) Log-like per frame for utterance dw_3b is 2.65979 over 93 frames.
dw_51a 5 1 
LOG (gmm-latgen-faster[5.5.195~1-6f565]:DecodeUtteranceLatticeFaster():decoder-wrappers.cc:289) Log-like per frame for utterance dw_51a is 2.51853 over 132 frames.
dw_65a 6 5 
LOG (gmm-latgen-faster[5.5.195~1-6f565]:DecodeUtteranceLatticeFaster():decoder-wrappers.cc:289) Log-like per frame for utterance dw_65a is 2.14133 over 136 frames.
dw_77za 7 7 z 
LOG (gmm-latgen-faster[5.5.195~1-6f565]:DecodeUtteranceLatticeFaster():decoder-wrappers.cc:289) Log-like per frame for utterance dw_77za is 2.34847 over 196 frames.
dw_8a 8 
LOG (gmm-latgen-faster[5.5.195~1-6f565]:DecodeUtteranceLatticeFaster():decoder-wrappers.cc:289) Log-like per frame for utterance dw_8a is 2.5352 over 95 frames.
dw_9b 9 
LOG (gmm-latgen-faster[5.5.195~1-6f565]:DecodeUtteranceLatticeFaster():decoder-wrappers.cc:289) Log-like per frame for utterance dw_9b is 2.47556 over 97 frames.
dw_z587z1za z 5 8 7 z 1 z 
LOG (gmm-latgen-faster[5.5.195~1-6f565]:DecodeUtteranceLatticeFaster():decoder-wrappers.cc:289) Log-like per frame for utterance dw_z587z1za is 1.97828 over 383 frames.
ed_1927a 1 9 2 7 
LOG (gmm-latgen-faster[5.5.195~1-6f565]:DecodeUtteranceLatticeFaster():decoder-wrappers.cc:289) Log-like per frame for utterance ed_1927a is 1.82072 over 170 frames.
ed_2a 2 
LOG (gmm-latgen-faster[5.5.195~1-6f565]:DecodeUtteranceLatticeFaster():decoder-wrappers.cc:289) Log-like per frame for utterance ed_2a is 2.578 over 95 frames.
ed_3b 3 
LOG (gmm-latgen-faster[5.5.195~1-6f565]:DecodeUtteranceLatticeFaster():decoder-wrappers.cc:289) Log-like per frame for utterance ed_3b is 2.48001 over 98 frames.
ed_52a 5 2 
LOG (gmm-latgen-faster[5.5.195~1-6f565]:DecodeUtteranceLatticeFaster():decoder-wrappers.cc:289) Log-like per frame for utterance ed_52a is 1.92702 over 141 frames.
ed_62o9oa 6 2 o 9 o 
LOG (gmm-latgen-faster[5.5.195~1-6f565]:DecodeUtteranceLatticeFaster():decoder-wrappers.cc:289) Log-like per frame for utterance ed_62o9oa is 1.59201 over 204 frames.
ed_7918a 7 9 1 8 
LOG (gmm-latgen-faster[5.5.195~1-6f565]:DecodeUtteranceLatticeFaster():decoder-wrappers.cc:289) Log-like per frame for utterance ed_7918a is 1.93498 over 186 frames.
ed_876za 8 7 6 z 
LOG (gmm-latgen-faster[5.5.195~1-6f565]:DecodeUtteranceLatticeFaster():decoder-wrappers.cc:289) Log-like per frame for utterance ed_876za is 1.80557 over 175 frames.
ed_9b 9 
LOG (gmm-latgen-faster[5.5.195~1-6f565]:DecodeUtteranceLatticeFaster():decoder-wrappers.cc:289) Log-like per frame for utterance ed_9b is 2.44821 over 90 frames.
ed_z231327a z 2 3 1 3 2 7 
LOG (gmm-latgen-faster[5.5.195~1-6f565]:DecodeUtteranceLatticeFaster():decoder-wrappers.cc:289) Log-like per frame for utterance ed_z231327a is 1.36997 over 337 frames.
ef_17529a 1 7 5 2 9 
LOG (gmm-latgen-faster[5.5.195~1-6f565]:DecodeUtteranceLatticeFaster():decoder-wrappers.cc:289) Log-like per frame for utterance ef_17529a is 1.92997 over 226 frames.
ef_26zzz72a 2 6 z z z 7 2 
LOG (gmm-latgen-faster[5.5.195~1-6f565]:DecodeUtteranceLatticeFaster():decoder-wrappers.cc:289) Log-like per frame for utterance ef_26zzz72a is 1.6912 over 299 frames.
ef_3o42o1oa 3 o 4 2 o 1 o 
LOG (gmm-latgen-faster[5.5.195~1-6f565]:DecodeUtteranceLatticeFaster():decoder-wrappers.cc:289) Log-like per frame for utterance ef_3o42o1oa is 2.13768 over 283 frames.
ef_6215479a 6 2 1 5 4 7 9 
LOG (gmm-latgen-faster[5.5.195~1-6f565]:DecodeUtteranceLatticeFaster():decoder-wrappers.cc:289) Log-like per frame for utterance ef_6215479a is 1.60486 over 282 frames.
ef_761a 7 6 1 
LOG (gmm-latgen-faster[5.5.195~1-6f565]:DecodeUtteranceLatticeFaster():decoder-wrappers.cc:289) Log-like per frame for utterance ef_761a is 1.81616 over 153 frames.
ef_89181a 8 9 1 8 1 
LOG (gmm-latgen-faster[5.5.195~1-6f565]:DecodeUtteranceLatticeFaster():decoder-wrappers.cc:289) Log-like per frame for utterance ef_89181a is 1.77122 over 218 frames.
ef_9a 9 
LOG (gmm-latgen-faster[5.5.195~1-6f565]:DecodeUtteranceLatticeFaster():decoder-wrappers.cc:289) Log-like per frame for utterance ef_9a is 2.40118 over 107 frames.
ef_ooa o o 
LOG (gmm-latgen-faster[5.5.195~1-6f565]:DecodeUtteranceLatticeFaster():decoder-wrappers.cc:289) Log-like per frame for utterance ef_ooa is 2.26318 over 127 frames.
ej_1167489a 1 1 6 7 4 8 9 
LOG (gmm-latgen-faster[5.5.195~1-6f565]:DecodeUtteranceLatticeFaster():decoder-wrappers.cc:289) Log-like per frame for utterance ej_1167489a is 1.62591 over 324 frames.
ej_257a 2 5 7 
LOG (gmm-latgen-faster[5.5.195~1-6f565]:DecodeUtteranceLatticeFaster():decoder-wrappers.cc:289) Log-like per frame for utterance ej_257a is 2.33249 over 150 frames.
ej_39a 3 9 
LOG (gmm-latgen-faster[5.5.195~1-6f565]:DecodeUtteranceLatticeFaster():decoder-wrappers.cc:289) Log-like per frame for utterance ej_39a is 2.20272 over 145 frames.
ej_4a 4 
LOG (gmm-latgen-faster[5.5.195~1-6f565]:DecodeUtteranceLatticeFaster():decoder-wrappers.cc:289) Log-like per frame for utterance ej_4a is 2.12568 over 103 frames.
ej_5b 5 
LOG (gmm-latgen-faster[5.5.195~1-6f565]:DecodeUtteranceLatticeFaster():decoder-wrappers.cc:289) Log-like per frame for utterance ej_5b is 2.51543 over 100 frames.
ej_73a 7 3 
LOG (gmm-latgen-faster[5.5.195~1-6f565]:DecodeUtteranceLatticeFaster():decoder-wrappers.cc:289) Log-like per frame for utterance ej_73a is 2.28359 over 163 frames.
ej_868a 8 6 8 
LOG (gmm-latgen-faster[5.5.195~1-6f565]:DecodeUtteranceLatticeFaster():decoder-wrappers.cc:289) Log-like per frame for utterance ej_868a is 1.86358 over 172 frames.
ej_9a 9 
LOG (gmm-latgen-faster[5.5.195~1-6f565]:DecodeUtteranceLatticeFaster():decoder-wrappers.cc:289) Log-like per frame for utterance ej_9a is 2.44241 over 98 frames.
ej_oo188a o o 1 8 8 
LOG (gmm-latgen-faster[5.5.195~1-6f565]:DecodeUtteranceLatticeFaster():decoder-wrappers.cc:289) Log-like per frame for utterance ej_oo188a is 1.85251 over 218 frames.
em_11a 1 1 
LOG (gmm-latgen-faster[5.5.195~1-6f565]:DecodeUtteranceLatticeFaster():decoder-wrappers.cc:289) Log-like per frame for utterance em_11a is 2.06002 over 113 frames.
em_236a 2 o 3 6 
LOG (gmm-latgen-faster[5.5.195~1-6f565]:DecodeUtteranceLatticeFaster():decoder-wrappers.cc:289) Log-like per frame for utterance em_236a is 2.2435 over 199 frames.
em_38b 3 8 
LOG (gmm-latgen-faster[5.5.195~1-6f565]:DecodeUtteranceLatticeFaster():decoder-wrappers.cc:289) Log-like per frame for utterance em_38b is 2.0895 over 140 frames.
em_4a 4 o 
LOG (gmm-latgen-faster[5.5.195~1-6f565]:DecodeUtteranceLatticeFaster():decoder-wrappers.cc:289) Log-like per frame for utterance em_4a is 2.37706 over 117 frames.
em_5oa 5 o 
LOG (gmm-latgen-faster[5.5.195~1-6f565]:DecodeUtteranceLatticeFaster():decoder-wrappers.cc:289) Log-like per frame for utterance em_5oa is 2.21924 over 144 frames.
em_726za 7 2 6 z 
LOG (gmm-latgen-faster[5.5.195~1-6f565]:DecodeUtteranceLatticeFaster():decoder-wrappers.cc:289) Log-like per frame for utterance em_726za is 2.07967 over 237 frames.
em_867zza 8 6 7 z z 
LOG (gmm-latgen-faster[5.5.195~1-6f565]:DecodeUtteranceLatticeFaster():decoder-wrappers.cc:289) Log-like per frame for utterance em_867zza is 1.90463 over 242 frames.
em_992za 9 9 2 z 
LOG (gmm-latgen-faster[5.5.195~1-6f565]:DecodeUtteranceLatticeFaster():decoder-wrappers.cc:289) Log-like per frame for utterance em_992za is 2.1572 over 240 frames.
em_ob o 
LOG (gmm-latgen-faster[5.5.195~1-6f565]:DecodeUtteranceLatticeFaster():decoder-wrappers.cc:289) Log-like per frame for utterance em_ob is 2.28393 over 93 frames.
em_zza z z 
LOG (gmm-latgen-faster[5.5.195~1-6f565]:DecodeUtteranceLatticeFaster():decoder-wrappers.cc:289) Log-like per frame for utterance em_zza is 2.3126 over 155 frames.
ep_2477956a 2 4 7 7 9 5 6 
LOG (gmm-latgen-faster[5.5.195~1-6f565]:DecodeUtteranceLatticeFaster():decoder-wrappers.cc:289) Log-like per frame for utterance ep_2477956a is 2.05883 over 353 frames.
ep_37a 3 7 
LOG (gmm-latgen-faster[5.5.195~1-6f565]:DecodeUtteranceLatticeFaster():decoder-wrappers.cc:289) Log-like per frame for utterance ep_37a is 2.14279 over 114 frames.
ep_4a 4 
LOG (gmm-latgen-faster[5.5.195~1-6f565]:DecodeUtteranceLatticeFaster():decoder-wrappers.cc:289) Log-like per frame for utterance ep_4a is 2.71428 over 109 frames.
ep_5oa 5 o 
LOG (gmm-latgen-faster[5.5.195~1-6f565]:DecodeUtteranceLatticeFaster():decoder-wrappers.cc:289) Log-like per frame for utterance ep_5oa is 2.46539 over 146 frames.
ep_712a 7 1 2 
LOG (gmm-latgen-faster[5.5.195~1-6f565]:DecodeUtteranceLatticeFaster():decoder-wrappers.cc:289) Log-like per frame for utterance ep_712a is 1.92164 over 161 frames.
ep_84oa 8 4 o 
LOG (gmm-latgen-faster[5.5.195~1-6f565]:DecodeUtteranceLatticeFaster():decoder-wrappers.cc:289) Log-like per frame for utterance ep_84oa is 2.56082 over 170 frames.
ep_99oa 9 9 o 
LOG (gmm-latgen-faster[5.5.195~1-6f565]:DecodeUtteranceLatticeFaster():decoder-wrappers.cc:289) Log-like per frame for utterance ep_99oa is 2.08047 over 173 frames.
ep_zb z 
LOG (gmm-latgen-faster[5.5.195~1-6f565]:DecodeUtteranceLatticeFaster():decoder-wrappers.cc:289) Log-like per frame for utterance ep_zb is 2.47475 over 122 frames.
er_21a 2 1 
LOG (gmm-latgen-faster[5.5.195~1-6f565]:DecodeUtteranceLatticeFaster():decoder-wrappers.cc:289) Log-like per frame for utterance er_21a is 2.52551 over 121 frames.
er_36za 3 6 z 
LOG (gmm-latgen-faster[5.5.195~1-6f565]:DecodeUtteranceLatticeFaster():decoder-wrappers.cc:289) Log-like per frame for utterance er_36za is 1.88133 over 161 frames.
er_451a 4 5 1 
LOG (gmm-latgen-faster[5.5.195~1-6f565]:DecodeUtteranceLatticeFaster():decoder-wrappers.cc:289) Log-like per frame for utterance er_451a is 2.51367 over 140 frames.
er_5b 5 
LOG (gmm-latgen-faster[5.5.195~1-6f565]:DecodeUtteranceLatticeFaster():decoder-wrappers.cc:289) Log-like per frame for utterance er_5b is 3.01671 over 86 frames.
er_6b 6 
LOG (gmm-latgen-faster[5.5.195~1-6f565]:DecodeUtteranceLatticeFaster():decoder-wrappers.cc:289) Log-like per frame for utterance er_6b is 2.7291 over 99 frames.
LOG (apply-cmvn[5.5.195~1-6f565]:main():apply-cmvn.cc:162) Applied cepstral mean normalization to 98 utterances, errors on 0
er_85376z6a 8 5 3 7 6 z 6 
LOG (gmm-latgen-faster[5.5.195~1-6f565]:DecodeUtteranceLatticeFaster():decoder-wrappers.cc:289) Log-like per frame for utterance er_85376z6a is 2.03797 over 345 frames.
er_95za 9 5 z 
LOG (gmm-latgen-faster[5.5.195~1-6f565]:DecodeUtteranceLatticeFaster():decoder-wrappers.cc:289) Log-like per frame for utterance er_95za is 2.41671 over 146 frames.
er_oa o 
LOG (gmm-latgen-faster[5.5.195~1-6f565]:DecodeUtteranceLatticeFaster():decoder-wrappers.cc:289) Log-like per frame for utterance er_oa is 2.81391 over 76 frames.
er_zb z 
LOG (gmm-latgen-faster[5.5.195~1-6f565]:DecodeUtteranceLatticeFaster():decoder-wrappers.cc:289) Log-like per frame for utterance er_zb is 2.8449 over 94 frames.
et_227zza 2 2 7 z z 
LOG (gmm-latgen-faster[5.5.195~1-6f565]:DecodeUtteranceLatticeFaster():decoder-wrappers.cc:289) Log-like per frame for utterance et_227zza is 2.55228 over 244 frames.
et_32a 3 2 
LOG (gmm-latgen-faster[5.5.195~1-6f565]:DecodeUtteranceLatticeFaster():decoder-wrappers.cc:289) Log-like per frame for utterance et_32a is 2.53956 over 136 frames.
et_48a 4 8 
LOG (gmm-latgen-faster[5.5.195~1-6f565]:DecodeUtteranceLatticeFaster():decoder-wrappers.cc:289) Log-like per frame for utterance et_48a is 2.26085 over 122 frames.
et_5a 5 
LOG (gmm-latgen-faster[5.5.195~1-6f565]:DecodeUtteranceLatticeFaster():decoder-wrappers.cc:289) Log-like per frame for utterance et_5a is 2.90033 over 104 frames.
et_6b 6 
LOG (gmm-latgen-faster[5.5.195~1-6f565]:DecodeUtteranceLatticeFaster():decoder-wrappers.cc:289) Log-like per frame for utterance et_6b is 2.43517 over 114 frames.
et_83o9a 8 3 o 9 
LOG (gmm-latgen-faster[5.5.195~1-6f565]:DecodeUtteranceLatticeFaster():decoder-wrappers.cc:289) Log-like per frame for utterance et_83o9a is 2.20053 over 170 frames.
et_95ooa 9 5 o o 
LOG (gmm-latgen-faster[5.5.195~1-6f565]:DecodeUtteranceLatticeFaster():decoder-wrappers.cc:289) Log-like per frame for utterance et_95ooa is 2.18687 over 221 frames.
et_o818a o 8 1 8 
LOG (gmm-latgen-faster[5.5.195~1-6f565]:DecodeUtteranceLatticeFaster():decoder-wrappers.cc:289) Log-like per frame for utterance et_o818a is 2.33631 over 198 frames.
et_zb z 
LOG (gmm-latgen-faster[5.5.195~1-6f565]:DecodeUtteranceLatticeFaster():decoder-wrappers.cc:289) Log-like per frame for utterance et_zb is 2.57859 over 113 frames.
LOG (gmm-latgen-faster[5.5.195~1-6f565]:main():gmm-latgen-faster.cc:176) Time taken 14.5118s: real-time factor assuming 100 frames/sec is 0.089331
LOG (gmm-latgen-faster[5.5.195~1-6f565]:main():gmm-latgen-faster.cc:179) Done 98 utterances, failed for 0
LOG (gmm-latgen-faster[5.5.195~1-6f565]:main():gmm-latgen-faster.cc:181) Overall log-likelihood per frame is 2.1474 over 16245 frames.
# Accounting: time=15 threads=1
# Ended (code 0) at Wed Feb 13 13:12:10 EST 2019, elapsed time 15 seconds
