# gmm-latgen-faster --max-active=7000 --beam=13.0 --lattice-beam=6.0 --acoustic-scale=0.083333 --allow-partial=true --word-symbol-table=exp/mono0a/graph/words.txt exp/mono0a/final.mdl exp/mono0a/graph/HCLG.fst "ark,s,cs:apply-cmvn  --utt2spk=ark:data/test_1k/split10/2/utt2spk scp:data/test_1k/split10/2/cmvn.scp scp:data/test_1k/split10/2/feats.scp ark:- | add-deltas  ark:- ark:- |" "ark:|gzip -c > exp/mono0a/decode/lat.2.gz" 
# Started at Wed Feb 13 13:11:55 EST 2019
#
gmm-latgen-faster --max-active=7000 --beam=13.0 --lattice-beam=6.0 --acoustic-scale=0.083333 --allow-partial=true --word-symbol-table=exp/mono0a/graph/words.txt exp/mono0a/final.mdl exp/mono0a/graph/HCLG.fst 'ark,s,cs:apply-cmvn  --utt2spk=ark:data/test_1k/split10/2/utt2spk scp:data/test_1k/split10/2/cmvn.scp scp:data/test_1k/split10/2/feats.scp ark:- | add-deltas  ark:- ark:- |' 'ark:|gzip -c > exp/mono0a/decode/lat.2.gz' 
add-deltas ark:- ark:- 
apply-cmvn --utt2spk=ark:data/test_1k/split10/2/utt2spk scp:data/test_1k/split10/2/cmvn.scp scp:data/test_1k/split10/2/feats.scp ark:- 
bn_15a 1 5 
LOG (gmm-latgen-faster[5.5.195~1-6f565]:DecodeUtteranceLatticeFaster():decoder-wrappers.cc:289) Log-like per frame for utterance bn_15a is 2.43593 over 122 frames.
bn_28727a 2 8 7 2 7 
LOG (gmm-latgen-faster[5.5.195~1-6f565]:DecodeUtteranceLatticeFaster():decoder-wrappers.cc:289) Log-like per frame for utterance bn_28727a is 2.09514 over 230 frames.
bn_3b 3 
LOG (gmm-latgen-faster[5.5.195~1-6f565]:DecodeUtteranceLatticeFaster():decoder-wrappers.cc:289) Log-like per frame for utterance bn_3b is 2.73896 over 86 frames.
bn_4b 4 
LOG (gmm-latgen-faster[5.5.195~1-6f565]:DecodeUtteranceLatticeFaster():decoder-wrappers.cc:289) Log-like per frame for utterance bn_4b is 2.93632 over 97 frames.
bn_612z781a 6 1 2 z 7 1 
LOG (gmm-latgen-faster[5.5.195~1-6f565]:DecodeUtteranceLatticeFaster():decoder-wrappers.cc:289) Log-like per frame for utterance bn_612z781a is 2.23189 over 327 frames.
bn_756a 7 5 6 
LOG (gmm-latgen-faster[5.5.195~1-6f565]:DecodeUtteranceLatticeFaster():decoder-wrappers.cc:289) Log-like per frame for utterance bn_756a is 2.39631 over 170 frames.
bn_8614a 8 6 1 4 
LOG (gmm-latgen-faster[5.5.195~1-6f565]:DecodeUtteranceLatticeFaster():decoder-wrappers.cc:289) Log-like per frame for utterance bn_8614a is 2.05296 over 199 frames.
bn_9a 9 
LOG (gmm-latgen-faster[5.5.195~1-6f565]:DecodeUtteranceLatticeFaster():decoder-wrappers.cc:289) Log-like per frame for utterance bn_9a is 2.9903 over 82 frames.
bn_oo9oa o o 9 o 
LOG (gmm-latgen-faster[5.5.195~1-6f565]:DecodeUtteranceLatticeFaster():decoder-wrappers.cc:289) Log-like per frame for utterance bn_oo9oa is 2.4579 over 164 frames.
bs_181292za 1 8 1 2 9 2 z 
LOG (gmm-latgen-faster[5.5.195~1-6f565]:DecodeUtteranceLatticeFaster():decoder-wrappers.cc:289) Log-like per frame for utterance bs_181292za is 2.0808 over 411 frames.
bs_24a 2 4 
LOG (gmm-latgen-faster[5.5.195~1-6f565]:DecodeUtteranceLatticeFaster():decoder-wrappers.cc:289) Log-like per frame for utterance bs_24a is 2.48967 over 173 frames.
bs_39983a 3 9 9 8 3 
LOG (gmm-latgen-faster[5.5.195~1-6f565]:DecodeUtteranceLatticeFaster():decoder-wrappers.cc:289) Log-like per frame for utterance bs_39983a is 1.85092 over 268 frames.
bs_4oa 4 o 
LOG (gmm-latgen-faster[5.5.195~1-6f565]:DecodeUtteranceLatticeFaster():decoder-wrappers.cc:289) Log-like per frame for utterance bs_4oa is 2.58823 over 154 frames.
bs_61675z8a 6 1 6 7 5 z 8 
LOG (gmm-latgen-faster[5.5.195~1-6f565]:DecodeUtteranceLatticeFaster():decoder-wrappers.cc:289) Log-like per frame for utterance bs_61675z8a is 1.86432 over 394 frames.
bs_736o439a 7 3 6 o 4 3 9 
LOG (gmm-latgen-faster[5.5.195~1-6f565]:DecodeUtteranceLatticeFaster():decoder-wrappers.cc:289) Log-like per frame for utterance bs_736o439a is 2.00472 over 386 frames.
bs_854216oa 8 5 4 2 1 6 o 
LOG (gmm-latgen-faster[5.5.195~1-6f565]:DecodeUtteranceLatticeFaster():decoder-wrappers.cc:289) Log-like per frame for utterance bs_854216oa is 2.07728 over 359 frames.
bs_9a 9 
LOG (gmm-latgen-faster[5.5.195~1-6f565]:DecodeUtteranceLatticeFaster():decoder-wrappers.cc:289) Log-like per frame for utterance bs_9a is 2.22926 over 106 frames.
bs_ooa o o 
LOG (gmm-latgen-faster[5.5.195~1-6f565]:DecodeUtteranceLatticeFaster():decoder-wrappers.cc:289) Log-like per frame for utterance bs_ooa is 2.29916 over 176 frames.
bw_1119673a 1 1 1 9 6 7 3 
LOG (gmm-latgen-faster[5.5.195~1-6f565]:DecodeUtteranceLatticeFaster():decoder-wrappers.cc:289) Log-like per frame for utterance bw_1119673a is 2.02824 over 300 frames.
bw_28z5a 2 8 z 5 
LOG (gmm-latgen-faster[5.5.195~1-6f565]:DecodeUtteranceLatticeFaster():decoder-wrappers.cc:289) Log-like per frame for utterance bw_28z5a is 2.42645 over 199 frames.
bw_4a 4 
LOG (gmm-latgen-faster[5.5.195~1-6f565]:DecodeUtteranceLatticeFaster():decoder-wrappers.cc:289) Log-like per frame for utterance bw_4a is 3.20942 over 111 frames.
bw_5b 5 
LOG (gmm-latgen-faster[5.5.195~1-6f565]:DecodeUtteranceLatticeFaster():decoder-wrappers.cc:289) Log-like per frame for utterance bw_5b is 2.9756 over 86 frames.
bw_76a 7 6 
LOG (gmm-latgen-faster[5.5.195~1-6f565]:DecodeUtteranceLatticeFaster():decoder-wrappers.cc:289) Log-like per frame for utterance bw_76a is 2.36077 over 138 frames.
bw_878ooa 8 7 8 o o 
LOG (gmm-latgen-faster[5.5.195~1-6f565]:DecodeUtteranceLatticeFaster():decoder-wrappers.cc:289) Log-like per frame for utterance bw_878ooa is 2.13174 over 194 frames.
bw_9a 9 
LOG (gmm-latgen-faster[5.5.195~1-6f565]:DecodeUtteranceLatticeFaster():decoder-wrappers.cc:289) Log-like per frame for utterance bw_9a is 2.79481 over 122 frames.
bw_oo468a o 4 6 8 
LOG (gmm-latgen-faster[5.5.195~1-6f565]:DecodeUtteranceLatticeFaster():decoder-wrappers.cc:289) Log-like per frame for utterance bw_oo468a is 2.00078 over 190 frames.
cc_1159a 1 1 5 9 
LOG (gmm-latgen-faster[5.5.195~1-6f565]:DecodeUtteranceLatticeFaster():decoder-wrappers.cc:289) Log-like per frame for utterance cc_1159a is 2.37865 over 168 frames.
cc_24662o5a 2 4 6 6 2 o 5 
LOG (gmm-latgen-faster[5.5.195~1-6f565]:DecodeUtteranceLatticeFaster():decoder-wrappers.cc:289) Log-like per frame for utterance cc_24662o5a is 2.23231 over 309 frames.
cc_3a 3 
LOG (gmm-latgen-faster[5.5.195~1-6f565]:DecodeUtteranceLatticeFaster():decoder-wrappers.cc:289) Log-like per frame for utterance cc_3a is 2.56986 over 94 frames.
cc_481o3a 4 8 1 o 3 
LOG (gmm-latgen-faster[5.5.195~1-6f565]:DecodeUtteranceLatticeFaster():decoder-wrappers.cc:289) Log-like per frame for utterance cc_481o3a is 2.22308 over 209 frames.
cc_5b 5 
LOG (gmm-latgen-faster[5.5.195~1-6f565]:DecodeUtteranceLatticeFaster():decoder-wrappers.cc:289) Log-like per frame for utterance cc_5b is 2.73097 over 108 frames.
cc_71a 7 1 
LOG (gmm-latgen-faster[5.5.195~1-6f565]:DecodeUtteranceLatticeFaster():decoder-wrappers.cc:289) Log-like per frame for utterance cc_71a is 2.47443 over 149 frames.
cc_863a 8 6 3 
LOG (gmm-latgen-faster[5.5.195~1-6f565]:DecodeUtteranceLatticeFaster():decoder-wrappers.cc:289) Log-like per frame for utterance cc_863a is 2.23118 over 158 frames.
cc_956za 9 5 6 z 
LOG (gmm-latgen-faster[5.5.195~1-6f565]:DecodeUtteranceLatticeFaster():decoder-wrappers.cc:289) Log-like per frame for utterance cc_956za is 2.28273 over 181 frames.
cc_ob o 
LOG (gmm-latgen-faster[5.5.195~1-6f565]:DecodeUtteranceLatticeFaster():decoder-wrappers.cc:289) Log-like per frame for utterance cc_ob is 2.67272 over 84 frames.
cc_zz31298a z z 3 1 2 9 8 
LOG (gmm-latgen-faster[5.5.195~1-6f565]:DecodeUtteranceLatticeFaster():decoder-wrappers.cc:289) Log-like per frame for utterance cc_zz31298a is 1.98252 over 274 frames.
cd_2756oa 2 7 5 6 o 
LOG (gmm-latgen-faster[5.5.195~1-6f565]:DecodeUtteranceLatticeFaster():decoder-wrappers.cc:289) Log-like per frame for utterance cd_2756oa is 2.17632 over 213 frames.
cd_3654za 3 6 5 4 z 
LOG (gmm-latgen-faster[5.5.195~1-6f565]:DecodeUtteranceLatticeFaster():decoder-wrappers.cc:289) Log-like per frame for utterance cd_3654za is 2.32084 over 227 frames.
cd_4a 4 
LOG (gmm-latgen-faster[5.5.195~1-6f565]:DecodeUtteranceLatticeFaster():decoder-wrappers.cc:289) Log-like per frame for utterance cd_4a is 2.83552 over 72 frames.
cd_5z383z5a 5 z 3 8 3 z 5 
LOG (gmm-latgen-faster[5.5.195~1-6f565]:DecodeUtteranceLatticeFaster():decoder-wrappers.cc:289) Log-like per frame for utterance cd_5z383z5a is 2.32375 over 364 frames.
cd_7176171a 7 1 7 6 1 7 1 
LOG (gmm-latgen-faster[5.5.195~1-6f565]:DecodeUtteranceLatticeFaster():decoder-wrappers.cc:289) Log-like per frame for utterance cd_7176171a is 2.04693 over 312 frames.
cd_85o3872a 8 5 o 3 8 7 2 
LOG (gmm-latgen-faster[5.5.195~1-6f565]:DecodeUtteranceLatticeFaster():decoder-wrappers.cc:289) Log-like per frame for utterance cd_85o3872a is 1.99023 over 254 frames.
cd_9a 9 
LOG (gmm-latgen-faster[5.5.195~1-6f565]:DecodeUtteranceLatticeFaster():decoder-wrappers.cc:289) Log-like per frame for utterance cd_9a is 2.57175 over 89 frames.
cd_oa o 
LOG (gmm-latgen-faster[5.5.195~1-6f565]:DecodeUtteranceLatticeFaster():decoder-wrappers.cc:289) Log-like per frame for utterance cd_oa is 2.38343 over 102 frames.
cd_zb z 
LOG (gmm-latgen-faster[5.5.195~1-6f565]:DecodeUtteranceLatticeFaster():decoder-wrappers.cc:289) Log-like per frame for utterance cd_zb is 2.57467 over 88 frames.
ce_235a 2 3 5 
LOG (gmm-latgen-faster[5.5.195~1-6f565]:DecodeUtteranceLatticeFaster():decoder-wrappers.cc:289) Log-like per frame for utterance ce_235a is 2.38421 over 125 frames.
ce_3887a 3 8 8 7 
LOG (gmm-latgen-faster[5.5.195~1-6f565]:DecodeUtteranceLatticeFaster():decoder-wrappers.cc:289) Log-like per frame for utterance ce_3887a is 1.91493 over 193 frames.
ce_49z4a 4 9 z 4 
LOG (gmm-latgen-faster[5.5.195~1-6f565]:DecodeUtteranceLatticeFaster():decoder-wrappers.cc:289) Log-like per frame for utterance ce_49z4a is 2.17144 over 191 frames.
ce_5b 5 
LOG (gmm-latgen-faster[5.5.195~1-6f565]:DecodeUtteranceLatticeFaster():decoder-wrappers.cc:289) Log-like per frame for utterance ce_5b is 2.74021 over 94 frames.
ce_6z5z8a 6 z 5 z 8 
LOG (gmm-latgen-faster[5.5.195~1-6f565]:DecodeUtteranceLatticeFaster():decoder-wrappers.cc:289) Log-like per frame for utterance ce_6z5z8a is 1.72882 over 212 frames.
ce_87761a 8 7 7 6 1 
LOG (gmm-latgen-faster[5.5.195~1-6f565]:DecodeUtteranceLatticeFaster():decoder-wrappers.cc:289) Log-like per frame for utterance ce_87761a is 1.76313 over 216 frames.
ce_oa o 
LOG (gmm-latgen-faster[5.5.195~1-6f565]:DecodeUtteranceLatticeFaster():decoder-wrappers.cc:289) Log-like per frame for utterance ce_oa is 2.54668 over 89 frames.
ce_zb z 
LOG (gmm-latgen-faster[5.5.195~1-6f565]:DecodeUtteranceLatticeFaster():decoder-wrappers.cc:289) Log-like per frame for utterance ce_zb is 2.13358 over 106 frames.
cj_2282oa 2 2 8 2 o 
LOG (gmm-latgen-faster[5.5.195~1-6f565]:DecodeUtteranceLatticeFaster():decoder-wrappers.cc:289) Log-like per frame for utterance cj_2282oa is 1.73152 over 260 frames.
cj_348a 3 4 8 
LOG (gmm-latgen-faster[5.5.195~1-6f565]:DecodeUtteranceLatticeFaster():decoder-wrappers.cc:289) Log-like per frame for utterance cj_348a is 2.29557 over 168 frames.
cj_489a 4 8 9 
LOG (gmm-latgen-faster[5.5.195~1-6f565]:DecodeUtteranceLatticeFaster():decoder-wrappers.cc:289) Log-like per frame for utterance cj_489a is 2.36542 over 199 frames.
cj_5a 5 
LOG (gmm-latgen-faster[5.5.195~1-6f565]:DecodeUtteranceLatticeFaster():decoder-wrappers.cc:289) Log-like per frame for utterance cj_5a is 3.07737 over 116 frames.
cj_6b 6 
LOG (gmm-latgen-faster[5.5.195~1-6f565]:DecodeUtteranceLatticeFaster():decoder-wrappers.cc:289) Log-like per frame for utterance cj_6b is 2.44563 over 136 frames.
cj_83a 8 3 
LOG (gmm-latgen-faster[5.5.195~1-6f565]:DecodeUtteranceLatticeFaster():decoder-wrappers.cc:289) Log-like per frame for utterance cj_83a is 2.22179 over 126 frames.
cj_97a 9 7 
LOG (gmm-latgen-faster[5.5.195~1-6f565]:DecodeUtteranceLatticeFaster():decoder-wrappers.cc:289) Log-like per frame for utterance cj_97a is 2.33463 over 144 frames.
cj_o677a o 6 7 7 
LOG (gmm-latgen-faster[5.5.195~1-6f565]:DecodeUtteranceLatticeFaster():decoder-wrappers.cc:289) Log-like per frame for utterance cj_o677a is 1.91215 over 214 frames.
cj_za z 
LOG (gmm-latgen-faster[5.5.195~1-6f565]:DecodeUtteranceLatticeFaster():decoder-wrappers.cc:289) Log-like per frame for utterance cj_za is 2.14767 over 108 frames.
cp_1b 1 
LOG (gmm-latgen-faster[5.5.195~1-6f565]:DecodeUtteranceLatticeFaster():decoder-wrappers.cc:289) Log-like per frame for utterance cp_1b is 2.23685 over 97 frames.
cp_32882a 3 2 8 8 2 
LOG (gmm-latgen-faster[5.5.195~1-6f565]:DecodeUtteranceLatticeFaster():decoder-wrappers.cc:289) Log-like per frame for utterance cp_32882a is 2.00649 over 205 frames.
cp_45167a 4 5 1 6 7 
LOG (gmm-latgen-faster[5.5.195~1-6f565]:DecodeUtteranceLatticeFaster():decoder-wrappers.cc:289) Log-like per frame for utterance cp_45167a is 1.90554 over 274 frames.
cp_5a 5 
LOG (gmm-latgen-faster[5.5.195~1-6f565]:DecodeUtteranceLatticeFaster():decoder-wrappers.cc:289) Log-like per frame for utterance cp_5a is 2.70552 over 106 frames.
cp_6a 6 
LOG (gmm-latgen-faster[5.5.195~1-6f565]:DecodeUtteranceLatticeFaster():decoder-wrappers.cc:289) Log-like per frame for utterance cp_6a is 2.25012 over 112 frames.
cp_8281545a 8 2 8 1 5 4 5 
LOG (gmm-latgen-faster[5.5.195~1-6f565]:DecodeUtteranceLatticeFaster():decoder-wrappers.cc:289) Log-like per frame for utterance cp_8281545a is 1.9694 over 319 frames.
cp_98a 9 8 
LOG (gmm-latgen-faster[5.5.195~1-6f565]:DecodeUtteranceLatticeFaster():decoder-wrappers.cc:289) Log-like per frame for utterance cp_98a is 2.50048 over 131 frames.
cp_oa o 
LOG (gmm-latgen-faster[5.5.195~1-6f565]:DecodeUtteranceLatticeFaster():decoder-wrappers.cc:289) Log-like per frame for utterance cp_oa is 2.46878 over 77 frames.
cp_z883a z 8 8 3 
LOG (gmm-latgen-faster[5.5.195~1-6f565]:DecodeUtteranceLatticeFaster():decoder-wrappers.cc:289) Log-like per frame for utterance cp_z883a is 2.05528 over 202 frames.
cs_1o3o569a 1 o 3 o 5 6 9 
LOG (gmm-latgen-faster[5.5.195~1-6f565]:DecodeUtteranceLatticeFaster():decoder-wrappers.cc:289) Log-like per frame for utterance cs_1o3o569a is 1.68744 over 291 frames.
cs_31a 3 1 
LOG (gmm-latgen-faster[5.5.195~1-6f565]:DecodeUtteranceLatticeFaster():decoder-wrappers.cc:289) Log-like per frame for utterance cs_31a is 2.06598 over 102 frames.
cs_4844a 4 8 4 4 
LOG (gmm-latgen-faster[5.5.195~1-6f565]:DecodeUtteranceLatticeFaster():decoder-wrappers.cc:289) Log-like per frame for utterance cs_4844a is 1.7827 over 180 frames.
cs_5482a 5 4 8 2 
LOG (gmm-latgen-faster[5.5.195~1-6f565]:DecodeUtteranceLatticeFaster():decoder-wrappers.cc:289) Log-like per frame for utterance cs_5482a is 1.76123 over 162 frames.
cs_6z2z733a 6 z 2 z 7 3 3 
LOG (gmm-latgen-faster[5.5.195~1-6f565]:DecodeUtteranceLatticeFaster():decoder-wrappers.cc:289) Log-like per frame for utterance cs_6z2z733a is 1.80134 over 355 frames.
cs_7b 7 
LOG (gmm-latgen-faster[5.5.195~1-6f565]:DecodeUtteranceLatticeFaster():decoder-wrappers.cc:289) Log-like per frame for utterance cs_7b is 2.4014 over 93 frames.
cs_95a 9 5 
LOG (gmm-latgen-faster[5.5.195~1-6f565]:DecodeUtteranceLatticeFaster():decoder-wrappers.cc:289) Log-like per frame for utterance cs_95a is 2.1451 over 123 frames.
cs_o94o6a o 9 4 o 6 
LOG (gmm-latgen-faster[5.5.195~1-6f565]:DecodeUtteranceLatticeFaster():decoder-wrappers.cc:289) Log-like per frame for utterance cs_o94o6a is 1.96135 over 217 frames.
cs_za z 
LOG (gmm-latgen-faster[5.5.195~1-6f565]:DecodeUtteranceLatticeFaster():decoder-wrappers.cc:289) Log-like per frame for utterance cs_za is 2.43017 over 100 frames.
ct_1a 1 
LOG (gmm-latgen-faster[5.5.195~1-6f565]:DecodeUtteranceLatticeFaster():decoder-wrappers.cc:289) Log-like per frame for utterance ct_1a is 2.23786 over 81 frames.
ct_32548a 3 2 5 4 8 
LOG (gmm-latgen-faster[5.5.195~1-6f565]:DecodeUtteranceLatticeFaster():decoder-wrappers.cc:289) Log-like per frame for utterance ct_32548a is 1.99693 over 214 frames.
ct_5a 5 
LOG (gmm-latgen-faster[5.5.195~1-6f565]:DecodeUtteranceLatticeFaster():decoder-wrappers.cc:289) Log-like per frame for utterance ct_5a is 2.63 over 88 frames.
ct_6a 6 
LOG (gmm-latgen-faster[5.5.195~1-6f565]:DecodeUtteranceLatticeFaster():decoder-wrappers.cc:289) Log-like per frame for utterance ct_6a is 2.71222 over 104 frames.
ct_7zza 7 z z 
LOG (gmm-latgen-faster[5.5.195~1-6f565]:DecodeUtteranceLatticeFaster():decoder-wrappers.cc:289) Log-like per frame for utterance ct_7zza is 1.86708 over 178 frames.
ct_9443a 9 4 4 3 
LOG (gmm-latgen-faster[5.5.195~1-6f565]:DecodeUtteranceLatticeFaster():decoder-wrappers.cc:289) Log-like per frame for utterance ct_9443a is 2.08109 over 213 frames.
ct_o7a o 7 
LOG (gmm-latgen-faster[5.5.195~1-6f565]:DecodeUtteranceLatticeFaster():decoder-wrappers.cc:289) Log-like per frame for utterance ct_o7a is 2.00303 over 116 frames.
LOG (apply-cmvn[5.5.195~1-6f565]:main():apply-cmvn.cc:162) Applied cepstral mean normalization to 97 utterances, errors on 0
ct_z6zzza z 6 z z z 
LOG (gmm-latgen-faster[5.5.195~1-6f565]:DecodeUtteranceLatticeFaster():decoder-wrappers.cc:289) Log-like per frame for utterance ct_z6zzza is 1.77366 over 262 frames.
df_1b 1 
LOG (gmm-latgen-faster[5.5.195~1-6f565]:DecodeUtteranceLatticeFaster():decoder-wrappers.cc:289) Log-like per frame for utterance df_1b is 2.52535 over 108 frames.
df_2b 2 
LOG (gmm-latgen-faster[5.5.195~1-6f565]:DecodeUtteranceLatticeFaster():decoder-wrappers.cc:289) Log-like per frame for utterance df_2b is 2.91675 over 95 frames.
df_42336a 4 2 3 3 6 
LOG (gmm-latgen-faster[5.5.195~1-6f565]:DecodeUtteranceLatticeFaster():decoder-wrappers.cc:289) Log-like per frame for utterance df_42336a is 1.96158 over 242 frames.
df_5693za 5 6 9 3 z 
LOG (gmm-latgen-faster[5.5.195~1-6f565]:DecodeUtteranceLatticeFaster():decoder-wrappers.cc:289) Log-like per frame for utterance df_5693za is 1.971 over 259 frames.
df_6a 6 
LOG (gmm-latgen-faster[5.5.195~1-6f565]:DecodeUtteranceLatticeFaster():decoder-wrappers.cc:289) Log-like per frame for utterance df_6a is 2.83724 over 104 frames.
df_7b 7 
LOG (gmm-latgen-faster[5.5.195~1-6f565]:DecodeUtteranceLatticeFaster():decoder-wrappers.cc:289) Log-like per frame for utterance df_7b is 2.81394 over 94 frames.
df_93253a 9 3 2 5 3 
LOG (gmm-latgen-faster[5.5.195~1-6f565]:DecodeUtteranceLatticeFaster():decoder-wrappers.cc:289) Log-like per frame for utterance df_93253a is 2.11717 over 259 frames.
df_o7o2a o 7 o 2 
LOG (gmm-latgen-faster[5.5.195~1-6f565]:DecodeUtteranceLatticeFaster():decoder-wrappers.cc:289) Log-like per frame for utterance df_o7o2a is 2.0708 over 173 frames.
df_z745za z 7 4 5 z 
LOG (gmm-latgen-faster[5.5.195~1-6f565]:DecodeUtteranceLatticeFaster():decoder-wrappers.cc:289) Log-like per frame for utterance df_z745za is 2.21847 over 263 frames.
LOG (gmm-latgen-faster[5.5.195~1-6f565]:main():gmm-latgen-faster.cc:176) Time taken 15.305s: real-time factor assuming 100 frames/sec is 0.0879848
LOG (gmm-latgen-faster[5.5.195~1-6f565]:main():gmm-latgen-faster.cc:179) Done 97 utterances, failed for 0
LOG (gmm-latgen-faster[5.5.195~1-6f565]:main():gmm-latgen-faster.cc:181) Overall log-likelihood per frame is 2.18082 over 17395 frames.
# Accounting: time=16 threads=1
# Ended (code 0) at Wed Feb 13 13:12:11 EST 2019, elapsed time 16 seconds
