# gmm-est --mix-up=15000 --power=0.25 --write-occs=exp/tri1/29.occs exp/tri1/28.mdl "gmm-sum-accs - exp/tri1/28.*.acc |" exp/tri1/29.mdl 
# Started at Sun Feb 24 18:14:17 EST 2019
#
gmm-est --mix-up=15000 --power=0.25 --write-occs=exp/tri1/29.occs exp/tri1/28.mdl 'gmm-sum-accs - exp/tri1/28.*.acc |' exp/tri1/29.mdl 
gmm-sum-accs - exp/tri1/28.1.acc exp/tri1/28.2.acc exp/tri1/28.3.acc exp/tri1/28.4.acc 
LOG (gmm-sum-accs[5.5.195~1-6f565]:main():gmm-sum-accs.cc:63) Summed 4 stats, total count 303022, avg like/frame -92.18
LOG (gmm-sum-accs[5.5.195~1-6f565]:main():gmm-sum-accs.cc:66) Total count of stats is 303022
LOG (gmm-sum-accs[5.5.195~1-6f565]:main():gmm-sum-accs.cc:67) Written stats to -
LOG (gmm-est[5.5.195~1-6f565]:MleUpdate():transition-model.cc:528) TransitionModel::Update, objf change is -1.908e-11 per frame over 303022 frames. 
LOG (gmm-est[5.5.195~1-6f565]:MleUpdate():transition-model.cc:531) 22 probabilities floored, 1 out of 899 transition-states skipped due to insuffient data (it is normal to have some skipped.)
LOG (gmm-est[5.5.195~1-6f565]:main():gmm-est.cc:102) Transition model update: Overall -1.908e-11 log-like improvement per frame over 303022 frames.
WARNING (gmm-est[5.5.195~1-6f565]:MleDiagGmmUpdate():mle-diag-gmm.cc:359) Too little data - removing Gaussian (weight 0.000589, occupation count 8.481586, vector size 39)
WARNING (gmm-est[5.5.195~1-6f565]:MleDiagGmmUpdate():mle-diag-gmm.cc:359) Too little data - removing Gaussian (weight 0.001405, occupation count 9.461784, vector size 39)
WARNING (gmm-est[5.5.195~1-6f565]:MleDiagGmmUpdate():mle-diag-gmm.cc:359) Too little data - removing Gaussian (weight 0.001372, occupation count 9.240341, vector size 39)
WARNING (gmm-est[5.5.195~1-6f565]:MleDiagGmmUpdate():mle-diag-gmm.cc:359) Too little data - removing Gaussian (weight 0.001468, occupation count 9.885996, vector size 39)
WARNING (gmm-est[5.5.195~1-6f565]:MleDiagGmmUpdate():mle-diag-gmm.cc:359) Too little data - removing Gaussian (weight 0.001433, occupation count 9.653230, vector size 39)
WARNING (gmm-est[5.5.195~1-6f565]:MleDiagGmmUpdate():mle-diag-gmm.cc:359) Too little data - removing Gaussian (weight 0.001289, occupation count 8.685188, vector size 39)
WARNING (gmm-est[5.5.195~1-6f565]:MleDiagGmmUpdate():mle-diag-gmm.cc:359) Too little data - removing Gaussian (weight 0.013054, occupation count 9.986629, vector size 39)
WARNING (gmm-est[5.5.195~1-6f565]:MleDiagGmmUpdate():mle-diag-gmm.cc:359) Too little data - removing Gaussian (weight 0.011308, occupation count 9.984854, vector size 39)
WARNING (gmm-est[5.5.195~1-6f565]:MleDiagGmmUpdate():mle-diag-gmm.cc:359) Too little data - removing Gaussian (weight 0.008554, occupation count 9.999295, vector size 39)
WARNING (gmm-est[5.5.195~1-6f565]:MleDiagGmmUpdate():mle-diag-gmm.cc:365) Gaussian has too little data but not removing it because it is the last Gaussian: i = 0, occ = 8, weight = 1
WARNING (gmm-est[5.5.195~1-6f565]:MleDiagGmmUpdate():mle-diag-gmm.cc:359) Too little data - removing Gaussian (weight 0.044368, occupation count 9.982728, vector size 39)
WARNING (gmm-est[5.5.195~1-6f565]:MleDiagGmmUpdate():mle-diag-gmm.cc:359) Too little data - removing Gaussian (weight 0.022364, occupation count 9.996919, vector size 39)
WARNING (gmm-est[5.5.195~1-6f565]:MleDiagGmmUpdate():mle-diag-gmm.cc:359) Too little data - removing Gaussian (weight 0.008252, occupation count 9.993217, vector size 39)
WARNING (gmm-est[5.5.195~1-6f565]:MleDiagGmmUpdate():mle-diag-gmm.cc:359) Too little data - removing Gaussian (weight 0.016077, occupation count 9.967603, vector size 39)
WARNING (gmm-est[5.5.195~1-6f565]:MleDiagGmmUpdate():mle-diag-gmm.cc:359) Too little data - removing Gaussian (weight 0.011752, occupation count 9.436856, vector size 39)
WARNING (gmm-est[5.5.195~1-6f565]:MleDiagGmmUpdate():mle-diag-gmm.cc:359) Too little data - removing Gaussian (weight 0.030236, occupation count 9.947742, vector size 39)
LOG (gmm-est[5.5.195~1-6f565]:MleAmDiagGmmUpdate():mle-am-diag-gmm.cc:225) 0 variance elements floored in 0 Gaussians, out of 14726
LOG (gmm-est[5.5.195~1-6f565]:MleAmDiagGmmUpdate():mle-am-diag-gmm.cc:229) Removed 15 Gaussians due to counts < --min-gaussian-occupancy=10 and --remove-low-count-gaussians=true
LOG (gmm-est[5.5.195~1-6f565]:main():gmm-est.cc:113) GMM update: Overall 0.0669607 objective function improvement per frame over 303022 frames
LOG (gmm-est[5.5.195~1-6f565]:main():gmm-est.cc:116) GMM update: Overall avg like per frame = -92.18 over 303022 frames.
WARNING (gmm-est[5.5.195~1-6f565]:GetSplitTargets():model-common.cc:134) Could not split up to 15000 due to min-count = 20 (or no counts at all)
LOG (gmm-est[5.5.195~1-6f565]:SplitByCount():am-diag-gmm.cc:116) Split 864 states with target = 15000, power = 0.25, perturb_factor = 0.01 and min_count = 20, split #Gauss from 14726 to 14741
LOG (gmm-est[5.5.195~1-6f565]:main():gmm-est.cc:146) Written model to exp/tri1/29.mdl
# Accounting: time=0 threads=1
# Ended (code 0) at Sun Feb 24 18:14:17 EST 2019, elapsed time 0 seconds
