# align-equal-compiled "ark:gunzip -c exp/mono0a/fsts.2.gz|" "ark,s,cs:apply-cmvn  --utt2spk=ark:data/train_1k/split4/2/utt2spk scp:data/train_1k/split4/2/cmvn.scp scp:data/train_1k/split4/2/feats.scp ark:- | add-deltas  ark:- ark:- |" ark,t:- | gmm-acc-stats-ali --binary=true exp/mono0a/0.mdl "ark,s,cs:apply-cmvn  --utt2spk=ark:data/train_1k/split4/2/utt2spk scp:data/train_1k/split4/2/cmvn.scp scp:data/train_1k/split4/2/feats.scp ark:- | add-deltas  ark:- ark:- |" ark:- exp/mono0a/0.2.acc 
# Started at Wed Feb 13 13:10:27 EST 2019
#
gmm-acc-stats-ali --binary=true exp/mono0a/0.mdl 'ark,s,cs:apply-cmvn  --utt2spk=ark:data/train_1k/split4/2/utt2spk scp:data/train_1k/split4/2/cmvn.scp scp:data/train_1k/split4/2/feats.scp ark:- | add-deltas  ark:- ark:- |' ark:- exp/mono0a/0.2.acc 
align-equal-compiled 'ark:gunzip -c exp/mono0a/fsts.2.gz|' 'ark,s,cs:apply-cmvn  --utt2spk=ark:data/train_1k/split4/2/utt2spk scp:data/train_1k/split4/2/cmvn.scp scp:data/train_1k/split4/2/feats.scp ark:- | add-deltas  ark:- ark:- |' ark,t:- 
add-deltas ark:- ark:- 
apply-cmvn --utt2spk=ark:data/train_1k/split4/2/utt2spk scp:data/train_1k/split4/2/cmvn.scp scp:data/train_1k/split4/2/feats.scp ark:- 
apply-cmvn --utt2spk=ark:data/train_1k/split4/2/utt2spk scp:data/train_1k/split4/2/cmvn.scp scp:data/train_1k/split4/2/feats.scp ark:- 
add-deltas ark:- ark:- 
LOG (gmm-acc-stats-ali[5.5.195~1-6f565]:main():gmm-acc-stats-ali.cc:105) Processed 50 utterances; for utterance fd_84428a avg. like is 4.98875 over 194 frames.
LOG (gmm-acc-stats-ali[5.5.195~1-6f565]:main():gmm-acc-stats-ali.cc:105) Processed 100 utterances; for utterance gg_3b avg. like is 10.9514 over 79 frames.
LOG (gmm-acc-stats-ali[5.5.195~1-6f565]:main():gmm-acc-stats-ali.cc:105) Processed 150 utterances; for utterance hg_o135513a avg. like is 13.348 over 351 frames.
LOG (gmm-acc-stats-ali[5.5.195~1-6f565]:main():gmm-acc-stats-ali.cc:105) Processed 200 utterances; for utterance ie_6b avg. like is 12.6467 over 123 frames.
LOG (apply-cmvn[5.5.195~1-6f565]:main():apply-cmvn.cc:162) Applied cepstral mean normalization to 250 utterances, errors on 0
LOG (align-equal-compiled[5.5.195~1-6f565]:main():align-equal-compiled.cc:107) Success: done 250 utterances.
LOG (apply-cmvn[5.5.195~1-6f565]:main():apply-cmvn.cc:162) Applied cepstral mean normalization to 250 utterances, errors on 0
LOG (gmm-acc-stats-ali[5.5.195~1-6f565]:main():gmm-acc-stats-ali.cc:105) Processed 250 utterances; for utterance in_zz2a avg. like is 14.9114 over 146 frames.
LOG (gmm-acc-stats-ali[5.5.195~1-6f565]:main():gmm-acc-stats-ali.cc:112) Done 250 files, 0 with errors.
LOG (gmm-acc-stats-ali[5.5.195~1-6f565]:main():gmm-acc-stats-ali.cc:115) Overall avg like per frame (Gaussian only) = 10.048 over 42487 frames.
LOG (gmm-acc-stats-ali[5.5.195~1-6f565]:main():gmm-acc-stats-ali.cc:123) Written accs.
# Accounting: time=1 threads=1
# Ended (code 0) at Wed Feb 13 13:10:28 EST 2019, elapsed time 1 seconds
