# gmm-align-compiled --transition-scale=1.0 --acoustic-scale=0.1 --self-loop-scale=0.1 --beam=10 --retry-beam=40 --careful=false "gmm-boost-silence --boost=1.0 1 exp/mono0a/23.mdl - |" "ark:gunzip -c exp/mono0a/fsts.2.gz|" "ark,s,cs:apply-cmvn  --utt2spk=ark:data/train_1k/split4/2/utt2spk scp:data/train_1k/split4/2/cmvn.scp scp:data/train_1k/split4/2/feats.scp ark:- | add-deltas  ark:- ark:- |" "ark,t:|gzip -c >exp/mono0a/ali.2.gz" 
# Started at Wed Feb 13 13:11:20 EST 2019
#
gmm-align-compiled --transition-scale=1.0 --acoustic-scale=0.1 --self-loop-scale=0.1 --beam=10 --retry-beam=40 --careful=false 'gmm-boost-silence --boost=1.0 1 exp/mono0a/23.mdl - |' 'ark:gunzip -c exp/mono0a/fsts.2.gz|' 'ark,s,cs:apply-cmvn  --utt2spk=ark:data/train_1k/split4/2/utt2spk scp:data/train_1k/split4/2/cmvn.scp scp:data/train_1k/split4/2/feats.scp ark:- | add-deltas  ark:- ark:- |' 'ark,t:|gzip -c >exp/mono0a/ali.2.gz' 
gmm-boost-silence --boost=1.0 1 exp/mono0a/23.mdl - 
LOG (gmm-boost-silence[5.5.195~1-6f565]:main():gmm-boost-silence.cc:93) Boosted weights for 5 pdfs, by factor of 1
LOG (gmm-boost-silence[5.5.195~1-6f565]:main():gmm-boost-silence.cc:103) Wrote model to -
add-deltas ark:- ark:- 
apply-cmvn --utt2spk=ark:data/train_1k/split4/2/utt2spk scp:data/train_1k/split4/2/cmvn.scp scp:data/train_1k/split4/2/feats.scp ark:- 
LOG (gmm-align-compiled[5.5.195~1-6f565]:main():gmm-align-compiled.cc:127) ei_35o23a
LOG (gmm-align-compiled[5.5.195~1-6f565]:main():gmm-align-compiled.cc:127) ei_4596a
LOG (gmm-align-compiled[5.5.195~1-6f565]:main():gmm-align-compiled.cc:127) ei_58879o8a
LOG (gmm-align-compiled[5.5.195~1-6f565]:main():gmm-align-compiled.cc:127) ei_6b
LOG (gmm-align-compiled[5.5.195~1-6f565]:main():gmm-align-compiled.cc:127) ei_847ooa
LOG (gmm-align-compiled[5.5.195~1-6f565]:main():gmm-align-compiled.cc:127) ei_93a
LOG (gmm-align-compiled[5.5.195~1-6f565]:main():gmm-align-compiled.cc:127) ei_o9a
LOG (gmm-align-compiled[5.5.195~1-6f565]:main():gmm-align-compiled.cc:127) ei_za
LOG (gmm-align-compiled[5.5.195~1-6f565]:main():gmm-align-compiled.cc:127) ek_1a
LOG (gmm-align-compiled[5.5.195~1-6f565]:main():gmm-align-compiled.cc:127) ek_2z66a
LOG (gmm-align-compiled[5.5.195~1-6f565]:main():gmm-align-compiled.cc:127) ek_449a
LOG (gmm-align-compiled[5.5.195~1-6f565]:main():gmm-align-compiled.cc:127) ek_54641a
LOG (gmm-align-compiled[5.5.195~1-6f565]:main():gmm-align-compiled.cc:127) ek_6a
LOG (gmm-align-compiled[5.5.195~1-6f565]:main():gmm-align-compiled.cc:127) ek_7b
LOG (gmm-align-compiled[5.5.195~1-6f565]:main():gmm-align-compiled.cc:127) ek_94o36a
LOG (gmm-align-compiled[5.5.195~1-6f565]:main():gmm-align-compiled.cc:127) ek_o553832a
LOG (gmm-align-compiled[5.5.195~1-6f565]:main():gmm-align-compiled.cc:127) ek_z747a
LOG (gmm-align-compiled[5.5.195~1-6f565]:main():gmm-align-compiled.cc:127) el_186a
LOG (gmm-align-compiled[5.5.195~1-6f565]:main():gmm-align-compiled.cc:127) el_2o88a
LOG (gmm-align-compiled[5.5.195~1-6f565]:main():gmm-align-compiled.cc:127) el_3oa
LOG (gmm-align-compiled[5.5.195~1-6f565]:main():gmm-align-compiled.cc:127) el_53a
LOG (gmm-align-compiled[5.5.195~1-6f565]:main():gmm-align-compiled.cc:127) el_67433a
LOG (gmm-align-compiled[5.5.195~1-6f565]:main():gmm-align-compiled.cc:127) el_7a
LOG (gmm-align-compiled[5.5.195~1-6f565]:main():gmm-align-compiled.cc:127) el_8z2a
LOG (gmm-align-compiled[5.5.195~1-6f565]:main():gmm-align-compiled.cc:127) el_o219a
LOG (gmm-align-compiled[5.5.195~1-6f565]:main():gmm-align-compiled.cc:127) el_z45z865a
LOG (gmm-align-compiled[5.5.195~1-6f565]:main():gmm-align-compiled.cc:127) es_198oa
LOG (gmm-align-compiled[5.5.195~1-6f565]:main():gmm-align-compiled.cc:127) es_2a
LOG (gmm-align-compiled[5.5.195~1-6f565]:main():gmm-align-compiled.cc:127) es_3zza
LOG (gmm-align-compiled[5.5.195~1-6f565]:main():gmm-align-compiled.cc:127) es_53283o9a
LOG (gmm-align-compiled[5.5.195~1-6f565]:main():gmm-align-compiled.cc:127) es_6557a
LOG (gmm-align-compiled[5.5.195~1-6f565]:main():gmm-align-compiled.cc:127) es_8b
LOG (gmm-align-compiled[5.5.195~1-6f565]:main():gmm-align-compiled.cc:127) es_9o658a
LOG (gmm-align-compiled[5.5.195~1-6f565]:main():gmm-align-compiled.cc:127) es_z297395a
LOG (gmm-align-compiled[5.5.195~1-6f565]:main():gmm-align-compiled.cc:127) fc_1279a
LOG (gmm-align-compiled[5.5.195~1-6f565]:main():gmm-align-compiled.cc:127) fc_2965oa
LOG (gmm-align-compiled[5.5.195~1-6f565]:main():gmm-align-compiled.cc:127) fc_38648o4a
LOG (gmm-align-compiled[5.5.195~1-6f565]:main():gmm-align-compiled.cc:127) fc_4b
LOG (gmm-align-compiled[5.5.195~1-6f565]:main():gmm-align-compiled.cc:127) fc_61oo2ooa
LOG (gmm-align-compiled[5.5.195~1-6f565]:main():gmm-align-compiled.cc:127) fc_76128a
LOG (gmm-align-compiled[5.5.195~1-6f565]:main():gmm-align-compiled.cc:127) fc_86a
LOG (gmm-align-compiled[5.5.195~1-6f565]:main():gmm-align-compiled.cc:127) fc_9b
LOG (gmm-align-compiled[5.5.195~1-6f565]:main():gmm-align-compiled.cc:127) fc_ooa
LOG (gmm-align-compiled[5.5.195~1-6f565]:main():gmm-align-compiled.cc:127) fd_1423a
LOG (gmm-align-compiled[5.5.195~1-6f565]:main():gmm-align-compiled.cc:127) fd_2641736a
LOG (gmm-align-compiled[5.5.195~1-6f565]:main():gmm-align-compiled.cc:127) fd_393za
LOG (gmm-align-compiled[5.5.195~1-6f565]:main():gmm-align-compiled.cc:127) fd_4z67a
LOG (gmm-align-compiled[5.5.195~1-6f565]:main():gmm-align-compiled.cc:127) fd_5b
LOG (gmm-align-compiled[5.5.195~1-6f565]:main():gmm-align-compiled.cc:127) fd_7372a
LOG (gmm-align-compiled[5.5.195~1-6f565]:main():gmm-align-compiled.cc:127) fd_84428a
LOG (gmm-align-compiled[5.5.195~1-6f565]:main():gmm-align-compiled.cc:127) fd_963o65oa
LOG (gmm-align-compiled[5.5.195~1-6f565]:main():gmm-align-compiled.cc:127) fd_oo2722oa
LOG (gmm-align-compiled[5.5.195~1-6f565]:main():gmm-align-compiled.cc:127) fd_zza
LOG (gmm-align-compiled[5.5.195~1-6f565]:main():gmm-align-compiled.cc:127) ff_246a
LOG (gmm-align-compiled[5.5.195~1-6f565]:main():gmm-align-compiled.cc:127) ff_36oo719a
LOG (gmm-align-compiled[5.5.195~1-6f565]:main():gmm-align-compiled.cc:127) ff_4a
LOG (gmm-align-compiled[5.5.195~1-6f565]:main():gmm-align-compiled.cc:127) ff_5b
LOG (gmm-align-compiled[5.5.195~1-6f565]:main():gmm-align-compiled.cc:127) ff_735a
LOG (gmm-align-compiled[5.5.195~1-6f565]:main():gmm-align-compiled.cc:127) ff_82a
LOG (gmm-align-compiled[5.5.195~1-6f565]:main():gmm-align-compiled.cc:127) ff_9512a
LOG (gmm-align-compiled[5.5.195~1-6f565]:main():gmm-align-compiled.cc:127) ff_o872934a
LOG (gmm-align-compiled[5.5.195~1-6f565]:main():gmm-align-compiled.cc:127) ff_zz1a
LOG (gmm-align-compiled[5.5.195~1-6f565]:main():gmm-align-compiled.cc:127) fi_34o15a
LOG (gmm-align-compiled[5.5.195~1-6f565]:main():gmm-align-compiled.cc:127) fi_45a
LOG (gmm-align-compiled[5.5.195~1-6f565]:main():gmm-align-compiled.cc:127) fi_5a
LOG (gmm-align-compiled[5.5.195~1-6f565]:main():gmm-align-compiled.cc:127) fi_6a
LOG (gmm-align-compiled[5.5.195~1-6f565]:main():gmm-align-compiled.cc:127) fi_847za
LOG (gmm-align-compiled[5.5.195~1-6f565]:main():gmm-align-compiled.cc:127) fi_9834a
LOG (gmm-align-compiled[5.5.195~1-6f565]:main():gmm-align-compiled.cc:127) fi_o5a
LOG (gmm-align-compiled[5.5.195~1-6f565]:main():gmm-align-compiled.cc:127) fi_z8995a
LOG (gmm-align-compiled[5.5.195~1-6f565]:main():gmm-align-compiled.cc:127) fj_1a
LOG (gmm-align-compiled[5.5.195~1-6f565]:main():gmm-align-compiled.cc:127) fj_2b
LOG (gmm-align-compiled[5.5.195~1-6f565]:main():gmm-align-compiled.cc:127) fj_46858a
LOG (gmm-align-compiled[5.5.195~1-6f565]:main():gmm-align-compiled.cc:127) fj_53815a
LOG (gmm-align-compiled[5.5.195~1-6f565]:main():gmm-align-compiled.cc:127) fj_6a
LOG (gmm-align-compiled[5.5.195~1-6f565]:main():gmm-align-compiled.cc:127) fj_7a
LOG (gmm-align-compiled[5.5.195~1-6f565]:main():gmm-align-compiled.cc:127) fj_934a
LOG (gmm-align-compiled[5.5.195~1-6f565]:main():gmm-align-compiled.cc:127) fj_o933a
LOG (gmm-align-compiled[5.5.195~1-6f565]:main():gmm-align-compiled.cc:127) fj_z6671z1a
LOG (gmm-align-compiled[5.5.195~1-6f565]:main():gmm-align-compiled.cc:127) fk_198zz18a
LOG (gmm-align-compiled[5.5.195~1-6f565]:main():gmm-align-compiled.cc:127) fk_2b
LOG (gmm-align-compiled[5.5.195~1-6f565]:main():gmm-align-compiled.cc:127) fk_3b
LOG (gmm-align-compiled[5.5.195~1-6f565]:main():gmm-align-compiled.cc:127) fk_575o68oa
LOG (gmm-align-compiled[5.5.195~1-6f565]:main():gmm-align-compiled.cc:127) fk_64a
LOG (gmm-align-compiled[5.5.195~1-6f565]:main():gmm-align-compiled.cc:127) fk_7945a
LOG (gmm-align-compiled[5.5.195~1-6f565]:main():gmm-align-compiled.cc:127) fk_8a
LOG (gmm-align-compiled[5.5.195~1-6f565]:main():gmm-align-compiled.cc:127) fk_o112758a
LOG (gmm-align-compiled[5.5.195~1-6f565]:main():gmm-align-compiled.cc:127) fk_z5256a
LOG (gmm-align-compiled[5.5.195~1-6f565]:main():gmm-align-compiled.cc:127) fl_1a
LOG (gmm-align-compiled[5.5.195~1-6f565]:main():gmm-align-compiled.cc:127) fl_2a
LOG (gmm-align-compiled[5.5.195~1-6f565]:main():gmm-align-compiled.cc:127) fl_3z278a
LOG (gmm-align-compiled[5.5.195~1-6f565]:main():gmm-align-compiled.cc:127) fl_521a
LOG (gmm-align-compiled[5.5.195~1-6f565]:main():gmm-align-compiled.cc:127) fl_66897a
LOG (gmm-align-compiled[5.5.195~1-6f565]:main():gmm-align-compiled.cc:127) fl_78z4za
LOG (gmm-align-compiled[5.5.195~1-6f565]:main():gmm-align-compiled.cc:127) fl_8981a
LOG (gmm-align-compiled[5.5.195~1-6f565]:main():gmm-align-compiled.cc:127) fl_9z1a
LOG (gmm-align-compiled[5.5.195~1-6f565]:main():gmm-align-compiled.cc:127) fl_z3z7972a
LOG (gmm-align-compiled[5.5.195~1-6f565]:main():gmm-align-compiled.cc:127) gg_134a
LOG (gmm-align-compiled[5.5.195~1-6f565]:main():gmm-align-compiled.cc:127) gg_29oo1a
LOG (gmm-align-compiled[5.5.195~1-6f565]:main():gmm-align-compiled.cc:127) gg_3b
LOG (gmm-align-compiled[5.5.195~1-6f565]:main():gmm-align-compiled.cc:127) gg_4zza
LOG (gmm-align-compiled[5.5.195~1-6f565]:main():gmm-align-compiled.cc:127) gg_645a
LOG (gmm-align-compiled[5.5.195~1-6f565]:main():gmm-align-compiled.cc:127) gg_77a
LOG (gmm-align-compiled[5.5.195~1-6f565]:main():gmm-align-compiled.cc:127) gg_8712a
LOG (gmm-align-compiled[5.5.195~1-6f565]:main():gmm-align-compiled.cc:127) gg_9b
LOG (gmm-align-compiled[5.5.195~1-6f565]:main():gmm-align-compiled.cc:127) gg_oo66476a
LOG (gmm-align-compiled[5.5.195~1-6f565]:main():gmm-align-compiled.cc:127) gj_13ooa
LOG (gmm-align-compiled[5.5.195~1-6f565]:main():gmm-align-compiled.cc:127) gj_2921967a
LOG (gmm-align-compiled[5.5.195~1-6f565]:main():gmm-align-compiled.cc:127) gj_3b
LOG (gmm-align-compiled[5.5.195~1-6f565]:main():gmm-align-compiled.cc:127) gj_4o5a
LOG (gmm-align-compiled[5.5.195~1-6f565]:main():gmm-align-compiled.cc:127) gj_5b
LOG (gmm-align-compiled[5.5.195~1-6f565]:main():gmm-align-compiled.cc:127) gj_762a
LOG (gmm-align-compiled[5.5.195~1-6f565]:main():gmm-align-compiled.cc:127) gj_85za
LOG (gmm-align-compiled[5.5.195~1-6f565]:main():gmm-align-compiled.cc:127) gj_977o2a
LOG (gmm-align-compiled[5.5.195~1-6f565]:main():gmm-align-compiled.cc:127) gj_oa
LOG (gmm-align-compiled[5.5.195~1-6f565]:main():gmm-align-compiled.cc:127) gj_zb
LOG (gmm-align-compiled[5.5.195~1-6f565]:main():gmm-align-compiled.cc:127) gr_24z1a
LOG (gmm-align-compiled[5.5.195~1-6f565]:main():gmm-align-compiled.cc:127) gr_35z3a
LOG (gmm-align-compiled[5.5.195~1-6f565]:main():gmm-align-compiled.cc:127) gr_4a
LOG (gmm-align-compiled[5.5.195~1-6f565]:main():gmm-align-compiled.cc:127) gr_5b
LOG (gmm-align-compiled[5.5.195~1-6f565]:main():gmm-align-compiled.cc:127) gr_7566116a
LOG (gmm-align-compiled[5.5.195~1-6f565]:main():gmm-align-compiled.cc:127) gr_84a
LOG (gmm-align-compiled[5.5.195~1-6f565]:main():gmm-align-compiled.cc:127) gr_9b
LOG (gmm-align-compiled[5.5.195~1-6f565]:main():gmm-align-compiled.cc:127) gr_o972a
LOG (gmm-align-compiled[5.5.195~1-6f565]:main():gmm-align-compiled.cc:127) gr_zza
LOG (gmm-align-compiled[5.5.195~1-6f565]:main():gmm-align-compiled.cc:127) gt_334oa
LOG (gmm-align-compiled[5.5.195~1-6f565]:main():gmm-align-compiled.cc:127) gt_47252a
LOG (gmm-align-compiled[5.5.195~1-6f565]:main():gmm-align-compiled.cc:127) gt_5b
LOG (gmm-align-compiled[5.5.195~1-6f565]:main():gmm-align-compiled.cc:127) gt_6a
LOG (gmm-align-compiled[5.5.195~1-6f565]:main():gmm-align-compiled.cc:127) gt_8445a
LOG (gmm-align-compiled[5.5.195~1-6f565]:main():gmm-align-compiled.cc:127) gt_96oa
LOG (gmm-align-compiled[5.5.195~1-6f565]:main():gmm-align-compiled.cc:127) gt_o864a
LOG (gmm-align-compiled[5.5.195~1-6f565]:main():gmm-align-compiled.cc:127) gt_za
LOG (gmm-align-compiled[5.5.195~1-6f565]:main():gmm-align-compiled.cc:127) ha_1a
LOG (gmm-align-compiled[5.5.195~1-6f565]:main():gmm-align-compiled.cc:127) ha_2b
LOG (gmm-align-compiled[5.5.195~1-6f565]:main():gmm-align-compiled.cc:127) ha_44z9a
LOG (gmm-align-compiled[5.5.195~1-6f565]:main():gmm-align-compiled.cc:127) ha_57a
LOG (gmm-align-compiled[5.5.195~1-6f565]:main():gmm-align-compiled.cc:127) ha_6a
LOG (gmm-align-compiled[5.5.195~1-6f565]:main():gmm-align-compiled.cc:127) ha_7b
LOG (gmm-align-compiled[5.5.195~1-6f565]:main():gmm-align-compiled.cc:127) ha_9124a
LOG (gmm-align-compiled[5.5.195~1-6f565]:main():gmm-align-compiled.cc:127) ha_o364629a
LOG (gmm-align-compiled[5.5.195~1-6f565]:main():gmm-align-compiled.cc:127) ha_z568a
LOG (gmm-align-compiled[5.5.195~1-6f565]:main():gmm-align-compiled.cc:127) hg_1b
LOG (gmm-align-compiled[5.5.195~1-6f565]:main():gmm-align-compiled.cc:127) hg_2a
LOG (gmm-align-compiled[5.5.195~1-6f565]:main():gmm-align-compiled.cc:127) hg_3oa
LOG (gmm-align-compiled[5.5.195~1-6f565]:main():gmm-align-compiled.cc:127) hg_55196a
LOG (gmm-align-compiled[5.5.195~1-6f565]:main():gmm-align-compiled.cc:127) hg_6561a
LOG (gmm-align-compiled[5.5.195~1-6f565]:main():gmm-align-compiled.cc:127) hg_7b
LOG (gmm-align-compiled[5.5.195~1-6f565]:main():gmm-align-compiled.cc:127) hg_8b
LOG (gmm-align-compiled[5.5.195~1-6f565]:main():gmm-align-compiled.cc:127) hg_o135513a
LOG (gmm-align-compiled[5.5.195~1-6f565]:main():gmm-align-compiled.cc:127) hg_z1716a
LOG (gmm-align-compiled[5.5.195~1-6f565]:main():gmm-align-compiled.cc:127) hh_15ooa
LOG (gmm-align-compiled[5.5.195~1-6f565]:main():gmm-align-compiled.cc:127) hh_2a
LOG (gmm-align-compiled[5.5.195~1-6f565]:main():gmm-align-compiled.cc:127) hh_3b
LOG (gmm-align-compiled[5.5.195~1-6f565]:main():gmm-align-compiled.cc:127) hh_511o458a
LOG (gmm-align-compiled[5.5.195~1-6f565]:main():gmm-align-compiled.cc:127) hh_658o2a
LOG (gmm-align-compiled[5.5.195~1-6f565]:main():gmm-align-compiled.cc:127) hh_8b
LOG (gmm-align-compiled[5.5.195~1-6f565]:main():gmm-align-compiled.cc:127) hh_9b
LOG (gmm-align-compiled[5.5.195~1-6f565]:main():gmm-align-compiled.cc:127) hh_z3a
LOG (gmm-align-compiled[5.5.195~1-6f565]:main():gmm-align-compiled.cc:127) hl_14a
LOG (gmm-align-compiled[5.5.195~1-6f565]:main():gmm-align-compiled.cc:127) hl_28a
LOG (gmm-align-compiled[5.5.195~1-6f565]:main():gmm-align-compiled.cc:127) hl_3a
LOG (gmm-align-compiled[5.5.195~1-6f565]:main():gmm-align-compiled.cc:127) hl_4za
LOG (gmm-align-compiled[5.5.195~1-6f565]:main():gmm-align-compiled.cc:127) hl_61a
LOG (gmm-align-compiled[5.5.195~1-6f565]:main():gmm-align-compiled.cc:127) hl_76z89a
LOG (gmm-align-compiled[5.5.195~1-6f565]:main():gmm-align-compiled.cc:127) hl_8a
LOG (gmm-align-compiled[5.5.195~1-6f565]:main():gmm-align-compiled.cc:127) hl_9a
LOG (gmm-align-compiled[5.5.195~1-6f565]:main():gmm-align-compiled.cc:127) hl_oo44a
LOG (gmm-align-compiled[5.5.195~1-6f565]:main():gmm-align-compiled.cc:127) hn_147a
LOG (gmm-align-compiled[5.5.195~1-6f565]:main():gmm-align-compiled.cc:127) hn_2815465a
LOG (gmm-align-compiled[5.5.195~1-6f565]:main():gmm-align-compiled.cc:127) hn_3b
LOG (gmm-align-compiled[5.5.195~1-6f565]:main():gmm-align-compiled.cc:127) hn_4o7oa
LOG (gmm-align-compiled[5.5.195~1-6f565]:main():gmm-align-compiled.cc:127) hn_5b
LOG (gmm-align-compiled[5.5.195~1-6f565]:main():gmm-align-compiled.cc:127) hn_7393oa
LOG (gmm-align-compiled[5.5.195~1-6f565]:main():gmm-align-compiled.cc:127) hn_856a
LOG (gmm-align-compiled[5.5.195~1-6f565]:main():gmm-align-compiled.cc:127) hn_96137a
LOG (gmm-align-compiled[5.5.195~1-6f565]:main():gmm-align-compiled.cc:127) hn_ob
LOG (gmm-align-compiled[5.5.195~1-6f565]:main():gmm-align-compiled.cc:127) hn_zz1a
LOG (gmm-align-compiled[5.5.195~1-6f565]:main():gmm-align-compiled.cc:127) hp_2278361a
LOG (gmm-align-compiled[5.5.195~1-6f565]:main():gmm-align-compiled.cc:127) hp_36a
LOG (gmm-align-compiled[5.5.195~1-6f565]:main():gmm-align-compiled.cc:127) hp_49a
LOG (gmm-align-compiled[5.5.195~1-6f565]:main():gmm-align-compiled.cc:127) hp_5b
LOG (gmm-align-compiled[5.5.195~1-6f565]:main():gmm-align-compiled.cc:127) hp_71za
LOG (gmm-align-compiled[5.5.195~1-6f565]:main():gmm-align-compiled.cc:127) hp_82486a
LOG (gmm-align-compiled[5.5.195~1-6f565]:main():gmm-align-compiled.cc:127) hp_9858a
LOG (gmm-align-compiled[5.5.195~1-6f565]:main():gmm-align-compiled.cc:127) hp_oa
LOG (gmm-align-compiled[5.5.195~1-6f565]:main():gmm-align-compiled.cc:127) hp_zb
LOG (gmm-align-compiled[5.5.195~1-6f565]:main():gmm-align-compiled.cc:127) hs_34a
LOG (gmm-align-compiled[5.5.195~1-6f565]:main():gmm-align-compiled.cc:127) hs_46oa
LOG (gmm-align-compiled[5.5.195~1-6f565]:main():gmm-align-compiled.cc:127) hs_5a
LOG (gmm-align-compiled[5.5.195~1-6f565]:main():gmm-align-compiled.cc:127) hs_6b
LOG (gmm-align-compiled[5.5.195~1-6f565]:main():gmm-align-compiled.cc:127) hs_826a
LOG (gmm-align-compiled[5.5.195~1-6f565]:main():gmm-align-compiled.cc:127) hs_954za
LOG (gmm-align-compiled[5.5.195~1-6f565]:main():gmm-align-compiled.cc:127) hs_o74a
LOG (gmm-align-compiled[5.5.195~1-6f565]:main():gmm-align-compiled.cc:127) hs_z9a
LOG (gmm-align-compiled[5.5.195~1-6f565]:main():gmm-align-compiled.cc:127) ie_1b
LOG (gmm-align-compiled[5.5.195~1-6f565]:main():gmm-align-compiled.cc:127) ie_2o81oa
LOG (gmm-align-compiled[5.5.195~1-6f565]:main():gmm-align-compiled.cc:127) ie_4882414a
LOG (gmm-align-compiled[5.5.195~1-6f565]:main():gmm-align-compiled.cc:127) ie_55b
LOG (gmm-align-compiled[5.5.195~1-6f565]:main():gmm-align-compiled.cc:127) ie_6b
LOG (gmm-align-compiled[5.5.195~1-6f565]:main():gmm-align-compiled.cc:127) ie_7a
LOG (gmm-align-compiled[5.5.195~1-6f565]:main():gmm-align-compiled.cc:127) ie_917a
LOG (gmm-align-compiled[5.5.195~1-6f565]:main():gmm-align-compiled.cc:127) ie_o338932a
LOG (gmm-align-compiled[5.5.195~1-6f565]:main():gmm-align-compiled.cc:127) ie_z8a
LOG (gmm-align-compiled[5.5.195~1-6f565]:main():gmm-align-compiled.cc:127) if_18a
LOG (gmm-align-compiled[5.5.195~1-6f565]:main():gmm-align-compiled.cc:127) if_2oa
LOG (gmm-align-compiled[5.5.195~1-6f565]:main():gmm-align-compiled.cc:127) if_3b
LOG (gmm-align-compiled[5.5.195~1-6f565]:main():gmm-align-compiled.cc:127) if_52a
LOG (gmm-align-compiled[5.5.195~1-6f565]:main():gmm-align-compiled.cc:127) if_69a
LOG (gmm-align-compiled[5.5.195~1-6f565]:main():gmm-align-compiled.cc:127) if_7o4a
LOG (gmm-align-compiled[5.5.195~1-6f565]:main():gmm-align-compiled.cc:127) if_8b
LOG (gmm-align-compiled[5.5.195~1-6f565]:main():gmm-align-compiled.cc:127) if_o213a
LOG (gmm-align-compiled[5.5.195~1-6f565]:main():gmm-align-compiled.cc:127) if_z4613a
LOG (gmm-align-compiled[5.5.195~1-6f565]:main():gmm-align-compiled.cc:127) ig_1a
LOG (gmm-align-compiled[5.5.195~1-6f565]:main():gmm-align-compiled.cc:127) ig_2b
LOG (gmm-align-compiled[5.5.195~1-6f565]:main():gmm-align-compiled.cc:127) ig_3z1a
LOG (gmm-align-compiled[5.5.195~1-6f565]:main():gmm-align-compiled.cc:127) ig_5167a
LOG (gmm-align-compiled[5.5.195~1-6f565]:main():gmm-align-compiled.cc:127) ig_653zza
LOG (gmm-align-compiled[5.5.195~1-6f565]:main():gmm-align-compiled.cc:127) ig_7797zz4a
LOG (gmm-align-compiled[5.5.195~1-6f565]:main():gmm-align-compiled.cc:127) ig_8a
LOG (gmm-align-compiled[5.5.195~1-6f565]:main():gmm-align-compiled.cc:127) ig_9b
LOG (gmm-align-compiled[5.5.195~1-6f565]:main():gmm-align-compiled.cc:127) ig_z362879a
LOG (gmm-align-compiled[5.5.195~1-6f565]:main():gmm-align-compiled.cc:127) ih_1227z33a
LOG (gmm-align-compiled[5.5.195~1-6f565]:main():gmm-align-compiled.cc:127) ih_29a
LOG (gmm-align-compiled[5.5.195~1-6f565]:main():gmm-align-compiled.cc:127) ih_3b
LOG (gmm-align-compiled[5.5.195~1-6f565]:main():gmm-align-compiled.cc:127) ih_4z6za
LOG (gmm-align-compiled[5.5.195~1-6f565]:main():gmm-align-compiled.cc:127) ih_61a
LOG (gmm-align-compiled[5.5.195~1-6f565]:main():gmm-align-compiled.cc:127) ih_782oa
LOG (gmm-align-compiled[5.5.195~1-6f565]:main():gmm-align-compiled.cc:127) ih_887o975a
LOG (gmm-align-compiled[5.5.195~1-6f565]:main():gmm-align-compiled.cc:127) ih_9o798a
LOG (gmm-align-compiled[5.5.195~1-6f565]:main():gmm-align-compiled.cc:127) ih_ob
LOG (gmm-align-compiled[5.5.195~1-6f565]:main():gmm-align-compiled.cc:127) il_1332a
LOG (gmm-align-compiled[5.5.195~1-6f565]:main():gmm-align-compiled.cc:127) il_28a
LOG (gmm-align-compiled[5.5.195~1-6f565]:main():gmm-align-compiled.cc:127) il_3b
LOG (gmm-align-compiled[5.5.195~1-6f565]:main():gmm-align-compiled.cc:127) il_4z22739a
LOG (gmm-align-compiled[5.5.195~1-6f565]:main():gmm-align-compiled.cc:127) il_5b
LOG (gmm-align-compiled[5.5.195~1-6f565]:main():gmm-align-compiled.cc:127) il_72a
LOG (gmm-align-compiled[5.5.195~1-6f565]:main():gmm-align-compiled.cc:127) il_866a
LOG (apply-cmvn[5.5.195~1-6f565]:main():apply-cmvn.cc:162) Applied cepstral mean normalization to 250 utterances, errors on 0
LOG (gmm-align-compiled[5.5.195~1-6f565]:main():gmm-align-compiled.cc:127) il_96491a
LOG (gmm-align-compiled[5.5.195~1-6f565]:main():gmm-align-compiled.cc:127) il_ob
LOG (gmm-align-compiled[5.5.195~1-6f565]:main():gmm-align-compiled.cc:127) il_zza
LOG (gmm-align-compiled[5.5.195~1-6f565]:main():gmm-align-compiled.cc:127) in_26zza
LOG (gmm-align-compiled[5.5.195~1-6f565]:main():gmm-align-compiled.cc:127) in_3782136a
LOG (gmm-align-compiled[5.5.195~1-6f565]:main():gmm-align-compiled.cc:127) in_4b
LOG (gmm-align-compiled[5.5.195~1-6f565]:main():gmm-align-compiled.cc:127) in_5a
LOG (gmm-align-compiled[5.5.195~1-6f565]:main():gmm-align-compiled.cc:127) in_711a
LOG (gmm-align-compiled[5.5.195~1-6f565]:main():gmm-align-compiled.cc:127) in_84387a
LOG (gmm-align-compiled[5.5.195~1-6f565]:main():gmm-align-compiled.cc:127) in_98892a
LOG (gmm-align-compiled[5.5.195~1-6f565]:main():gmm-align-compiled.cc:127) in_oa
LOG (gmm-align-compiled[5.5.195~1-6f565]:main():gmm-align-compiled.cc:127) in_zz2a
LOG (gmm-align-compiled[5.5.195~1-6f565]:main():gmm-align-compiled.cc:135) Overall log-likelihood per frame is 26.5729 over 42487 frames.
LOG (gmm-align-compiled[5.5.195~1-6f565]:main():gmm-align-compiled.cc:137) Retried 0 out of 250 utterances.
LOG (gmm-align-compiled[5.5.195~1-6f565]:main():gmm-align-compiled.cc:139) Done 250, errors on 0
# Accounting: time=3 threads=1
# Ended (code 0) at Wed Feb 13 13:11:23 EST 2019, elapsed time 3 seconds
