# gmm-align-compiled --transition-scale=1.0 --acoustic-scale=0.1 --self-loop-scale=0.1 --beam=10 --retry-beam=40 --careful=false "gmm-boost-silence --boost=1.0 1 exp/mono0a/2.mdl - |" "ark:gunzip -c exp/mono0a/fsts.1.gz|" "ark,s,cs:apply-cmvn  --utt2spk=ark:data/train_1k/split4/1/utt2spk scp:data/train_1k/split4/1/cmvn.scp scp:data/train_1k/split4/1/feats.scp ark:- | add-deltas  ark:- ark:- |" "ark,t:|gzip -c >exp/mono0a/ali.1.gz" 
# Started at Wed Feb 13 13:10:31 EST 2019
#
gmm-align-compiled --transition-scale=1.0 --acoustic-scale=0.1 --self-loop-scale=0.1 --beam=10 --retry-beam=40 --careful=false 'gmm-boost-silence --boost=1.0 1 exp/mono0a/2.mdl - |' 'ark:gunzip -c exp/mono0a/fsts.1.gz|' 'ark,s,cs:apply-cmvn  --utt2spk=ark:data/train_1k/split4/1/utt2spk scp:data/train_1k/split4/1/cmvn.scp scp:data/train_1k/split4/1/feats.scp ark:- | add-deltas  ark:- ark:- |' 'ark,t:|gzip -c >exp/mono0a/ali.1.gz' 
gmm-boost-silence --boost=1.0 1 exp/mono0a/2.mdl - 
LOG (gmm-boost-silence[5.5.195~1-6f565]:main():gmm-boost-silence.cc:93) Boosted weights for 5 pdfs, by factor of 1
LOG (gmm-boost-silence[5.5.195~1-6f565]:main():gmm-boost-silence.cc:103) Wrote model to -
apply-cmvn --utt2spk=ark:data/train_1k/split4/1/utt2spk scp:data/train_1k/split4/1/cmvn.scp scp:data/train_1k/split4/1/feats.scp ark:- 
add-deltas ark:- ark:- 
LOG (gmm-align-compiled[5.5.195~1-6f565]:main():gmm-align-compiled.cc:127) ac_33o31a
LOG (gmm-align-compiled[5.5.195~1-6f565]:main():gmm-align-compiled.cc:127) ac_47a
LOG (gmm-align-compiled[5.5.195~1-6f565]:main():gmm-align-compiled.cc:127) ac_5b
LOG (gmm-align-compiled[5.5.195~1-6f565]:main():gmm-align-compiled.cc:127) ac_6o46a
LOG (gmm-align-compiled[5.5.195~1-6f565]:main():gmm-align-compiled.cc:127) ac_81a
LOG (gmm-align-compiled[5.5.195~1-6f565]:main():gmm-align-compiled.cc:127) ac_94ooa
LOG (gmm-align-compiled[5.5.195~1-6f565]:main():gmm-align-compiled.cc:127) ac_o952o99a
LOG (gmm-align-compiled[5.5.195~1-6f565]:main():gmm-align-compiled.cc:127) ac_z945a
LOG (gmm-align-compiled[5.5.195~1-6f565]:main():gmm-align-compiled.cc:127) ae_1b
LOG (gmm-align-compiled[5.5.195~1-6f565]:main():gmm-align-compiled.cc:127) ae_2b
LOG (gmm-align-compiled[5.5.195~1-6f565]:main():gmm-align-compiled.cc:127) ae_47a
LOG (gmm-align-compiled[5.5.195~1-6f565]:main():gmm-align-compiled.cc:127) ae_562a
LOG (gmm-align-compiled[5.5.195~1-6f565]:main():gmm-align-compiled.cc:127) ae_6851243a
LOG (gmm-align-compiled[5.5.195~1-6f565]:main():gmm-align-compiled.cc:127) ae_7a
LOG (gmm-align-compiled[5.5.195~1-6f565]:main():gmm-align-compiled.cc:127) ae_91955a
LOG (gmm-align-compiled[5.5.195~1-6f565]:main():gmm-align-compiled.cc:127) ae_o5o1oa
LOG (gmm-align-compiled[5.5.195~1-6f565]:main():gmm-align-compiled.cc:127) ae_z36357za
LOG (gmm-align-compiled[5.5.195~1-6f565]:main():gmm-align-compiled.cc:127) ag_179o7a
LOG (gmm-align-compiled[5.5.195~1-6f565]:main():gmm-align-compiled.cc:127) ag_2b
LOG (gmm-align-compiled[5.5.195~1-6f565]:main():gmm-align-compiled.cc:127) ag_3zza
LOG (gmm-align-compiled[5.5.195~1-6f565]:main():gmm-align-compiled.cc:127) ag_55z68z3a
LOG (gmm-align-compiled[5.5.195~1-6f565]:main():gmm-align-compiled.cc:127) ag_64122z1a
LOG (gmm-align-compiled[5.5.195~1-6f565]:main():gmm-align-compiled.cc:127) ag_7a
LOG (gmm-align-compiled[5.5.195~1-6f565]:main():gmm-align-compiled.cc:127) ag_8b
LOG (gmm-align-compiled[5.5.195~1-6f565]:main():gmm-align-compiled.cc:127) ag_o37a
LOG (gmm-align-compiled[5.5.195~1-6f565]:main():gmm-align-compiled.cc:127) ag_z811a
LOG (gmm-align-compiled[5.5.195~1-6f565]:main():gmm-align-compiled.cc:127) ai_1a
LOG (gmm-align-compiled[5.5.195~1-6f565]:main():gmm-align-compiled.cc:127) ai_2a
LOG (gmm-align-compiled[5.5.195~1-6f565]:main():gmm-align-compiled.cc:127) ai_425oo79a
LOG (gmm-align-compiled[5.5.195~1-6f565]:main():gmm-align-compiled.cc:127) ai_531z766a
LOG (gmm-align-compiled[5.5.195~1-6f565]:main():gmm-align-compiled.cc:127) ai_69o721oa
LOG (gmm-align-compiled[5.5.195~1-6f565]:main():gmm-align-compiled.cc:127) ai_8o3o511a
LOG (gmm-align-compiled[5.5.195~1-6f565]:main():gmm-align-compiled.cc:127) ai_9b
LOG (gmm-align-compiled[5.5.195~1-6f565]:main():gmm-align-compiled.cc:127) ai_z3a
LOG (gmm-align-compiled[5.5.195~1-6f565]:main():gmm-align-compiled.cc:127) aj_16a
LOG (gmm-align-compiled[5.5.195~1-6f565]:main():gmm-align-compiled.cc:127) aj_2a
LOG (gmm-align-compiled[5.5.195~1-6f565]:main():gmm-align-compiled.cc:127) aj_3b
LOG (gmm-align-compiled[5.5.195~1-6f565]:main():gmm-align-compiled.cc:127) aj_51o7oo4a
LOG (gmm-align-compiled[5.5.195~1-6f565]:main():gmm-align-compiled.cc:127) aj_64za
LOG (gmm-align-compiled[5.5.195~1-6f565]:main():gmm-align-compiled.cc:127) aj_766o344a
LOG (gmm-align-compiled[5.5.195~1-6f565]:main():gmm-align-compiled.cc:127) aj_89a
LOG (gmm-align-compiled[5.5.195~1-6f565]:main():gmm-align-compiled.cc:127) aj_9a
LOG (gmm-align-compiled[5.5.195~1-6f565]:main():gmm-align-compiled.cc:127) aj_ob
LOG (gmm-align-compiled[5.5.195~1-6f565]:main():gmm-align-compiled.cc:127) al_14za
LOG (gmm-align-compiled[5.5.195~1-6f565]:main():gmm-align-compiled.cc:127) al_2643oo5a
LOG (gmm-align-compiled[5.5.195~1-6f565]:main():gmm-align-compiled.cc:127) al_3a
LOG (gmm-align-compiled[5.5.195~1-6f565]:main():gmm-align-compiled.cc:127) al_4b
LOG (gmm-align-compiled[5.5.195~1-6f565]:main():gmm-align-compiled.cc:127) al_5z3z5a
LOG (gmm-align-compiled[5.5.195~1-6f565]:main():gmm-align-compiled.cc:127) al_72729a
LOG (gmm-align-compiled[5.5.195~1-6f565]:main():gmm-align-compiled.cc:127) al_8685a
LOG (gmm-align-compiled[5.5.195~1-6f565]:main():gmm-align-compiled.cc:127) al_98169a
LOG (gmm-align-compiled[5.5.195~1-6f565]:main():gmm-align-compiled.cc:127) al_oo13492a
LOG (gmm-align-compiled[5.5.195~1-6f565]:main():gmm-align-compiled.cc:127) al_zz363a
LOG (gmm-align-compiled[5.5.195~1-6f565]:main():gmm-align-compiled.cc:127) an_233a
LOG (gmm-align-compiled[5.5.195~1-6f565]:main():gmm-align-compiled.cc:127) an_3a
LOG (gmm-align-compiled[5.5.195~1-6f565]:main():gmm-align-compiled.cc:127) an_442z6a
LOG (gmm-align-compiled[5.5.195~1-6f565]:main():gmm-align-compiled.cc:127) an_5oa
LOG (gmm-align-compiled[5.5.195~1-6f565]:main():gmm-align-compiled.cc:127) an_71996a
LOG (gmm-align-compiled[5.5.195~1-6f565]:main():gmm-align-compiled.cc:127) an_85a
LOG (gmm-align-compiled[5.5.195~1-6f565]:main():gmm-align-compiled.cc:127) an_94o8a
LOG (gmm-align-compiled[5.5.195~1-6f565]:main():gmm-align-compiled.cc:127) an_o566a
LOG (gmm-align-compiled[5.5.195~1-6f565]:main():gmm-align-compiled.cc:127) an_zb
LOG (gmm-align-compiled[5.5.195~1-6f565]:main():gmm-align-compiled.cc:127) aw_33a
LOG (gmm-align-compiled[5.5.195~1-6f565]:main():gmm-align-compiled.cc:127) aw_468a
LOG (gmm-align-compiled[5.5.195~1-6f565]:main():gmm-align-compiled.cc:127) aw_5ooa
LOG (gmm-align-compiled[5.5.195~1-6f565]:main():gmm-align-compiled.cc:127) aw_6b
LOG (gmm-align-compiled[5.5.195~1-6f565]:main():gmm-align-compiled.cc:127) aw_82a
LOG (gmm-align-compiled[5.5.195~1-6f565]:main():gmm-align-compiled.cc:127) aw_93971a
LOG (gmm-align-compiled[5.5.195~1-6f565]:main():gmm-align-compiled.cc:127) aw_o665o99a
LOG (gmm-align-compiled[5.5.195~1-6f565]:main():gmm-align-compiled.cc:127) aw_zb
LOG (gmm-align-compiled[5.5.195~1-6f565]:main():gmm-align-compiled.cc:127) bd_1a
LOG (gmm-align-compiled[5.5.195~1-6f565]:main():gmm-align-compiled.cc:127) bd_2b
LOG (gmm-align-compiled[5.5.195~1-6f565]:main():gmm-align-compiled.cc:127) bd_4293za
LOG (gmm-align-compiled[5.5.195~1-6f565]:main():gmm-align-compiled.cc:127) bd_5899o37a
LOG (gmm-align-compiled[5.5.195~1-6f565]:main():gmm-align-compiled.cc:127) bd_6a
LOG (gmm-align-compiled[5.5.195~1-6f565]:main():gmm-align-compiled.cc:127) bd_7b
LOG (gmm-align-compiled[5.5.195~1-6f565]:main():gmm-align-compiled.cc:127) bd_9235326a
LOG (gmm-align-compiled[5.5.195~1-6f565]:main():gmm-align-compiled.cc:127) bd_o7a
LOG (gmm-align-compiled[5.5.195~1-6f565]:main():gmm-align-compiled.cc:127) bd_z4zz815a
LOG (gmm-align-compiled[5.5.195~1-6f565]:main():gmm-align-compiled.cc:127) bh_1916a
LOG (gmm-align-compiled[5.5.195~1-6f565]:main():gmm-align-compiled.cc:127) bh_2a
LOG (gmm-align-compiled[5.5.195~1-6f565]:main():gmm-align-compiled.cc:127) bh_3z325a
LOG (gmm-align-compiled[5.5.195~1-6f565]:main():gmm-align-compiled.cc:127) bh_55z8a
LOG (gmm-align-compiled[5.5.195~1-6f565]:main():gmm-align-compiled.cc:127) bh_67a
LOG (gmm-align-compiled[5.5.195~1-6f565]:main():gmm-align-compiled.cc:127) bh_7b
LOG (gmm-align-compiled[5.5.195~1-6f565]:main():gmm-align-compiled.cc:127) bh_8b
LOG (gmm-align-compiled[5.5.195~1-6f565]:main():gmm-align-compiled.cc:127) bh_o2852a
LOG (gmm-align-compiled[5.5.195~1-6f565]:main():gmm-align-compiled.cc:127) bh_z2a
LOG (gmm-align-compiled[5.5.195~1-6f565]:main():gmm-align-compiled.cc:127) bi_169a
LOG (gmm-align-compiled[5.5.195~1-6f565]:main():gmm-align-compiled.cc:127) bi_2a
LOG (gmm-align-compiled[5.5.195~1-6f565]:main():gmm-align-compiled.cc:127) bi_3z335a
LOG (gmm-align-compiled[5.5.195~1-6f565]:main():gmm-align-compiled.cc:127) bi_51178a
LOG (gmm-align-compiled[5.5.195~1-6f565]:main():gmm-align-compiled.cc:127) bi_66a
LOG (gmm-align-compiled[5.5.195~1-6f565]:main():gmm-align-compiled.cc:127) bi_7481z25a
LOG (gmm-align-compiled[5.5.195~1-6f565]:main():gmm-align-compiled.cc:127) bi_87324a
LOG (gmm-align-compiled[5.5.195~1-6f565]:main():gmm-align-compiled.cc:127) bi_9a
LOG (gmm-align-compiled[5.5.195~1-6f565]:main():gmm-align-compiled.cc:127) bi_z19a
LOG (gmm-align-compiled[5.5.195~1-6f565]:main():gmm-align-compiled.cc:127) br_1249267a
LOG (gmm-align-compiled[5.5.195~1-6f565]:main():gmm-align-compiled.cc:127) br_26287a
LOG (gmm-align-compiled[5.5.195~1-6f565]:main():gmm-align-compiled.cc:127) br_3o27469a
LOG (gmm-align-compiled[5.5.195~1-6f565]:main():gmm-align-compiled.cc:127) br_4o6oa
LOG (gmm-align-compiled[5.5.195~1-6f565]:main():gmm-align-compiled.cc:127) br_62o18ooa
LOG (gmm-align-compiled[5.5.195~1-6f565]:main():gmm-align-compiled.cc:127) br_755o5a
LOG (gmm-align-compiled[5.5.195~1-6f565]:main():gmm-align-compiled.cc:127) br_8a
LOG (gmm-align-compiled[5.5.195~1-6f565]:main():gmm-align-compiled.cc:127) br_9o598a
LOG (gmm-align-compiled[5.5.195~1-6f565]:main():gmm-align-compiled.cc:127) br_ooa
LOG (gmm-align-compiled[5.5.195~1-6f565]:main():gmm-align-compiled.cc:127) ca_132a
LOG (gmm-align-compiled[5.5.195~1-6f565]:main():gmm-align-compiled.cc:127) ca_2453a
LOG (gmm-align-compiled[5.5.195~1-6f565]:main():gmm-align-compiled.cc:127) ca_3a
LOG (gmm-align-compiled[5.5.195~1-6f565]:main():gmm-align-compiled.cc:127) ca_4a
LOG (gmm-align-compiled[5.5.195~1-6f565]:main():gmm-align-compiled.cc:127) ca_5b
LOG (gmm-align-compiled[5.5.195~1-6f565]:main():gmm-align-compiled.cc:127) ca_721519oa
LOG (gmm-align-compiled[5.5.195~1-6f565]:main():gmm-align-compiled.cc:127) ca_896a
LOG (gmm-align-compiled[5.5.195~1-6f565]:main():gmm-align-compiled.cc:127) ca_984a
LOG (gmm-align-compiled[5.5.195~1-6f565]:main():gmm-align-compiled.cc:127) ca_ob
LOG (gmm-align-compiled[5.5.195~1-6f565]:main():gmm-align-compiled.cc:127) ca_zz66za
LOG (gmm-align-compiled[5.5.195~1-6f565]:main():gmm-align-compiled.cc:127) cb_2449a
LOG (gmm-align-compiled[5.5.195~1-6f565]:main():gmm-align-compiled.cc:127) cb_37a
LOG (gmm-align-compiled[5.5.195~1-6f565]:main():gmm-align-compiled.cc:127) cb_476a
LOG (gmm-align-compiled[5.5.195~1-6f565]:main():gmm-align-compiled.cc:127) cb_5a
LOG (gmm-align-compiled[5.5.195~1-6f565]:main():gmm-align-compiled.cc:127) cb_72a
LOG (gmm-align-compiled[5.5.195~1-6f565]:main():gmm-align-compiled.cc:127) cb_864a
LOG (gmm-align-compiled[5.5.195~1-6f565]:main():gmm-align-compiled.cc:127) cb_9873a
LOG (gmm-align-compiled[5.5.195~1-6f565]:main():gmm-align-compiled.cc:127) cb_ob
LOG (gmm-align-compiled[5.5.195~1-6f565]:main():gmm-align-compiled.cc:127) cb_zb
LOG (gmm-align-compiled[5.5.195~1-6f565]:main():gmm-align-compiled.cc:127) cf_378a
LOG (gmm-align-compiled[5.5.195~1-6f565]:main():gmm-align-compiled.cc:127) cf_4465a
LOG (gmm-align-compiled[5.5.195~1-6f565]:main():gmm-align-compiled.cc:127) cf_5999a
LOG (gmm-align-compiled[5.5.195~1-6f565]:main():gmm-align-compiled.cc:127) cf_6b
LOG (gmm-align-compiled[5.5.195~1-6f565]:main():gmm-align-compiled.cc:127) cf_829a
LOG (gmm-align-compiled[5.5.195~1-6f565]:main():gmm-align-compiled.cc:127) cf_92a
LOG (gmm-align-compiled[5.5.195~1-6f565]:main():gmm-align-compiled.cc:127) cf_o9a
LOG (gmm-align-compiled[5.5.195~1-6f565]:main():gmm-align-compiled.cc:127) cf_z86zza
LOG (gmm-align-compiled[5.5.195~1-6f565]:main():gmm-align-compiled.cc:127) cg_1b
LOG (gmm-align-compiled[5.5.195~1-6f565]:main():gmm-align-compiled.cc:127) cg_2b
LOG (gmm-align-compiled[5.5.195~1-6f565]:main():gmm-align-compiled.cc:127) cg_449a
LOG (gmm-align-compiled[5.5.195~1-6f565]:main():gmm-align-compiled.cc:127) cg_5857741a
LOG (gmm-align-compiled[5.5.195~1-6f565]:main():gmm-align-compiled.cc:127) cg_68a
LOG (gmm-align-compiled[5.5.195~1-6f565]:main():gmm-align-compiled.cc:127) cg_7b
LOG (gmm-align-compiled[5.5.195~1-6f565]:main():gmm-align-compiled.cc:127) cg_93846a
LOG (gmm-align-compiled[5.5.195~1-6f565]:main():gmm-align-compiled.cc:127) cg_o4554a
LOG (gmm-align-compiled[5.5.195~1-6f565]:main():gmm-align-compiled.cc:127) cg_z7a
LOG (gmm-align-compiled[5.5.195~1-6f565]:main():gmm-align-compiled.cc:127) cl_1974a
LOG (gmm-align-compiled[5.5.195~1-6f565]:main():gmm-align-compiled.cc:127) cl_2a
LOG (gmm-align-compiled[5.5.195~1-6f565]:main():gmm-align-compiled.cc:127) cl_3za
LOG (gmm-align-compiled[5.5.195~1-6f565]:main():gmm-align-compiled.cc:127) cl_547a
LOG (gmm-align-compiled[5.5.195~1-6f565]:main():gmm-align-compiled.cc:127) cl_6443a
LOG (gmm-align-compiled[5.5.195~1-6f565]:main():gmm-align-compiled.cc:127) cl_7a
LOG (gmm-align-compiled[5.5.195~1-6f565]:main():gmm-align-compiled.cc:127) cl_8b
LOG (gmm-align-compiled[5.5.195~1-6f565]:main():gmm-align-compiled.cc:127) cl_o388a
LOG (gmm-align-compiled[5.5.195~1-6f565]:main():gmm-align-compiled.cc:127) cl_z1982a
LOG (gmm-align-compiled[5.5.195~1-6f565]:main():gmm-align-compiled.cc:127) cm_16472a
LOG (gmm-align-compiled[5.5.195~1-6f565]:main():gmm-align-compiled.cc:127) cm_2a
LOG (gmm-align-compiled[5.5.195~1-6f565]:main():gmm-align-compiled.cc:127) cm_3b
LOG (gmm-align-compiled[5.5.195~1-6f565]:main():gmm-align-compiled.cc:127) cm_51a
LOG (gmm-align-compiled[5.5.195~1-6f565]:main():gmm-align-compiled.cc:127) cm_6937153a
LOG (gmm-align-compiled[5.5.195~1-6f565]:main():gmm-align-compiled.cc:127) cm_8a
LOG (gmm-align-compiled[5.5.195~1-6f565]:main():gmm-align-compiled.cc:127) cm_9b
LOG (gmm-align-compiled[5.5.195~1-6f565]:main():gmm-align-compiled.cc:127) cm_z16a
LOG (gmm-align-compiled[5.5.195~1-6f565]:main():gmm-align-compiled.cc:127) cr_126a
LOG (gmm-align-compiled[5.5.195~1-6f565]:main():gmm-align-compiled.cc:127) cr_2b
LOG (gmm-align-compiled[5.5.195~1-6f565]:main():gmm-align-compiled.cc:127) cr_3a
LOG (gmm-align-compiled[5.5.195~1-6f565]:main():gmm-align-compiled.cc:127) cr_4z3363za
LOG (gmm-align-compiled[5.5.195~1-6f565]:main():gmm-align-compiled.cc:127) cr_658za
LOG (gmm-align-compiled[5.5.195~1-6f565]:main():gmm-align-compiled.cc:127) cr_7465a
LOG (gmm-align-compiled[5.5.195~1-6f565]:main():gmm-align-compiled.cc:127) cr_8a
LOG (gmm-align-compiled[5.5.195~1-6f565]:main():gmm-align-compiled.cc:127) cr_9b
LOG (gmm-align-compiled[5.5.195~1-6f565]:main():gmm-align-compiled.cc:127) cr_ob
LOG (gmm-align-compiled[5.5.195~1-6f565]:main():gmm-align-compiled.cc:127) dc_166o17oa
LOG (gmm-align-compiled[5.5.195~1-6f565]:main():gmm-align-compiled.cc:127) dc_285o549a
LOG (gmm-align-compiled[5.5.195~1-6f565]:main():gmm-align-compiled.cc:127) dc_3a
LOG (gmm-align-compiled[5.5.195~1-6f565]:main():gmm-align-compiled.cc:127) dc_4b
LOG (gmm-align-compiled[5.5.195~1-6f565]:main():gmm-align-compiled.cc:127) dc_5b
LOG (gmm-align-compiled[5.5.195~1-6f565]:main():gmm-align-compiled.cc:127) dc_751a
LOG (gmm-align-compiled[5.5.195~1-6f565]:main():gmm-align-compiled.cc:127) dc_87194a
LOG (gmm-align-compiled[5.5.195~1-6f565]:main():gmm-align-compiled.cc:127) dc_98z8za
LOG (gmm-align-compiled[5.5.195~1-6f565]:main():gmm-align-compiled.cc:127) dc_ob
LOG (gmm-align-compiled[5.5.195~1-6f565]:main():gmm-align-compiled.cc:127) dc_zb
LOG (gmm-align-compiled[5.5.195~1-6f565]:main():gmm-align-compiled.cc:127) dg_267a
LOG (gmm-align-compiled[5.5.195~1-6f565]:main():gmm-align-compiled.cc:127) dg_3567a
LOG (gmm-align-compiled[5.5.195~1-6f565]:main():gmm-align-compiled.cc:127) dg_498a
LOG (gmm-align-compiled[5.5.195~1-6f565]:main():gmm-align-compiled.cc:127) dg_5a
LOG (gmm-align-compiled[5.5.195~1-6f565]:main():gmm-align-compiled.cc:127) dg_711a
LOG (gmm-align-compiled[5.5.195~1-6f565]:main():gmm-align-compiled.cc:127) dg_862441za
LOG (gmm-align-compiled[5.5.195~1-6f565]:main():gmm-align-compiled.cc:127) dg_9a
LOG (gmm-align-compiled[5.5.195~1-6f565]:main():gmm-align-compiled.cc:127) dg_ob
LOG (gmm-align-compiled[5.5.195~1-6f565]:main():gmm-align-compiled.cc:127) dg_zb
LOG (gmm-align-compiled[5.5.195~1-6f565]:main():gmm-align-compiled.cc:127) dl_33oo3a
LOG (gmm-align-compiled[5.5.195~1-6f565]:main():gmm-align-compiled.cc:127) dl_49554a
LOG (gmm-align-compiled[5.5.195~1-6f565]:main():gmm-align-compiled.cc:127) dl_5a
LOG (gmm-align-compiled[5.5.195~1-6f565]:main():gmm-align-compiled.cc:127) dl_6b
LOG (gmm-align-compiled[5.5.195~1-6f565]:main():gmm-align-compiled.cc:127) dl_84a
LOG (gmm-align-compiled[5.5.195~1-6f565]:main():gmm-align-compiled.cc:127) dl_9276a
LOG (gmm-align-compiled[5.5.195~1-6f565]:main():gmm-align-compiled.cc:127) dl_o852a
LOG (gmm-align-compiled[5.5.195~1-6f565]:main():gmm-align-compiled.cc:127) dl_za
LOG (gmm-align-compiled[5.5.195~1-6f565]:main():gmm-align-compiled.cc:127) dn_1o9o5a
LOG (gmm-align-compiled[5.5.195~1-6f565]:main():gmm-align-compiled.cc:127) dn_2b
LOG (gmm-align-compiled[5.5.195~1-6f565]:main():gmm-align-compiled.cc:127) dn_453z533a
LOG (gmm-align-compiled[5.5.195~1-6f565]:main():gmm-align-compiled.cc:127) dn_5986239a
LOG (gmm-align-compiled[5.5.195~1-6f565]:main():gmm-align-compiled.cc:127) dn_6a
LOG (gmm-align-compiled[5.5.195~1-6f565]:main():gmm-align-compiled.cc:127) dn_7o523a
LOG (gmm-align-compiled[5.5.195~1-6f565]:main():gmm-align-compiled.cc:127) dn_928a
LOG (gmm-align-compiled[5.5.195~1-6f565]:main():gmm-align-compiled.cc:127) dn_o341a
LOG (gmm-align-compiled[5.5.195~1-6f565]:main():gmm-align-compiled.cc:127) dn_z83a
LOG (gmm-align-compiled[5.5.195~1-6f565]:main():gmm-align-compiled.cc:127) ea_1712a
LOG (gmm-align-compiled[5.5.195~1-6f565]:main():gmm-align-compiled.cc:127) ea_2a
LOG (gmm-align-compiled[5.5.195~1-6f565]:main():gmm-align-compiled.cc:127) ea_3z7z222a
LOG (gmm-align-compiled[5.5.195~1-6f565]:main():gmm-align-compiled.cc:127) ea_55769a
LOG (gmm-align-compiled[5.5.195~1-6f565]:main():gmm-align-compiled.cc:127) ea_67639a
LOG (gmm-align-compiled[5.5.195~1-6f565]:main():gmm-align-compiled.cc:127) ea_7a
LOG (gmm-align-compiled[5.5.195~1-6f565]:main():gmm-align-compiled.cc:127) ea_8a
LOG (gmm-align-compiled[5.5.195~1-6f565]:main():gmm-align-compiled.cc:127) ea_o1a
LOG (gmm-align-compiled[5.5.195~1-6f565]:main():gmm-align-compiled.cc:127) ea_z29a
LOG (gmm-align-compiled[5.5.195~1-6f565]:main():gmm-align-compiled.cc:127) ec_171a
LOG (gmm-align-compiled[5.5.195~1-6f565]:main():gmm-align-compiled.cc:127) ec_2b
LOG (gmm-align-compiled[5.5.195~1-6f565]:main():gmm-align-compiled.cc:127) ec_3z3a
LOG (gmm-align-compiled[5.5.195~1-6f565]:main():gmm-align-compiled.cc:127) ec_5164za
LOG (gmm-align-compiled[5.5.195~1-6f565]:main():gmm-align-compiled.cc:127) ec_6477a
LOG (gmm-align-compiled[5.5.195~1-6f565]:main():gmm-align-compiled.cc:127) ec_7a
LOG (gmm-align-compiled[5.5.195~1-6f565]:main():gmm-align-compiled.cc:127) ec_8a
LOG (gmm-align-compiled[5.5.195~1-6f565]:main():gmm-align-compiled.cc:127) ec_9b
LOG (gmm-align-compiled[5.5.195~1-6f565]:main():gmm-align-compiled.cc:127) ec_z1a
LOG (gmm-align-compiled[5.5.195~1-6f565]:main():gmm-align-compiled.cc:127) ee_14a
LOG (gmm-align-compiled[5.5.195~1-6f565]:main():gmm-align-compiled.cc:127) ee_2a
LOG (gmm-align-compiled[5.5.195~1-6f565]:main():gmm-align-compiled.cc:127) ee_39a
LOG (gmm-align-compiled[5.5.195~1-6f565]:main():gmm-align-compiled.cc:127) ee_4za
LOG (gmm-align-compiled[5.5.195~1-6f565]:main():gmm-align-compiled.cc:127) ee_63za
LOG (gmm-align-compiled[5.5.195~1-6f565]:main():gmm-align-compiled.cc:127) ee_7792a
LOG (gmm-align-compiled[5.5.195~1-6f565]:main():gmm-align-compiled.cc:127) ee_8b
LOG (gmm-align-compiled[5.5.195~1-6f565]:main():gmm-align-compiled.cc:127) ee_9a
LOG (gmm-align-compiled[5.5.195~1-6f565]:main():gmm-align-compiled.cc:127) ee_oo43262a
LOG (gmm-align-compiled[5.5.195~1-6f565]:main():gmm-align-compiled.cc:127) eg_14a
LOG (gmm-align-compiled[5.5.195~1-6f565]:main():gmm-align-compiled.cc:127) eg_23856a
LOG (gmm-align-compiled[5.5.195~1-6f565]:main():gmm-align-compiled.cc:127) eg_3a
LOG (gmm-align-compiled[5.5.195~1-6f565]:main():gmm-align-compiled.cc:127) eg_4a
LOG (gmm-align-compiled[5.5.195~1-6f565]:main():gmm-align-compiled.cc:127) eg_5b
LOG (gmm-align-compiled[5.5.195~1-6f565]:main():gmm-align-compiled.cc:127) eg_71847a
LOG (gmm-align-compiled[5.5.195~1-6f565]:main():gmm-align-compiled.cc:127) eg_89942a
LOG (apply-cmvn[5.5.195~1-6f565]:main():apply-cmvn.cc:162) Applied cepstral mean normalization to 250 utterances, errors on 0
LOG (gmm-align-compiled[5.5.195~1-6f565]:main():gmm-align-compiled.cc:127) eg_9935z69a
LOG (gmm-align-compiled[5.5.195~1-6f565]:main():gmm-align-compiled.cc:127) eg_ob
LOG (gmm-align-compiled[5.5.195~1-6f565]:main():gmm-align-compiled.cc:127) eg_zb
LOG (gmm-align-compiled[5.5.195~1-6f565]:main():gmm-align-compiled.cc:127) eh_2411oa
LOG (gmm-align-compiled[5.5.195~1-6f565]:main():gmm-align-compiled.cc:127) eh_37587a
LOG (gmm-align-compiled[5.5.195~1-6f565]:main():gmm-align-compiled.cc:127) eh_499a
LOG (gmm-align-compiled[5.5.195~1-6f565]:main():gmm-align-compiled.cc:127) eh_5b
LOG (gmm-align-compiled[5.5.195~1-6f565]:main():gmm-align-compiled.cc:127) eh_712a
LOG (gmm-align-compiled[5.5.195~1-6f565]:main():gmm-align-compiled.cc:127) eh_8276oa
LOG (gmm-align-compiled[5.5.195~1-6f565]:main():gmm-align-compiled.cc:127) eh_98o2oa
LOG (gmm-align-compiled[5.5.195~1-6f565]:main():gmm-align-compiled.cc:127) eh_oa
LOG (gmm-align-compiled[5.5.195~1-6f565]:main():gmm-align-compiled.cc:127) eh_zz556a
LOG (gmm-align-compiled[5.5.195~1-6f565]:main():gmm-align-compiled.cc:135) Overall log-likelihood per frame is 19.7581 over 42675 frames.
LOG (gmm-align-compiled[5.5.195~1-6f565]:main():gmm-align-compiled.cc:137) Retried 0 out of 250 utterances.
LOG (gmm-align-compiled[5.5.195~1-6f565]:main():gmm-align-compiled.cc:139) Done 250, errors on 0
# Accounting: time=2 threads=1
# Ended (code 0) at Wed Feb 13 13:10:33 EST 2019, elapsed time 2 seconds
