# align-equal-compiled "ark:gunzip -c exp/mono0a/fsts.3.gz|" "ark,s,cs:apply-cmvn  --utt2spk=ark:data/train_1k/split4/3/utt2spk scp:data/train_1k/split4/3/cmvn.scp scp:data/train_1k/split4/3/feats.scp ark:- | add-deltas  ark:- ark:- |" ark,t:- | gmm-acc-stats-ali --binary=true exp/mono0a/0.mdl "ark,s,cs:apply-cmvn  --utt2spk=ark:data/train_1k/split4/3/utt2spk scp:data/train_1k/split4/3/cmvn.scp scp:data/train_1k/split4/3/feats.scp ark:- | add-deltas  ark:- ark:- |" ark:- exp/mono0a/0.3.acc 
# Started at Wed Feb 13 13:10:27 EST 2019
#
gmm-acc-stats-ali --binary=true exp/mono0a/0.mdl 'ark,s,cs:apply-cmvn  --utt2spk=ark:data/train_1k/split4/3/utt2spk scp:data/train_1k/split4/3/cmvn.scp scp:data/train_1k/split4/3/feats.scp ark:- | add-deltas  ark:- ark:- |' ark:- exp/mono0a/0.3.acc 
align-equal-compiled 'ark:gunzip -c exp/mono0a/fsts.3.gz|' 'ark,s,cs:apply-cmvn  --utt2spk=ark:data/train_1k/split4/3/utt2spk scp:data/train_1k/split4/3/cmvn.scp scp:data/train_1k/split4/3/feats.scp ark:- | add-deltas  ark:- ark:- |' ark,t:- 
add-deltas ark:- ark:- 
apply-cmvn --utt2spk=ark:data/train_1k/split4/3/utt2spk scp:data/train_1k/split4/3/cmvn.scp scp:data/train_1k/split4/3/feats.scp ark:- 
add-deltas ark:- ark:- 
apply-cmvn --utt2spk=ark:data/train_1k/split4/3/utt2spk scp:data/train_1k/split4/3/cmvn.scp scp:data/train_1k/split4/3/feats.scp ark:- 
LOG (gmm-acc-stats-ali[5.5.195~1-6f565]:main():gmm-acc-stats-ali.cc:105) Processed 50 utterances; for utterance jp_87o33o5a avg. like is 6.09059 over 340 frames.
LOG (gmm-acc-stats-ali[5.5.195~1-6f565]:main():gmm-acc-stats-ali.cc:105) Processed 100 utterances; for utterance kh_3a avg. like is 12.89 over 80 frames.
LOG (gmm-acc-stats-ali[5.5.195~1-6f565]:main():gmm-acc-stats-ali.cc:105) Processed 150 utterances; for utterance kt_o374a avg. like is 10.6276 over 177 frames.
LOG (apply-cmvn[5.5.195~1-6f565]:main():apply-cmvn.cc:162) Applied cepstral mean normalization to 250 utterances, errors on 0
LOG (gmm-acc-stats-ali[5.5.195~1-6f565]:main():gmm-acc-stats-ali.cc:105) Processed 200 utterances; for utterance mb_686a avg. like is 10.587 over 182 frames.
LOG (align-equal-compiled[5.5.195~1-6f565]:main():align-equal-compiled.cc:107) Success: done 250 utterances.
LOG (apply-cmvn[5.5.195~1-6f565]:main():apply-cmvn.cc:162) Applied cepstral mean normalization to 250 utterances, errors on 0
LOG (gmm-acc-stats-ali[5.5.195~1-6f565]:main():gmm-acc-stats-ali.cc:105) Processed 250 utterances; for utterance mr_zza avg. like is 12.424 over 141 frames.
LOG (gmm-acc-stats-ali[5.5.195~1-6f565]:main():gmm-acc-stats-ali.cc:112) Done 250 files, 0 with errors.
LOG (gmm-acc-stats-ali[5.5.195~1-6f565]:main():gmm-acc-stats-ali.cc:115) Overall avg like per frame (Gaussian only) = 9.09941 over 44615 frames.
LOG (gmm-acc-stats-ali[5.5.195~1-6f565]:main():gmm-acc-stats-ali.cc:123) Written accs.
# Accounting: time=1 threads=1
# Ended (code 0) at Wed Feb 13 13:10:28 EST 2019, elapsed time 1 seconds
